<?xml version="1.0" encoding="UTF-8"?>
<testsuite xmlns:xsi="http://www.w3.org/2001/XMLSchema-instance" xsi:noNamespaceSchemaLocation="https://maven.apache.org/surefire/maven-surefire-plugin/xsd/surefire-test-report.xsd" version="3.0.2" name="com.duoc.week3.repository.UserRepositoryTest" time="4.009" tests="1" errors="0" skipped="0" failures="0">
  <properties>
    <property name="java.specification.version" value="23"/>
    <property name="sun.jnu.encoding" value="UTF-8"/>
    <property name="java.class.path" value="/Users/x0dsanta/Developer/Duoc/Fullstack_1/Week_3/week3/target/test-classes:/Users/x0dsanta/Developer/Duoc/Fullstack_1/Week_3/week3/target/classes:/Users/x0dsanta/.m2/repository/org/springframework/boot/spring-boot-starter-validation/3.4.4/spring-boot-starter-validation-3.4.4.jar:/Users/x0dsanta/.m2/repository/org/springframework/boot/spring-boot-starter/3.4.4/spring-boot-starter-3.4.4.jar:/Users/x0dsanta/.m2/repository/org/springframework/boot/spring-boot-starter-logging/3.4.4/spring-boot-starter-logging-3.4.4.jar:/Users/x0dsanta/.m2/repository/ch/qos/logback/logback-classic/1.5.18/logback-classic-1.5.18.jar:/Users/x0dsanta/.m2/repository/ch/qos/logback/logback-core/1.5.18/logback-core-1.5.18.jar:/Users/x0dsanta/.m2/repository/org/apache/logging/log4j/log4j-to-slf4j/2.24.3/log4j-to-slf4j-2.24.3.jar:/Users/x0dsanta/.m2/repository/org/apache/logging/log4j/log4j-api/2.24.3/log4j-api-2.24.3.jar:/Users/x0dsanta/.m2/repository/org/slf4j/jul-to-slf4j/2.0.17/jul-to-slf4j-2.0.17.jar:/Users/x0dsanta/.m2/repository/jakarta/annotation/jakarta.annotation-api/2.1.1/jakarta.annotation-api-2.1.1.jar:/Users/x0dsanta/.m2/repository/org/yaml/snakeyaml/2.3/snakeyaml-2.3.jar:/Users/x0dsanta/.m2/repository/org/apache/tomcat/embed/tomcat-embed-el/10.1.39/tomcat-embed-el-10.1.39.jar:/Users/x0dsanta/.m2/repository/org/hibernate/validator/hibernate-validator/8.0.2.Final/hibernate-validator-8.0.2.Final.jar:/Users/x0dsanta/.m2/repository/jakarta/validation/jakarta.validation-api/3.0.2/jakarta.validation-api-3.0.2.jar:/Users/x0dsanta/.m2/repository/org/jboss/logging/jboss-logging/3.6.1.Final/jboss-logging-3.6.1.Final.jar:/Users/x0dsanta/.m2/repository/com/fasterxml/classmate/1.7.0/classmate-1.7.0.jar:/Users/x0dsanta/.m2/repository/org/springframework/boot/spring-boot-starter-web/3.4.4/spring-boot-starter-web-3.4.4.jar:/Users/x0dsanta/.m2/repository/org/springframework/boot/spring-boot-starter-json/3.4.4/spring-boot-starter-json-3.4.4.jar:/Users/x0dsanta/.m2/repository/com/fasterxml/jackson/core/jackson-databind/2.18.3/jackson-databind-2.18.3.jar:/Users/x0dsanta/.m2/repository/com/fasterxml/jackson/core/jackson-annotations/2.18.3/jackson-annotations-2.18.3.jar:/Users/x0dsanta/.m2/repository/com/fasterxml/jackson/core/jackson-core/2.18.3/jackson-core-2.18.3.jar:/Users/x0dsanta/.m2/repository/com/fasterxml/jackson/datatype/jackson-datatype-jdk8/2.18.3/jackson-datatype-jdk8-2.18.3.jar:/Users/x0dsanta/.m2/repository/com/fasterxml/jackson/datatype/jackson-datatype-jsr310/2.18.3/jackson-datatype-jsr310-2.18.3.jar:/Users/x0dsanta/.m2/repository/com/fasterxml/jackson/module/jackson-module-parameter-names/2.18.3/jackson-module-parameter-names-2.18.3.jar:/Users/x0dsanta/.m2/repository/org/springframework/boot/spring-boot-starter-tomcat/3.4.4/spring-boot-starter-tomcat-3.4.4.jar:/Users/x0dsanta/.m2/repository/org/apache/tomcat/embed/tomcat-embed-core/10.1.39/tomcat-embed-core-10.1.39.jar:/Users/x0dsanta/.m2/repository/org/apache/tomcat/embed/tomcat-embed-websocket/10.1.39/tomcat-embed-websocket-10.1.39.jar:/Users/x0dsanta/.m2/repository/org/springframework/spring-web/6.2.5/spring-web-6.2.5.jar:/Users/x0dsanta/.m2/repository/org/springframework/spring-beans/6.2.5/spring-beans-6.2.5.jar:/Users/x0dsanta/.m2/repository/io/micrometer/micrometer-observation/1.14.5/micrometer-observation-1.14.5.jar:/Users/x0dsanta/.m2/repository/io/micrometer/micrometer-commons/1.14.5/micrometer-commons-1.14.5.jar:/Users/x0dsanta/.m2/repository/org/springframework/spring-webmvc/6.2.5/spring-webmvc-6.2.5.jar:/Users/x0dsanta/.m2/repository/org/springframework/spring-aop/6.2.5/spring-aop-6.2.5.jar:/Users/x0dsanta/.m2/repository/org/springframework/spring-context/6.2.5/spring-context-6.2.5.jar:/Users/x0dsanta/.m2/repository/org/springframework/spring-expression/6.2.5/spring-expression-6.2.5.jar:/Users/x0dsanta/.m2/repository/org/springframework/boot/spring-boot-devtools/3.4.4/spring-boot-devtools-3.4.4.jar:/Users/x0dsanta/.m2/repository/org/springframework/boot/spring-boot/3.4.4/spring-boot-3.4.4.jar:/Users/x0dsanta/.m2/repository/org/springframework/boot/spring-boot-autoconfigure/3.4.4/spring-boot-autoconfigure-3.4.4.jar:/Users/x0dsanta/.m2/repository/org/projectlombok/lombok/1.18.36/lombok-1.18.36.jar:/Users/x0dsanta/.m2/repository/org/springframework/boot/spring-boot-starter-test/3.4.4/spring-boot-starter-test-3.4.4.jar:/Users/x0dsanta/.m2/repository/org/springframework/boot/spring-boot-test/3.4.4/spring-boot-test-3.4.4.jar:/Users/x0dsanta/.m2/repository/org/springframework/boot/spring-boot-test-autoconfigure/3.4.4/spring-boot-test-autoconfigure-3.4.4.jar:/Users/x0dsanta/.m2/repository/com/jayway/jsonpath/json-path/2.9.0/json-path-2.9.0.jar:/Users/x0dsanta/.m2/repository/org/slf4j/slf4j-api/2.0.17/slf4j-api-2.0.17.jar:/Users/x0dsanta/.m2/repository/jakarta/xml/bind/jakarta.xml.bind-api/4.0.2/jakarta.xml.bind-api-4.0.2.jar:/Users/x0dsanta/.m2/repository/jakarta/activation/jakarta.activation-api/2.1.3/jakarta.activation-api-2.1.3.jar:/Users/x0dsanta/.m2/repository/net/minidev/json-smart/2.5.2/json-smart-2.5.2.jar:/Users/x0dsanta/.m2/repository/net/minidev/accessors-smart/2.5.2/accessors-smart-2.5.2.jar:/Users/x0dsanta/.m2/repository/org/ow2/asm/asm/9.7.1/asm-9.7.1.jar:/Users/x0dsanta/.m2/repository/org/assertj/assertj-core/3.26.3/assertj-core-3.26.3.jar:/Users/x0dsanta/.m2/repository/net/bytebuddy/byte-buddy/1.15.11/byte-buddy-1.15.11.jar:/Users/x0dsanta/.m2/repository/org/awaitility/awaitility/4.2.2/awaitility-4.2.2.jar:/Users/x0dsanta/.m2/repository/org/hamcrest/hamcrest/2.2/hamcrest-2.2.jar:/Users/x0dsanta/.m2/repository/org/junit/jupiter/junit-jupiter/5.11.4/junit-jupiter-5.11.4.jar:/Users/x0dsanta/.m2/repository/org/junit/jupiter/junit-jupiter-api/5.11.4/junit-jupiter-api-5.11.4.jar:/Users/x0dsanta/.m2/repository/org/opentest4j/opentest4j/1.3.0/opentest4j-1.3.0.jar:/Users/x0dsanta/.m2/repository/org/junit/platform/junit-platform-commons/1.11.4/junit-platform-commons-1.11.4.jar:/Users/x0dsanta/.m2/repository/org/apiguardian/apiguardian-api/1.1.2/apiguardian-api-1.1.2.jar:/Users/x0dsanta/.m2/repository/org/junit/jupiter/junit-jupiter-params/5.11.4/junit-jupiter-params-5.11.4.jar:/Users/x0dsanta/.m2/repository/org/junit/jupiter/junit-jupiter-engine/5.11.4/junit-jupiter-engine-5.11.4.jar:/Users/x0dsanta/.m2/repository/org/junit/platform/junit-platform-engine/1.11.4/junit-platform-engine-1.11.4.jar:/Users/x0dsanta/.m2/repository/org/mockito/mockito-core/5.14.2/mockito-core-5.14.2.jar:/Users/x0dsanta/.m2/repository/net/bytebuddy/byte-buddy-agent/1.15.11/byte-buddy-agent-1.15.11.jar:/Users/x0dsanta/.m2/repository/org/objenesis/objenesis/3.3/objenesis-3.3.jar:/Users/x0dsanta/.m2/repository/org/mockito/mockito-junit-jupiter/5.14.2/mockito-junit-jupiter-5.14.2.jar:/Users/x0dsanta/.m2/repository/org/skyscreamer/jsonassert/1.5.3/jsonassert-1.5.3.jar:/Users/x0dsanta/.m2/repository/com/vaadin/external/google/android-json/0.0.20131108.vaadin1/android-json-0.0.20131108.vaadin1.jar:/Users/x0dsanta/.m2/repository/org/springframework/spring-core/6.2.5/spring-core-6.2.5.jar:/Users/x0dsanta/.m2/repository/org/springframework/spring-jcl/6.2.5/spring-jcl-6.2.5.jar:/Users/x0dsanta/.m2/repository/org/springframework/spring-test/6.2.5/spring-test-6.2.5.jar:/Users/x0dsanta/.m2/repository/org/xmlunit/xmlunit-core/2.10.0/xmlunit-core-2.10.0.jar:/Users/x0dsanta/.m2/repository/org/springframework/boot/spring-boot-starter-data-jpa/3.4.4/spring-boot-starter-data-jpa-3.4.4.jar:/Users/x0dsanta/.m2/repository/org/springframework/boot/spring-boot-starter-jdbc/3.4.4/spring-boot-starter-jdbc-3.4.4.jar:/Users/x0dsanta/.m2/repository/com/zaxxer/HikariCP/5.1.0/HikariCP-5.1.0.jar:/Users/x0dsanta/.m2/repository/org/springframework/spring-jdbc/6.2.5/spring-jdbc-6.2.5.jar:/Users/x0dsanta/.m2/repository/org/hibernate/orm/hibernate-core/6.6.11.Final/hibernate-core-6.6.11.Final.jar:/Users/x0dsanta/.m2/repository/jakarta/persistence/jakarta.persistence-api/3.1.0/jakarta.persistence-api-3.1.0.jar:/Users/x0dsanta/.m2/repository/jakarta/transaction/jakarta.transaction-api/2.0.1/jakarta.transaction-api-2.0.1.jar:/Users/x0dsanta/.m2/repository/org/hibernate/common/hibernate-commons-annotations/7.0.3.Final/hibernate-commons-annotations-7.0.3.Final.jar:/Users/x0dsanta/.m2/repository/io/smallrye/jandex/3.2.0/jandex-3.2.0.jar:/Users/x0dsanta/.m2/repository/org/glassfish/jaxb/jaxb-runtime/4.0.5/jaxb-runtime-4.0.5.jar:/Users/x0dsanta/.m2/repository/org/glassfish/jaxb/jaxb-core/4.0.5/jaxb-core-4.0.5.jar:/Users/x0dsanta/.m2/repository/org/eclipse/angus/angus-activation/2.0.2/angus-activation-2.0.2.jar:/Users/x0dsanta/.m2/repository/org/glassfish/jaxb/txw2/4.0.5/txw2-4.0.5.jar:/Users/x0dsanta/.m2/repository/com/sun/istack/istack-commons-runtime/4.1.2/istack-commons-runtime-4.1.2.jar:/Users/x0dsanta/.m2/repository/jakarta/inject/jakarta.inject-api/2.0.1/jakarta.inject-api-2.0.1.jar:/Users/x0dsanta/.m2/repository/org/antlr/antlr4-runtime/4.13.0/antlr4-runtime-4.13.0.jar:/Users/x0dsanta/.m2/repository/org/springframework/data/spring-data-jpa/3.4.4/spring-data-jpa-3.4.4.jar:/Users/x0dsanta/.m2/repository/org/springframework/data/spring-data-commons/3.4.4/spring-data-commons-3.4.4.jar:/Users/x0dsanta/.m2/repository/org/springframework/spring-orm/6.2.5/spring-orm-6.2.5.jar:/Users/x0dsanta/.m2/repository/org/springframework/spring-tx/6.2.5/spring-tx-6.2.5.jar:/Users/x0dsanta/.m2/repository/org/springframework/spring-aspects/6.2.5/spring-aspects-6.2.5.jar:/Users/x0dsanta/.m2/repository/org/aspectj/aspectjweaver/1.9.23/aspectjweaver-1.9.23.jar:/Users/x0dsanta/.m2/repository/com/oracle/database/jdbc/ojdbc11/23.5.0.24.07/ojdbc11-23.5.0.24.07.jar:/Users/x0dsanta/.m2/repository/com/oracle/database/security/oraclepki/21.5.0.0/oraclepki-21.5.0.0.jar:/Users/x0dsanta/.m2/repository/com/oracle/database/security/osdt_cert/21.5.0.0/osdt_cert-21.5.0.0.jar:/Users/x0dsanta/.m2/repository/com/oracle/database/security/osdt_core/21.5.0.0/osdt_core-21.5.0.0.jar:/Users/x0dsanta/.m2/repository/org/springframework/boot/spring-boot-starter-hateoas/3.4.4/spring-boot-starter-hateoas-3.4.4.jar:/Users/x0dsanta/.m2/repository/org/springframework/hateoas/spring-hateoas/2.4.1/spring-hateoas-2.4.1.jar:/Users/x0dsanta/.m2/repository/org/springframework/plugin/spring-plugin-core/3.0.0/spring-plugin-core-3.0.0.jar:"/>
    <property name="java.vm.vendor" value="Homebrew"/>
    <property name="sun.arch.data.model" value="64"/>
    <property name="java.vendor.url" value="https://github.com/Homebrew/homebrew-core/issues"/>
    <property name="user.timezone" value="America/Santiago"/>
    <property name="org.jboss.logging.provider" value="slf4j"/>
    <property name="os.name" value="Mac OS X"/>
    <property name="java.vm.specification.version" value="23"/>
    <property name="APPLICATION_NAME" value="week3"/>
    <property name="sun.java.launcher" value="SUN_STANDARD"/>
    <property name="user.country" value="CL"/>
    <property name="sun.boot.library.path" value="/opt/homebrew/Cellar/openjdk/23.0.2/libexec/openjdk.jdk/Contents/Home/lib"/>
    <property name="sun.java.command" value="/Users/x0dsanta/Developer/Duoc/Fullstack_1/Week_3/week3/target/surefire/surefirebooter-20250505182330162_3.jar /Users/x0dsanta/Developer/Duoc/Fullstack_1/Week_3/week3/target/surefire 2025-05-05T18-23-30_094-jvmRun1 surefire-20250505182330162_1tmp surefire_0-20250505182330162_2tmp"/>
    <property name="http.nonProxyHosts" value="local|*.local|169.254/16|*.169.254/16"/>
    <property name="jdk.debug" value="release"/>
    <property name="surefire.test.class.path" value="/Users/x0dsanta/Developer/Duoc/Fullstack_1/Week_3/week3/target/test-classes:/Users/x0dsanta/Developer/Duoc/Fullstack_1/Week_3/week3/target/classes:/Users/x0dsanta/.m2/repository/org/springframework/boot/spring-boot-starter-validation/3.4.4/spring-boot-starter-validation-3.4.4.jar:/Users/x0dsanta/.m2/repository/org/springframework/boot/spring-boot-starter/3.4.4/spring-boot-starter-3.4.4.jar:/Users/x0dsanta/.m2/repository/org/springframework/boot/spring-boot-starter-logging/3.4.4/spring-boot-starter-logging-3.4.4.jar:/Users/x0dsanta/.m2/repository/ch/qos/logback/logback-classic/1.5.18/logback-classic-1.5.18.jar:/Users/x0dsanta/.m2/repository/ch/qos/logback/logback-core/1.5.18/logback-core-1.5.18.jar:/Users/x0dsanta/.m2/repository/org/apache/logging/log4j/log4j-to-slf4j/2.24.3/log4j-to-slf4j-2.24.3.jar:/Users/x0dsanta/.m2/repository/org/apache/logging/log4j/log4j-api/2.24.3/log4j-api-2.24.3.jar:/Users/x0dsanta/.m2/repository/org/slf4j/jul-to-slf4j/2.0.17/jul-to-slf4j-2.0.17.jar:/Users/x0dsanta/.m2/repository/jakarta/annotation/jakarta.annotation-api/2.1.1/jakarta.annotation-api-2.1.1.jar:/Users/x0dsanta/.m2/repository/org/yaml/snakeyaml/2.3/snakeyaml-2.3.jar:/Users/x0dsanta/.m2/repository/org/apache/tomcat/embed/tomcat-embed-el/10.1.39/tomcat-embed-el-10.1.39.jar:/Users/x0dsanta/.m2/repository/org/hibernate/validator/hibernate-validator/8.0.2.Final/hibernate-validator-8.0.2.Final.jar:/Users/x0dsanta/.m2/repository/jakarta/validation/jakarta.validation-api/3.0.2/jakarta.validation-api-3.0.2.jar:/Users/x0dsanta/.m2/repository/org/jboss/logging/jboss-logging/3.6.1.Final/jboss-logging-3.6.1.Final.jar:/Users/x0dsanta/.m2/repository/com/fasterxml/classmate/1.7.0/classmate-1.7.0.jar:/Users/x0dsanta/.m2/repository/org/springframework/boot/spring-boot-starter-web/3.4.4/spring-boot-starter-web-3.4.4.jar:/Users/x0dsanta/.m2/repository/org/springframework/boot/spring-boot-starter-json/3.4.4/spring-boot-starter-json-3.4.4.jar:/Users/x0dsanta/.m2/repository/com/fasterxml/jackson/core/jackson-databind/2.18.3/jackson-databind-2.18.3.jar:/Users/x0dsanta/.m2/repository/com/fasterxml/jackson/core/jackson-annotations/2.18.3/jackson-annotations-2.18.3.jar:/Users/x0dsanta/.m2/repository/com/fasterxml/jackson/core/jackson-core/2.18.3/jackson-core-2.18.3.jar:/Users/x0dsanta/.m2/repository/com/fasterxml/jackson/datatype/jackson-datatype-jdk8/2.18.3/jackson-datatype-jdk8-2.18.3.jar:/Users/x0dsanta/.m2/repository/com/fasterxml/jackson/datatype/jackson-datatype-jsr310/2.18.3/jackson-datatype-jsr310-2.18.3.jar:/Users/x0dsanta/.m2/repository/com/fasterxml/jackson/module/jackson-module-parameter-names/2.18.3/jackson-module-parameter-names-2.18.3.jar:/Users/x0dsanta/.m2/repository/org/springframework/boot/spring-boot-starter-tomcat/3.4.4/spring-boot-starter-tomcat-3.4.4.jar:/Users/x0dsanta/.m2/repository/org/apache/tomcat/embed/tomcat-embed-core/10.1.39/tomcat-embed-core-10.1.39.jar:/Users/x0dsanta/.m2/repository/org/apache/tomcat/embed/tomcat-embed-websocket/10.1.39/tomcat-embed-websocket-10.1.39.jar:/Users/x0dsanta/.m2/repository/org/springframework/spring-web/6.2.5/spring-web-6.2.5.jar:/Users/x0dsanta/.m2/repository/org/springframework/spring-beans/6.2.5/spring-beans-6.2.5.jar:/Users/x0dsanta/.m2/repository/io/micrometer/micrometer-observation/1.14.5/micrometer-observation-1.14.5.jar:/Users/x0dsanta/.m2/repository/io/micrometer/micrometer-commons/1.14.5/micrometer-commons-1.14.5.jar:/Users/x0dsanta/.m2/repository/org/springframework/spring-webmvc/6.2.5/spring-webmvc-6.2.5.jar:/Users/x0dsanta/.m2/repository/org/springframework/spring-aop/6.2.5/spring-aop-6.2.5.jar:/Users/x0dsanta/.m2/repository/org/springframework/spring-context/6.2.5/spring-context-6.2.5.jar:/Users/x0dsanta/.m2/repository/org/springframework/spring-expression/6.2.5/spring-expression-6.2.5.jar:/Users/x0dsanta/.m2/repository/org/springframework/boot/spring-boot-devtools/3.4.4/spring-boot-devtools-3.4.4.jar:/Users/x0dsanta/.m2/repository/org/springframework/boot/spring-boot/3.4.4/spring-boot-3.4.4.jar:/Users/x0dsanta/.m2/repository/org/springframework/boot/spring-boot-autoconfigure/3.4.4/spring-boot-autoconfigure-3.4.4.jar:/Users/x0dsanta/.m2/repository/org/projectlombok/lombok/1.18.36/lombok-1.18.36.jar:/Users/x0dsanta/.m2/repository/org/springframework/boot/spring-boot-starter-test/3.4.4/spring-boot-starter-test-3.4.4.jar:/Users/x0dsanta/.m2/repository/org/springframework/boot/spring-boot-test/3.4.4/spring-boot-test-3.4.4.jar:/Users/x0dsanta/.m2/repository/org/springframework/boot/spring-boot-test-autoconfigure/3.4.4/spring-boot-test-autoconfigure-3.4.4.jar:/Users/x0dsanta/.m2/repository/com/jayway/jsonpath/json-path/2.9.0/json-path-2.9.0.jar:/Users/x0dsanta/.m2/repository/org/slf4j/slf4j-api/2.0.17/slf4j-api-2.0.17.jar:/Users/x0dsanta/.m2/repository/jakarta/xml/bind/jakarta.xml.bind-api/4.0.2/jakarta.xml.bind-api-4.0.2.jar:/Users/x0dsanta/.m2/repository/jakarta/activation/jakarta.activation-api/2.1.3/jakarta.activation-api-2.1.3.jar:/Users/x0dsanta/.m2/repository/net/minidev/json-smart/2.5.2/json-smart-2.5.2.jar:/Users/x0dsanta/.m2/repository/net/minidev/accessors-smart/2.5.2/accessors-smart-2.5.2.jar:/Users/x0dsanta/.m2/repository/org/ow2/asm/asm/9.7.1/asm-9.7.1.jar:/Users/x0dsanta/.m2/repository/org/assertj/assertj-core/3.26.3/assertj-core-3.26.3.jar:/Users/x0dsanta/.m2/repository/net/bytebuddy/byte-buddy/1.15.11/byte-buddy-1.15.11.jar:/Users/x0dsanta/.m2/repository/org/awaitility/awaitility/4.2.2/awaitility-4.2.2.jar:/Users/x0dsanta/.m2/repository/org/hamcrest/hamcrest/2.2/hamcrest-2.2.jar:/Users/x0dsanta/.m2/repository/org/junit/jupiter/junit-jupiter/5.11.4/junit-jupiter-5.11.4.jar:/Users/x0dsanta/.m2/repository/org/junit/jupiter/junit-jupiter-api/5.11.4/junit-jupiter-api-5.11.4.jar:/Users/x0dsanta/.m2/repository/org/opentest4j/opentest4j/1.3.0/opentest4j-1.3.0.jar:/Users/x0dsanta/.m2/repository/org/junit/platform/junit-platform-commons/1.11.4/junit-platform-commons-1.11.4.jar:/Users/x0dsanta/.m2/repository/org/apiguardian/apiguardian-api/1.1.2/apiguardian-api-1.1.2.jar:/Users/x0dsanta/.m2/repository/org/junit/jupiter/junit-jupiter-params/5.11.4/junit-jupiter-params-5.11.4.jar:/Users/x0dsanta/.m2/repository/org/junit/jupiter/junit-jupiter-engine/5.11.4/junit-jupiter-engine-5.11.4.jar:/Users/x0dsanta/.m2/repository/org/junit/platform/junit-platform-engine/1.11.4/junit-platform-engine-1.11.4.jar:/Users/x0dsanta/.m2/repository/org/mockito/mockito-core/5.14.2/mockito-core-5.14.2.jar:/Users/x0dsanta/.m2/repository/net/bytebuddy/byte-buddy-agent/1.15.11/byte-buddy-agent-1.15.11.jar:/Users/x0dsanta/.m2/repository/org/objenesis/objenesis/3.3/objenesis-3.3.jar:/Users/x0dsanta/.m2/repository/org/mockito/mockito-junit-jupiter/5.14.2/mockito-junit-jupiter-5.14.2.jar:/Users/x0dsanta/.m2/repository/org/skyscreamer/jsonassert/1.5.3/jsonassert-1.5.3.jar:/Users/x0dsanta/.m2/repository/com/vaadin/external/google/android-json/0.0.20131108.vaadin1/android-json-0.0.20131108.vaadin1.jar:/Users/x0dsanta/.m2/repository/org/springframework/spring-core/6.2.5/spring-core-6.2.5.jar:/Users/x0dsanta/.m2/repository/org/springframework/spring-jcl/6.2.5/spring-jcl-6.2.5.jar:/Users/x0dsanta/.m2/repository/org/springframework/spring-test/6.2.5/spring-test-6.2.5.jar:/Users/x0dsanta/.m2/repository/org/xmlunit/xmlunit-core/2.10.0/xmlunit-core-2.10.0.jar:/Users/x0dsanta/.m2/repository/org/springframework/boot/spring-boot-starter-data-jpa/3.4.4/spring-boot-starter-data-jpa-3.4.4.jar:/Users/x0dsanta/.m2/repository/org/springframework/boot/spring-boot-starter-jdbc/3.4.4/spring-boot-starter-jdbc-3.4.4.jar:/Users/x0dsanta/.m2/repository/com/zaxxer/HikariCP/5.1.0/HikariCP-5.1.0.jar:/Users/x0dsanta/.m2/repository/org/springframework/spring-jdbc/6.2.5/spring-jdbc-6.2.5.jar:/Users/x0dsanta/.m2/repository/org/hibernate/orm/hibernate-core/6.6.11.Final/hibernate-core-6.6.11.Final.jar:/Users/x0dsanta/.m2/repository/jakarta/persistence/jakarta.persistence-api/3.1.0/jakarta.persistence-api-3.1.0.jar:/Users/x0dsanta/.m2/repository/jakarta/transaction/jakarta.transaction-api/2.0.1/jakarta.transaction-api-2.0.1.jar:/Users/x0dsanta/.m2/repository/org/hibernate/common/hibernate-commons-annotations/7.0.3.Final/hibernate-commons-annotations-7.0.3.Final.jar:/Users/x0dsanta/.m2/repository/io/smallrye/jandex/3.2.0/jandex-3.2.0.jar:/Users/x0dsanta/.m2/repository/org/glassfish/jaxb/jaxb-runtime/4.0.5/jaxb-runtime-4.0.5.jar:/Users/x0dsanta/.m2/repository/org/glassfish/jaxb/jaxb-core/4.0.5/jaxb-core-4.0.5.jar:/Users/x0dsanta/.m2/repository/org/eclipse/angus/angus-activation/2.0.2/angus-activation-2.0.2.jar:/Users/x0dsanta/.m2/repository/org/glassfish/jaxb/txw2/4.0.5/txw2-4.0.5.jar:/Users/x0dsanta/.m2/repository/com/sun/istack/istack-commons-runtime/4.1.2/istack-commons-runtime-4.1.2.jar:/Users/x0dsanta/.m2/repository/jakarta/inject/jakarta.inject-api/2.0.1/jakarta.inject-api-2.0.1.jar:/Users/x0dsanta/.m2/repository/org/antlr/antlr4-runtime/4.13.0/antlr4-runtime-4.13.0.jar:/Users/x0dsanta/.m2/repository/org/springframework/data/spring-data-jpa/3.4.4/spring-data-jpa-3.4.4.jar:/Users/x0dsanta/.m2/repository/org/springframework/data/spring-data-commons/3.4.4/spring-data-commons-3.4.4.jar:/Users/x0dsanta/.m2/repository/org/springframework/spring-orm/6.2.5/spring-orm-6.2.5.jar:/Users/x0dsanta/.m2/repository/org/springframework/spring-tx/6.2.5/spring-tx-6.2.5.jar:/Users/x0dsanta/.m2/repository/org/springframework/spring-aspects/6.2.5/spring-aspects-6.2.5.jar:/Users/x0dsanta/.m2/repository/org/aspectj/aspectjweaver/1.9.23/aspectjweaver-1.9.23.jar:/Users/x0dsanta/.m2/repository/com/oracle/database/jdbc/ojdbc11/23.5.0.24.07/ojdbc11-23.5.0.24.07.jar:/Users/x0dsanta/.m2/repository/com/oracle/database/security/oraclepki/21.5.0.0/oraclepki-21.5.0.0.jar:/Users/x0dsanta/.m2/repository/com/oracle/database/security/osdt_cert/21.5.0.0/osdt_cert-21.5.0.0.jar:/Users/x0dsanta/.m2/repository/com/oracle/database/security/osdt_core/21.5.0.0/osdt_core-21.5.0.0.jar:/Users/x0dsanta/.m2/repository/org/springframework/boot/spring-boot-starter-hateoas/3.4.4/spring-boot-starter-hateoas-3.4.4.jar:/Users/x0dsanta/.m2/repository/org/springframework/hateoas/spring-hateoas/2.4.1/spring-hateoas-2.4.1.jar:/Users/x0dsanta/.m2/repository/org/springframework/plugin/spring-plugin-core/3.0.0/spring-plugin-core-3.0.0.jar:"/>
    <property name="sun.cpu.endian" value="little"/>
    <property name="user.home" value="/Users/x0dsanta"/>
    <property name="user.language" value="en"/>
    <property name="java.specification.vendor" value="Oracle Corporation"/>
    <property name="java.version.date" value="2025-01-21"/>
    <property name="java.home" value="/opt/homebrew/Cellar/openjdk/23.0.2/libexec/openjdk.jdk/Contents/Home"/>
    <property name="file.separator" value="/"/>
    <property name="basedir" value="/Users/x0dsanta/Developer/Duoc/Fullstack_1/Week_3/week3"/>
    <property name="java.vm.compressedOopsMode" value="Zero based"/>
    <property name="line.separator" value="&#10;"/>
    <property name="java.vm.specification.vendor" value="Oracle Corporation"/>
    <property name="java.specification.name" value="Java Platform API Specification"/>
    <property name="FILE_LOG_CHARSET" value="UTF-8"/>
    <property name="java.awt.headless" value="true"/>
    <property name="apple.awt.application.name" value="ForkedBooter"/>
    <property name="surefire.real.class.path" value="/Users/x0dsanta/Developer/Duoc/Fullstack_1/Week_3/week3/target/surefire/surefirebooter-20250505182330162_3.jar"/>
    <property name="sun.management.compiler" value="HotSpot 64-Bit Tiered Compilers"/>
    <property name="ftp.nonProxyHosts" value="local|*.local|169.254/16|*.169.254/16"/>
    <property name="java.runtime.version" value="23.0.2"/>
    <property name="user.name" value="x0dsanta"/>
    <property name="stdout.encoding" value="UTF-8"/>
    <property name="path.separator" value=":"/>
    <property name="os.version" value="15.0.1"/>
    <property name="java.runtime.name" value="OpenJDK Runtime Environment"/>
    <property name="file.encoding" value="UTF-8"/>
    <property name="java.vm.name" value="OpenJDK 64-Bit Server VM"/>
    <property name="java.vendor.version" value="Homebrew"/>
    <property name="localRepository" value="/Users/x0dsanta/.m2/repository"/>
    <property name="java.vendor.url.bug" value="https://github.com/Homebrew/homebrew-core/issues"/>
    <property name="java.io.tmpdir" value="/var/folders/q0/pqfc46qs35zg073d6ww7zwrcw2txsh/T/"/>
    <property name="com.zaxxer.hikari.pool_number" value="1"/>
    <property name="java.version" value="23.0.2"/>
    <property name="user.dir" value="/Users/x0dsanta/Developer/Duoc/Fullstack_1/Week_3/week3"/>
    <property name="os.arch" value="aarch64"/>
    <property name="java.vm.specification.name" value="Java Virtual Machine Specification"/>
    <property name="PID" value="62669"/>
    <property name="CONSOLE_LOG_CHARSET" value="UTF-8"/>
    <property name="native.encoding" value="UTF-8"/>
    <property name="java.library.path" value="/Users/x0dsanta/Library/Java/Extensions:/Library/Java/Extensions:/Network/Library/Java/Extensions:/System/Library/Java/Extensions:/usr/lib/java:."/>
    <property name="java.vm.info" value="mixed mode, sharing"/>
    <property name="stderr.encoding" value="UTF-8"/>
    <property name="java.vendor" value="Homebrew"/>
    <property name="java.vm.version" value="23.0.2"/>
    <property name="sun.io.unicode.encoding" value="UnicodeBig"/>
    <property name="socksNonProxyHosts" value="local|*.local|169.254/16|*.169.254/16"/>
    <property name="java.class.version" value="67.0"/>
    <property name="LOGGED_APPLICATION_NAME" value="[week3] "/>
  </properties>
  <testcase name="tetsFindByEmailAndPassword" classname="com.duoc.week3.repository.UserRepositoryTest" time="0.572">
    <system-out><![CDATA[18:23:30.653 [main] INFO org.springframework.test.context.support.AnnotationConfigContextLoaderUtils -- Could not detect default configuration classes for test class [com.duoc.week3.repository.UserRepositoryTest]: UserRepositoryTest does not declare any static, non-private, non-final, nested classes annotated with @Configuration.
18:23:30.741 [main] INFO org.springframework.boot.test.context.SpringBootTestContextBootstrapper -- Found @SpringBootConfiguration com.duoc.week3.Week3Application for test class com.duoc.week3.repository.UserRepositoryTest
18:23:30.780 [main] INFO org.springframework.boot.devtools.restart.RestartApplicationListener -- Restart disabled due to context in which it is running

  .   ____          _            __ _ _
 /\\ / ___'_ __ _ _(_)_ __  __ _ \ \ \ \
( ( )\___ | '_ | '_| | '_ \/ _` | \ \ \ \
 \\/  ___)| |_)| | | | | || (_| |  ) ) ) )
  '  |____| .__|_| |_|_| |_\__, | / / / /
 =========|_|==============|___/=/_/_/_/

 :: Spring Boot ::                (v3.4.4)

2025-05-05T18:23:30.917-04:00 DEBUG 62669 --- [week3] [kground-preinit] org.jboss.logging                        : Logging Provider: org.jboss.logging.Slf4jLoggerProvider found via system property
2025-05-05T18:23:30.921-04:00 DEBUG 62669 --- [week3] [kground-preinit] o.h.v.i.xml.config.ValidationXmlParser   : Trying to load META-INF/validation.xml for XML based Validator configuration.
2025-05-05T18:23:30.921-04:00 DEBUG 62669 --- [week3] [kground-preinit] o.h.v.i.xml.config.ResourceLoaderHelper  : Trying to load META-INF/validation.xml via TCCL
2025-05-05T18:23:30.922-04:00 DEBUG 62669 --- [week3] [kground-preinit] o.h.v.i.xml.config.ResourceLoaderHelper  : Trying to load META-INF/validation.xml via Hibernate Validator's class loader
2025-05-05T18:23:30.922-04:00 DEBUG 62669 --- [week3] [kground-preinit] o.h.v.i.xml.config.ValidationXmlParser   : No META-INF/validation.xml found. Using annotation based configuration only.
2025-05-05T18:23:30.924-04:00 DEBUG 62669 --- [week3] [kground-preinit] o.h.v.i.e.resolver.TraversableResolvers  : Found jakarta.persistence.Persistence on classpath containing 'getPersistenceUtil'. Assuming JPA 2 environment. Trying to instantiate JPA aware TraversableResolver
2025-05-05T18:23:30.925-04:00 DEBUG 62669 --- [week3] [kground-preinit] o.h.v.i.e.resolver.TraversableResolvers  : Instantiated JPA aware TraversableResolver of type org.hibernate.validator.internal.engine.resolver.JPATraversableResolver.
2025-05-05T18:23:30.934-04:00 DEBUG 62669 --- [week3] [kground-preinit] .h.v.m.ResourceBundleMessageInterpolator : Loaded expression factory via original TCCL
2025-05-05T18:23:30.941-04:00  INFO 62669 --- [week3] [           main] c.d.week3.repository.UserRepositoryTest  : Starting UserRepositoryTest using Java 23.0.2 with PID 62669 (started by x0dsanta in /Users/x0dsanta/Developer/Duoc/Fullstack_1/Week_3/week3)
2025-05-05T18:23:30.941-04:00 DEBUG 62669 --- [week3] [           main] c.d.week3.repository.UserRepositoryTest  : Running with Spring Boot v3.4.4, Spring v6.2.5
2025-05-05T18:23:30.942-04:00  INFO 62669 --- [week3] [           main] c.d.week3.repository.UserRepositoryTest  : No active profile set, falling back to 1 default profile: "default"
2025-05-05T18:23:30.942-04:00 DEBUG 62669 --- [week3] [           main] o.s.boot.SpringApplication               : Loading source class com.duoc.week3.Week3Application
2025-05-05T18:23:30.950-04:00 DEBUG 62669 --- [week3] [           main] s.c.a.AnnotationConfigApplicationContext : Refreshing org.springframework.context.annotation.AnnotationConfigApplicationContext@1e7f2e0f
2025-05-05T18:23:30.957-04:00 DEBUG 62669 --- [week3] [           main] o.s.b.f.s.DefaultListableBeanFactory     : Creating shared instance of singleton bean 'org.springframework.context.annotation.internalConfigurationAnnotationProcessor'
2025-05-05T18:23:30.966-04:00 DEBUG 62669 --- [week3] [           main] o.s.b.f.s.DefaultListableBeanFactory     : Creating shared instance of singleton bean 'org.springframework.boot.autoconfigure.internalCachingMetadataReaderFactory'
2025-05-05T18:23:30.971-04:00 DEBUG 62669 --- [week3] [kground-preinit] .i.e.ValidatorFactoryConfigurationHelper : HV000252: Using org.hibernate.validator.internal.engine.DefaultPropertyNodeNameProvider as property node name provider.
2025-05-05T18:23:30.974-04:00 DEBUG 62669 --- [week3] [kground-preinit] .i.e.ValidatorFactoryConfigurationHelper : HV000234: Using org.hibernate.validator.messageinterpolation.ResourceBundleMessageInterpolator as ValidatorFactory-scoped message interpolator.
2025-05-05T18:23:30.974-04:00 DEBUG 62669 --- [week3] [kground-preinit] .i.e.ValidatorFactoryConfigurationHelper : HV000234: Using org.hibernate.validator.internal.engine.resolver.JPATraversableResolver as ValidatorFactory-scoped traversable resolver.
2025-05-05T18:23:30.974-04:00 DEBUG 62669 --- [week3] [kground-preinit] .i.e.ValidatorFactoryConfigurationHelper : HV000234: Using org.hibernate.validator.internal.util.ExecutableParameterNameProvider as ValidatorFactory-scoped parameter name provider.
2025-05-05T18:23:30.974-04:00 DEBUG 62669 --- [week3] [kground-preinit] .i.e.ValidatorFactoryConfigurationHelper : HV000234: Using org.hibernate.validator.internal.engine.DefaultClockProvider as ValidatorFactory-scoped clock provider.
2025-05-05T18:23:30.975-04:00 DEBUG 62669 --- [week3] [kground-preinit] .i.e.ValidatorFactoryConfigurationHelper : HV000234: Using org.hibernate.validator.internal.engine.scripting.DefaultScriptEvaluatorFactory as ValidatorFactory-scoped script evaluator factory.
2025-05-05T18:23:31.146-04:00  INFO 62669 --- [week3] [           main] .s.d.r.c.RepositoryConfigurationDelegate : Bootstrapping Spring Data JPA repositories in DEFAULT mode.
2025-05-05T18:23:31.152-04:00 DEBUG 62669 --- [week3] [           main] o.s.b.f.s.DefaultListableBeanFactory     : Creating shared instance of singleton bean 'org.springframework.boot.autoconfigure.AutoConfigurationPackages'
2025-05-05T18:23:31.156-04:00 DEBUG 62669 --- [week3] [           main] o.s.b.a.AutoConfigurationPackages        : @EnableAutoConfiguration was declared on a class in the package 'com.duoc.week3'. Automatic @Repository and @Entity scanning is enabled.
2025-05-05T18:23:31.157-04:00 DEBUG 62669 --- [week3] [           main] .s.d.r.c.RepositoryConfigurationDelegate : Scanning for JPA repositories in packages com.duoc.week3.
2025-05-05T18:23:31.162-04:00 DEBUG 62669 --- [week3] [           main] o.s.d.r.c.RepositoryComponentProvider    : Identified candidate component class: file [/Users/x0dsanta/Developer/Duoc/Fullstack_1/Week_3/week3/target/classes/com/duoc/week3/repository/PetRepository.class]
2025-05-05T18:23:31.162-04:00 DEBUG 62669 --- [week3] [           main] o.s.d.r.c.RepositoryComponentProvider    : Identified candidate component class: file [/Users/x0dsanta/Developer/Duoc/Fullstack_1/Week_3/week3/target/classes/com/duoc/week3/repository/RoleRepository.class]
2025-05-05T18:23:31.162-04:00 DEBUG 62669 --- [week3] [           main] o.s.d.r.c.RepositoryComponentProvider    : Identified candidate component class: file [/Users/x0dsanta/Developer/Duoc/Fullstack_1/Week_3/week3/target/classes/com/duoc/week3/repository/UserRepository.class]
2025-05-05T18:23:31.176-04:00 DEBUG 62669 --- [week3] [           main] ssPathScanningCandidateComponentProvider : Identified candidate component class: file [/Users/x0dsanta/Developer/Duoc/Fullstack_1/Week_3/week3/target/classes/com/duoc/week3/service/PetServiceImpl.class]
2025-05-05T18:23:31.176-04:00 DEBUG 62669 --- [week3] [           main] ssPathScanningCandidateComponentProvider : Identified candidate component class: file [/Users/x0dsanta/Developer/Duoc/Fullstack_1/Week_3/week3/target/classes/com/duoc/week3/service/UserServiceImpl.class]
2025-05-05T18:23:31.185-04:00  INFO 62669 --- [week3] [           main] .s.d.r.c.RepositoryConfigurationDelegate : Finished Spring Data repository scanning in 27 ms. Found 3 JPA repository interfaces.
2025-05-05T18:23:31.213-04:00 DEBUG 62669 --- [week3] [           main] o.s.b.f.s.DefaultListableBeanFactory     : Creating shared instance of singleton bean 'org.springframework.boot.test.context.ImportsContextCustomizer$ImportsCleanupPostProcessor'
2025-05-05T18:23:31.215-04:00 DEBUG 62669 --- [week3] [           main] o.s.b.f.s.DefaultListableBeanFactory     : Creating shared instance of singleton bean 'org.springframework.boot.test.mock.mockito.MockitoPostProcessor'
2025-05-05T18:23:31.216-04:00 DEBUG 62669 --- [week3] [           main] o.s.b.f.s.DefaultListableBeanFactory     : Creating shared instance of singleton bean 'emBeanDefinitionRegistrarPostProcessor'
2025-05-05T18:23:31.216-04:00 DEBUG 62669 --- [week3] [           main] o.s.b.f.s.DefaultListableBeanFactory     : Creating shared instance of singleton bean 'org.springframework.boot.sql.init.dependency.DatabaseInitializationDependencyConfigurer$DependsOnDatabaseInitializationPostProcessor'
2025-05-05T18:23:31.234-04:00 DEBUG 62669 --- [week3] [           main] o.s.b.f.s.DefaultListableBeanFactory     : Creating shared instance of singleton bean 'org.springframework.context.event.internalEventListenerProcessor'
2025-05-05T18:23:31.235-04:00 DEBUG 62669 --- [week3] [           main] o.s.b.f.s.DefaultListableBeanFactory     : Creating shared instance of singleton bean 'org.springframework.context.event.internalEventListenerFactory'
2025-05-05T18:23:31.235-04:00 DEBUG 62669 --- [week3] [           main] o.s.b.f.s.DefaultListableBeanFactory     : Creating shared instance of singleton bean 'org.springframework.transaction.config.internalTransactionalEventListenerFactory'
2025-05-05T18:23:31.237-04:00 DEBUG 62669 --- [week3] [           main] o.s.b.f.s.DefaultListableBeanFactory     : Creating shared instance of singleton bean 'org.springframework.context.annotation.internalAutowiredAnnotationProcessor'
2025-05-05T18:23:31.238-04:00 DEBUG 62669 --- [week3] [           main] o.s.b.f.s.DefaultListableBeanFactory     : Creating shared instance of singleton bean 'org.springframework.context.annotation.internalCommonAnnotationProcessor'
2025-05-05T18:23:31.241-04:00 DEBUG 62669 --- [week3] [           main] o.s.b.f.s.DefaultListableBeanFactory     : Creating shared instance of singleton bean 'org.springframework.context.annotation.internalPersistenceAnnotationProcessor'
2025-05-05T18:23:31.242-04:00 DEBUG 62669 --- [week3] [           main] o.s.b.f.s.DefaultListableBeanFactory     : Creating shared instance of singleton bean 'org.springframework.boot.test.mock.mockito.MockitoPostProcessor$SpyPostProcessor'
2025-05-05T18:23:31.242-04:00 DEBUG 62669 --- [week3] [           main] o.s.b.f.s.DefaultListableBeanFactory     : Creating shared instance of singleton bean 'jdbcConnectionDetailsHikariBeanPostProcessor'
2025-05-05T18:23:31.245-04:00 DEBUG 62669 --- [week3] [           main] o.s.b.f.s.DefaultListableBeanFactory     : Creating shared instance of singleton bean 'org.springframework.boot.context.properties.ConfigurationPropertiesBindingPostProcessor'
2025-05-05T18:23:31.245-04:00 DEBUG 62669 --- [week3] [           main] o.s.b.f.s.DefaultListableBeanFactory     : Creating shared instance of singleton bean 'org.springframework.boot.context.internalConfigurationPropertiesBinder'
2025-05-05T18:23:31.247-04:00 DEBUG 62669 --- [week3] [           main] o.s.b.f.s.DefaultListableBeanFactory     : Creating shared instance of singleton bean 'org.springframework.aop.config.internalAutoProxyCreator'
2025-05-05T18:23:31.254-04:00 DEBUG 62669 --- [week3] [           main] o.s.b.f.s.DefaultListableBeanFactory     : Creating shared instance of singleton bean 'org.springframework.test.context.support.internalDynamicPropertyRegistrarBeanInitializer'
2025-05-05T18:23:31.255-04:00 DEBUG 62669 --- [week3] [           main] o.s.b.f.s.DefaultListableBeanFactory     : Creating shared instance of singleton bean 'org.springframework.transaction.config.internalTransactionAdvisor'
2025-05-05T18:23:31.255-04:00 DEBUG 62669 --- [week3] [           main] o.s.b.f.s.DefaultListableBeanFactory     : Creating shared instance of singleton bean 'org.springframework.transaction.annotation.ProxyTransactionManagementConfiguration'
2025-05-05T18:23:31.273-04:00 DEBUG 62669 --- [week3] [           main] o.s.b.f.s.DefaultListableBeanFactory     : Creating shared instance of singleton bean 'transactionAttributeSource'
2025-05-05T18:23:31.274-04:00 DEBUG 62669 --- [week3] [           main] o.s.b.f.s.DefaultListableBeanFactory     : Creating shared instance of singleton bean 'transactionInterceptor'
2025-05-05T18:23:31.274-04:00 DEBUG 62669 --- [week3] [           main] o.s.b.f.s.DefaultListableBeanFactory     : Autowiring by type from bean name 'transactionInterceptor' via factory method to bean named 'transactionAttributeSource'
2025-05-05T18:23:31.277-04:00 DEBUG 62669 --- [week3] [           main] o.s.b.f.s.DefaultListableBeanFactory     : Autowiring by type from bean name 'org.springframework.transaction.config.internalTransactionAdvisor' via factory method to bean named 'transactionAttributeSource'
2025-05-05T18:23:31.277-04:00 DEBUG 62669 --- [week3] [           main] o.s.b.f.s.DefaultListableBeanFactory     : Autowiring by type from bean name 'org.springframework.transaction.config.internalTransactionAdvisor' via factory method to bean named 'transactionInterceptor'
2025-05-05T18:23:31.279-04:00 DEBUG 62669 --- [week3] [           main] o.s.b.f.s.DefaultListableBeanFactory     : Creating shared instance of singleton bean 'entityManagerFactory'
2025-05-05T18:23:31.279-04:00 DEBUG 62669 --- [week3] [           main] o.s.b.f.s.DefaultListableBeanFactory     : Creating shared instance of singleton bean 'org.springframework.boot.autoconfigure.orm.jpa.HibernateJpaConfiguration'
2025-05-05T18:23:31.280-04:00 DEBUG 62669 --- [week3] [           main] o.s.b.f.s.DefaultListableBeanFactory     : Creating shared instance of singleton bean 'dataSource'
2025-05-05T18:23:31.280-04:00 DEBUG 62669 --- [week3] [           main] o.s.b.f.s.DefaultListableBeanFactory     : Creating shared instance of singleton bean 'org.springframework.boot.autoconfigure.jdbc.DataSourceConfiguration$Hikari'
2025-05-05T18:23:31.280-04:00 DEBUG 62669 --- [week3] [           main] o.s.b.f.s.DefaultListableBeanFactory     : Creating shared instance of singleton bean 'spring.datasource-org.springframework.boot.autoconfigure.jdbc.DataSourceProperties'
2025-05-05T18:23:31.281-04:00 DEBUG 62669 --- [week3] [           main] o.s.b.f.s.DefaultListableBeanFactory     : Creating shared instance of singleton bean 'org.springframework.boot.context.properties.BoundConfigurationProperties'
2025-05-05T18:23:31.287-04:00 DEBUG 62669 --- [week3] [           main] o.s.b.f.s.DefaultListableBeanFactory     : Creating shared instance of singleton bean 'jdbcConnectionDetails'
2025-05-05T18:23:31.288-04:00 DEBUG 62669 --- [week3] [           main] o.s.b.f.s.DefaultListableBeanFactory     : Creating shared instance of singleton bean 'org.springframework.boot.autoconfigure.jdbc.DataSourceAutoConfiguration$PooledDataSourceConfiguration'
2025-05-05T18:23:31.288-04:00 DEBUG 62669 --- [week3] [           main] o.s.b.f.s.DefaultListableBeanFactory     : Autowiring by type from bean name 'jdbcConnectionDetails' via factory method to bean named 'spring.datasource-org.springframework.boot.autoconfigure.jdbc.DataSourceProperties'
2025-05-05T18:23:31.289-04:00 DEBUG 62669 --- [week3] [           main] o.s.b.f.s.DefaultListableBeanFactory     : Autowiring by type from bean name 'dataSource' via factory method to bean named 'spring.datasource-org.springframework.boot.autoconfigure.jdbc.DataSourceProperties'
2025-05-05T18:23:31.289-04:00 DEBUG 62669 --- [week3] [           main] o.s.b.f.s.DefaultListableBeanFactory     : Autowiring by type from bean name 'dataSource' via factory method to bean named 'jdbcConnectionDetails'
2025-05-05T18:23:31.291-04:00 DEBUG 62669 --- [week3] [           main] com.zaxxer.hikari.HikariConfig           : Driver class oracle.jdbc.driver.OracleDriver found in Thread context class loader jdk.internal.loader.ClassLoaders$AppClassLoader@18ff02e4
2025-05-05T18:23:31.390-04:00 DEBUG 62669 --- [week3] [           main] o.s.b.f.s.DefaultListableBeanFactory     : Creating shared instance of singleton bean 'spring.jpa-org.springframework.boot.autoconfigure.orm.jpa.JpaProperties'
2025-05-05T18:23:31.392-04:00 DEBUG 62669 --- [week3] [           main] o.s.b.f.s.DefaultListableBeanFactory     : Creating shared instance of singleton bean 'spring.jpa.hibernate-org.springframework.boot.autoconfigure.orm.jpa.HibernateProperties'
2025-05-05T18:23:31.393-04:00 DEBUG 62669 --- [week3] [           main] o.s.b.f.s.DefaultListableBeanFactory     : Autowiring by type from bean name 'org.springframework.boot.autoconfigure.orm.jpa.HibernateJpaConfiguration' via constructor to bean named 'dataSource'
2025-05-05T18:23:31.393-04:00 DEBUG 62669 --- [week3] [           main] o.s.b.f.s.DefaultListableBeanFactory     : Autowiring by type from bean name 'org.springframework.boot.autoconfigure.orm.jpa.HibernateJpaConfiguration' via constructor to bean named 'spring.jpa-org.springframework.boot.autoconfigure.orm.jpa.JpaProperties'
2025-05-05T18:23:31.393-04:00 DEBUG 62669 --- [week3] [           main] o.s.b.f.s.DefaultListableBeanFactory     : Autowiring by type from bean name 'org.springframework.boot.autoconfigure.orm.jpa.HibernateJpaConfiguration' via constructor to bean named 'org.springframework.beans.factory.support.DefaultListableBeanFactory@67ec8477'
2025-05-05T18:23:31.393-04:00 DEBUG 62669 --- [week3] [           main] o.s.b.f.s.DefaultListableBeanFactory     : Autowiring by type from bean name 'org.springframework.boot.autoconfigure.orm.jpa.HibernateJpaConfiguration' via constructor to bean named 'spring.jpa.hibernate-org.springframework.boot.autoconfigure.orm.jpa.HibernateProperties'
2025-05-05T18:23:31.395-04:00 DEBUG 62669 --- [week3] [           main] o.s.b.f.s.DefaultListableBeanFactory     : Creating shared instance of singleton bean 'hikariPoolDataSourceMetadataProvider'
2025-05-05T18:23:31.395-04:00 DEBUG 62669 --- [week3] [           main] o.s.b.f.s.DefaultListableBeanFactory     : Creating shared instance of singleton bean 'org.springframework.boot.autoconfigure.jdbc.metadata.DataSourcePoolMetadataProvidersConfiguration$HikariPoolDataSourceMetadataProviderConfiguration'
2025-05-05T18:23:31.398-04:00 DEBUG 62669 --- [week3] [           main] o.s.b.f.s.DefaultListableBeanFactory     : Creating shared instance of singleton bean 'entityManagerFactoryBuilder'
2025-05-05T18:23:31.399-04:00 DEBUG 62669 --- [week3] [           main] o.s.b.f.s.DefaultListableBeanFactory     : Creating shared instance of singleton bean 'jpaVendorAdapter'
2025-05-05T18:23:31.404-04:00 DEBUG 62669 --- [week3] [           main] o.s.b.f.s.DefaultListableBeanFactory     : Autowiring by type from bean name 'entityManagerFactoryBuilder' via factory method to bean named 'jpaVendorAdapter'
2025-05-05T18:23:31.407-04:00 DEBUG 62669 --- [week3] [           main] o.s.b.f.s.DefaultListableBeanFactory     : Creating shared instance of singleton bean 'persistenceManagedTypes'
2025-05-05T18:23:31.408-04:00 DEBUG 62669 --- [week3] [           main] o.s.b.f.s.DefaultListableBeanFactory     : Autowiring by type from bean name 'persistenceManagedTypes' via factory method to bean named 'org.springframework.beans.factory.support.DefaultListableBeanFactory@67ec8477'
2025-05-05T18:23:31.408-04:00 DEBUG 62669 --- [week3] [           main] o.s.b.f.s.DefaultListableBeanFactory     : Autowiring by type from bean name 'persistenceManagedTypes' via factory method to bean named 'org.springframework.context.annotation.AnnotationConfigApplicationContext@1e7f2e0f'
2025-05-05T18:23:31.413-04:00 DEBUG 62669 --- [week3] [           main] o.s.b.f.s.DefaultListableBeanFactory     : Autowiring by type from bean name 'entityManagerFactory' via factory method to bean named 'entityManagerFactoryBuilder'
2025-05-05T18:23:31.414-04:00 DEBUG 62669 --- [week3] [           main] o.s.b.f.s.DefaultListableBeanFactory     : Autowiring by type from bean name 'entityManagerFactory' via factory method to bean named 'persistenceManagedTypes'
2025-05-05T18:23:31.423-04:00 DEBUG 62669 --- [week3] [           main] j.LocalContainerEntityManagerFactoryBean : Building JPA container EntityManagerFactory for persistence unit 'default'
2025-05-05T18:23:31.435-04:00 DEBUG 62669 --- [week3] [           main] o.hibernate.jpa.internal.util.LogHelper  : PersistenceUnitInfo [
	name: default
	persistence provider classname: null
	classloader: jdk.internal.loader.ClassLoaders$AppClassLoader@18ff02e4
	excludeUnlistedClasses: true
	JTA datasource: null
	Non JTA datasource: HikariDataSource (null)
	Transaction type: RESOURCE_LOCAL
	PU root URL: file:/Users/x0dsanta/Developer/Duoc/Fullstack_1/Week_3/week3/target/test-classes/
	Shared Cache Mode: UNSPECIFIED
	Validation Mode: AUTO
	Jar files URLs []
	Managed classes names [
		com.duoc.week3.model.Pet
		com.duoc.week3.model.Role
		com.duoc.week3.model.User]
	Mapping files names []
	Properties []
2025-05-05T18:23:31.438-04:00 DEBUG 62669 --- [week3] [           main] o.h.i.internal.IntegratorServiceImpl     : Adding Integrator [org.hibernate.boot.beanvalidation.BeanValidationIntegrator].
2025-05-05T18:23:31.439-04:00 DEBUG 62669 --- [week3] [           main] o.h.i.internal.IntegratorServiceImpl     : Adding Integrator [org.hibernate.cache.internal.CollectionCacheInvalidator].
2025-05-05T18:23:31.465-04:00  INFO 62669 --- [week3] [           main] org.hibernate.Version                    : HHH000412: Hibernate ORM core version 6.6.11.Final
2025-05-05T18:23:31.466-04:00 DEBUG 62669 --- [week3] [           main] org.hibernate.cfg.Environment            : HHH000206: 'hibernate.properties' not found
2025-05-05T18:23:31.477-04:00 DEBUG 62669 --- [week3] [           main] org.hibernate.orm.idgen.factory          : Registering IdentifierGenerator strategy [uuid2] -> [org.hibernate.id.UUIDGenerator]
2025-05-05T18:23:31.477-04:00 DEBUG 62669 --- [week3] [           main] org.hibernate.orm.idgen.factory          : Registering IdentifierGenerator strategy [guid] -> [org.hibernate.id.GUIDGenerator]
2025-05-05T18:23:31.477-04:00 DEBUG 62669 --- [week3] [           main] org.hibernate.orm.idgen.factory          : Registering IdentifierGenerator strategy [uuid] -> [org.hibernate.id.UUIDHexGenerator]
2025-05-05T18:23:31.478-04:00 DEBUG 62669 --- [week3] [           main] org.hibernate.orm.idgen.factory          : Registering IdentifierGenerator strategy [uuid.hex] -> [org.hibernate.id.UUIDHexGenerator]
2025-05-05T18:23:31.478-04:00 DEBUG 62669 --- [week3] [           main] org.hibernate.orm.idgen.factory          : Registering IdentifierGenerator strategy [assigned] -> [org.hibernate.id.Assigned]
2025-05-05T18:23:31.478-04:00 DEBUG 62669 --- [week3] [           main] org.hibernate.orm.idgen.factory          : Registering IdentifierGenerator strategy [identity] -> [org.hibernate.id.IdentityGenerator]
2025-05-05T18:23:31.479-04:00 DEBUG 62669 --- [week3] [           main] org.hibernate.orm.idgen.factory          : Registering IdentifierGenerator strategy [select] -> [org.hibernate.id.SelectGenerator]
2025-05-05T18:23:31.479-04:00 DEBUG 62669 --- [week3] [           main] org.hibernate.orm.idgen.factory          : Registering IdentifierGenerator strategy [sequence] -> [org.hibernate.id.enhanced.SequenceStyleGenerator]
2025-05-05T18:23:31.480-04:00 DEBUG 62669 --- [week3] [           main] org.hibernate.orm.idgen.factory          : Registering IdentifierGenerator strategy [increment] -> [org.hibernate.id.IncrementGenerator]
2025-05-05T18:23:31.480-04:00 DEBUG 62669 --- [week3] [           main] org.hibernate.orm.idgen.factory          : Registering IdentifierGenerator strategy [foreign] -> [org.hibernate.id.ForeignGenerator]
2025-05-05T18:23:31.480-04:00 DEBUG 62669 --- [week3] [           main] org.hibernate.orm.idgen.factory          : Registering IdentifierGenerator strategy [enhanced-sequence] -> [org.hibernate.id.enhanced.SequenceStyleGenerator]
2025-05-05T18:23:31.480-04:00 DEBUG 62669 --- [week3] [           main] org.hibernate.orm.idgen.factory          : Registering IdentifierGenerator strategy [enhanced-table] -> [org.hibernate.id.enhanced.TableGenerator]
2025-05-05T18:23:31.484-04:00 DEBUG 62669 --- [week3] [           main] o.h.c.internal.RegionFactoryInitiator    : Cannot default RegionFactory based on registered strategies as `[]` RegionFactory strategies were registered
2025-05-05T18:23:31.485-04:00  INFO 62669 --- [week3] [           main] o.h.c.internal.RegionFactoryInitiator    : HHH000026: Second-level cache disabled
2025-05-05T18:23:31.524-04:00 DEBUG 62669 --- [week3] [           main] org.hibernate.type.BasicTypeRegistry     : Adding type registration boolean -> org.hibernate.type.BasicTypeReference@22dc59b2
2025-05-05T18:23:31.525-04:00 DEBUG 62669 --- [week3] [           main] org.hibernate.type.BasicTypeRegistry     : Adding type registration boolean -> org.hibernate.type.BasicTypeReference@22dc59b2
2025-05-05T18:23:31.525-04:00 DEBUG 62669 --- [week3] [           main] org.hibernate.type.BasicTypeRegistry     : Adding type registration java.lang.Boolean -> org.hibernate.type.BasicTypeReference@22dc59b2
2025-05-05T18:23:31.525-04:00 DEBUG 62669 --- [week3] [           main] org.hibernate.type.BasicTypeRegistry     : Adding type registration numeric_boolean -> org.hibernate.type.BasicTypeReference@33e434c8
2025-05-05T18:23:31.525-04:00 DEBUG 62669 --- [week3] [           main] org.hibernate.type.BasicTypeRegistry     : Adding type registration org.hibernate.type.NumericBooleanConverter -> org.hibernate.type.BasicTypeReference@33e434c8
2025-05-05T18:23:31.525-04:00 DEBUG 62669 --- [week3] [           main] org.hibernate.type.BasicTypeRegistry     : Adding type registration true_false -> org.hibernate.type.BasicTypeReference@546394ed
2025-05-05T18:23:31.525-04:00 DEBUG 62669 --- [week3] [           main] org.hibernate.type.BasicTypeRegistry     : Adding type registration org.hibernate.type.TrueFalseConverter -> org.hibernate.type.BasicTypeReference@546394ed
2025-05-05T18:23:31.525-04:00 DEBUG 62669 --- [week3] [           main] org.hibernate.type.BasicTypeRegistry     : Adding type registration yes_no -> org.hibernate.type.BasicTypeReference@664212ab
2025-05-05T18:23:31.525-04:00 DEBUG 62669 --- [week3] [           main] org.hibernate.type.BasicTypeRegistry     : Adding type registration org.hibernate.type.YesNoConverter -> org.hibernate.type.BasicTypeReference@664212ab
2025-05-05T18:23:31.525-04:00 DEBUG 62669 --- [week3] [           main] org.hibernate.type.BasicTypeRegistry     : Adding type registration byte -> org.hibernate.type.BasicTypeReference@2693c618
2025-05-05T18:23:31.525-04:00 DEBUG 62669 --- [week3] [           main] org.hibernate.type.BasicTypeRegistry     : Adding type registration byte -> org.hibernate.type.BasicTypeReference@2693c618
2025-05-05T18:23:31.525-04:00 DEBUG 62669 --- [week3] [           main] org.hibernate.type.BasicTypeRegistry     : Adding type registration java.lang.Byte -> org.hibernate.type.BasicTypeReference@2693c618
2025-05-05T18:23:31.525-04:00 DEBUG 62669 --- [week3] [           main] org.hibernate.type.BasicTypeRegistry     : Adding type registration binary -> org.hibernate.type.BasicTypeReference@3443e476
2025-05-05T18:23:31.525-04:00 DEBUG 62669 --- [week3] [           main] org.hibernate.type.BasicTypeRegistry     : Adding type registration byte[] -> org.hibernate.type.BasicTypeReference@3443e476
2025-05-05T18:23:31.525-04:00 DEBUG 62669 --- [week3] [           main] org.hibernate.type.BasicTypeRegistry     : Adding type registration [B -> org.hibernate.type.BasicTypeReference@3443e476
2025-05-05T18:23:31.525-04:00 DEBUG 62669 --- [week3] [           main] org.hibernate.type.BasicTypeRegistry     : Adding type registration binary_wrapper -> org.hibernate.type.BasicTypeReference@7ccfdaef
2025-05-05T18:23:31.525-04:00 DEBUG 62669 --- [week3] [           main] org.hibernate.type.BasicTypeRegistry     : Adding type registration wrapper-binary -> org.hibernate.type.BasicTypeReference@7ccfdaef
2025-05-05T18:23:31.525-04:00 DEBUG 62669 --- [week3] [           main] org.hibernate.type.BasicTypeRegistry     : Adding type registration image -> org.hibernate.type.BasicTypeReference@a6e4897
2025-05-05T18:23:31.525-04:00 DEBUG 62669 --- [week3] [           main] org.hibernate.type.BasicTypeRegistry     : Adding type registration blob -> org.hibernate.type.BasicTypeReference@32f5ecc4
2025-05-05T18:23:31.525-04:00 DEBUG 62669 --- [week3] [           main] org.hibernate.type.BasicTypeRegistry     : Adding type registration java.sql.Blob -> org.hibernate.type.BasicTypeReference@32f5ecc4
2025-05-05T18:23:31.525-04:00 DEBUG 62669 --- [week3] [           main] org.hibernate.type.BasicTypeRegistry     : Adding type registration materialized_blob -> org.hibernate.type.BasicTypeReference@19bedeb8
2025-05-05T18:23:31.525-04:00 DEBUG 62669 --- [week3] [           main] org.hibernate.type.BasicTypeRegistry     : Adding type registration materialized_blob_wrapper -> org.hibernate.type.BasicTypeReference@1ba467c2
2025-05-05T18:23:31.525-04:00 DEBUG 62669 --- [week3] [           main] org.hibernate.type.BasicTypeRegistry     : Adding type registration short -> org.hibernate.type.BasicTypeReference@63f6bed1
2025-05-05T18:23:31.526-04:00 DEBUG 62669 --- [week3] [           main] org.hibernate.type.BasicTypeRegistry     : Adding type registration short -> org.hibernate.type.BasicTypeReference@63f6bed1
2025-05-05T18:23:31.526-04:00 DEBUG 62669 --- [week3] [           main] org.hibernate.type.BasicTypeRegistry     : Adding type registration java.lang.Short -> org.hibernate.type.BasicTypeReference@63f6bed1
2025-05-05T18:23:31.526-04:00 DEBUG 62669 --- [week3] [           main] org.hibernate.type.BasicTypeRegistry     : Adding type registration integer -> org.hibernate.type.BasicTypeReference@7ef8eda7
2025-05-05T18:23:31.526-04:00 DEBUG 62669 --- [week3] [           main] org.hibernate.type.BasicTypeRegistry     : Adding type registration int -> org.hibernate.type.BasicTypeReference@7ef8eda7
2025-05-05T18:23:31.526-04:00 DEBUG 62669 --- [week3] [           main] org.hibernate.type.BasicTypeRegistry     : Adding type registration java.lang.Integer -> org.hibernate.type.BasicTypeReference@7ef8eda7
2025-05-05T18:23:31.526-04:00 DEBUG 62669 --- [week3] [           main] org.hibernate.type.BasicTypeRegistry     : Adding type registration long -> org.hibernate.type.BasicTypeReference@115ca7de
2025-05-05T18:23:31.526-04:00 DEBUG 62669 --- [week3] [           main] org.hibernate.type.BasicTypeRegistry     : Adding type registration long -> org.hibernate.type.BasicTypeReference@115ca7de
2025-05-05T18:23:31.526-04:00 DEBUG 62669 --- [week3] [           main] org.hibernate.type.BasicTypeRegistry     : Adding type registration java.lang.Long -> org.hibernate.type.BasicTypeReference@115ca7de
2025-05-05T18:23:31.526-04:00 DEBUG 62669 --- [week3] [           main] org.hibernate.type.BasicTypeRegistry     : Adding type registration float -> org.hibernate.type.BasicTypeReference@29fe4840
2025-05-05T18:23:31.526-04:00 DEBUG 62669 --- [week3] [           main] org.hibernate.type.BasicTypeRegistry     : Adding type registration float -> org.hibernate.type.BasicTypeReference@29fe4840
2025-05-05T18:23:31.526-04:00 DEBUG 62669 --- [week3] [           main] org.hibernate.type.BasicTypeRegistry     : Adding type registration java.lang.Float -> org.hibernate.type.BasicTypeReference@29fe4840
2025-05-05T18:23:31.526-04:00 DEBUG 62669 --- [week3] [           main] org.hibernate.type.BasicTypeRegistry     : Adding type registration double -> org.hibernate.type.BasicTypeReference@7f287b98
2025-05-05T18:23:31.526-04:00 DEBUG 62669 --- [week3] [           main] org.hibernate.type.BasicTypeRegistry     : Adding type registration double -> org.hibernate.type.BasicTypeReference@7f287b98
2025-05-05T18:23:31.526-04:00 DEBUG 62669 --- [week3] [           main] org.hibernate.type.BasicTypeRegistry     : Adding type registration java.lang.Double -> org.hibernate.type.BasicTypeReference@7f287b98
2025-05-05T18:23:31.526-04:00 DEBUG 62669 --- [week3] [           main] org.hibernate.type.BasicTypeRegistry     : Adding type registration big_integer -> org.hibernate.type.BasicTypeReference@4684240f
2025-05-05T18:23:31.526-04:00 DEBUG 62669 --- [week3] [           main] org.hibernate.type.BasicTypeRegistry     : Adding type registration java.math.BigInteger -> org.hibernate.type.BasicTypeReference@4684240f
2025-05-05T18:23:31.526-04:00 DEBUG 62669 --- [week3] [           main] org.hibernate.type.BasicTypeRegistry     : Adding type registration big_decimal -> org.hibernate.type.BasicTypeReference@32120956
2025-05-05T18:23:31.526-04:00 DEBUG 62669 --- [week3] [           main] org.hibernate.type.BasicTypeRegistry     : Adding type registration java.math.BigDecimal -> org.hibernate.type.BasicTypeReference@32120956
2025-05-05T18:23:31.526-04:00 DEBUG 62669 --- [week3] [           main] org.hibernate.type.BasicTypeRegistry     : Adding type registration character -> org.hibernate.type.BasicTypeReference@6975fb1c
2025-05-05T18:23:31.526-04:00 DEBUG 62669 --- [week3] [           main] org.hibernate.type.BasicTypeRegistry     : Adding type registration char -> org.hibernate.type.BasicTypeReference@6975fb1c
2025-05-05T18:23:31.526-04:00 DEBUG 62669 --- [week3] [           main] org.hibernate.type.BasicTypeRegistry     : Adding type registration java.lang.Character -> org.hibernate.type.BasicTypeReference@6975fb1c
2025-05-05T18:23:31.526-04:00 DEBUG 62669 --- [week3] [           main] org.hibernate.type.BasicTypeRegistry     : Adding type registration character_nchar -> org.hibernate.type.BasicTypeReference@553da911
2025-05-05T18:23:31.526-04:00 DEBUG 62669 --- [week3] [           main] org.hibernate.type.BasicTypeRegistry     : Adding type registration string -> org.hibernate.type.BasicTypeReference@327e5be5
2025-05-05T18:23:31.526-04:00 DEBUG 62669 --- [week3] [           main] org.hibernate.type.BasicTypeRegistry     : Adding type registration java.lang.String -> org.hibernate.type.BasicTypeReference@327e5be5
2025-05-05T18:23:31.526-04:00 DEBUG 62669 --- [week3] [           main] org.hibernate.type.BasicTypeRegistry     : Adding type registration nstring -> org.hibernate.type.BasicTypeReference@1084ac45
2025-05-05T18:23:31.526-04:00 DEBUG 62669 --- [week3] [           main] org.hibernate.type.BasicTypeRegistry     : Adding type registration characters -> org.hibernate.type.BasicTypeReference@566f1852
2025-05-05T18:23:31.526-04:00 DEBUG 62669 --- [week3] [           main] org.hibernate.type.BasicTypeRegistry     : Adding type registration char[] -> org.hibernate.type.BasicTypeReference@566f1852
2025-05-05T18:23:31.526-04:00 DEBUG 62669 --- [week3] [           main] org.hibernate.type.BasicTypeRegistry     : Adding type registration [C -> org.hibernate.type.BasicTypeReference@566f1852
2025-05-05T18:23:31.526-04:00 DEBUG 62669 --- [week3] [           main] org.hibernate.type.BasicTypeRegistry     : Adding type registration wrapper-characters -> org.hibernate.type.BasicTypeReference@6ea246af
2025-05-05T18:23:31.527-04:00 DEBUG 62669 --- [week3] [           main] org.hibernate.type.BasicTypeRegistry     : Adding type registration text -> org.hibernate.type.BasicTypeReference@2e4389ed
2025-05-05T18:23:31.527-04:00 DEBUG 62669 --- [week3] [           main] org.hibernate.type.BasicTypeRegistry     : Adding type registration ntext -> org.hibernate.type.BasicTypeReference@1b90fee4
2025-05-05T18:23:31.527-04:00 DEBUG 62669 --- [week3] [           main] org.hibernate.type.BasicTypeRegistry     : Adding type registration clob -> org.hibernate.type.BasicTypeReference@3513c84c
2025-05-05T18:23:31.527-04:00 DEBUG 62669 --- [week3] [           main] org.hibernate.type.BasicTypeRegistry     : Adding type registration java.sql.Clob -> org.hibernate.type.BasicTypeReference@3513c84c
2025-05-05T18:23:31.527-04:00 DEBUG 62669 --- [week3] [           main] org.hibernate.type.BasicTypeRegistry     : Adding type registration nclob -> org.hibernate.type.BasicTypeReference@4978777f
2025-05-05T18:23:31.527-04:00 DEBUG 62669 --- [week3] [           main] org.hibernate.type.BasicTypeRegistry     : Adding type registration java.sql.NClob -> org.hibernate.type.BasicTypeReference@4978777f
2025-05-05T18:23:31.527-04:00 DEBUG 62669 --- [week3] [           main] org.hibernate.type.BasicTypeRegistry     : Adding type registration materialized_clob -> org.hibernate.type.BasicTypeReference@7bc6935c
2025-05-05T18:23:31.527-04:00 DEBUG 62669 --- [week3] [           main] org.hibernate.type.BasicTypeRegistry     : Adding type registration materialized_clob_char_array -> org.hibernate.type.BasicTypeReference@67bd351e
2025-05-05T18:23:31.527-04:00 DEBUG 62669 --- [week3] [           main] org.hibernate.type.BasicTypeRegistry     : Adding type registration materialized_clob_character_array -> org.hibernate.type.BasicTypeReference@4cc7d00d
2025-05-05T18:23:31.527-04:00 DEBUG 62669 --- [week3] [           main] org.hibernate.type.BasicTypeRegistry     : Adding type registration materialized_nclob -> org.hibernate.type.BasicTypeReference@468e8565
2025-05-05T18:23:31.527-04:00 DEBUG 62669 --- [week3] [           main] org.hibernate.type.BasicTypeRegistry     : Adding type registration materialized_nclob_character_array -> org.hibernate.type.BasicTypeReference@91da29b
2025-05-05T18:23:31.527-04:00 DEBUG 62669 --- [week3] [           main] org.hibernate.type.BasicTypeRegistry     : Adding type registration materialized_nclob_char_array -> org.hibernate.type.BasicTypeReference@7066363
2025-05-05T18:23:31.527-04:00 DEBUG 62669 --- [week3] [           main] org.hibernate.type.BasicTypeRegistry     : Adding type registration Duration -> org.hibernate.type.BasicTypeReference@75b38c36
2025-05-05T18:23:31.527-04:00 DEBUG 62669 --- [week3] [           main] org.hibernate.type.BasicTypeRegistry     : Adding type registration java.time.Duration -> org.hibernate.type.BasicTypeReference@75b38c36
2025-05-05T18:23:31.527-04:00 DEBUG 62669 --- [week3] [           main] org.hibernate.type.BasicTypeRegistry     : Adding type registration LocalDateTime -> org.hibernate.type.BasicTypeReference@47248a48
2025-05-05T18:23:31.527-04:00 DEBUG 62669 --- [week3] [           main] org.hibernate.type.BasicTypeRegistry     : Adding type registration java.time.LocalDateTime -> org.hibernate.type.BasicTypeReference@47248a48
2025-05-05T18:23:31.527-04:00 DEBUG 62669 --- [week3] [           main] org.hibernate.type.BasicTypeRegistry     : Adding type registration LocalDate -> org.hibernate.type.BasicTypeReference@2349f14d
2025-05-05T18:23:31.527-04:00 DEBUG 62669 --- [week3] [           main] org.hibernate.type.BasicTypeRegistry     : Adding type registration java.time.LocalDate -> org.hibernate.type.BasicTypeReference@2349f14d
2025-05-05T18:23:31.527-04:00 DEBUG 62669 --- [week3] [           main] org.hibernate.type.BasicTypeRegistry     : Adding type registration LocalTime -> org.hibernate.type.BasicTypeReference@17e0933c
2025-05-05T18:23:31.527-04:00 DEBUG 62669 --- [week3] [           main] org.hibernate.type.BasicTypeRegistry     : Adding type registration java.time.LocalTime -> org.hibernate.type.BasicTypeReference@17e0933c
2025-05-05T18:23:31.527-04:00 DEBUG 62669 --- [week3] [           main] org.hibernate.type.BasicTypeRegistry     : Adding type registration OffsetDateTime -> org.hibernate.type.BasicTypeReference@7edb6fca
2025-05-05T18:23:31.527-04:00 DEBUG 62669 --- [week3] [           main] org.hibernate.type.BasicTypeRegistry     : Adding type registration java.time.OffsetDateTime -> org.hibernate.type.BasicTypeReference@7edb6fca
2025-05-05T18:23:31.527-04:00 DEBUG 62669 --- [week3] [           main] org.hibernate.type.BasicTypeRegistry     : Adding type registration OffsetDateTimeWithTimezone -> org.hibernate.type.BasicTypeReference@1dcedc93
2025-05-05T18:23:31.527-04:00 DEBUG 62669 --- [week3] [           main] org.hibernate.type.BasicTypeRegistry     : Adding type registration OffsetDateTimeWithoutTimezone -> org.hibernate.type.BasicTypeReference@716185fe
2025-05-05T18:23:31.527-04:00 DEBUG 62669 --- [week3] [           main] org.hibernate.type.BasicTypeRegistry     : Adding type registration OffsetTime -> org.hibernate.type.BasicTypeReference@628b819d
2025-05-05T18:23:31.527-04:00 DEBUG 62669 --- [week3] [           main] org.hibernate.type.BasicTypeRegistry     : Adding type registration java.time.OffsetTime -> org.hibernate.type.BasicTypeReference@628b819d
2025-05-05T18:23:31.527-04:00 DEBUG 62669 --- [week3] [           main] org.hibernate.type.BasicTypeRegistry     : Adding type registration OffsetTimeUtc -> org.hibernate.type.BasicTypeReference@478b0739
2025-05-05T18:23:31.527-04:00 DEBUG 62669 --- [week3] [           main] org.hibernate.type.BasicTypeRegistry     : Adding type registration OffsetTimeWithTimezone -> org.hibernate.type.BasicTypeReference@2cca611f
2025-05-05T18:23:31.527-04:00 DEBUG 62669 --- [week3] [           main] org.hibernate.type.BasicTypeRegistry     : Adding type registration OffsetTimeWithoutTimezone -> org.hibernate.type.BasicTypeReference@51f95f0d
2025-05-05T18:23:31.527-04:00 DEBUG 62669 --- [week3] [           main] org.hibernate.type.BasicTypeRegistry     : Adding type registration ZonedDateTime -> org.hibernate.type.BasicTypeReference@6fc0bbc6
2025-05-05T18:23:31.528-04:00 DEBUG 62669 --- [week3] [           main] org.hibernate.type.BasicTypeRegistry     : Adding type registration java.time.ZonedDateTime -> org.hibernate.type.BasicTypeReference@6fc0bbc6
2025-05-05T18:23:31.528-04:00 DEBUG 62669 --- [week3] [           main] org.hibernate.type.BasicTypeRegistry     : Adding type registration ZonedDateTimeWithTimezone -> org.hibernate.type.BasicTypeReference@706ddbc8
2025-05-05T18:23:31.528-04:00 DEBUG 62669 --- [week3] [           main] org.hibernate.type.BasicTypeRegistry     : Adding type registration ZonedDateTimeWithoutTimezone -> org.hibernate.type.BasicTypeReference@fd09e43
2025-05-05T18:23:31.528-04:00 DEBUG 62669 --- [week3] [           main] org.hibernate.type.BasicTypeRegistry     : Adding type registration date -> org.hibernate.type.BasicTypeReference@144ab983
2025-05-05T18:23:31.528-04:00 DEBUG 62669 --- [week3] [           main] org.hibernate.type.BasicTypeRegistry     : Adding type registration java.sql.Date -> org.hibernate.type.BasicTypeReference@144ab983
2025-05-05T18:23:31.528-04:00 DEBUG 62669 --- [week3] [           main] org.hibernate.type.BasicTypeRegistry     : Adding type registration time -> org.hibernate.type.BasicTypeReference@7ebe2e47
2025-05-05T18:23:31.528-04:00 DEBUG 62669 --- [week3] [           main] org.hibernate.type.BasicTypeRegistry     : Adding type registration java.sql.Time -> org.hibernate.type.BasicTypeReference@7ebe2e47
2025-05-05T18:23:31.528-04:00 DEBUG 62669 --- [week3] [           main] org.hibernate.type.BasicTypeRegistry     : Adding type registration timestamp -> org.hibernate.type.BasicTypeReference@609319c3
2025-05-05T18:23:31.528-04:00 DEBUG 62669 --- [week3] [           main] org.hibernate.type.BasicTypeRegistry     : Adding type registration java.sql.Timestamp -> org.hibernate.type.BasicTypeReference@609319c3
2025-05-05T18:23:31.528-04:00 DEBUG 62669 --- [week3] [           main] org.hibernate.type.BasicTypeRegistry     : Adding type registration java.util.Date -> org.hibernate.type.BasicTypeReference@609319c3
2025-05-05T18:23:31.528-04:00 DEBUG 62669 --- [week3] [           main] org.hibernate.type.BasicTypeRegistry     : Adding type registration calendar -> org.hibernate.type.BasicTypeReference@6bbab114
2025-05-05T18:23:31.528-04:00 DEBUG 62669 --- [week3] [           main] org.hibernate.type.BasicTypeRegistry     : Adding type registration java.util.Calendar -> org.hibernate.type.BasicTypeReference@6bbab114
2025-05-05T18:23:31.528-04:00 DEBUG 62669 --- [week3] [           main] org.hibernate.type.BasicTypeRegistry     : Adding type registration java.util.GregorianCalendar -> org.hibernate.type.BasicTypeReference@6bbab114
2025-05-05T18:23:31.528-04:00 DEBUG 62669 --- [week3] [           main] org.hibernate.type.BasicTypeRegistry     : Adding type registration calendar_date -> org.hibernate.type.BasicTypeReference@25be445f
2025-05-05T18:23:31.528-04:00 DEBUG 62669 --- [week3] [           main] org.hibernate.type.BasicTypeRegistry     : Adding type registration calendar_time -> org.hibernate.type.BasicTypeReference@5d1b1c2a
2025-05-05T18:23:31.528-04:00 DEBUG 62669 --- [week3] [           main] org.hibernate.type.BasicTypeRegistry     : Adding type registration instant -> org.hibernate.type.BasicTypeReference@6397248c
2025-05-05T18:23:31.528-04:00 DEBUG 62669 --- [week3] [           main] org.hibernate.type.BasicTypeRegistry     : Adding type registration java.time.Instant -> org.hibernate.type.BasicTypeReference@6397248c
2025-05-05T18:23:31.528-04:00 DEBUG 62669 --- [week3] [           main] org.hibernate.type.BasicTypeRegistry     : Adding type registration uuid -> org.hibernate.type.BasicTypeReference@25f61c2c
2025-05-05T18:23:31.528-04:00 DEBUG 62669 --- [week3] [           main] org.hibernate.type.BasicTypeRegistry     : Adding type registration java.util.UUID -> org.hibernate.type.BasicTypeReference@25f61c2c
2025-05-05T18:23:31.529-04:00 DEBUG 62669 --- [week3] [           main] org.hibernate.type.BasicTypeRegistry     : Adding type registration pg-uuid -> org.hibernate.type.BasicTypeReference@25f61c2c
2025-05-05T18:23:31.529-04:00 DEBUG 62669 --- [week3] [           main] org.hibernate.type.BasicTypeRegistry     : Adding type registration uuid-binary -> org.hibernate.type.BasicTypeReference@72bd2871
2025-05-05T18:23:31.529-04:00 DEBUG 62669 --- [week3] [           main] org.hibernate.type.BasicTypeRegistry     : Adding type registration uuid-char -> org.hibernate.type.BasicTypeReference@77429040
2025-05-05T18:23:31.529-04:00 DEBUG 62669 --- [week3] [           main] org.hibernate.type.BasicTypeRegistry     : Adding type registration class -> org.hibernate.type.BasicTypeReference@2d2b6960
2025-05-05T18:23:31.529-04:00 DEBUG 62669 --- [week3] [           main] org.hibernate.type.BasicTypeRegistry     : Adding type registration java.lang.Class -> org.hibernate.type.BasicTypeReference@2d2b6960
2025-05-05T18:23:31.529-04:00 DEBUG 62669 --- [week3] [           main] org.hibernate.type.BasicTypeRegistry     : Adding type registration currency -> org.hibernate.type.BasicTypeReference@38291795
2025-05-05T18:23:31.529-04:00 DEBUG 62669 --- [week3] [           main] org.hibernate.type.BasicTypeRegistry     : Adding type registration Currency -> org.hibernate.type.BasicTypeReference@38291795
2025-05-05T18:23:31.529-04:00 DEBUG 62669 --- [week3] [           main] org.hibernate.type.BasicTypeRegistry     : Adding type registration java.util.Currency -> org.hibernate.type.BasicTypeReference@38291795
2025-05-05T18:23:31.529-04:00 DEBUG 62669 --- [week3] [           main] org.hibernate.type.BasicTypeRegistry     : Adding type registration locale -> org.hibernate.type.BasicTypeReference@234c5e41
2025-05-05T18:23:31.529-04:00 DEBUG 62669 --- [week3] [           main] org.hibernate.type.BasicTypeRegistry     : Adding type registration java.util.Locale -> org.hibernate.type.BasicTypeReference@234c5e41
2025-05-05T18:23:31.529-04:00 DEBUG 62669 --- [week3] [           main] org.hibernate.type.BasicTypeRegistry     : Adding type registration serializable -> org.hibernate.type.BasicTypeReference@40ef0af8
2025-05-05T18:23:31.529-04:00 DEBUG 62669 --- [week3] [           main] org.hibernate.type.BasicTypeRegistry     : Adding type registration java.io.Serializable -> org.hibernate.type.BasicTypeReference@40ef0af8
2025-05-05T18:23:31.529-04:00 DEBUG 62669 --- [week3] [           main] org.hibernate.type.BasicTypeRegistry     : Adding type registration timezone -> org.hibernate.type.BasicTypeReference@36790bec
2025-05-05T18:23:31.529-04:00 DEBUG 62669 --- [week3] [           main] org.hibernate.type.BasicTypeRegistry     : Adding type registration java.util.TimeZone -> org.hibernate.type.BasicTypeReference@36790bec
2025-05-05T18:23:31.529-04:00 DEBUG 62669 --- [week3] [           main] org.hibernate.type.BasicTypeRegistry     : Adding type registration ZoneOffset -> org.hibernate.type.BasicTypeReference@461c3709
2025-05-05T18:23:31.529-04:00 DEBUG 62669 --- [week3] [           main] org.hibernate.type.BasicTypeRegistry     : Adding type registration java.time.ZoneOffset -> org.hibernate.type.BasicTypeReference@461c3709
2025-05-05T18:23:31.529-04:00 DEBUG 62669 --- [week3] [           main] org.hibernate.type.BasicTypeRegistry     : Adding type registration url -> org.hibernate.type.BasicTypeReference@7e3d7dd
2025-05-05T18:23:31.529-04:00 DEBUG 62669 --- [week3] [           main] org.hibernate.type.BasicTypeRegistry     : Adding type registration java.net.URL -> org.hibernate.type.BasicTypeReference@7e3d7dd
2025-05-05T18:23:31.529-04:00 DEBUG 62669 --- [week3] [           main] org.hibernate.type.BasicTypeRegistry     : Adding type registration vector -> org.hibernate.type.BasicTypeReference@3f63a513
2025-05-05T18:23:31.529-04:00 DEBUG 62669 --- [week3] [           main] org.hibernate.type.BasicTypeRegistry     : Adding type registration float_vector -> org.hibernate.type.BasicTypeReference@413bef78
2025-05-05T18:23:31.529-04:00 DEBUG 62669 --- [week3] [           main] org.hibernate.type.BasicTypeRegistry     : Adding type registration double_vector -> org.hibernate.type.BasicTypeReference@66383c29
2025-05-05T18:23:31.529-04:00 DEBUG 62669 --- [week3] [           main] org.hibernate.type.BasicTypeRegistry     : Adding type registration byte_vector -> org.hibernate.type.BasicTypeReference@7f7c420c
2025-05-05T18:23:31.529-04:00 DEBUG 62669 --- [week3] [           main] org.hibernate.type.BasicTypeRegistry     : Adding type registration row_version -> org.hibernate.type.BasicTypeReference@5d152bcd
2025-05-05T18:23:31.532-04:00 DEBUG 62669 --- [week3] [           main] org.hibernate.type.BasicTypeRegistry     : Adding type registration object -> org.hibernate.type.JavaObjectType@377874b4
2025-05-05T18:23:31.532-04:00 DEBUG 62669 --- [week3] [           main] org.hibernate.type.BasicTypeRegistry     : Adding type registration java.lang.Object -> org.hibernate.type.JavaObjectType@377874b4
2025-05-05T18:23:31.533-04:00 DEBUG 62669 --- [week3] [           main] org.hibernate.type.BasicTypeRegistry     : Adding type registration null -> org.hibernate.type.NullType@306c7bf6
2025-05-05T18:23:31.533-04:00 DEBUG 62669 --- [week3] [           main] org.hibernate.type.BasicTypeRegistry     : Adding type registration imm_date -> org.hibernate.type.BasicTypeReference@664632e9
2025-05-05T18:23:31.533-04:00 DEBUG 62669 --- [week3] [           main] org.hibernate.type.BasicTypeRegistry     : Adding type registration imm_time -> org.hibernate.type.BasicTypeReference@494c8f29
2025-05-05T18:23:31.533-04:00 DEBUG 62669 --- [week3] [           main] org.hibernate.type.BasicTypeRegistry     : Adding type registration imm_timestamp -> org.hibernate.type.BasicTypeReference@4f379769
2025-05-05T18:23:31.533-04:00 DEBUG 62669 --- [week3] [           main] org.hibernate.type.BasicTypeRegistry     : Adding type registration imm_calendar -> org.hibernate.type.BasicTypeReference@1c57f6b2
2025-05-05T18:23:31.533-04:00 DEBUG 62669 --- [week3] [           main] org.hibernate.type.BasicTypeRegistry     : Adding type registration imm_calendar_date -> org.hibernate.type.BasicTypeReference@4b515eab
2025-05-05T18:23:31.533-04:00 DEBUG 62669 --- [week3] [           main] org.hibernate.type.BasicTypeRegistry     : Adding type registration imm_calendar_time -> org.hibernate.type.BasicTypeReference@66c9b52f
2025-05-05T18:23:31.533-04:00 DEBUG 62669 --- [week3] [           main] org.hibernate.type.BasicTypeRegistry     : Adding type registration imm_binary -> org.hibernate.type.BasicTypeReference@1536ea40
2025-05-05T18:23:31.533-04:00 DEBUG 62669 --- [week3] [           main] org.hibernate.type.BasicTypeRegistry     : Adding type registration imm_serializable -> org.hibernate.type.BasicTypeReference@36776c32
2025-05-05T18:23:31.535-04:00 DEBUG 62669 --- [week3] [           main] o.h.boot.internal.BootstrapContextImpl   : Injecting JPA temp ClassLoader [org.springframework.instrument.classloading.SimpleThrowawayClassLoader@2accaec2] into BootstrapContext; was [null]
2025-05-05T18:23:31.535-04:00 DEBUG 62669 --- [week3] [           main] o.h.boot.internal.ClassLoaderAccessImpl  : ClassLoaderAccessImpl#injectTempClassLoader(org.springframework.instrument.classloading.SimpleThrowawayClassLoader@2accaec2) [was null]
2025-05-05T18:23:31.535-04:00 DEBUG 62669 --- [week3] [           main] o.h.boot.internal.BootstrapContextImpl   : Injecting ScanEnvironment [org.hibernate.jpa.boot.internal.StandardJpaScanEnvironmentImpl@19c1820d] into BootstrapContext; was [null]
2025-05-05T18:23:31.535-04:00 DEBUG 62669 --- [week3] [           main] o.h.boot.internal.BootstrapContextImpl   : Injecting ScanOptions [org.hibernate.boot.archive.scan.internal.StandardScanOptions@40709f9] into BootstrapContext; was [org.hibernate.boot.archive.scan.internal.StandardScanOptions@6b1b19cf]
2025-05-05T18:23:31.542-04:00 DEBUG 62669 --- [week3] [           main] o.h.j.b.i.PersistenceUnitInfoDescriptor  : Pushing class transformers for PU named 'default' on loading classloader jdk.internal.loader.ClassLoaders$AppClassLoader@18ff02e4
2025-05-05T18:23:31.641-04:00  INFO 62669 --- [week3] [           main] o.s.o.j.p.SpringPersistenceUnitInfo      : No LoadTimeWeaver setup: ignoring JPA class transformer
2025-05-05T18:23:31.641-04:00 DEBUG 62669 --- [week3] [           main] o.h.boot.internal.BootstrapContextImpl   : Injecting JPA temp ClassLoader [null] into BootstrapContext; was [org.springframework.instrument.classloading.SimpleThrowawayClassLoader@2accaec2]
2025-05-05T18:23:31.641-04:00 DEBUG 62669 --- [week3] [           main] o.h.boot.internal.ClassLoaderAccessImpl  : ClassLoaderAccessImpl#injectTempClassLoader(null) [was org.springframework.instrument.classloading.SimpleThrowawayClassLoader@2accaec2]
2025-05-05T18:23:31.656-04:00 DEBUG 62669 --- [week3] [           main] com.zaxxer.hikari.HikariConfig           : HikariPool-1 - configuration:
2025-05-05T18:23:31.658-04:00 DEBUG 62669 --- [week3] [           main] com.zaxxer.hikari.HikariConfig           : allowPoolSuspension.............false
2025-05-05T18:23:31.659-04:00 DEBUG 62669 --- [week3] [           main] com.zaxxer.hikari.HikariConfig           : autoCommit......................true
2025-05-05T18:23:31.659-04:00 DEBUG 62669 --- [week3] [           main] com.zaxxer.hikari.HikariConfig           : catalog.........................none
2025-05-05T18:23:31.659-04:00 DEBUG 62669 --- [week3] [           main] com.zaxxer.hikari.HikariConfig           : connectionInitSql...............none
2025-05-05T18:23:31.659-04:00 DEBUG 62669 --- [week3] [           main] com.zaxxer.hikari.HikariConfig           : connectionTestQuery.............none
2025-05-05T18:23:31.659-04:00 DEBUG 62669 --- [week3] [           main] com.zaxxer.hikari.HikariConfig           : connectionTimeout...............30000
2025-05-05T18:23:31.659-04:00 DEBUG 62669 --- [week3] [           main] com.zaxxer.hikari.HikariConfig           : dataSource......................none
2025-05-05T18:23:31.659-04:00 DEBUG 62669 --- [week3] [           main] com.zaxxer.hikari.HikariConfig           : dataSourceClassName.............none
2025-05-05T18:23:31.659-04:00 DEBUG 62669 --- [week3] [           main] com.zaxxer.hikari.HikariConfig           : dataSourceJNDI..................none
2025-05-05T18:23:31.660-04:00 DEBUG 62669 --- [week3] [           main] com.zaxxer.hikari.HikariConfig           : dataSourceProperties............{password=<masked>}
2025-05-05T18:23:31.660-04:00 DEBUG 62669 --- [week3] [           main] com.zaxxer.hikari.HikariConfig           : driverClassName................."oracle.jdbc.driver.OracleDriver"
2025-05-05T18:23:31.660-04:00 DEBUG 62669 --- [week3] [           main] com.zaxxer.hikari.HikariConfig           : exceptionOverrideClassName......none
2025-05-05T18:23:31.660-04:00 DEBUG 62669 --- [week3] [           main] com.zaxxer.hikari.HikariConfig           : healthCheckProperties...........{}
2025-05-05T18:23:31.660-04:00 DEBUG 62669 --- [week3] [           main] com.zaxxer.hikari.HikariConfig           : healthCheckRegistry.............none
2025-05-05T18:23:31.660-04:00 DEBUG 62669 --- [week3] [           main] com.zaxxer.hikari.HikariConfig           : idleTimeout.....................600000
2025-05-05T18:23:31.660-04:00 DEBUG 62669 --- [week3] [           main] com.zaxxer.hikari.HikariConfig           : initializationFailTimeout.......1
2025-05-05T18:23:31.660-04:00 DEBUG 62669 --- [week3] [           main] com.zaxxer.hikari.HikariConfig           : isolateInternalQueries..........false
2025-05-05T18:23:31.660-04:00 DEBUG 62669 --- [week3] [           main] com.zaxxer.hikari.HikariConfig           : jdbcUrl.........................jdbc:oracle:thin:@dbpruebas_tp?TNS_ADMIN=/Users/x0dsanta/Wallet_DBPruebas
2025-05-05T18:23:31.660-04:00 DEBUG 62669 --- [week3] [           main] com.zaxxer.hikari.HikariConfig           : keepaliveTime...................0
2025-05-05T18:23:31.660-04:00 DEBUG 62669 --- [week3] [           main] com.zaxxer.hikari.HikariConfig           : leakDetectionThreshold..........10000
2025-05-05T18:23:31.660-04:00 DEBUG 62669 --- [week3] [           main] com.zaxxer.hikari.HikariConfig           : maxLifetime.....................1800000
2025-05-05T18:23:31.660-04:00 DEBUG 62669 --- [week3] [           main] com.zaxxer.hikari.HikariConfig           : maximumPoolSize.................10
2025-05-05T18:23:31.660-04:00 DEBUG 62669 --- [week3] [           main] com.zaxxer.hikari.HikariConfig           : metricRegistry..................none
2025-05-05T18:23:31.661-04:00 DEBUG 62669 --- [week3] [           main] com.zaxxer.hikari.HikariConfig           : metricsTrackerFactory...........none
2025-05-05T18:23:31.661-04:00 DEBUG 62669 --- [week3] [           main] com.zaxxer.hikari.HikariConfig           : minimumIdle.....................10
2025-05-05T18:23:31.661-04:00 DEBUG 62669 --- [week3] [           main] com.zaxxer.hikari.HikariConfig           : password........................<masked>
2025-05-05T18:23:31.661-04:00 DEBUG 62669 --- [week3] [           main] com.zaxxer.hikari.HikariConfig           : poolName........................"HikariPool-1"
2025-05-05T18:23:31.661-04:00 DEBUG 62669 --- [week3] [           main] com.zaxxer.hikari.HikariConfig           : readOnly........................false
2025-05-05T18:23:31.661-04:00 DEBUG 62669 --- [week3] [           main] com.zaxxer.hikari.HikariConfig           : registerMbeans..................false
2025-05-05T18:23:31.661-04:00 DEBUG 62669 --- [week3] [           main] com.zaxxer.hikari.HikariConfig           : scheduledExecutor...............none
2025-05-05T18:23:31.661-04:00 DEBUG 62669 --- [week3] [           main] com.zaxxer.hikari.HikariConfig           : schema..........................none
2025-05-05T18:23:31.661-04:00 DEBUG 62669 --- [week3] [           main] com.zaxxer.hikari.HikariConfig           : threadFactory...................internal
2025-05-05T18:23:31.661-04:00 DEBUG 62669 --- [week3] [           main] com.zaxxer.hikari.HikariConfig           : transactionIsolation............default
2025-05-05T18:23:31.661-04:00 DEBUG 62669 --- [week3] [           main] com.zaxxer.hikari.HikariConfig           : username........................"PetUser"
2025-05-05T18:23:31.661-04:00 DEBUG 62669 --- [week3] [           main] com.zaxxer.hikari.HikariConfig           : validationTimeout...............5000
2025-05-05T18:23:31.661-04:00  INFO 62669 --- [week3] [           main] com.zaxxer.hikari.HikariDataSource       : HikariPool-1 - Starting...
2025-05-05T18:23:31.663-04:00  WARN 62669 --- [week3] [           main] c.zaxxer.hikari.util.DriverDataSource    : Registered driver with driverClassName=oracle.jdbc.driver.OracleDriver was not found, trying direct instantiation.
2025-05-05T18:23:31.663-04:00 DEBUG 62669 --- [week3] [           main] c.zaxxer.hikari.util.DriverDataSource    : Driver class oracle.jdbc.driver.OracleDriver found in Thread context class loader jdk.internal.loader.ClassLoaders$AppClassLoader@18ff02e4
2025-05-05T18:23:32.185-04:00 DEBUG 62669 --- [week3] [           main] jdk.event.security                       : X509Certificate: Alg:SHA256withRSA, Serial:0e:53:5a:9b:ac:d4:b9:00:33:9c:4e:0d:7e:87:e7:12, Subject:CN=adb.sa-santiago-1.oraclecloud.com, O=Oracle Corporation, L=Redwood City, ST=California, C=US, Issuer:CN=DigiCert TLS RSA SHA256 2020 CA1, O=DigiCert Inc, C=US, Key type:RSA, Length:2048, Cert Id:3580545443, Valid from:10/28/24, 9:00 PM, Valid until:11/19/25, 8:59 PM
2025-05-05T18:23:32.186-04:00 DEBUG 62669 --- [week3] [           main] jdk.event.security                       : X509Certificate: Alg:SHA256withRSA, Serial:0a:35:08:d5:5c:29:2b:01:7d:f8:ad:65:c0:0f:f7:e4, Subject:CN=DigiCert TLS RSA SHA256 2020 CA1, O=DigiCert Inc, C=US, Issuer:CN=DigiCert Global Root CA, OU=www.digicert.com, O=DigiCert Inc, C=US, Key type:RSA, Length:2048, Cert Id:128597027, Valid from:9/23/20, 9:00 PM, Valid until:9/23/30, 8:59 PM
2025-05-05T18:23:32.187-04:00 DEBUG 62669 --- [week3] [           main] jdk.event.security                       : X509Certificate: Alg:SHA1withRSA, Serial:08:3b:e0:56:90:42:46:b1:a1:75:6a:c9:59:91:c7:4a, Subject:CN=DigiCert Global Root CA, OU=www.digicert.com, O=DigiCert Inc, C=US, Issuer:CN=DigiCert Global Root CA, OU=www.digicert.com, O=DigiCert Inc, C=US, Key type:RSA, Length:2048, Cert Id:1341898239, Valid from:11/9/06, 9:00 PM, Valid until:11/9/31, 9:00 PM
2025-05-05T18:23:32.193-04:00 DEBUG 62669 --- [week3] [           main] jdk.event.security                       : X509Certificate: Alg:SHA256withRSA, Serial:00, Subject:CN=CE1EBE1A8995441E8C557925BE78B937, DNQ=V1, Issuer:C=US, ST=California, L=Redwood Shores, O=Oracle Corporation Autonomous Database Global Self-signed CA, CN=Autonomous Database CA, Key type:RSA, Length:2048, Cert Id:2900283042, Valid from:3/16/25, 6:29 PM, Valid until:3/15/30, 6:29 PM
2025-05-05T18:23:32.194-04:00 DEBUG 62669 --- [week3] [           main] jdk.event.security                       : X509Certificate: Alg:SHA1withRSA, Serial:08:3b:e0:56:90:42:46:b1:a1:75:6a:c9:59:91:c7:4a, Subject:CN=DigiCert Global Root CA, OU=www.digicert.com, O=DigiCert Inc, C=US, Issuer:CN=DigiCert Global Root CA, OU=www.digicert.com, O=DigiCert Inc, C=US, Key type:RSA, Length:2048, Cert Id:1341898239, Valid from:11/9/06, 9:00 PM, Valid until:11/9/31, 9:00 PM
2025-05-05T18:23:32.203-04:00 DEBUG 62669 --- [week3] [           main] jdk.event.security                       : ValidationChain: 1341898239, 128597027, 3580545443
2025-05-05T18:23:32.204-04:00 DEBUG 62669 --- [week3] [           main] jdk.event.security                       : X509Certificate: Alg:SHA1withRSA, Serial:08:3b:e0:56:90:42:46:b1:a1:75:6a:c9:59:91:c7:4a, Subject:CN=DigiCert Global Root CA, OU=www.digicert.com, O=DigiCert Inc, C=US, Issuer:CN=DigiCert Global Root CA, OU=www.digicert.com, O=DigiCert Inc, C=US, Key type:RSA, Length:2048, Cert Id:1341898239, Valid from:11/9/06, 9:00 PM, Valid until:11/9/31, 9:00 PM
2025-05-05T18:23:32.241-04:00 DEBUG 62669 --- [week3] [           main] jdk.event.security                       :  TLSHandshake: adb.sa-santiago-1.oraclecloud.com:1522, TLSv1.2, TLS_RSA_WITH_AES_256_GCM_SHA384, 3580545443
2025-05-05T18:23:32.264-04:00 DEBUG 62669 --- [week3] [           main] jdk.event.security                       : X509Certificate: Alg:SHA256withRSA, Serial:0e:53:5a:9b:ac:d4:b9:00:33:9c:4e:0d:7e:87:e7:12, Subject:CN=adb.sa-santiago-1.oraclecloud.com, O=Oracle Corporation, L=Redwood City, ST=California, C=US, Issuer:CN=DigiCert TLS RSA SHA256 2020 CA1, O=DigiCert Inc, C=US, Key type:RSA, Length:2048, Cert Id:3580545443, Valid from:10/28/24, 9:00 PM, Valid until:11/19/25, 8:59 PM
2025-05-05T18:23:32.265-04:00 DEBUG 62669 --- [week3] [           main] jdk.event.security                       : X509Certificate: Alg:SHA256withRSA, Serial:0a:35:08:d5:5c:29:2b:01:7d:f8:ad:65:c0:0f:f7:e4, Subject:CN=DigiCert TLS RSA SHA256 2020 CA1, O=DigiCert Inc, C=US, Issuer:CN=DigiCert Global Root CA, OU=www.digicert.com, O=DigiCert Inc, C=US, Key type:RSA, Length:2048, Cert Id:128597027, Valid from:9/23/20, 9:00 PM, Valid until:9/23/30, 8:59 PM
2025-05-05T18:23:32.265-04:00 DEBUG 62669 --- [week3] [           main] jdk.event.security                       : X509Certificate: Alg:SHA1withRSA, Serial:08:3b:e0:56:90:42:46:b1:a1:75:6a:c9:59:91:c7:4a, Subject:CN=DigiCert Global Root CA, OU=www.digicert.com, O=DigiCert Inc, C=US, Issuer:CN=DigiCert Global Root CA, OU=www.digicert.com, O=DigiCert Inc, C=US, Key type:RSA, Length:2048, Cert Id:1341898239, Valid from:11/9/06, 9:00 PM, Valid until:11/9/31, 9:00 PM
2025-05-05T18:23:32.266-04:00 DEBUG 62669 --- [week3] [           main] jdk.event.security                       : X509Certificate: Alg:SHA256withRSA, Serial:00, Subject:CN=CE1EBE1A8995441E8C557925BE78B937, DNQ=V1, Issuer:C=US, ST=California, L=Redwood Shores, O=Oracle Corporation Autonomous Database Global Self-signed CA, CN=Autonomous Database CA, Key type:RSA, Length:2048, Cert Id:2900283042, Valid from:3/16/25, 6:29 PM, Valid until:3/15/30, 6:29 PM
2025-05-05T18:23:32.266-04:00 DEBUG 62669 --- [week3] [           main] jdk.event.security                       : X509Certificate: Alg:SHA1withRSA, Serial:08:3b:e0:56:90:42:46:b1:a1:75:6a:c9:59:91:c7:4a, Subject:CN=DigiCert Global Root CA, OU=www.digicert.com, O=DigiCert Inc, C=US, Issuer:CN=DigiCert Global Root CA, OU=www.digicert.com, O=DigiCert Inc, C=US, Key type:RSA, Length:2048, Cert Id:1341898239, Valid from:11/9/06, 9:00 PM, Valid until:11/9/31, 9:00 PM
2025-05-05T18:23:32.267-04:00 DEBUG 62669 --- [week3] [           main] jdk.event.security                       : ValidationChain: 1341898239, 128597027, 3580545443
2025-05-05T18:23:32.267-04:00 DEBUG 62669 --- [week3] [           main] jdk.event.security                       : X509Certificate: Alg:SHA1withRSA, Serial:08:3b:e0:56:90:42:46:b1:a1:75:6a:c9:59:91:c7:4a, Subject:CN=DigiCert Global Root CA, OU=www.digicert.com, O=DigiCert Inc, C=US, Issuer:CN=DigiCert Global Root CA, OU=www.digicert.com, O=DigiCert Inc, C=US, Key type:RSA, Length:2048, Cert Id:1341898239, Valid from:11/9/06, 9:00 PM, Valid until:11/9/31, 9:00 PM
2025-05-05T18:23:32.277-04:00 DEBUG 62669 --- [week3] [           main] jdk.event.security                       :  TLSHandshake: adb.sa-santiago-1.oraclecloud.com:1522, TLSv1.2, TLS_RSA_WITH_AES_256_GCM_SHA384, 3580545443
2025-05-05T18:23:32.537-04:00  INFO 62669 --- [week3] [           main] com.zaxxer.hikari.pool.HikariPool        : HikariPool-1 - Added connection oracle.jdbc.driver.T4CConnection@49b89425
2025-05-05T18:23:32.538-04:00  INFO 62669 --- [week3] [           main] com.zaxxer.hikari.HikariDataSource       : HikariPool-1 - Start completed.
2025-05-05T18:23:32.551-04:00 DEBUG 62669 --- [week3] [           main] o.h.e.j.e.i.JdbcEnvironmentInitiator     : Database ->
	   name : Oracle
	version : Oracle Database 19c Enterprise Edition Release 19.0.0.0.0 - Production
Version 19.27.0.1.0
	  major : 19
	  minor : 27
2025-05-05T18:23:32.551-04:00 DEBUG 62669 --- [week3] [           main] o.h.e.j.e.i.JdbcEnvironmentInitiator     : Driver ->
	   name : Oracle JDBC driver
	version : 23.5.0.24.07
	  major : 23
	  minor : 5
2025-05-05T18:23:32.551-04:00 DEBUG 62669 --- [week3] [           main] o.h.e.j.e.i.JdbcEnvironmentInitiator     : JDBC version : 4.3
2025-05-05T18:23:32.639-04:00 DEBUG 62669 --- [week3] [l-1 housekeeper] com.zaxxer.hikari.pool.HikariPool        : HikariPool-1 - Pool stats (total=1, active=1, idle=0, waiting=0)
2025-05-05T18:23:32.668-04:00  WARN 62669 --- [week3] [           main] org.hibernate.orm.deprecation            : HHH90000025: OracleDialect does not need to be specified explicitly using 'hibernate.dialect' (remove the property setting and it will be selected by default)
2025-05-05T18:23:32.668-04:00 DEBUG 62669 --- [week3] [           main] org.hibernate.orm.dialect                : HHH035001: Using dialect: org.hibernate.dialect.OracleDialect, version: 19.27
2025-05-05T18:23:32.742-04:00 DEBUG 62669 --- [week3] [onnection adder] jdk.event.security                       : X509Certificate: Alg:SHA256withRSA, Serial:0e:53:5a:9b:ac:d4:b9:00:33:9c:4e:0d:7e:87:e7:12, Subject:CN=adb.sa-santiago-1.oraclecloud.com, O=Oracle Corporation, L=Redwood City, ST=California, C=US, Issuer:CN=DigiCert TLS RSA SHA256 2020 CA1, O=DigiCert Inc, C=US, Key type:RSA, Length:2048, Cert Id:3580545443, Valid from:10/28/24, 9:00 PM, Valid until:11/19/25, 8:59 PM
2025-05-05T18:23:32.742-04:00 DEBUG 62669 --- [week3] [onnection adder] jdk.event.security                       : X509Certificate: Alg:SHA256withRSA, Serial:0a:35:08:d5:5c:29:2b:01:7d:f8:ad:65:c0:0f:f7:e4, Subject:CN=DigiCert TLS RSA SHA256 2020 CA1, O=DigiCert Inc, C=US, Issuer:CN=DigiCert Global Root CA, OU=www.digicert.com, O=DigiCert Inc, C=US, Key type:RSA, Length:2048, Cert Id:128597027, Valid from:9/23/20, 9:00 PM, Valid until:9/23/30, 8:59 PM
2025-05-05T18:23:32.743-04:00 DEBUG 62669 --- [week3] [onnection adder] jdk.event.security                       : X509Certificate: Alg:SHA1withRSA, Serial:08:3b:e0:56:90:42:46:b1:a1:75:6a:c9:59:91:c7:4a, Subject:CN=DigiCert Global Root CA, OU=www.digicert.com, O=DigiCert Inc, C=US, Issuer:CN=DigiCert Global Root CA, OU=www.digicert.com, O=DigiCert Inc, C=US, Key type:RSA, Length:2048, Cert Id:1341898239, Valid from:11/9/06, 9:00 PM, Valid until:11/9/31, 9:00 PM
2025-05-05T18:23:32.744-04:00 DEBUG 62669 --- [week3] [onnection adder] jdk.event.security                       : X509Certificate: Alg:SHA256withRSA, Serial:00:e0:e2:96:9e:3a:1b:fc:99:09:cb:6c:14:45:25:6a:f1, Subject:C=US, ST=California, L=Redwood Shores, O=Oracle Corporation Autonomous Database Global Self-signed CA, CN=Autonomous Database CA, Issuer:C=US, ST=California, L=Redwood Shores, O=Oracle Corporation Autonomous Database Global Self-signed CA, CN=Autonomous Database CA, Key type:RSA, Length:2048, Cert Id:2439676835, Valid from:7/1/21, 11:14 PM, Valid until:6/26/41, 11:14 PM
2025-05-05T18:23:32.744-04:00 DEBUG 62669 --- [week3] [onnection adder] jdk.event.security                       : X509Certificate: Alg:SHA256withRSA, Serial:00, Subject:CN=CE1EBE1A8995441E8C557925BE78B937, DNQ=V1, Issuer:C=US, ST=California, L=Redwood Shores, O=Oracle Corporation Autonomous Database Global Self-signed CA, CN=Autonomous Database CA, Key type:RSA, Length:2048, Cert Id:2900283042, Valid from:3/16/25, 6:29 PM, Valid until:3/15/30, 6:29 PM
2025-05-05T18:23:32.744-04:00 DEBUG 62669 --- [week3] [onnection adder] jdk.event.security                       : X509Certificate: Alg:SHA1withRSA, Serial:08:3b:e0:56:90:42:46:b1:a1:75:6a:c9:59:91:c7:4a, Subject:CN=DigiCert Global Root CA, OU=www.digicert.com, O=DigiCert Inc, C=US, Issuer:CN=DigiCert Global Root CA, OU=www.digicert.com, O=DigiCert Inc, C=US, Key type:RSA, Length:2048, Cert Id:1341898239, Valid from:11/9/06, 9:00 PM, Valid until:11/9/31, 9:00 PM
2025-05-05T18:23:32.745-04:00 DEBUG 62669 --- [week3] [onnection adder] jdk.event.security                       : ValidationChain: 1341898239, 128597027, 3580545443
2025-05-05T18:23:32.745-04:00 DEBUG 62669 --- [week3] [onnection adder] jdk.event.security                       : X509Certificate: Alg:SHA1withRSA, Serial:08:3b:e0:56:90:42:46:b1:a1:75:6a:c9:59:91:c7:4a, Subject:CN=DigiCert Global Root CA, OU=www.digicert.com, O=DigiCert Inc, C=US, Issuer:CN=DigiCert Global Root CA, OU=www.digicert.com, O=DigiCert Inc, C=US, Key type:RSA, Length:2048, Cert Id:1341898239, Valid from:11/9/06, 9:00 PM, Valid until:11/9/31, 9:00 PM
2025-05-05T18:23:32.759-04:00  INFO 62669 --- [week3] [           main] org.hibernate.orm.connections.pooling    : HHH10001005: Database info:
	Database JDBC URL [Connecting through datasource 'HikariDataSource (HikariPool-1)']
	Database driver: undefined/unknown
	Database version: 19.27
	Autocommit mode: undefined/unknown
	Isolation level: undefined/unknown
	Minimum pool size: undefined/unknown
	Maximum pool size: undefined/unknown
2025-05-05T18:23:32.764-04:00 DEBUG 62669 --- [week3] [           main] o.h.t.d.jdbc.spi.JdbcTypeRegistry        : addDescriptor(NCharTypeDescriptor) replaced previous registration(CharTypeDescriptor)
2025-05-05T18:23:32.764-04:00 DEBUG 62669 --- [week3] [           main] o.h.t.d.jdbc.spi.JdbcTypeRegistry        : addDescriptor(NVarcharTypeDescriptor) replaced previous registration(VarcharTypeDescriptor)
2025-05-05T18:23:32.764-04:00 DEBUG 62669 --- [week3] [           main] o.h.t.d.jdbc.spi.JdbcTypeRegistry        : addDescriptor(LongNVarcharTypeDescriptor) replaced previous registration(LongVarcharTypeDescriptor)
2025-05-05T18:23:32.765-04:00 DEBUG 62669 --- [week3] [           main] o.h.t.d.jdbc.spi.JdbcTypeRegistry        : addDescriptor(NClobTypeDescriptor(DEFAULT)) replaced previous registration(ClobTypeDescriptor(DEFAULT))
2025-05-05T18:23:32.765-04:00 DEBUG 62669 --- [week3] [onnection adder] jdk.event.security                       :  TLSHandshake: adb.sa-santiago-1.oraclecloud.com:1522, TLSv1.2, TLS_RSA_WITH_AES_256_GCM_SHA384, 3580545443
2025-05-05T18:23:32.766-04:00 DEBUG 62669 --- [week3] [           main] o.h.t.d.jdbc.spi.JdbcTypeRegistry        : addDescriptor(BooleanTypeDescriptor) replaced previous registration(BooleanTypeDescriptor)
2025-05-05T18:23:32.771-04:00 DEBUG 62669 --- [week3] [           main] org.hibernate.type.BasicTypeRegistry     : Adding type registration null -> org.hibernate.type.NullType@5dd3727c
2025-05-05T18:23:32.771-04:00 DEBUG 62669 --- [week3] [           main] org.hibernate.type.BasicTypeRegistry     : Type registration key [null] overrode previous entry : `org.hibernate.type.NullType@306c7bf6`
2025-05-05T18:23:32.771-04:00 DEBUG 62669 --- [week3] [           main] org.hibernate.type.BasicTypeRegistry     : Adding type registration JAVA_OBJECT -> org.hibernate.type.JavaObjectType@bb5f9d
2025-05-05T18:23:32.771-04:00 DEBUG 62669 --- [week3] [           main] org.hibernate.type.BasicTypeRegistry     : Adding type registration java.lang.Object -> org.hibernate.type.JavaObjectType@bb5f9d
2025-05-05T18:23:32.771-04:00 DEBUG 62669 --- [week3] [           main] org.hibernate.type.BasicTypeRegistry     : Type registration key [java.lang.Object] overrode previous entry : `org.hibernate.type.JavaObjectType@377874b4`
2025-05-05T18:23:32.773-04:00 DEBUG 62669 --- [week3] [           main] org.hibernate.type.BasicTypeRegistry     : Adding type registration org.hibernate.type.DurationType -> basicType@1(java.time.Duration,3015)
2025-05-05T18:23:32.773-04:00 DEBUG 62669 --- [week3] [           main] org.hibernate.type.BasicTypeRegistry     : Adding type registration Duration -> basicType@1(java.time.Duration,3015)
2025-05-05T18:23:32.773-04:00 DEBUG 62669 --- [week3] [           main] org.hibernate.type.BasicTypeRegistry     : Adding type registration java.time.Duration -> basicType@1(java.time.Duration,3015)
2025-05-05T18:23:32.775-04:00 DEBUG 62669 --- [week3] [           main] o.h.type.spi.TypeConfiguration$Scope     : Scoping TypeConfiguration [org.hibernate.type.spi.TypeConfiguration@65d23aa3] to MetadataBuildingContext [org.hibernate.boot.internal.MetadataBuildingContextRootImpl@52eca410]
2025-05-05T18:23:32.788-04:00 DEBUG 62669 --- [week3] [onnection adder] jdk.event.security                       : X509Certificate: Alg:SHA256withRSA, Serial:0e:53:5a:9b:ac:d4:b9:00:33:9c:4e:0d:7e:87:e7:12, Subject:CN=adb.sa-santiago-1.oraclecloud.com, O=Oracle Corporation, L=Redwood City, ST=California, C=US, Issuer:CN=DigiCert TLS RSA SHA256 2020 CA1, O=DigiCert Inc, C=US, Key type:RSA, Length:2048, Cert Id:3580545443, Valid from:10/28/24, 9:00 PM, Valid until:11/19/25, 8:59 PM
2025-05-05T18:23:32.789-04:00 DEBUG 62669 --- [week3] [onnection adder] jdk.event.security                       : X509Certificate: Alg:SHA256withRSA, Serial:0a:35:08:d5:5c:29:2b:01:7d:f8:ad:65:c0:0f:f7:e4, Subject:CN=DigiCert TLS RSA SHA256 2020 CA1, O=DigiCert Inc, C=US, Issuer:CN=DigiCert Global Root CA, OU=www.digicert.com, O=DigiCert Inc, C=US, Key type:RSA, Length:2048, Cert Id:128597027, Valid from:9/23/20, 9:00 PM, Valid until:9/23/30, 8:59 PM
2025-05-05T18:23:32.789-04:00 DEBUG 62669 --- [week3] [onnection adder] jdk.event.security                       : X509Certificate: Alg:SHA1withRSA, Serial:08:3b:e0:56:90:42:46:b1:a1:75:6a:c9:59:91:c7:4a, Subject:CN=DigiCert Global Root CA, OU=www.digicert.com, O=DigiCert Inc, C=US, Issuer:CN=DigiCert Global Root CA, OU=www.digicert.com, O=DigiCert Inc, C=US, Key type:RSA, Length:2048, Cert Id:1341898239, Valid from:11/9/06, 9:00 PM, Valid until:11/9/31, 9:00 PM
2025-05-05T18:23:32.789-04:00 DEBUG 62669 --- [week3] [onnection adder] jdk.event.security                       : X509Certificate: Alg:SHA256withRSA, Serial:00:e0:e2:96:9e:3a:1b:fc:99:09:cb:6c:14:45:25:6a:f1, Subject:C=US, ST=California, L=Redwood Shores, O=Oracle Corporation Autonomous Database Global Self-signed CA, CN=Autonomous Database CA, Issuer:C=US, ST=California, L=Redwood Shores, O=Oracle Corporation Autonomous Database Global Self-signed CA, CN=Autonomous Database CA, Key type:RSA, Length:2048, Cert Id:2439676835, Valid from:7/1/21, 11:14 PM, Valid until:6/26/41, 11:14 PM
2025-05-05T18:23:32.790-04:00 DEBUG 62669 --- [week3] [onnection adder] jdk.event.security                       : X509Certificate: Alg:SHA256withRSA, Serial:00, Subject:CN=CE1EBE1A8995441E8C557925BE78B937, DNQ=V1, Issuer:C=US, ST=California, L=Redwood Shores, O=Oracle Corporation Autonomous Database Global Self-signed CA, CN=Autonomous Database CA, Key type:RSA, Length:2048, Cert Id:2900283042, Valid from:3/16/25, 6:29 PM, Valid until:3/15/30, 6:29 PM
2025-05-05T18:23:32.790-04:00 DEBUG 62669 --- [week3] [onnection adder] jdk.event.security                       : X509Certificate: Alg:SHA1withRSA, Serial:08:3b:e0:56:90:42:46:b1:a1:75:6a:c9:59:91:c7:4a, Subject:CN=DigiCert Global Root CA, OU=www.digicert.com, O=DigiCert Inc, C=US, Issuer:CN=DigiCert Global Root CA, OU=www.digicert.com, O=DigiCert Inc, C=US, Key type:RSA, Length:2048, Cert Id:1341898239, Valid from:11/9/06, 9:00 PM, Valid until:11/9/31, 9:00 PM
2025-05-05T18:23:32.790-04:00 DEBUG 62669 --- [week3] [onnection adder] jdk.event.security                       : ValidationChain: 1341898239, 128597027, 3580545443
2025-05-05T18:23:32.791-04:00 DEBUG 62669 --- [week3] [onnection adder] jdk.event.security                       : X509Certificate: Alg:SHA1withRSA, Serial:08:3b:e0:56:90:42:46:b1:a1:75:6a:c9:59:91:c7:4a, Subject:CN=DigiCert Global Root CA, OU=www.digicert.com, O=DigiCert Inc, C=US, Issuer:CN=DigiCert Global Root CA, OU=www.digicert.com, O=DigiCert Inc, C=US, Key type:RSA, Length:2048, Cert Id:1341898239, Valid from:11/9/06, 9:00 PM, Valid until:11/9/31, 9:00 PM
2025-05-05T18:23:32.803-04:00 DEBUG 62669 --- [week3] [           main] o.h.boot.model.relational.Namespace      : Created database namespace [logicalName=Name{catalog=null, schema=null}, physicalName=Name{catalog=null, schema=null}]
2025-05-05T18:23:32.808-04:00 DEBUG 62669 --- [week3] [onnection adder] jdk.event.security                       :  TLSHandshake: adb.sa-santiago-1.oraclecloud.com:1522, TLSv1.2, TLS_RSA_WITH_AES_256_GCM_SHA384, 3580545443
2025-05-05T18:23:32.815-04:00 DEBUG 62669 --- [week3] [           main] o.h.boot.model.internal.EntityBinder     : Binding entity from annotated class: com.duoc.week3.model.Pet
2025-05-05T18:23:32.818-04:00 DEBUG 62669 --- [week3] [           main] o.h.boot.model.internal.EntityBinder     : Import with entity name Pet
2025-05-05T18:23:32.821-04:00 DEBUG 62669 --- [week3] [           main] o.h.boot.model.internal.EntityBinder     : Bind entity com.duoc.week3.model.Pet on table pets
2025-05-05T18:23:32.826-04:00 DEBUG 62669 --- [week3] [           main] o.h.boot.model.internal.AnnotatedColumn  : Binding column: AnnotatedDiscriminatorColumn(column='DTYPE')
2025-05-05T18:23:32.837-04:00 DEBUG 62669 --- [week3] [           main] o.h.boot.model.internal.AnnotatedColumn  : Binding column: AnnotatedColumn()
2025-05-05T18:23:32.837-04:00 DEBUG 62669 --- [week3] [           main] o.h.boot.internal.ClassLoaderAccessImpl  : Not known whether passed class name [com.duoc.week3.model.Pet] is safe
2025-05-05T18:23:32.837-04:00 DEBUG 62669 --- [week3] [           main] o.h.boot.internal.ClassLoaderAccessImpl  : No temp ClassLoader provided; using live ClassLoader for loading potentially unsafe class : com.duoc.week3.model.Pet
2025-05-05T18:23:32.839-04:00 DEBUG 62669 --- [week3] [           main] o.h.boot.model.internal.PropertyBinder   : MetadataSourceProcessor property id with lazy=false
2025-05-05T18:23:32.841-04:00 DEBUG 62669 --- [week3] [           main] o.h.b.m.internal.AbstractPropertyHolder  : Attempting to locate auto-apply AttributeConverter for property [com.duoc.week3.model.Pet:id]
2025-05-05T18:23:32.842-04:00 DEBUG 62669 --- [week3] [           main] o.h.b.model.internal.BasicValueBinder    : building BasicValue for id
2025-05-05T18:23:32.843-04:00 DEBUG 62669 --- [week3] [           main] org.hibernate.mapping.BasicValue         : Skipping column re-registration: pets.id
2025-05-05T18:23:32.844-04:00 DEBUG 62669 --- [week3] [           main] o.h.boot.model.internal.PropertyBinder   : Building property id
2025-05-05T18:23:32.846-04:00 DEBUG 62669 --- [week3] [           main] o.h.boot.model.internal.BinderHelper     : #makeIdGenerator(BasicValue([Column(id)]), id, org.hibernate.id.enhanced.SequenceStyleGenerator, sq_pet_id, ...)
2025-05-05T18:23:32.847-04:00 DEBUG 62669 --- [week3] [           main] o.h.boot.model.internal.AnnotatedColumn  : Binding column: AnnotatedColumn()
2025-05-05T18:23:32.847-04:00 DEBUG 62669 --- [week3] [           main] o.h.boot.model.internal.PropertyBinder   : MetadataSourceProcessor property age with lazy=false
2025-05-05T18:23:32.847-04:00 DEBUG 62669 --- [week3] [           main] o.h.b.m.internal.AbstractPropertyHolder  : Attempting to locate auto-apply AttributeConverter for property [com.duoc.week3.model.Pet:age]
2025-05-05T18:23:32.847-04:00 DEBUG 62669 --- [week3] [           main] o.h.b.model.internal.BasicValueBinder    : building BasicValue for age
2025-05-05T18:23:32.847-04:00 DEBUG 62669 --- [week3] [           main] org.hibernate.mapping.BasicValue         : Skipping column re-registration: pets.age
2025-05-05T18:23:32.847-04:00 DEBUG 62669 --- [week3] [           main] o.h.boot.model.internal.PropertyBinder   : Building property age
2025-05-05T18:23:32.847-04:00 DEBUG 62669 --- [week3] [           main] o.h.boot.model.internal.AnnotatedColumn  : Binding column: AnnotatedColumn()
2025-05-05T18:23:32.847-04:00 DEBUG 62669 --- [week3] [           main] o.h.boot.model.internal.PropertyBinder   : MetadataSourceProcessor property breed with lazy=false
2025-05-05T18:23:32.847-04:00 DEBUG 62669 --- [week3] [           main] o.h.b.m.internal.AbstractPropertyHolder  : Attempting to locate auto-apply AttributeConverter for property [com.duoc.week3.model.Pet:breed]
2025-05-05T18:23:32.847-04:00 DEBUG 62669 --- [week3] [           main] o.h.b.model.internal.BasicValueBinder    : building BasicValue for breed
2025-05-05T18:23:32.847-04:00 DEBUG 62669 --- [week3] [           main] org.hibernate.mapping.BasicValue         : Skipping column re-registration: pets.breed
2025-05-05T18:23:32.847-04:00 DEBUG 62669 --- [week3] [           main] o.h.boot.model.internal.PropertyBinder   : Building property breed
2025-05-05T18:23:32.848-04:00 DEBUG 62669 --- [week3] [           main] o.h.boot.model.internal.AnnotatedColumn  : Binding column: AnnotatedColumn()
2025-05-05T18:23:32.848-04:00 DEBUG 62669 --- [week3] [           main] o.h.boot.model.internal.PropertyBinder   : MetadataSourceProcessor property color with lazy=false
2025-05-05T18:23:32.848-04:00 DEBUG 62669 --- [week3] [           main] o.h.b.m.internal.AbstractPropertyHolder  : Attempting to locate auto-apply AttributeConverter for property [com.duoc.week3.model.Pet:color]
2025-05-05T18:23:32.848-04:00 DEBUG 62669 --- [week3] [           main] o.h.b.model.internal.BasicValueBinder    : building BasicValue for color
2025-05-05T18:23:32.848-04:00 DEBUG 62669 --- [week3] [           main] org.hibernate.mapping.BasicValue         : Skipping column re-registration: pets.color
2025-05-05T18:23:32.848-04:00 DEBUG 62669 --- [week3] [           main] o.h.boot.model.internal.PropertyBinder   : Building property color
2025-05-05T18:23:32.848-04:00 DEBUG 62669 --- [week3] [           main] o.h.boot.model.internal.AnnotatedColumn  : Binding column: AnnotatedColumn()
2025-05-05T18:23:32.848-04:00 DEBUG 62669 --- [week3] [           main] o.h.boot.model.internal.PropertyBinder   : MetadataSourceProcessor property description with lazy=false
2025-05-05T18:23:32.848-04:00 DEBUG 62669 --- [week3] [           main] o.h.b.m.internal.AbstractPropertyHolder  : Attempting to locate auto-apply AttributeConverter for property [com.duoc.week3.model.Pet:description]
2025-05-05T18:23:32.848-04:00 DEBUG 62669 --- [week3] [           main] o.h.b.model.internal.BasicValueBinder    : building BasicValue for description
2025-05-05T18:23:32.848-04:00 DEBUG 62669 --- [week3] [           main] org.hibernate.mapping.BasicValue         : Skipping column re-registration: pets.description
2025-05-05T18:23:32.848-04:00 DEBUG 62669 --- [week3] [           main] o.h.boot.model.internal.PropertyBinder   : Building property description
2025-05-05T18:23:32.848-04:00 DEBUG 62669 --- [week3] [           main] o.h.boot.model.internal.AnnotatedColumn  : Binding column: AnnotatedColumn()
2025-05-05T18:23:32.848-04:00 DEBUG 62669 --- [week3] [           main] o.h.boot.model.internal.PropertyBinder   : MetadataSourceProcessor property name with lazy=false
2025-05-05T18:23:32.848-04:00 DEBUG 62669 --- [week3] [           main] o.h.b.m.internal.AbstractPropertyHolder  : Attempting to locate auto-apply AttributeConverter for property [com.duoc.week3.model.Pet:name]
2025-05-05T18:23:32.848-04:00 DEBUG 62669 --- [week3] [           main] o.h.b.model.internal.BasicValueBinder    : building BasicValue for name
2025-05-05T18:23:32.848-04:00 DEBUG 62669 --- [week3] [           main] org.hibernate.mapping.BasicValue         : Skipping column re-registration: pets.name
2025-05-05T18:23:32.849-04:00 DEBUG 62669 --- [week3] [           main] o.h.boot.model.internal.PropertyBinder   : Building property name
2025-05-05T18:23:32.850-04:00 DEBUG 62669 --- [week3] [           main] o.h.boot.model.internal.AnnotatedColumn  : Binding column: AnnotatedJoinColumn(column='owner')
2025-05-05T18:23:32.850-04:00 DEBUG 62669 --- [week3] [           main] o.h.boot.model.internal.AnnotatedColumn  : Binding column: AnnotatedColumn()
2025-05-05T18:23:32.852-04:00 DEBUG 62669 --- [week3] [           main] o.h.boot.model.internal.PropertyBinder   : Building property owner
2025-05-05T18:23:32.852-04:00 DEBUG 62669 --- [week3] [           main] o.h.boot.model.internal.AnnotatedColumn  : Binding column: AnnotatedColumn()
2025-05-05T18:23:32.852-04:00 DEBUG 62669 --- [week3] [           main] o.h.boot.model.internal.PropertyBinder   : MetadataSourceProcessor property type with lazy=false
2025-05-05T18:23:32.852-04:00 DEBUG 62669 --- [week3] [           main] o.h.b.m.internal.AbstractPropertyHolder  : Attempting to locate auto-apply AttributeConverter for property [com.duoc.week3.model.Pet:type]
2025-05-05T18:23:32.852-04:00 DEBUG 62669 --- [week3] [           main] o.h.b.model.internal.BasicValueBinder    : building BasicValue for type
2025-05-05T18:23:32.852-04:00 DEBUG 62669 --- [week3] [           main] org.hibernate.mapping.BasicValue         : Skipping column re-registration: pets.type
2025-05-05T18:23:32.852-04:00 DEBUG 62669 --- [week3] [           main] o.h.boot.model.internal.PropertyBinder   : Building property type
2025-05-05T18:23:32.853-04:00 DEBUG 62669 --- [week3] [           main] o.h.boot.model.internal.AnnotatedColumn  : Binding column: AnnotatedColumn()
2025-05-05T18:23:32.853-04:00 DEBUG 62669 --- [week3] [           main] o.h.boot.model.internal.PropertyBinder   : MetadataSourceProcessor property weight with lazy=false
2025-05-05T18:23:32.853-04:00 DEBUG 62669 --- [week3] [           main] o.h.b.m.internal.AbstractPropertyHolder  : Attempting to locate auto-apply AttributeConverter for property [com.duoc.week3.model.Pet:weight]
2025-05-05T18:23:32.853-04:00 DEBUG 62669 --- [week3] [           main] o.h.b.model.internal.BasicValueBinder    : building BasicValue for weight
2025-05-05T18:23:32.853-04:00 DEBUG 62669 --- [week3] [           main] org.hibernate.mapping.BasicValue         : Skipping column re-registration: pets.weight
2025-05-05T18:23:32.853-04:00 DEBUG 62669 --- [week3] [           main] o.h.boot.model.internal.PropertyBinder   : Building property weight
2025-05-05T18:23:32.853-04:00 DEBUG 62669 --- [week3] [           main] o.h.b.r.c.i.ClassLoaderServiceImpl       : HHH000194: Package not found or no package-info.java: com.duoc.week3.model
2025-05-05T18:23:32.856-04:00 DEBUG 62669 --- [week3] [           main] o.h.boot.model.internal.EntityBinder     : Binding entity from annotated class: com.duoc.week3.model.Role
2025-05-05T18:23:32.856-04:00 DEBUG 62669 --- [week3] [           main] o.h.boot.model.internal.EntityBinder     : Import with entity name Role
2025-05-05T18:23:32.856-04:00 DEBUG 62669 --- [week3] [           main] o.h.boot.model.internal.EntityBinder     : Bind entity com.duoc.week3.model.Role on table roles
2025-05-05T18:23:32.856-04:00 DEBUG 62669 --- [week3] [           main] o.h.boot.model.internal.AnnotatedColumn  : Binding column: AnnotatedDiscriminatorColumn(column='DTYPE')
2025-05-05T18:23:32.858-04:00 DEBUG 62669 --- [week3] [           main] o.h.boot.model.internal.AnnotatedColumn  : Binding column: AnnotatedColumn()
2025-05-05T18:23:32.858-04:00 DEBUG 62669 --- [week3] [           main] o.h.boot.internal.ClassLoaderAccessImpl  : Not known whether passed class name [com.duoc.week3.model.Role] is safe
2025-05-05T18:23:32.858-04:00 DEBUG 62669 --- [week3] [           main] o.h.boot.internal.ClassLoaderAccessImpl  : No temp ClassLoader provided; using live ClassLoader for loading potentially unsafe class : com.duoc.week3.model.Role
2025-05-05T18:23:32.858-04:00 DEBUG 62669 --- [week3] [           main] o.h.boot.model.internal.PropertyBinder   : MetadataSourceProcessor property id with lazy=false
2025-05-05T18:23:32.858-04:00 DEBUG 62669 --- [week3] [           main] o.h.b.m.internal.AbstractPropertyHolder  : Attempting to locate auto-apply AttributeConverter for property [com.duoc.week3.model.Role:id]
2025-05-05T18:23:32.858-04:00 DEBUG 62669 --- [week3] [           main] o.h.b.model.internal.BasicValueBinder    : building BasicValue for id
2025-05-05T18:23:32.858-04:00 DEBUG 62669 --- [week3] [           main] org.hibernate.mapping.BasicValue         : Skipping column re-registration: roles.id
2025-05-05T18:23:32.858-04:00 DEBUG 62669 --- [week3] [           main] o.h.boot.model.internal.PropertyBinder   : Building property id
2025-05-05T18:23:32.858-04:00 DEBUG 62669 --- [week3] [           main] o.h.boot.model.internal.BinderHelper     : #makeIdGenerator(BasicValue([Column(id)]), id, org.hibernate.id.enhanced.SequenceStyleGenerator, sq_role_id, ...)
2025-05-05T18:23:32.859-04:00 DEBUG 62669 --- [week3] [           main] o.h.boot.model.internal.AnnotatedColumn  : Binding column: AnnotatedColumn()
2025-05-05T18:23:32.859-04:00 DEBUG 62669 --- [week3] [           main] o.h.boot.model.internal.PropertyBinder   : MetadataSourceProcessor property name with lazy=false
2025-05-05T18:23:32.859-04:00 DEBUG 62669 --- [week3] [           main] o.h.b.m.internal.AbstractPropertyHolder  : Attempting to locate auto-apply AttributeConverter for property [com.duoc.week3.model.Role:name]
2025-05-05T18:23:32.859-04:00 DEBUG 62669 --- [week3] [           main] o.h.b.model.internal.BasicValueBinder    : building BasicValue for name
2025-05-05T18:23:32.859-04:00 DEBUG 62669 --- [week3] [           main] org.hibernate.mapping.BasicValue         : Skipping column re-registration: roles.name
2025-05-05T18:23:32.859-04:00 DEBUG 62669 --- [week3] [           main] o.h.boot.model.internal.PropertyBinder   : Building property name
2025-05-05T18:23:32.859-04:00 DEBUG 62669 --- [week3] [           main] o.h.b.r.c.i.ClassLoaderServiceImpl       : HHH000194: Package not found or no package-info.java: com.duoc.week3.model
2025-05-05T18:23:32.860-04:00 DEBUG 62669 --- [week3] [           main] o.h.boot.model.internal.EntityBinder     : Binding entity from annotated class: com.duoc.week3.model.User
2025-05-05T18:23:32.860-04:00 DEBUG 62669 --- [week3] [           main] o.h.boot.model.internal.EntityBinder     : Import with entity name User
2025-05-05T18:23:32.860-04:00 DEBUG 62669 --- [week3] [           main] o.h.boot.model.internal.EntityBinder     : Bind entity com.duoc.week3.model.User on table users
2025-05-05T18:23:32.860-04:00 DEBUG 62669 --- [week3] [           main] o.h.boot.model.internal.AnnotatedColumn  : Binding column: AnnotatedDiscriminatorColumn(column='DTYPE')
2025-05-05T18:23:32.862-04:00 DEBUG 62669 --- [week3] [           main] o.h.boot.model.internal.AnnotatedColumn  : Binding column: AnnotatedColumn()
2025-05-05T18:23:32.862-04:00 DEBUG 62669 --- [week3] [           main] o.h.boot.internal.ClassLoaderAccessImpl  : Not known whether passed class name [com.duoc.week3.model.User] is safe
2025-05-05T18:23:32.863-04:00 DEBUG 62669 --- [week3] [           main] o.h.boot.internal.ClassLoaderAccessImpl  : No temp ClassLoader provided; using live ClassLoader for loading potentially unsafe class : com.duoc.week3.model.User
2025-05-05T18:23:32.863-04:00 DEBUG 62669 --- [week3] [           main] o.h.boot.model.internal.PropertyBinder   : MetadataSourceProcessor property id with lazy=false
2025-05-05T18:23:32.863-04:00 DEBUG 62669 --- [week3] [           main] o.h.b.m.internal.AbstractPropertyHolder  : Attempting to locate auto-apply AttributeConverter for property [com.duoc.week3.model.User:id]
2025-05-05T18:23:32.863-04:00 DEBUG 62669 --- [week3] [           main] o.h.b.model.internal.BasicValueBinder    : building BasicValue for id
2025-05-05T18:23:32.863-04:00 DEBUG 62669 --- [week3] [           main] org.hibernate.mapping.BasicValue         : Skipping column re-registration: users.id
2025-05-05T18:23:32.863-04:00 DEBUG 62669 --- [week3] [           main] o.h.boot.model.internal.PropertyBinder   : Building property id
2025-05-05T18:23:32.863-04:00 DEBUG 62669 --- [week3] [           main] o.h.boot.model.internal.BinderHelper     : #makeIdGenerator(BasicValue([Column(id)]), id, org.hibernate.id.enhanced.SequenceStyleGenerator, sq_user_id, ...)
2025-05-05T18:23:32.863-04:00 DEBUG 62669 --- [week3] [           main] o.h.boot.model.internal.AnnotatedColumn  : Binding column: AnnotatedColumn()
2025-05-05T18:23:32.863-04:00 DEBUG 62669 --- [week3] [           main] o.h.boot.model.internal.PropertyBinder   : MetadataSourceProcessor property birthDate with lazy=false
2025-05-05T18:23:32.863-04:00 DEBUG 62669 --- [week3] [           main] o.h.b.m.internal.AbstractPropertyHolder  : Attempting to locate auto-apply AttributeConverter for property [com.duoc.week3.model.User:birthDate]
2025-05-05T18:23:32.863-04:00 DEBUG 62669 --- [week3] [           main] o.h.b.model.internal.BasicValueBinder    : building BasicValue for birthDate
2025-05-05T18:23:32.863-04:00 DEBUG 62669 --- [week3] [           main] org.hibernate.mapping.BasicValue         : Skipping column re-registration: users.birth_date
2025-05-05T18:23:32.863-04:00 DEBUG 62669 --- [week3] [           main] o.h.boot.model.internal.PropertyBinder   : Building property birthDate
2025-05-05T18:23:32.863-04:00 DEBUG 62669 --- [week3] [           main] o.h.boot.model.internal.AnnotatedColumn  : Binding column: AnnotatedColumn()
2025-05-05T18:23:32.863-04:00 DEBUG 62669 --- [week3] [           main] o.h.boot.model.internal.PropertyBinder   : MetadataSourceProcessor property created_at with lazy=false
2025-05-05T18:23:32.863-04:00 DEBUG 62669 --- [week3] [           main] o.h.b.m.internal.AbstractPropertyHolder  : Attempting to locate auto-apply AttributeConverter for property [com.duoc.week3.model.User:created_at]
2025-05-05T18:23:32.863-04:00 DEBUG 62669 --- [week3] [           main] o.h.b.model.internal.BasicValueBinder    : building BasicValue for created_at
2025-05-05T18:23:32.863-04:00 DEBUG 62669 --- [week3] [           main] org.hibernate.mapping.BasicValue         : Skipping column re-registration: users.created_at
2025-05-05T18:23:32.863-04:00 DEBUG 62669 --- [week3] [           main] o.h.boot.model.internal.PropertyBinder   : Building property created_at
2025-05-05T18:23:32.864-04:00 DEBUG 62669 --- [week3] [           main] o.h.boot.model.internal.AnnotatedColumn  : Binding column: AnnotatedColumn()
2025-05-05T18:23:32.864-04:00 DEBUG 62669 --- [week3] [           main] o.h.boot.model.internal.PropertyBinder   : MetadataSourceProcessor property email with lazy=false
2025-05-05T18:23:32.864-04:00 DEBUG 62669 --- [week3] [           main] o.h.b.m.internal.AbstractPropertyHolder  : Attempting to locate auto-apply AttributeConverter for property [com.duoc.week3.model.User:email]
2025-05-05T18:23:32.864-04:00 DEBUG 62669 --- [week3] [           main] o.h.b.model.internal.BasicValueBinder    : building BasicValue for email
2025-05-05T18:23:32.864-04:00 DEBUG 62669 --- [week3] [           main] org.hibernate.mapping.BasicValue         : Skipping column re-registration: users.email
2025-05-05T18:23:32.864-04:00 DEBUG 62669 --- [week3] [           main] o.h.boot.model.internal.PropertyBinder   : Building property email
2025-05-05T18:23:32.864-04:00 DEBUG 62669 --- [week3] [           main] o.h.boot.model.internal.AnnotatedColumn  : Binding column: AnnotatedColumn()
2025-05-05T18:23:32.864-04:00 DEBUG 62669 --- [week3] [           main] o.h.boot.model.internal.PropertyBinder   : MetadataSourceProcessor property name with lazy=false
2025-05-05T18:23:32.864-04:00 DEBUG 62669 --- [week3] [           main] o.h.b.m.internal.AbstractPropertyHolder  : Attempting to locate auto-apply AttributeConverter for property [com.duoc.week3.model.User:name]
2025-05-05T18:23:32.864-04:00 DEBUG 62669 --- [week3] [           main] o.h.b.model.internal.BasicValueBinder    : building BasicValue for name
2025-05-05T18:23:32.864-04:00 DEBUG 62669 --- [week3] [           main] org.hibernate.mapping.BasicValue         : Skipping column re-registration: users.name
2025-05-05T18:23:32.864-04:00 DEBUG 62669 --- [week3] [           main] o.h.boot.model.internal.PropertyBinder   : Building property name
2025-05-05T18:23:32.864-04:00 DEBUG 62669 --- [week3] [           main] o.h.boot.model.internal.AnnotatedColumn  : Binding column: AnnotatedColumn()
2025-05-05T18:23:32.864-04:00 DEBUG 62669 --- [week3] [           main] o.h.boot.model.internal.PropertyBinder   : MetadataSourceProcessor property password with lazy=false
2025-05-05T18:23:32.864-04:00 DEBUG 62669 --- [week3] [           main] o.h.b.m.internal.AbstractPropertyHolder  : Attempting to locate auto-apply AttributeConverter for property [com.duoc.week3.model.User:password]
2025-05-05T18:23:32.864-04:00 DEBUG 62669 --- [week3] [           main] o.h.b.model.internal.BasicValueBinder    : building BasicValue for password
2025-05-05T18:23:32.864-04:00 DEBUG 62669 --- [week3] [           main] org.hibernate.mapping.BasicValue         : Skipping column re-registration: users.password
2025-05-05T18:23:32.864-04:00 DEBUG 62669 --- [week3] [           main] o.h.boot.model.internal.PropertyBinder   : Building property password
2025-05-05T18:23:32.864-04:00 DEBUG 62669 --- [week3] [           main] o.h.boot.model.internal.AnnotatedColumn  : Binding column: AnnotatedJoinColumn()
2025-05-05T18:23:32.864-04:00 DEBUG 62669 --- [week3] [           main] o.h.boot.model.internal.AnnotatedColumn  : Binding column: AnnotatedColumn()
2025-05-05T18:23:32.870-04:00 DEBUG 62669 --- [week3] [           main] o.h.boot.model.internal.AnnotatedColumn  : Binding column: IndexColumn(column='pets_ORDER')
2025-05-05T18:23:32.870-04:00 DEBUG 62669 --- [week3] [           main] o.h.boot.model.internal.AnnotatedColumn  : Binding column: AnnotatedColumn()
2025-05-05T18:23:32.870-04:00 DEBUG 62669 --- [week3] [           main] o.h.boot.model.internal.AnnotatedColumn  : Binding column: AnnotatedColumn(column='pets_KEY')
2025-05-05T18:23:32.871-04:00 DEBUG 62669 --- [week3] [           main] o.h.boot.model.internal.AnnotatedColumn  : Binding column: AnnotatedJoinColumn(column='pets_KEY')
2025-05-05T18:23:32.871-04:00 DEBUG 62669 --- [week3] [           main] o.h.boot.model.internal.AnnotatedColumn  : Binding column: AnnotatedJoinColumn()
2025-05-05T18:23:32.871-04:00 DEBUG 62669 --- [week3] [           main] o.h.boot.model.internal.AnnotatedColumn  : Binding column: AnnotatedJoinColumn()
2025-05-05T18:23:32.872-04:00 DEBUG 62669 --- [week3] [           main] o.h.b.model.internal.CollectionBinder    : Collection role: com.duoc.week3.model.User.pets
2025-05-05T18:23:32.873-04:00 DEBUG 62669 --- [week3] [           main] o.h.boot.model.internal.PropertyBinder   : Building property pets
2025-05-05T18:23:32.873-04:00 DEBUG 62669 --- [week3] [           main] o.h.boot.model.internal.AnnotatedColumn  : Binding column: AnnotatedColumn()
2025-05-05T18:23:32.873-04:00 DEBUG 62669 --- [week3] [           main] o.h.boot.model.internal.PropertyBinder   : MetadataSourceProcessor property phone with lazy=false
2025-05-05T18:23:32.873-04:00 DEBUG 62669 --- [week3] [           main] o.h.b.m.internal.AbstractPropertyHolder  : Attempting to locate auto-apply AttributeConverter for property [com.duoc.week3.model.User:phone]
2025-05-05T18:23:32.873-04:00 DEBUG 62669 --- [week3] [           main] o.h.b.model.internal.BasicValueBinder    : building BasicValue for phone
2025-05-05T18:23:32.873-04:00 DEBUG 62669 --- [week3] [           main] org.hibernate.mapping.BasicValue         : Skipping column re-registration: users.phone
2025-05-05T18:23:32.873-04:00 DEBUG 62669 --- [week3] [           main] o.h.boot.model.internal.PropertyBinder   : Building property phone
2025-05-05T18:23:32.873-04:00 DEBUG 62669 --- [week3] [           main] o.h.boot.model.internal.AnnotatedColumn  : Binding column: AnnotatedJoinColumn(column='role_id')
2025-05-05T18:23:32.873-04:00 DEBUG 62669 --- [week3] [           main] o.h.boot.model.internal.AnnotatedColumn  : Binding column: AnnotatedColumn()
2025-05-05T18:23:32.873-04:00 DEBUG 62669 --- [week3] [           main] o.h.boot.model.internal.PropertyBinder   : Building property role
2025-05-05T18:23:32.873-04:00 DEBUG 62669 --- [week3] [           main] o.h.boot.model.internal.AnnotatedColumn  : Binding column: AnnotatedColumn()
2025-05-05T18:23:32.873-04:00 DEBUG 62669 --- [week3] [           main] o.h.boot.model.internal.PropertyBinder   : MetadataSourceProcessor property updated_at with lazy=false
2025-05-05T18:23:32.873-04:00 DEBUG 62669 --- [week3] [           main] o.h.b.m.internal.AbstractPropertyHolder  : Attempting to locate auto-apply AttributeConverter for property [com.duoc.week3.model.User:updated_at]
2025-05-05T18:23:32.873-04:00 DEBUG 62669 --- [week3] [           main] o.h.b.model.internal.BasicValueBinder    : building BasicValue for updated_at
2025-05-05T18:23:32.873-04:00 DEBUG 62669 --- [week3] [           main] org.hibernate.mapping.BasicValue         : Skipping column re-registration: users.updated_at
2025-05-05T18:23:32.873-04:00 DEBUG 62669 --- [week3] [           main] o.h.boot.model.internal.PropertyBinder   : Building property updated_at
2025-05-05T18:23:32.874-04:00 DEBUG 62669 --- [week3] [           main] o.h.b.r.c.i.ClassLoaderServiceImpl       : HHH000194: Package not found or no package-info.java: com.duoc.week3.model
2025-05-05T18:23:32.874-04:00 DEBUG 62669 --- [week3] [           main] o.h.b.model.internal.BasicValueBinder    : Starting `BasicValueBinder#fillSimpleValue` for id
2025-05-05T18:23:32.875-04:00 DEBUG 62669 --- [week3] [           main] o.h.b.model.internal.BasicValueBinder    : Starting `BasicValueBinder#fillSimpleValue` for age
2025-05-05T18:23:32.875-04:00 DEBUG 62669 --- [week3] [           main] o.h.b.model.internal.BasicValueBinder    : Starting `BasicValueBinder#fillSimpleValue` for breed
2025-05-05T18:23:32.875-04:00 DEBUG 62669 --- [week3] [           main] o.h.b.model.internal.BasicValueBinder    : Starting `BasicValueBinder#fillSimpleValue` for color
2025-05-05T18:23:32.875-04:00 DEBUG 62669 --- [week3] [           main] o.h.b.model.internal.BasicValueBinder    : Starting `BasicValueBinder#fillSimpleValue` for description
2025-05-05T18:23:32.875-04:00 DEBUG 62669 --- [week3] [           main] o.h.b.model.internal.BasicValueBinder    : Starting `BasicValueBinder#fillSimpleValue` for name
2025-05-05T18:23:32.875-04:00 DEBUG 62669 --- [week3] [           main] o.h.b.model.internal.BasicValueBinder    : Starting `BasicValueBinder#fillSimpleValue` for type
2025-05-05T18:23:32.875-04:00 DEBUG 62669 --- [week3] [           main] o.h.b.model.internal.BasicValueBinder    : Starting `BasicValueBinder#fillSimpleValue` for weight
2025-05-05T18:23:32.875-04:00 DEBUG 62669 --- [week3] [           main] o.h.b.model.internal.BasicValueBinder    : Starting `BasicValueBinder#fillSimpleValue` for id
2025-05-05T18:23:32.875-04:00 DEBUG 62669 --- [week3] [           main] o.h.b.model.internal.BasicValueBinder    : Starting `BasicValueBinder#fillSimpleValue` for name
2025-05-05T18:23:32.875-04:00 DEBUG 62669 --- [week3] [           main] o.h.b.model.internal.BasicValueBinder    : Starting `BasicValueBinder#fillSimpleValue` for id
2025-05-05T18:23:32.875-04:00 DEBUG 62669 --- [week3] [           main] o.h.b.model.internal.BasicValueBinder    : Starting `BasicValueBinder#fillSimpleValue` for birthDate
2025-05-05T18:23:32.875-04:00 DEBUG 62669 --- [week3] [           main] o.h.b.model.internal.BasicValueBinder    : Starting `BasicValueBinder#fillSimpleValue` for created_at
2025-05-05T18:23:32.875-04:00 DEBUG 62669 --- [week3] [           main] o.h.b.model.internal.BasicValueBinder    : Starting `BasicValueBinder#fillSimpleValue` for email
2025-05-05T18:23:32.875-04:00 DEBUG 62669 --- [week3] [           main] o.h.b.model.internal.BasicValueBinder    : Starting `BasicValueBinder#fillSimpleValue` for name
2025-05-05T18:23:32.875-04:00 DEBUG 62669 --- [week3] [           main] o.h.b.model.internal.BasicValueBinder    : Starting `BasicValueBinder#fillSimpleValue` for password
2025-05-05T18:23:32.875-04:00 DEBUG 62669 --- [week3] [           main] o.h.b.model.internal.BasicValueBinder    : Starting `BasicValueBinder#fillSimpleValue` for phone
2025-05-05T18:23:32.875-04:00 DEBUG 62669 --- [week3] [           main] o.h.b.model.internal.BasicValueBinder    : Starting `BasicValueBinder#fillSimpleValue` for updated_at
2025-05-05T18:23:32.878-04:00 DEBUG 62669 --- [week3] [           main] org.hibernate.mapping.PrimaryKey         : Forcing column [id] to be non-null as it is part of the primary key for table [pets]
2025-05-05T18:23:32.878-04:00 DEBUG 62669 --- [week3] [           main] org.hibernate.mapping.PrimaryKey         : Forcing column [id] to be non-null as it is part of the primary key for table [roles]
2025-05-05T18:23:32.878-04:00 DEBUG 62669 --- [week3] [           main] org.hibernate.mapping.PrimaryKey         : Forcing column [id] to be non-null as it is part of the primary key for table [users]
2025-05-05T18:23:32.879-04:00 DEBUG 62669 --- [week3] [           main] o.h.b.m.internal.CollectionSecondPass    : Second pass for collection: com.duoc.week3.model.User.pets
2025-05-05T18:23:32.880-04:00 DEBUG 62669 --- [week3] [           main] o.h.b.model.internal.CollectionBinder    : Binding a OneToMany: com.duoc.week3.model.User.pets through a foreign key
2025-05-05T18:23:32.880-04:00 DEBUG 62669 --- [week3] [           main] o.h.b.model.internal.CollectionBinder    : Mapping collection: com.duoc.week3.model.User.pets -> pets
2025-05-05T18:23:32.881-04:00 DEBUG 62669 --- [week3] [           main] o.h.boot.model.internal.TableBinder      : Retrieving property com.duoc.week3.model.Pet.owner
2025-05-05T18:23:32.881-04:00 DEBUG 62669 --- [week3] [           main] o.h.b.m.internal.CollectionSecondPass    : Mapped collection key: owner, one-to-many: com.duoc.week3.model.Pet
2025-05-05T18:23:32.912-04:00 DEBUG 62669 --- [week3] [           main] o.hibernate.internal.SessionFactoryImpl  : Building session factory
2025-05-05T18:23:32.914-04:00 DEBUG 62669 --- [week3] [onnection adder] com.zaxxer.hikari.pool.HikariPool        : HikariPool-1 - Added connection oracle.jdbc.driver.T4CConnection@64a20718
2025-05-05T18:23:32.931-04:00 DEBUG 62669 --- [week3] [           main] .h.s.i.SessionFactoryServiceRegistryImpl : EventListenerRegistry access via ServiceRegistry is deprecated.  Use `sessionFactory.getEventEngine().getListenerRegistry()` instead
2025-05-05T18:23:32.931-04:00 DEBUG 62669 --- [week3] [           main] o.hibernate.internal.SessionFactoryImpl  : Instantiating SessionFactory with settings: {java.specification.version=23, hibernate.resource.beans.container=org.springframework.orm.hibernate5.SpringBeanContainer@3831f4c2, hibernate.connection.handling_mode=DELAYED_ACQUISITION_AND_HOLD, sun.jnu.encoding=UTF-8, hibernate.dialect=org.hibernate.dialect.OracleDialect, hibernate.implicit_naming_strategy=org.springframework.boot.orm.jpa.hibernate.SpringImplicitNamingStrategy, java.class.path=/Users/x0dsanta/Developer/Duoc/Fullstack_1/Week_3/week3/target/test-classes:/Users/x0dsanta/Developer/Duoc/Fullstack_1/Week_3/week3/target/classes:/Users/x0dsanta/.m2/repository/org/springframework/boot/spring-boot-starter-validation/3.4.4/spring-boot-starter-validation-3.4.4.jar:/Users/x0dsanta/.m2/repository/org/springframework/boot/spring-boot-starter/3.4.4/spring-boot-starter-3.4.4.jar:/Users/x0dsanta/.m2/repository/org/springframework/boot/spring-boot-starter-logging/3.4.4/spring-boot-starter-logging-3.4.4.jar:/Users/x0dsanta/.m2/repository/ch/qos/logback/logback-classic/1.5.18/logback-classic-1.5.18.jar:/Users/x0dsanta/.m2/repository/ch/qos/logback/logback-core/1.5.18/logback-core-1.5.18.jar:/Users/x0dsanta/.m2/repository/org/apache/logging/log4j/log4j-to-slf4j/2.24.3/log4j-to-slf4j-2.24.3.jar:/Users/x0dsanta/.m2/repository/org/apache/logging/log4j/log4j-api/2.24.3/log4j-api-2.24.3.jar:/Users/x0dsanta/.m2/repository/org/slf4j/jul-to-slf4j/2.0.17/jul-to-slf4j-2.0.17.jar:/Users/x0dsanta/.m2/repository/jakarta/annotation/jakarta.annotation-api/2.1.1/jakarta.annotation-api-2.1.1.jar:/Users/x0dsanta/.m2/repository/org/yaml/snakeyaml/2.3/snakeyaml-2.3.jar:/Users/x0dsanta/.m2/repository/org/apache/tomcat/embed/tomcat-embed-el/10.1.39/tomcat-embed-el-10.1.39.jar:/Users/x0dsanta/.m2/repository/org/hibernate/validator/hibernate-validator/8.0.2.Final/hibernate-validator-8.0.2.Final.jar:/Users/x0dsanta/.m2/repository/jakarta/validation/jakarta.validation-api/3.0.2/jakarta.validation-api-3.0.2.jar:/Users/x0dsanta/.m2/repository/org/jboss/logging/jboss-logging/3.6.1.Final/jboss-logging-3.6.1.Final.jar:/Users/x0dsanta/.m2/repository/com/fasterxml/classmate/1.7.0/classmate-1.7.0.jar:/Users/x0dsanta/.m2/repository/org/springframework/boot/spring-boot-starter-web/3.4.4/spring-boot-starter-web-3.4.4.jar:/Users/x0dsanta/.m2/repository/org/springframework/boot/spring-boot-starter-json/3.4.4/spring-boot-starter-json-3.4.4.jar:/Users/x0dsanta/.m2/repository/com/fasterxml/jackson/core/jackson-databind/2.18.3/jackson-databind-2.18.3.jar:/Users/x0dsanta/.m2/repository/com/fasterxml/jackson/core/jackson-annotations/2.18.3/jackson-annotations-2.18.3.jar:/Users/x0dsanta/.m2/repository/com/fasterxml/jackson/core/jackson-core/2.18.3/jackson-core-2.18.3.jar:/Users/x0dsanta/.m2/repository/com/fasterxml/jackson/datatype/jackson-datatype-jdk8/2.18.3/jackson-datatype-jdk8-2.18.3.jar:/Users/x0dsanta/.m2/repository/com/fasterxml/jackson/datatype/jackson-datatype-jsr310/2.18.3/jackson-datatype-jsr310-2.18.3.jar:/Users/x0dsanta/.m2/repository/com/fasterxml/jackson/module/jackson-module-parameter-names/2.18.3/jackson-module-parameter-names-2.18.3.jar:/Users/x0dsanta/.m2/repository/org/springframework/boot/spring-boot-starter-tomcat/3.4.4/spring-boot-starter-tomcat-3.4.4.jar:/Users/x0dsanta/.m2/repository/org/apache/tomcat/embed/tomcat-embed-core/10.1.39/tomcat-embed-core-10.1.39.jar:/Users/x0dsanta/.m2/repository/org/apache/tomcat/embed/tomcat-embed-websocket/10.1.39/tomcat-embed-websocket-10.1.39.jar:/Users/x0dsanta/.m2/repository/org/springframework/spring-web/6.2.5/spring-web-6.2.5.jar:/Users/x0dsanta/.m2/repository/org/springframework/spring-beans/6.2.5/spring-beans-6.2.5.jar:/Users/x0dsanta/.m2/repository/io/micrometer/micrometer-observation/1.14.5/micrometer-observation-1.14.5.jar:/Users/x0dsanta/.m2/repository/io/micrometer/micrometer-commons/1.14.5/micrometer-commons-1.14.5.jar:/Users/x0dsanta/.m2/repository/org/springframework/spring-webmvc/6.2.5/spring-webmvc-6.2.5.jar:/Users/x0dsanta/.m2/repository/org/springframework/spring-aop/6.2.5/spring-aop-6.2.5.jar:/Users/x0dsanta/.m2/repository/org/springframework/spring-context/6.2.5/spring-context-6.2.5.jar:/Users/x0dsanta/.m2/repository/org/springframework/spring-expression/6.2.5/spring-expression-6.2.5.jar:/Users/x0dsanta/.m2/repository/org/springframework/boot/spring-boot-devtools/3.4.4/spring-boot-devtools-3.4.4.jar:/Users/x0dsanta/.m2/repository/org/springframework/boot/spring-boot/3.4.4/spring-boot-3.4.4.jar:/Users/x0dsanta/.m2/repository/org/springframework/boot/spring-boot-autoconfigure/3.4.4/spring-boot-autoconfigure-3.4.4.jar:/Users/x0dsanta/.m2/repository/org/projectlombok/lombok/1.18.36/lombok-1.18.36.jar:/Users/x0dsanta/.m2/repository/org/springframework/boot/spring-boot-starter-test/3.4.4/spring-boot-starter-test-3.4.4.jar:/Users/x0dsanta/.m2/repository/org/springframework/boot/spring-boot-test/3.4.4/spring-boot-test-3.4.4.jar:/Users/x0dsanta/.m2/repository/org/springframework/boot/spring-boot-test-autoconfigure/3.4.4/spring-boot-test-autoconfigure-3.4.4.jar:/Users/x0dsanta/.m2/repository/com/jayway/jsonpath/json-path/2.9.0/json-path-2.9.0.jar:/Users/x0dsanta/.m2/repository/org/slf4j/slf4j-api/2.0.17/slf4j-api-2.0.17.jar:/Users/x0dsanta/.m2/repository/jakarta/xml/bind/jakarta.xml.bind-api/4.0.2/jakarta.xml.bind-api-4.0.2.jar:/Users/x0dsanta/.m2/repository/jakarta/activation/jakarta.activation-api/2.1.3/jakarta.activation-api-2.1.3.jar:/Users/x0dsanta/.m2/repository/net/minidev/json-smart/2.5.2/json-smart-2.5.2.jar:/Users/x0dsanta/.m2/repository/net/minidev/accessors-smart/2.5.2/accessors-smart-2.5.2.jar:/Users/x0dsanta/.m2/repository/org/ow2/asm/asm/9.7.1/asm-9.7.1.jar:/Users/x0dsanta/.m2/repository/org/assertj/assertj-core/3.26.3/assertj-core-3.26.3.jar:/Users/x0dsanta/.m2/repository/net/bytebuddy/byte-buddy/1.15.11/byte-buddy-1.15.11.jar:/Users/x0dsanta/.m2/repository/org/awaitility/awaitility/4.2.2/awaitility-4.2.2.jar:/Users/x0dsanta/.m2/repository/org/hamcrest/hamcrest/2.2/hamcrest-2.2.jar:/Users/x0dsanta/.m2/repository/org/junit/jupiter/junit-jupiter/5.11.4/junit-jupiter-5.11.4.jar:/Users/x0dsanta/.m2/repository/org/junit/jupiter/junit-jupiter-api/5.11.4/junit-jupiter-api-5.11.4.jar:/Users/x0dsanta/.m2/repository/org/opentest4j/opentest4j/1.3.0/opentest4j-1.3.0.jar:/Users/x0dsanta/.m2/repository/org/junit/platform/junit-platform-commons/1.11.4/junit-platform-commons-1.11.4.jar:/Users/x0dsanta/.m2/repository/org/apiguardian/apiguardian-api/1.1.2/apiguardian-api-1.1.2.jar:/Users/x0dsanta/.m2/repository/org/junit/jupiter/junit-jupiter-params/5.11.4/junit-jupiter-params-5.11.4.jar:/Users/x0dsanta/.m2/repository/org/junit/jupiter/junit-jupiter-engine/5.11.4/junit-jupiter-engine-5.11.4.jar:/Users/x0dsanta/.m2/repository/org/junit/platform/junit-platform-engine/1.11.4/junit-platform-engine-1.11.4.jar:/Users/x0dsanta/.m2/repository/org/mockito/mockito-core/5.14.2/mockito-core-5.14.2.jar:/Users/x0dsanta/.m2/repository/net/bytebuddy/byte-buddy-agent/1.15.11/byte-buddy-agent-1.15.11.jar:/Users/x0dsanta/.m2/repository/org/objenesis/objenesis/3.3/objenesis-3.3.jar:/Users/x0dsanta/.m2/repository/org/mockito/mockito-junit-jupiter/5.14.2/mockito-junit-jupiter-5.14.2.jar:/Users/x0dsanta/.m2/repository/org/skyscreamer/jsonassert/1.5.3/jsonassert-1.5.3.jar:/Users/x0dsanta/.m2/repository/com/vaadin/external/google/android-json/0.0.20131108.vaadin1/android-json-0.0.20131108.vaadin1.jar:/Users/x0dsanta/.m2/repository/org/springframework/spring-core/6.2.5/spring-core-6.2.5.jar:/Users/x0dsanta/.m2/repository/org/springframework/spring-jcl/6.2.5/spring-jcl-6.2.5.jar:/Users/x0dsanta/.m2/repository/org/springframework/spring-test/6.2.5/spring-test-6.2.5.jar:/Users/x0dsanta/.m2/repository/org/xmlunit/xmlunit-core/2.10.0/xmlunit-core-2.10.0.jar:/Users/x0dsanta/.m2/repository/org/springframework/boot/spring-boot-starter-data-jpa/3.4.4/spring-boot-starter-data-jpa-3.4.4.jar:/Users/x0dsanta/.m2/repository/org/springframework/boot/spring-boot-starter-jdbc/3.4.4/spring-boot-starter-jdbc-3.4.4.jar:/Users/x0dsanta/.m2/repository/com/zaxxer/HikariCP/5.1.0/HikariCP-5.1.0.jar:/Users/x0dsanta/.m2/repository/org/springframework/spring-jdbc/6.2.5/spring-jdbc-6.2.5.jar:/Users/x0dsanta/.m2/repository/org/hibernate/orm/hibernate-core/6.6.11.Final/hibernate-core-6.6.11.Final.jar:/Users/x0dsanta/.m2/repository/jakarta/persistence/jakarta.persistence-api/3.1.0/jakarta.persistence-api-3.1.0.jar:/Users/x0dsanta/.m2/repository/jakarta/transaction/jakarta.transaction-api/2.0.1/jakarta.transaction-api-2.0.1.jar:/Users/x0dsanta/.m2/repository/org/hibernate/common/hibernate-commons-annotations/7.0.3.Final/hibernate-commons-annotations-7.0.3.Final.jar:/Users/x0dsanta/.m2/repository/io/smallrye/jandex/3.2.0/jandex-3.2.0.jar:/Users/x0dsanta/.m2/repository/org/glassfish/jaxb/jaxb-runtime/4.0.5/jaxb-runtime-4.0.5.jar:/Users/x0dsanta/.m2/repository/org/glassfish/jaxb/jaxb-core/4.0.5/jaxb-core-4.0.5.jar:/Users/x0dsanta/.m2/repository/org/eclipse/angus/angus-activation/2.0.2/angus-activation-2.0.2.jar:/Users/x0dsanta/.m2/repository/org/glassfish/jaxb/txw2/4.0.5/txw2-4.0.5.jar:/Users/x0dsanta/.m2/repository/com/sun/istack/istack-commons-runtime/4.1.2/istack-commons-runtime-4.1.2.jar:/Users/x0dsanta/.m2/repository/jakarta/inject/jakarta.inject-api/2.0.1/jakarta.inject-api-2.0.1.jar:/Users/x0dsanta/.m2/repository/org/antlr/antlr4-runtime/4.13.0/antlr4-runtime-4.13.0.jar:/Users/x0dsanta/.m2/repository/org/springframework/data/spring-data-jpa/3.4.4/spring-data-jpa-3.4.4.jar:/Users/x0dsanta/.m2/repository/org/springframework/data/spring-data-commons/3.4.4/spring-data-commons-3.4.4.jar:/Users/x0dsanta/.m2/repository/org/springframework/spring-orm/6.2.5/spring-orm-6.2.5.jar:/Users/x0dsanta/.m2/repository/org/springframework/spring-tx/6.2.5/spring-tx-6.2.5.jar:/Users/x0dsanta/.m2/repository/org/springframework/spring-aspects/6.2.5/spring-aspects-6.2.5.jar:/Users/x0dsanta/.m2/repository/org/aspectj/aspectjweaver/1.9.23/aspectjweaver-1.9.23.jar:/Users/x0dsanta/.m2/repository/com/oracle/database/jdbc/ojdbc11/23.5.0.24.07/ojdbc11-23.5.0.24.07.jar:/Users/x0dsanta/.m2/repository/com/oracle/database/security/oraclepki/21.5.0.0/oraclepki-21.5.0.0.jar:/Users/x0dsanta/.m2/repository/com/oracle/database/security/osdt_cert/21.5.0.0/osdt_cert-21.5.0.0.jar:/Users/x0dsanta/.m2/repository/com/oracle/database/security/osdt_core/21.5.0.0/osdt_core-21.5.0.0.jar:/Users/x0dsanta/.m2/repository/org/springframework/boot/spring-boot-starter-hateoas/3.4.4/spring-boot-starter-hateoas-3.4.4.jar:/Users/x0dsanta/.m2/repository/org/springframework/hateoas/spring-hateoas/2.4.1/spring-hateoas-2.4.1.jar:/Users/x0dsanta/.m2/repository/org/springframework/plugin/spring-plugin-core/3.0.0/spring-plugin-core-3.0.0.jar:, java.vm.vendor=Homebrew, sun.arch.data.model=64, java.vendor.url=https://github.com/Homebrew/homebrew-core/issues, user.timezone=America/Santiago, jakarta.persistence.sharedCache.mode=UNSPECIFIED, org.jboss.logging.provider=slf4j, os.name=Mac OS X, java.vm.specification.version=23, APPLICATION_NAME=week3, jakarta.persistence.nonJtaDataSource=HikariDataSource (HikariPool-1), sun.java.launcher=SUN_STANDARD, user.country=CL, sun.boot.library.path=/opt/homebrew/Cellar/openjdk/23.0.2/libexec/openjdk.jdk/Contents/Home/lib, sun.java.command=/Users/x0dsanta/Developer/Duoc/Fullstack_1/Week_3/week3/target/surefire/surefirebooter-20250505182330162_3.jar /Users/x0dsanta/Developer/Duoc/Fullstack_1/Week_3/week3/target/surefire 2025-05-05T18-23-30_094-jvmRun1 surefire-20250505182330162_1tmp surefire_0-20250505182330162_2tmp, javax.persistence.nonJtaDataSource=HikariDataSource (HikariPool-1), hibernate.transaction.jta.platform=org.hibernate.engine.transaction.jta.platform.internal.NoJtaPlatform@75f2ff80, http.nonProxyHosts=local|*.local|169.254/16|*.169.254/16, jdk.debug=release, surefire.test.class.path=/Users/x0dsanta/Developer/Duoc/Fullstack_1/Week_3/week3/target/test-classes:/Users/x0dsanta/Developer/Duoc/Fullstack_1/Week_3/week3/target/classes:/Users/x0dsanta/.m2/repository/org/springframework/boot/spring-boot-starter-validation/3.4.4/spring-boot-starter-validation-3.4.4.jar:/Users/x0dsanta/.m2/repository/org/springframework/boot/spring-boot-starter/3.4.4/spring-boot-starter-3.4.4.jar:/Users/x0dsanta/.m2/repository/org/springframework/boot/spring-boot-starter-logging/3.4.4/spring-boot-starter-logging-3.4.4.jar:/Users/x0dsanta/.m2/repository/ch/qos/logback/logback-classic/1.5.18/logback-classic-1.5.18.jar:/Users/x0dsanta/.m2/repository/ch/qos/logback/logback-core/1.5.18/logback-core-1.5.18.jar:/Users/x0dsanta/.m2/repository/org/apache/logging/log4j/log4j-to-slf4j/2.24.3/log4j-to-slf4j-2.24.3.jar:/Users/x0dsanta/.m2/repository/org/apache/logging/log4j/log4j-api/2.24.3/log4j-api-2.24.3.jar:/Users/x0dsanta/.m2/repository/org/slf4j/jul-to-slf4j/2.0.17/jul-to-slf4j-2.0.17.jar:/Users/x0dsanta/.m2/repository/jakarta/annotation/jakarta.annotation-api/2.1.1/jakarta.annotation-api-2.1.1.jar:/Users/x0dsanta/.m2/repository/org/yaml/snakeyaml/2.3/snakeyaml-2.3.jar:/Users/x0dsanta/.m2/repository/org/apache/tomcat/embed/tomcat-embed-el/10.1.39/tomcat-embed-el-10.1.39.jar:/Users/x0dsanta/.m2/repository/org/hibernate/validator/hibernate-validator/8.0.2.Final/hibernate-validator-8.0.2.Final.jar:/Users/x0dsanta/.m2/repository/jakarta/validation/jakarta.validation-api/3.0.2/jakarta.validation-api-3.0.2.jar:/Users/x0dsanta/.m2/repository/org/jboss/logging/jboss-logging/3.6.1.Final/jboss-logging-3.6.1.Final.jar:/Users/x0dsanta/.m2/repository/com/fasterxml/classmate/1.7.0/classmate-1.7.0.jar:/Users/x0dsanta/.m2/repository/org/springframework/boot/spring-boot-starter-web/3.4.4/spring-boot-starter-web-3.4.4.jar:/Users/x0dsanta/.m2/repository/org/springframework/boot/spring-boot-starter-json/3.4.4/spring-boot-starter-json-3.4.4.jar:/Users/x0dsanta/.m2/repository/com/fasterxml/jackson/core/jackson-databind/2.18.3/jackson-databind-2.18.3.jar:/Users/x0dsanta/.m2/repository/com/fasterxml/jackson/core/jackson-annotations/2.18.3/jackson-annotations-2.18.3.jar:/Users/x0dsanta/.m2/repository/com/fasterxml/jackson/core/jackson-core/2.18.3/jackson-core-2.18.3.jar:/Users/x0dsanta/.m2/repository/com/fasterxml/jackson/datatype/jackson-datatype-jdk8/2.18.3/jackson-datatype-jdk8-2.18.3.jar:/Users/x0dsanta/.m2/repository/com/fasterxml/jackson/datatype/jackson-datatype-jsr310/2.18.3/jackson-datatype-jsr310-2.18.3.jar:/Users/x0dsanta/.m2/repository/com/fasterxml/jackson/module/jackson-module-parameter-names/2.18.3/jackson-module-parameter-names-2.18.3.jar:/Users/x0dsanta/.m2/repository/org/springframework/boot/spring-boot-starter-tomcat/3.4.4/spring-boot-starter-tomcat-3.4.4.jar:/Users/x0dsanta/.m2/repository/org/apache/tomcat/embed/tomcat-embed-core/10.1.39/tomcat-embed-core-10.1.39.jar:/Users/x0dsanta/.m2/repository/org/apache/tomcat/embed/tomcat-embed-websocket/10.1.39/tomcat-embed-websocket-10.1.39.jar:/Users/x0dsanta/.m2/repository/org/springframework/spring-web/6.2.5/spring-web-6.2.5.jar:/Users/x0dsanta/.m2/repository/org/springframework/spring-beans/6.2.5/spring-beans-6.2.5.jar:/Users/x0dsanta/.m2/repository/io/micrometer/micrometer-observation/1.14.5/micrometer-observation-1.14.5.jar:/Users/x0dsanta/.m2/repository/io/micrometer/micrometer-commons/1.14.5/micrometer-commons-1.14.5.jar:/Users/x0dsanta/.m2/repository/org/springframework/spring-webmvc/6.2.5/spring-webmvc-6.2.5.jar:/Users/x0dsanta/.m2/repository/org/springframework/spring-aop/6.2.5/spring-aop-6.2.5.jar:/Users/x0dsanta/.m2/repository/org/springframework/spring-context/6.2.5/spring-context-6.2.5.jar:/Users/x0dsanta/.m2/repository/org/springframework/spring-expression/6.2.5/spring-expression-6.2.5.jar:/Users/x0dsanta/.m2/repository/org/springframework/boot/spring-boot-devtools/3.4.4/spring-boot-devtools-3.4.4.jar:/Users/x0dsanta/.m2/repository/org/springframework/boot/spring-boot/3.4.4/spring-boot-3.4.4.jar:/Users/x0dsanta/.m2/repository/org/springframework/boot/spring-boot-autoconfigure/3.4.4/spring-boot-autoconfigure-3.4.4.jar:/Users/x0dsanta/.m2/repository/org/projectlombok/lombok/1.18.36/lombok-1.18.36.jar:/Users/x0dsanta/.m2/repository/org/springframework/boot/spring-boot-starter-test/3.4.4/spring-boot-starter-test-3.4.4.jar:/Users/x0dsanta/.m2/repository/org/springframework/boot/spring-boot-test/3.4.4/spring-boot-test-3.4.4.jar:/Users/x0dsanta/.m2/repository/org/springframework/boot/spring-boot-test-autoconfigure/3.4.4/spring-boot-test-autoconfigure-3.4.4.jar:/Users/x0dsanta/.m2/repository/com/jayway/jsonpath/json-path/2.9.0/json-path-2.9.0.jar:/Users/x0dsanta/.m2/repository/org/slf4j/slf4j-api/2.0.17/slf4j-api-2.0.17.jar:/Users/x0dsanta/.m2/repository/jakarta/xml/bind/jakarta.xml.bind-api/4.0.2/jakarta.xml.bind-api-4.0.2.jar:/Users/x0dsanta/.m2/repository/jakarta/activation/jakarta.activation-api/2.1.3/jakarta.activation-api-2.1.3.jar:/Users/x0dsanta/.m2/repository/net/minidev/json-smart/2.5.2/json-smart-2.5.2.jar:/Users/x0dsanta/.m2/repository/net/minidev/accessors-smart/2.5.2/accessors-smart-2.5.2.jar:/Users/x0dsanta/.m2/repository/org/ow2/asm/asm/9.7.1/asm-9.7.1.jar:/Users/x0dsanta/.m2/repository/org/assertj/assertj-core/3.26.3/assertj-core-3.26.3.jar:/Users/x0dsanta/.m2/repository/net/bytebuddy/byte-buddy/1.15.11/byte-buddy-1.15.11.jar:/Users/x0dsanta/.m2/repository/org/awaitility/awaitility/4.2.2/awaitility-4.2.2.jar:/Users/x0dsanta/.m2/repository/org/hamcrest/hamcrest/2.2/hamcrest-2.2.jar:/Users/x0dsanta/.m2/repository/org/junit/jupiter/junit-jupiter/5.11.4/junit-jupiter-5.11.4.jar:/Users/x0dsanta/.m2/repository/org/junit/jupiter/junit-jupiter-api/5.11.4/junit-jupiter-api-5.11.4.jar:/Users/x0dsanta/.m2/repository/org/opentest4j/opentest4j/1.3.0/opentest4j-1.3.0.jar:/Users/x0dsanta/.m2/repository/org/junit/platform/junit-platform-commons/1.11.4/junit-platform-commons-1.11.4.jar:/Users/x0dsanta/.m2/repository/org/apiguardian/apiguardian-api/1.1.2/apiguardian-api-1.1.2.jar:/Users/x0dsanta/.m2/repository/org/junit/jupiter/junit-jupiter-params/5.11.4/junit-jupiter-params-5.11.4.jar:/Users/x0dsanta/.m2/repository/org/junit/jupiter/junit-jupiter-engine/5.11.4/junit-jupiter-engine-5.11.4.jar:/Users/x0dsanta/.m2/repository/org/junit/platform/junit-platform-engine/1.11.4/junit-platform-engine-1.11.4.jar:/Users/x0dsanta/.m2/repository/org/mockito/mockito-core/5.14.2/mockito-core-5.14.2.jar:/Users/x0dsanta/.m2/repository/net/bytebuddy/byte-buddy-agent/1.15.11/byte-buddy-agent-1.15.11.jar:/Users/x0dsanta/.m2/repository/org/objenesis/objenesis/3.3/objenesis-3.3.jar:/Users/x0dsanta/.m2/repository/org/mockito/mockito-junit-jupiter/5.14.2/mockito-junit-jupiter-5.14.2.jar:/Users/x0dsanta/.m2/repository/org/skyscreamer/jsonassert/1.5.3/jsonassert-1.5.3.jar:/Users/x0dsanta/.m2/repository/com/vaadin/external/google/android-json/0.0.20131108.vaadin1/android-json-0.0.20131108.vaadin1.jar:/Users/x0dsanta/.m2/repository/org/springframework/spring-core/6.2.5/spring-core-6.2.5.jar:/Users/x0dsanta/.m2/repository/org/springframework/spring-jcl/6.2.5/spring-jcl-6.2.5.jar:/Users/x0dsanta/.m2/repository/org/springframework/spring-test/6.2.5/spring-test-6.2.5.jar:/Users/x0dsanta/.m2/repository/org/xmlunit/xmlunit-core/2.10.0/xmlunit-core-2.10.0.jar:/Users/x0dsanta/.m2/repository/org/springframework/boot/spring-boot-starter-data-jpa/3.4.4/spring-boot-starter-data-jpa-3.4.4.jar:/Users/x0dsanta/.m2/repository/org/springframework/boot/spring-boot-starter-jdbc/3.4.4/spring-boot-starter-jdbc-3.4.4.jar:/Users/x0dsanta/.m2/repository/com/zaxxer/HikariCP/5.1.0/HikariCP-5.1.0.jar:/Users/x0dsanta/.m2/repository/org/springframework/spring-jdbc/6.2.5/spring-jdbc-6.2.5.jar:/Users/x0dsanta/.m2/repository/org/hibernate/orm/hibernate-core/6.6.11.Final/hibernate-core-6.6.11.Final.jar:/Users/x0dsanta/.m2/repository/jakarta/persistence/jakarta.persistence-api/3.1.0/jakarta.persistence-api-3.1.0.jar:/Users/x0dsanta/.m2/repository/jakarta/transaction/jakarta.transaction-api/2.0.1/jakarta.transaction-api-2.0.1.jar:/Users/x0dsanta/.m2/repository/org/hibernate/common/hibernate-commons-annotations/7.0.3.Final/hibernate-commons-annotations-7.0.3.Final.jar:/Users/x0dsanta/.m2/repository/io/smallrye/jandex/3.2.0/jandex-3.2.0.jar:/Users/x0dsanta/.m2/repository/org/glassfish/jaxb/jaxb-runtime/4.0.5/jaxb-runtime-4.0.5.jar:/Users/x0dsanta/.m2/repository/org/glassfish/jaxb/jaxb-core/4.0.5/jaxb-core-4.0.5.jar:/Users/x0dsanta/.m2/repository/org/eclipse/angus/angus-activation/2.0.2/angus-activation-2.0.2.jar:/Users/x0dsanta/.m2/repository/org/glassfish/jaxb/txw2/4.0.5/txw2-4.0.5.jar:/Users/x0dsanta/.m2/repository/com/sun/istack/istack-commons-runtime/4.1.2/istack-commons-runtime-4.1.2.jar:/Users/x0dsanta/.m2/repository/jakarta/inject/jakarta.inject-api/2.0.1/jakarta.inject-api-2.0.1.jar:/Users/x0dsanta/.m2/repository/org/antlr/antlr4-runtime/4.13.0/antlr4-runtime-4.13.0.jar:/Users/x0dsanta/.m2/repository/org/springframework/data/spring-data-jpa/3.4.4/spring-data-jpa-3.4.4.jar:/Users/x0dsanta/.m2/repository/org/springframework/data/spring-data-commons/3.4.4/spring-data-commons-3.4.4.jar:/Users/x0dsanta/.m2/repository/org/springframework/spring-orm/6.2.5/spring-orm-6.2.5.jar:/Users/x0dsanta/.m2/repository/org/springframework/spring-tx/6.2.5/spring-tx-6.2.5.jar:/Users/x0dsanta/.m2/repository/org/springframework/spring-aspects/6.2.5/spring-aspects-6.2.5.jar:/Users/x0dsanta/.m2/repository/org/aspectj/aspectjweaver/1.9.23/aspectjweaver-1.9.23.jar:/Users/x0dsanta/.m2/repository/com/oracle/database/jdbc/ojdbc11/23.5.0.24.07/ojdbc11-23.5.0.24.07.jar:/Users/x0dsanta/.m2/repository/com/oracle/database/security/oraclepki/21.5.0.0/oraclepki-21.5.0.0.jar:/Users/x0dsanta/.m2/repository/com/oracle/database/security/osdt_cert/21.5.0.0/osdt_cert-21.5.0.0.jar:/Users/x0dsanta/.m2/repository/com/oracle/database/security/osdt_core/21.5.0.0/osdt_core-21.5.0.0.jar:/Users/x0dsanta/.m2/repository/org/springframework/boot/spring-boot-starter-hateoas/3.4.4/spring-boot-starter-hateoas-3.4.4.jar:/Users/x0dsanta/.m2/repository/org/springframework/hateoas/spring-hateoas/2.4.1/spring-hateoas-2.4.1.jar:/Users/x0dsanta/.m2/repository/org/springframework/plugin/spring-plugin-core/3.0.0/spring-plugin-core-3.0.0.jar:, sun.cpu.endian=little, hibernate.cdi.extensions=true, user.home=/Users/x0dsanta, user.language=en, java.specification.vendor=Oracle Corporation, java.version.date=2025-01-21, java.home=/opt/homebrew/Cellar/openjdk/23.0.2/libexec/openjdk.jdk/Contents/Home, file.separator=/, basedir=/Users/x0dsanta/Developer/Duoc/Fullstack_1/Week_3/week3, java.vm.compressedOopsMode=Zero based, line.separator=
, hibernate.persistenceUnitName=default, java.vm.specification.vendor=Oracle Corporation, java.specification.name=Java Platform API Specification, FILE_LOG_CHARSET=UTF-8, hibernate.transaction.coordinator_class=class org.hibernate.resource.transaction.backend.jdbc.internal.JdbcResourceLocalTransactionCoordinatorBuilderImpl, java.awt.headless=true, apple.awt.application.name=ForkedBooter, surefire.real.class.path=/Users/x0dsanta/Developer/Duoc/Fullstack_1/Week_3/week3/target/surefire/surefirebooter-20250505182330162_3.jar, jakarta.persistence.validation.mode=AUTO, hibernate.hbm2ddl.auto=create-drop, sun.management.compiler=HotSpot 64-Bit Tiered Compilers, ftp.nonProxyHosts=local|*.local|169.254/16|*.169.254/16, java.runtime.version=23.0.2, user.name=x0dsanta, stdout.encoding=UTF-8, path.separator=:, os.version=15.0.1, java.runtime.name=OpenJDK Runtime Environment, file.encoding=UTF-8, java.vm.name=OpenJDK 64-Bit Server VM, hibernate.show_sql=true, java.vendor.version=Homebrew, localRepository=/Users/x0dsanta/.m2/repository, java.vendor.url.bug=https://github.com/Homebrew/homebrew-core/issues, java.io.tmpdir=/var/folders/q0/pqfc46qs35zg073d6ww7zwrcw2txsh/T/, java.version=23.0.2, hibernate.physical_naming_strategy=org.hibernate.boot.model.naming.CamelCaseToUnderscoresNamingStrategy, user.dir=/Users/x0dsanta/Developer/Duoc/Fullstack_1/Week_3/week3, os.arch=aarch64, java.vm.specification.name=Java Virtual Machine Specification, PID=62669, CONSOLE_LOG_CHARSET=UTF-8, hibernate.boot.CfgXmlAccessService.key=org.hibernate.boot.registry.StandardServiceRegistryBuilder$1@253b1cbd, native.encoding=UTF-8, java.library.path=/Users/x0dsanta/Library/Java/Extensions:/Library/Java/Extensions:/Network/Library/Java/Extensions:/System/Library/Java/Extensions:/usr/lib/java:., stderr.encoding=UTF-8, java.vendor=Homebrew, java.vm.info=mixed mode, sharing, java.vm.version=23.0.2, sun.io.unicode.encoding=UnicodeBig, hibernate.archive.scanner=org.hibernate.boot.archive.scan.internal.DisabledScanner, hibernate.connection.datasource=HikariDataSource (HikariPool-1), socksNonProxyHosts=local|*.local|169.254/16|*.169.254/16, java.class.version=67.0, LOGGED_APPLICATION_NAME=[week3] }
2025-05-05T18:23:32.933-04:00 DEBUG 62669 --- [week3] [           main] o.hibernate.internal.SessionFactoryImpl  : Session factory constructed with filter configurations : {}
2025-05-05T18:23:32.935-04:00 DEBUG 62669 --- [week3] [           main] o.h.v.i.xml.config.ValidationXmlParser   : Trying to load META-INF/validation.xml for XML based Validator configuration.
2025-05-05T18:23:32.935-04:00 DEBUG 62669 --- [week3] [           main] o.h.v.i.xml.config.ResourceLoaderHelper  : Trying to load META-INF/validation.xml via TCCL
2025-05-05T18:23:32.935-04:00 DEBUG 62669 --- [week3] [           main] o.h.v.i.xml.config.ResourceLoaderHelper  : Trying to load META-INF/validation.xml via Hibernate Validator's class loader
2025-05-05T18:23:32.935-04:00 DEBUG 62669 --- [week3] [           main] o.h.v.i.xml.config.ValidationXmlParser   : No META-INF/validation.xml found. Using annotation based configuration only.
2025-05-05T18:23:32.935-04:00 DEBUG 62669 --- [week3] [           main] o.h.v.i.e.resolver.TraversableResolvers  : Found jakarta.persistence.Persistence on classpath containing 'getPersistenceUtil'. Assuming JPA 2 environment. Trying to instantiate JPA aware TraversableResolver
2025-05-05T18:23:32.935-04:00 DEBUG 62669 --- [week3] [           main] o.h.v.i.e.resolver.TraversableResolvers  : Instantiated JPA aware TraversableResolver of type org.hibernate.validator.internal.engine.resolver.JPATraversableResolver.
2025-05-05T18:23:32.936-04:00 DEBUG 62669 --- [week3] [           main] .h.v.m.ResourceBundleMessageInterpolator : Loaded expression factory via original TCCL
2025-05-05T18:23:32.936-04:00 DEBUG 62669 --- [week3] [           main] .i.e.ValidatorFactoryConfigurationHelper : HV000252: Using org.hibernate.validator.internal.engine.DefaultPropertyNodeNameProvider as property node name provider.
2025-05-05T18:23:32.937-04:00 DEBUG 62669 --- [week3] [           main] .i.e.ValidatorFactoryConfigurationHelper : HV000234: Using org.hibernate.validator.messageinterpolation.ResourceBundleMessageInterpolator as ValidatorFactory-scoped message interpolator.
2025-05-05T18:23:32.937-04:00 DEBUG 62669 --- [week3] [           main] .i.e.ValidatorFactoryConfigurationHelper : HV000234: Using org.hibernate.validator.internal.engine.resolver.JPATraversableResolver as ValidatorFactory-scoped traversable resolver.
2025-05-05T18:23:32.937-04:00 DEBUG 62669 --- [week3] [           main] .i.e.ValidatorFactoryConfigurationHelper : HV000234: Using org.hibernate.validator.internal.util.ExecutableParameterNameProvider as ValidatorFactory-scoped parameter name provider.
2025-05-05T18:23:32.937-04:00 DEBUG 62669 --- [week3] [           main] .i.e.ValidatorFactoryConfigurationHelper : HV000234: Using org.hibernate.validator.internal.engine.DefaultClockProvider as ValidatorFactory-scoped clock provider.
2025-05-05T18:23:32.937-04:00 DEBUG 62669 --- [week3] [           main] .i.e.ValidatorFactoryConfigurationHelper : HV000234: Using org.hibernate.validator.internal.engine.scripting.DefaultScriptEvaluatorFactory as ValidatorFactory-scoped script evaluator factory.
2025-05-05T18:23:32.937-04:00 DEBUG 62669 --- [week3] [           main] o.h.boot.internal.ClassLoaderAccessImpl  : Not known whether passed class name [com.duoc.week3.model.Pet] is safe
2025-05-05T18:23:32.937-04:00 DEBUG 62669 --- [week3] [           main] o.h.boot.internal.ClassLoaderAccessImpl  : No temp ClassLoader provided; using live ClassLoader for loading potentially unsafe class : com.duoc.week3.model.Pet
2025-05-05T18:23:32.948-04:00 DEBUG 62669 --- [week3] [onnection adder] com.zaxxer.hikari.pool.HikariPool        : HikariPool-1 - After adding stats (total=2, active=0, idle=2, waiting=0)
2025-05-05T18:23:32.959-04:00 DEBUG 62669 --- [week3] [           main] o.h.boot.internal.ClassLoaderAccessImpl  : Not known whether passed class name [com.duoc.week3.model.User] is safe
2025-05-05T18:23:32.959-04:00 DEBUG 62669 --- [week3] [           main] o.h.boot.internal.ClassLoaderAccessImpl  : No temp ClassLoader provided; using live ClassLoader for loading potentially unsafe class : com.duoc.week3.model.User
2025-05-05T18:23:32.963-04:00 DEBUG 62669 --- [week3] [           main] o.h.boot.internal.ClassLoaderAccessImpl  : Not known whether passed class name [com.duoc.week3.model.Role] is safe
2025-05-05T18:23:32.963-04:00 DEBUG 62669 --- [week3] [           main] o.h.boot.internal.ClassLoaderAccessImpl  : No temp ClassLoader provided; using live ClassLoader for loading potentially unsafe class : com.duoc.week3.model.Role
2025-05-05T18:23:32.964-04:00 DEBUG 62669 --- [week3] [           main] .h.s.i.SessionFactoryServiceRegistryImpl : EventListenerRegistry access via ServiceRegistry is deprecated.  Use `sessionFactory.getEventEngine().getListenerRegistry()` instead
2025-05-05T18:23:33.004-04:00 DEBUG 62669 --- [week3] [           main] o.h.q.sqm.function.SqmFunctionRegistry   : Registered SqmFunctionTemplate [NamedSqmFunctionTemplate(max)] under max; prior registration was null
2025-05-05T18:23:33.005-04:00 DEBUG 62669 --- [week3] [           main] o.h.q.sqm.function.SqmFunctionRegistry   : Registered SqmFunctionTemplate [NamedSqmFunctionTemplate(min)] under min; prior registration was null
2025-05-05T18:23:33.005-04:00 DEBUG 62669 --- [week3] [           main] o.h.q.sqm.function.SqmFunctionRegistry   : Registered SqmFunctionTemplate [NamedSqmFunctionTemplate(sum)] under sum; prior registration was null
2025-05-05T18:23:33.005-04:00 DEBUG 62669 --- [week3] [           main] o.h.q.sqm.function.SqmFunctionRegistry   : Registered SqmFunctionTemplate [NamedSqmFunctionTemplate(avg)] under avg; prior registration was null
2025-05-05T18:23:33.007-04:00 DEBUG 62669 --- [week3] [           main] o.h.q.sqm.function.SqmFunctionRegistry   : Registered SqmFunctionTemplate [org.hibernate.dialect.function.CountFunction@40c6d1ef] under count; prior registration was null
2025-05-05T18:23:33.008-04:00 DEBUG 62669 --- [week3] [           main] o.h.q.sqm.function.SqmFunctionRegistry   : Registered SqmFunctionTemplate [org.hibernate.dialect.function.EveryAnyEmulation@5847010] under every; prior registration was null
2025-05-05T18:23:33.008-04:00 DEBUG 62669 --- [week3] [           main] o.h.q.sqm.function.SqmFunctionRegistry   : Registered SqmFunctionTemplate [org.hibernate.dialect.function.EveryAnyEmulation@1ad9d5be] under any; prior registration was null
2025-05-05T18:23:33.008-04:00 DEBUG 62669 --- [week3] [           main] o.h.q.sqm.function.SqmFunctionRegistry   : Registered SqmFunctionTemplate [NamedSqmFunctionTemplate(floor)] under floor; prior registration was null
2025-05-05T18:23:33.008-04:00 DEBUG 62669 --- [week3] [           main] o.h.q.sqm.function.SqmFunctionRegistry   : Registered SqmFunctionTemplate [NamedSqmFunctionTemplate(ceiling)] under ceiling; prior registration was null
2025-05-05T18:23:33.008-04:00 DEBUG 62669 --- [week3] [           main] o.h.q.sqm.function.SqmFunctionRegistry   : Registered SqmFunctionTemplate [NamedSqmFunctionTemplate(mod)] under mod; prior registration was null
2025-05-05T18:23:33.008-04:00 DEBUG 62669 --- [week3] [           main] o.h.q.sqm.function.SqmFunctionRegistry   : Registered SqmFunctionTemplate [NamedSqmFunctionTemplate(abs)] under abs; prior registration was null
2025-05-05T18:23:33.008-04:00 DEBUG 62669 --- [week3] [           main] o.h.q.sqm.function.SqmFunctionRegistry   : Registered SqmFunctionTemplate [NamedSqmFunctionTemplate(sign)] under sign; prior registration was null
2025-05-05T18:23:33.008-04:00 DEBUG 62669 --- [week3] [           main] o.h.q.sqm.function.SqmFunctionRegistry   : Registered SqmFunctionTemplate [NamedSqmFunctionTemplate(sqrt)] under sqrt; prior registration was null
2025-05-05T18:23:33.008-04:00 DEBUG 62669 --- [week3] [           main] o.h.q.sqm.function.SqmFunctionRegistry   : Registered SqmFunctionTemplate [NamedSqmFunctionTemplate(ln)] under ln; prior registration was null
2025-05-05T18:23:33.008-04:00 DEBUG 62669 --- [week3] [           main] o.h.q.sqm.function.SqmFunctionRegistry   : Registered SqmFunctionTemplate [NamedSqmFunctionTemplate(exp)] under exp; prior registration was null
2025-05-05T18:23:33.008-04:00 DEBUG 62669 --- [week3] [           main] o.h.q.sqm.function.SqmFunctionRegistry   : Registered SqmFunctionTemplate [NamedSqmFunctionTemplate(power)] under power; prior registration was null
2025-05-05T18:23:33.008-04:00 DEBUG 62669 --- [week3] [           main] o.h.q.sqm.function.SqmFunctionRegistry   : Registered SqmFunctionTemplate [NamedSqmFunctionTemplate(round)] under round; prior registration was null
2025-05-05T18:23:33.008-04:00 DEBUG 62669 --- [week3] [           main] o.h.q.sqm.function.SqmFunctionRegistry   : Registered SqmFunctionTemplate [NamedSqmFunctionTemplate(sin)] under sin; prior registration was null
2025-05-05T18:23:33.008-04:00 DEBUG 62669 --- [week3] [           main] o.h.q.sqm.function.SqmFunctionRegistry   : Registered SqmFunctionTemplate [NamedSqmFunctionTemplate(cos)] under cos; prior registration was null
2025-05-05T18:23:33.008-04:00 DEBUG 62669 --- [week3] [           main] o.h.q.sqm.function.SqmFunctionRegistry   : Registered SqmFunctionTemplate [NamedSqmFunctionTemplate(tan)] under tan; prior registration was null
2025-05-05T18:23:33.008-04:00 DEBUG 62669 --- [week3] [           main] o.h.q.sqm.function.SqmFunctionRegistry   : Registered SqmFunctionTemplate [NamedSqmFunctionTemplate(asin)] under asin; prior registration was null
2025-05-05T18:23:33.008-04:00 DEBUG 62669 --- [week3] [           main] o.h.q.sqm.function.SqmFunctionRegistry   : Registered SqmFunctionTemplate [NamedSqmFunctionTemplate(acos)] under acos; prior registration was null
2025-05-05T18:23:33.008-04:00 DEBUG 62669 --- [week3] [           main] o.h.q.sqm.function.SqmFunctionRegistry   : Registered SqmFunctionTemplate [NamedSqmFunctionTemplate(atan)] under atan; prior registration was null
2025-05-05T18:23:33.008-04:00 DEBUG 62669 --- [week3] [           main] o.h.q.sqm.function.SqmFunctionRegistry   : Registered SqmFunctionTemplate [NamedSqmFunctionTemplate(atan2)] under atan2; prior registration was null
2025-05-05T18:23:33.009-04:00 DEBUG 62669 --- [week3] [           main] o.h.q.sqm.function.SqmFunctionRegistry   : Registered SqmFunctionTemplate [org.hibernate.query.sqm.function.PatternBasedSqmFunctionDescriptor@690677de] under sinh; prior registration was null
2025-05-05T18:23:33.009-04:00 DEBUG 62669 --- [week3] [           main] o.h.q.sqm.function.SqmFunctionRegistry   : Registered SqmFunctionTemplate [org.hibernate.query.sqm.function.PatternBasedSqmFunctionDescriptor@1c5d376c] under cosh; prior registration was null
2025-05-05T18:23:33.009-04:00 DEBUG 62669 --- [week3] [           main] o.h.q.sqm.function.SqmFunctionRegistry   : Registered SqmFunctionTemplate [org.hibernate.query.sqm.function.PatternBasedSqmFunctionDescriptor@42f2cae8] under tanh; prior registration was null
2025-05-05T18:23:33.009-04:00 DEBUG 62669 --- [week3] [           main] o.h.q.sqm.function.SqmFunctionRegistry   : Registered SqmFunctionTemplate [org.hibernate.query.sqm.function.PatternBasedSqmFunctionDescriptor@3bbc47c9] under pi; prior registration was null
2025-05-05T18:23:33.009-04:00 DEBUG 62669 --- [week3] [           main] o.h.q.sqm.function.SqmFunctionRegistry   : Registered SqmFunctionTemplate [org.hibernate.query.sqm.function.PatternBasedSqmFunctionDescriptor@615e7fe7] under log; prior registration was null
2025-05-05T18:23:33.010-04:00 DEBUG 62669 --- [week3] [           main] o.h.q.sqm.function.SqmFunctionRegistry   : Registered SqmFunctionTemplate [NamedSqmFunctionTemplate(coalesce)] under coalesce; prior registration was null
2025-05-05T18:23:33.010-04:00 DEBUG 62669 --- [week3] [           main] o.h.q.sqm.function.SqmFunctionRegistry   : Registered SqmFunctionTemplate [NamedSqmFunctionTemplate(nullif)] under nullif; prior registration was null
2025-05-05T18:23:33.010-04:00 DEBUG 62669 --- [week3] [           main] o.h.q.sqm.function.SqmFunctionRegistry   : Registered SqmFunctionTemplate [NamedSqmFunctionTemplate(left)] under left; prior registration was null
2025-05-05T18:23:33.010-04:00 DEBUG 62669 --- [week3] [           main] o.h.q.sqm.function.SqmFunctionRegistry   : Registered SqmFunctionTemplate [NamedSqmFunctionTemplate(right)] under right; prior registration was null
2025-05-05T18:23:33.010-04:00 DEBUG 62669 --- [week3] [           main] o.h.q.sqm.function.SqmFunctionRegistry   : Registered SqmFunctionTemplate [NamedSqmFunctionTemplate(replace)] under replace; prior registration was null
2025-05-05T18:23:33.010-04:00 DEBUG 62669 --- [week3] [           main] o.h.q.sqm.function.SqmFunctionRegistry   : Registered SqmFunctionTemplate [NamedSqmFunctionTemplate(concat)] under concat; prior registration was null
2025-05-05T18:23:33.010-04:00 DEBUG 62669 --- [week3] [           main] o.h.q.sqm.function.SqmFunctionRegistry   : Registered SqmFunctionTemplate [NamedSqmFunctionTemplate(lower)] under lower; prior registration was null
2025-05-05T18:23:33.010-04:00 DEBUG 62669 --- [week3] [           main] o.h.q.sqm.function.SqmFunctionRegistry   : Registered SqmFunctionTemplate [NamedSqmFunctionTemplate(upper)] under upper; prior registration was null
2025-05-05T18:23:33.010-04:00 DEBUG 62669 --- [week3] [           main] o.h.q.sqm.function.SqmFunctionRegistry   : Registered SqmFunctionTemplate [NamedSqmFunctionTemplate(substring)] under substring; prior registration was null
2025-05-05T18:23:33.010-04:00 DEBUG 62669 --- [week3] [           main] o.h.q.sqm.function.SqmFunctionRegistry   : Registered SqmFunctionTemplate [NamedSqmFunctionTemplate(locate)] under locate; prior registration was null
2025-05-05T18:23:33.010-04:00 DEBUG 62669 --- [week3] [           main] o.h.q.sqm.function.SqmFunctionRegistry   : Registered SqmFunctionTemplate [NamedSqmFunctionTemplate(character_length)] under character_length; prior registration was null
2025-05-05T18:23:33.010-04:00 DEBUG 62669 --- [week3] [           main] o.h.q.sqm.function.SqmFunctionRegistry   : Registering alternate key : length -> character_length
2025-05-05T18:23:33.011-04:00 DEBUG 62669 --- [week3] [           main] o.h.q.sqm.function.SqmFunctionRegistry   : Registered SqmFunctionTemplate [org.hibernate.dialect.function.LocatePositionEmulation@62f6185a] under position; prior registration was null
2025-05-05T18:23:33.012-04:00 DEBUG 62669 --- [week3] [           main] o.h.q.sqm.function.SqmFunctionRegistry   : Registered SqmFunctionTemplate [org.hibernate.dialect.function.InsertSubstringOverlayEmulation@6c8d638a] under overlay; prior registration was null
2025-05-05T18:23:33.013-04:00 DEBUG 62669 --- [week3] [           main] o.h.q.sqm.function.SqmFunctionRegistry   : Registered SqmFunctionTemplate [org.hibernate.dialect.function.TrimFunction@52e92f6] under trim; prior registration was null
2025-05-05T18:23:33.013-04:00 DEBUG 62669 --- [week3] [           main] o.h.q.sqm.function.SqmFunctionRegistry   : Registered SqmFunctionTemplate [org.hibernate.dialect.function.CastFunction@188ae8d2] under cast; prior registration was null
2025-05-05T18:23:33.013-04:00 DEBUG 62669 --- [week3] [           main] o.h.q.sqm.function.SqmFunctionRegistry   : Registered SqmFunctionTemplate [org.hibernate.query.sqm.function.PatternBasedSqmFunctionDescriptor@7a522157] under collate; prior registration was null
2025-05-05T18:23:33.013-04:00 DEBUG 62669 --- [week3] [           main] o.h.q.sqm.function.SqmFunctionRegistry   : Registered SqmFunctionTemplate [org.hibernate.dialect.function.ExtractFunction@7bdf94f2] under extract; prior registration was null
2025-05-05T18:23:33.013-04:00 DEBUG 62669 --- [week3] [           main] o.h.q.sqm.function.SqmFunctionRegistry   : Registered SqmFunctionTemplate [NamedSqmFunctionTemplate(least)] under least; prior registration was null
2025-05-05T18:23:33.013-04:00 DEBUG 62669 --- [week3] [           main] o.h.q.sqm.function.SqmFunctionRegistry   : Registered SqmFunctionTemplate [NamedSqmFunctionTemplate(greatest)] under greatest; prior registration was null
2025-05-05T18:23:33.014-04:00 DEBUG 62669 --- [week3] [           main] o.h.q.sqm.function.SqmFunctionRegistry   : Registered SqmFunctionTemplate [org.hibernate.dialect.function.CoalesceIfnullEmulation@3ec62141] under ifnull; prior registration was null
2025-05-05T18:23:33.014-04:00 DEBUG 62669 --- [week3] [           main] o.h.q.sqm.function.SqmFunctionRegistry   : Registered SqmFunctionTemplate [NamedSqmFunctionTemplate(lpad)] under lpad; prior registration was null
2025-05-05T18:23:33.014-04:00 DEBUG 62669 --- [week3] [           main] o.h.q.sqm.function.SqmFunctionRegistry   : Registered SqmFunctionTemplate [NamedSqmFunctionTemplate(rpad)] under rpad; prior registration was null
2025-05-05T18:23:33.014-04:00 DEBUG 62669 --- [week3] [           main] o.h.q.sqm.function.SqmFunctionRegistry   : Registered SqmFunctionTemplate [org.hibernate.dialect.function.LpadRpadPadEmulation@11e3d08] under pad; prior registration was null
2025-05-05T18:23:33.014-04:00 DEBUG 62669 --- [week3] [           main] o.h.q.sqm.function.SqmFunctionRegistry   : Registered SqmFunctionTemplate [org.hibernate.dialect.function.CastStrEmulation@571c2ed8] under str; prior registration was null
2025-05-05T18:23:33.016-04:00 DEBUG 62669 --- [week3] [           main] o.h.q.sqm.function.SqmFunctionRegistry   : Registered SqmFunctionTemplate [org.hibernate.dialect.function.FormatFunction@7341baa3] under format; prior registration was null
2025-05-05T18:23:33.016-04:00 DEBUG 62669 --- [week3] [           main] o.h.q.sqm.function.SqmFunctionRegistry   : Registered SqmFunctionTemplate [org.hibernate.dialect.function.TimestampaddFunction@70f5f57d] under timestampadd; prior registration was null
2025-05-05T18:23:33.016-04:00 DEBUG 62669 --- [week3] [           main] o.h.q.sqm.function.SqmFunctionRegistry   : Registered SqmFunctionTemplate [org.hibernate.dialect.function.TimestampdiffFunction@2699b656] under timestampdiff; prior registration was null
2025-05-05T18:23:33.017-04:00 DEBUG 62669 --- [week3] [           main] o.h.q.sqm.function.SqmFunctionRegistry   : Registering alternate key : dateadd -> timestampadd
2025-05-05T18:23:33.017-04:00 DEBUG 62669 --- [week3] [           main] o.h.q.sqm.function.SqmFunctionRegistry   : Registering alternate key : datediff -> timestampdiff
2025-05-05T18:23:33.017-04:00 DEBUG 62669 --- [week3] [           main] o.h.q.sqm.function.SqmFunctionRegistry   : Registered SqmFunctionTemplate [org.hibernate.dialect.function.CurrentFunction@6c2f8ecb] under current_date; prior registration was null
2025-05-05T18:23:33.017-04:00 DEBUG 62669 --- [week3] [           main] o.h.q.sqm.function.SqmFunctionRegistry   : Registered SqmFunctionTemplate [org.hibernate.dialect.function.CurrentFunction@c3d4bd7] under current_time; prior registration was null
2025-05-05T18:23:33.017-04:00 DEBUG 62669 --- [week3] [           main] o.h.q.sqm.function.SqmFunctionRegistry   : Registered SqmFunctionTemplate [org.hibernate.dialect.function.CurrentFunction@2626aa35] under current_timestamp; prior registration was null
2025-05-05T18:23:33.017-04:00 DEBUG 62669 --- [week3] [           main] o.h.q.sqm.function.SqmFunctionRegistry   : Registering alternate key : current date -> current_date
2025-05-05T18:23:33.017-04:00 DEBUG 62669 --- [week3] [           main] o.h.q.sqm.function.SqmFunctionRegistry   : Registering alternate key : current time -> current_time
2025-05-05T18:23:33.017-04:00 DEBUG 62669 --- [week3] [           main] o.h.q.sqm.function.SqmFunctionRegistry   : Registering alternate key : current timestamp -> current_timestamp
2025-05-05T18:23:33.017-04:00 DEBUG 62669 --- [week3] [           main] o.h.q.sqm.function.SqmFunctionRegistry   : Registered SqmFunctionTemplate [org.hibernate.dialect.function.CurrentFunction@5ca8c904] under local_date; prior registration was null
2025-05-05T18:23:33.017-04:00 DEBUG 62669 --- [week3] [           main] o.h.q.sqm.function.SqmFunctionRegistry   : Registered SqmFunctionTemplate [org.hibernate.dialect.function.CurrentFunction@4c614d8c] under local_time; prior registration was null
2025-05-05T18:23:33.017-04:00 DEBUG 62669 --- [week3] [           main] o.h.q.sqm.function.SqmFunctionRegistry   : Registered SqmFunctionTemplate [org.hibernate.dialect.function.CurrentFunction@2ae4c424] under local_datetime; prior registration was null
2025-05-05T18:23:33.017-04:00 DEBUG 62669 --- [week3] [           main] o.h.q.sqm.function.SqmFunctionRegistry   : Registered SqmFunctionTemplate [org.hibernate.dialect.function.CurrentFunction@3980b44f] under offset_datetime; prior registration was null
2025-05-05T18:23:33.017-04:00 DEBUG 62669 --- [week3] [           main] o.h.q.sqm.function.SqmFunctionRegistry   : Registering alternate key : local date -> local_date
2025-05-05T18:23:33.017-04:00 DEBUG 62669 --- [week3] [           main] o.h.q.sqm.function.SqmFunctionRegistry   : Registering alternate key : local time -> local_time
2025-05-05T18:23:33.017-04:00 DEBUG 62669 --- [week3] [           main] o.h.q.sqm.function.SqmFunctionRegistry   : Registering alternate key : local datetime -> local_datetime
2025-05-05T18:23:33.017-04:00 DEBUG 62669 --- [week3] [           main] o.h.q.sqm.function.SqmFunctionRegistry   : Registering alternate key : offset datetime -> offset_datetime
2025-05-05T18:23:33.017-04:00 DEBUG 62669 --- [week3] [           main] o.h.q.sqm.function.SqmFunctionRegistry   : Registered SqmFunctionTemplate [org.hibernate.dialect.function.CurrentFunction@237aba92] under instant; prior registration was null
2025-05-05T18:23:33.017-04:00 DEBUG 62669 --- [week3] [           main] o.h.q.sqm.function.SqmFunctionRegistry   : Registering alternate key : current_instant -> instant
2025-05-05T18:23:33.017-04:00 DEBUG 62669 --- [week3] [           main] o.h.q.sqm.function.SqmFunctionRegistry   : Registered SqmFunctionTemplate [org.hibernate.dialect.function.SqlFunction@233ece92] under sql; prior registration was null
2025-05-05T18:23:33.017-04:00 DEBUG 62669 --- [week3] [           main] o.h.q.sqm.function.SqmFunctionRegistry   : Registered SqmFunctionTemplate [NamedSqmFunctionTemplate(ascii)] under ascii; prior registration was null
2025-05-05T18:23:33.017-04:00 DEBUG 62669 --- [week3] [           main] o.h.q.sqm.function.SqmFunctionRegistry   : Registered SqmFunctionTemplate [NamedSqmFunctionTemplate(chr)] under chr; prior registration was null
2025-05-05T18:23:33.017-04:00 DEBUG 62669 --- [week3] [           main] o.h.q.sqm.function.SqmFunctionRegistry   : Registering alternate key : char -> chr
2025-05-05T18:23:33.017-04:00 DEBUG 62669 --- [week3] [           main] o.h.q.sqm.function.SqmFunctionRegistry   : Registered SqmFunctionTemplate [NamedSqmFunctionTemplate(cosh)] under cosh; prior registration was org.hibernate.query.sqm.function.PatternBasedSqmFunctionDescriptor@1c5d376c
2025-05-05T18:23:33.017-04:00 DEBUG 62669 --- [week3] [           main] o.h.q.sqm.function.SqmFunctionRegistry   : Registered SqmFunctionTemplate [NamedSqmFunctionTemplate(sinh)] under sinh; prior registration was org.hibernate.query.sqm.function.PatternBasedSqmFunctionDescriptor@690677de
2025-05-05T18:23:33.017-04:00 DEBUG 62669 --- [week3] [           main] o.h.q.sqm.function.SqmFunctionRegistry   : Registered SqmFunctionTemplate [NamedSqmFunctionTemplate(tanh)] under tanh; prior registration was org.hibernate.query.sqm.function.PatternBasedSqmFunctionDescriptor@42f2cae8
2025-05-05T18:23:33.017-04:00 DEBUG 62669 --- [week3] [           main] o.h.q.sqm.function.SqmFunctionRegistry   : Registered SqmFunctionTemplate [NamedSqmFunctionTemplate(log)] under log; prior registration was org.hibernate.query.sqm.function.PatternBasedSqmFunctionDescriptor@615e7fe7
2025-05-05T18:23:33.017-04:00 DEBUG 62669 --- [week3] [           main] o.h.q.sqm.function.SqmFunctionRegistry   : Registered SqmFunctionTemplate [org.hibernate.query.sqm.function.PatternBasedSqmFunctionDescriptor@4a14f7d7] under log10; prior registration was null
2025-05-05T18:23:33.017-04:00 DEBUG 62669 --- [week3] [           main] o.h.q.sqm.function.SqmFunctionRegistry   : Registered SqmFunctionTemplate [NamedSqmFunctionTemplate(soundex)] under soundex; prior registration was null
2025-05-05T18:23:33.017-04:00 DEBUG 62669 --- [week3] [           main] o.h.q.sqm.function.SqmFunctionRegistry   : Registered SqmFunctionTemplate [NamedSqmFunctionTemplate(ltrim)] under ltrim; prior registration was null
2025-05-05T18:23:33.017-04:00 DEBUG 62669 --- [week3] [           main] o.h.q.sqm.function.SqmFunctionRegistry   : Registered SqmFunctionTemplate [NamedSqmFunctionTemplate(rtrim)] under rtrim; prior registration was null
2025-05-05T18:23:33.017-04:00 DEBUG 62669 --- [week3] [           main] o.h.q.sqm.function.SqmFunctionRegistry   : Registered SqmFunctionTemplate [NamedSqmFunctionTemplate(initcap)] under initcap; prior registration was null
2025-05-05T18:23:33.017-04:00 DEBUG 62669 --- [week3] [           main] o.h.q.sqm.function.SqmFunctionRegistry   : Registered SqmFunctionTemplate [NamedSqmFunctionTemplate(instr)] under instr; prior registration was null
2025-05-05T18:23:33.017-04:00 DEBUG 62669 --- [week3] [           main] o.h.q.sqm.function.SqmFunctionRegistry   : Registered SqmFunctionTemplate [NamedSqmFunctionTemplate(substr)] under substr; prior registration was null
2025-05-05T18:23:33.017-04:00 DEBUG 62669 --- [week3] [           main] o.h.q.sqm.function.SqmFunctionRegistry   : Registered SqmFunctionTemplate [NamedSqmFunctionTemplate(substr)] under substring; prior registration was NamedSqmFunctionTemplate(substring)
2025-05-05T18:23:33.017-04:00 DEBUG 62669 --- [week3] [           main] o.h.q.sqm.function.SqmFunctionRegistry   : Registered SqmFunctionTemplate [org.hibernate.query.sqm.function.PatternBasedSqmFunctionDescriptor@66596c4c] under left; prior registration was NamedSqmFunctionTemplate(left)
2025-05-05T18:23:33.017-04:00 DEBUG 62669 --- [week3] [           main] o.h.q.sqm.function.SqmFunctionRegistry   : Registered SqmFunctionTemplate [org.hibernate.query.sqm.function.PatternBasedSqmFunctionDescriptor@15ce261] under right; prior registration was NamedSqmFunctionTemplate(right)
2025-05-05T18:23:33.017-04:00 DEBUG 62669 --- [week3] [           main] o.h.q.sqm.function.SqmFunctionRegistry   : Registered SqmFunctionTemplate [NamedSqmFunctionTemplate(translate)] under translate; prior registration was null
2025-05-05T18:23:33.017-04:00 DEBUG 62669 --- [week3] [           main] o.h.q.sqm.function.SqmFunctionRegistry   : Registered SqmFunctionTemplate [NamedSqmFunctionTemplate(bitand)] under bitand; prior registration was null
2025-05-05T18:23:33.017-04:00 DEBUG 62669 --- [week3] [           main] o.h.q.sqm.function.SqmFunctionRegistry   : Registered SqmFunctionTemplate [NamedSqmFunctionTemplate(last_day)] under last_day; prior registration was null
2025-05-05T18:23:33.017-04:00 DEBUG 62669 --- [week3] [           main] o.h.q.sqm.function.SqmFunctionRegistry   : Registered SqmFunctionTemplate [NamedSqmFunctionTemplate(to_number)] under to_number; prior registration was null
2025-05-05T18:23:33.017-04:00 DEBUG 62669 --- [week3] [           main] o.h.q.sqm.function.SqmFunctionRegistry   : Registered SqmFunctionTemplate [NamedSqmFunctionTemplate(to_char)] under to_char; prior registration was null
2025-05-05T18:23:33.017-04:00 DEBUG 62669 --- [week3] [           main] o.h.q.sqm.function.SqmFunctionRegistry   : Registered SqmFunctionTemplate [NamedSqmFunctionTemplate(to_date)] under to_date; prior registration was null
2025-05-05T18:23:33.017-04:00 DEBUG 62669 --- [week3] [           main] o.h.q.sqm.function.SqmFunctionRegistry   : Registered SqmFunctionTemplate [NamedSqmFunctionTemplate(to_timestamp)] under to_timestamp; prior registration was null
2025-05-05T18:23:33.017-04:00 DEBUG 62669 --- [week3] [           main] o.h.q.sqm.function.SqmFunctionRegistry   : Registered SqmFunctionTemplate [NamedSqmFunctionTemplate(ceil)] under ceil; prior registration was null
2025-05-05T18:23:33.017-04:00 DEBUG 62669 --- [week3] [           main] o.h.q.sqm.function.SqmFunctionRegistry   : Registering alternate key : ceiling -> ceil
2025-05-05T18:23:33.017-04:00 DEBUG 62669 --- [week3] [           main] o.h.q.sqm.function.SqmFunctionRegistry   : Registered SqmFunctionTemplate [org.hibernate.query.sqm.function.PatternBasedSqmFunctionDescriptor@54c3e686] under concat; prior registration was NamedSqmFunctionTemplate(concat)
2025-05-05T18:23:33.018-04:00 DEBUG 62669 --- [week3] [           main] o.h.q.sqm.function.SqmFunctionRegistry   : Registered SqmFunctionTemplate [NamedSqmFunctionTemplate(rowid)] under rowid; prior registration was null
2025-05-05T18:23:33.018-04:00 DEBUG 62669 --- [week3] [           main] o.h.q.sqm.function.SqmFunctionRegistry   : Registered SqmFunctionTemplate [NamedSqmFunctionTemplate(rownum)] under rownum; prior registration was null
2025-05-05T18:23:33.018-04:00 DEBUG 62669 --- [week3] [           main] o.h.q.sqm.function.SqmFunctionRegistry   : Registered SqmFunctionTemplate [NamedSqmFunctionTemplate(sysdate)] under sysdate; prior registration was null
2025-05-05T18:23:33.018-04:00 DEBUG 62669 --- [week3] [           main] o.h.q.sqm.function.SqmFunctionRegistry   : Registered SqmFunctionTemplate [NamedSqmFunctionTemplate(systimestamp)] under systimestamp; prior registration was null
2025-05-05T18:23:33.018-04:00 DEBUG 62669 --- [week3] [           main] o.h.q.sqm.function.SqmFunctionRegistry   : Registered SqmFunctionTemplate [NamedSqmFunctionTemplate(add_months)] under add_months; prior registration was null
2025-05-05T18:23:33.018-04:00 DEBUG 62669 --- [week3] [           main] o.h.q.sqm.function.SqmFunctionRegistry   : Registered SqmFunctionTemplate [NamedSqmFunctionTemplate(months_between)] under months_between; prior registration was null
2025-05-05T18:23:33.018-04:00 DEBUG 62669 --- [week3] [           main] o.h.q.sqm.function.SqmFunctionRegistry   : Registered SqmFunctionTemplate [org.hibernate.dialect.function.MinMaxCaseEveryAnyEmulation@3987a1e8] under every; prior registration was org.hibernate.dialect.function.EveryAnyEmulation@5847010
2025-05-05T18:23:33.018-04:00 DEBUG 62669 --- [week3] [           main] o.h.q.sqm.function.SqmFunctionRegistry   : Registered SqmFunctionTemplate [org.hibernate.dialect.function.MinMaxCaseEveryAnyEmulation@20d65767] under any; prior registration was org.hibernate.dialect.function.EveryAnyEmulation@1ad9d5be
2025-05-05T18:23:33.018-04:00 DEBUG 62669 --- [week3] [           main] o.h.q.sqm.function.SqmFunctionRegistry   : Registered SqmFunctionTemplate [org.hibernate.query.sqm.function.PatternBasedSqmFunctionDescriptor@250e8712] under repeat; prior registration was null
2025-05-05T18:23:33.018-04:00 DEBUG 62669 --- [week3] [           main] o.h.q.sqm.function.SqmFunctionRegistry   : Registered SqmFunctionTemplate [org.hibernate.query.sqm.function.PatternBasedSqmFunctionDescriptor@becb93a] under radians; prior registration was null
2025-05-05T18:23:33.018-04:00 DEBUG 62669 --- [week3] [           main] o.h.q.sqm.function.SqmFunctionRegistry   : Registered SqmFunctionTemplate [org.hibernate.query.sqm.function.PatternBasedSqmFunctionDescriptor@f60c14e] under degrees; prior registration was null
2025-05-05T18:23:33.018-04:00 DEBUG 62669 --- [week3] [           main] o.h.q.sqm.function.SqmFunctionRegistry   : Registered SqmFunctionTemplate [NamedSqmFunctionTemplate(median)] under median; prior registration was null
2025-05-05T18:23:33.018-04:00 DEBUG 62669 --- [week3] [           main] o.h.q.sqm.function.SqmFunctionRegistry   : Registered SqmFunctionTemplate [NamedSqmFunctionTemplate(stddev)] under stddev; prior registration was null
2025-05-05T18:23:33.018-04:00 DEBUG 62669 --- [week3] [           main] o.h.q.sqm.function.SqmFunctionRegistry   : Registered SqmFunctionTemplate [NamedSqmFunctionTemplate(stddev_pop)] under stddev_pop; prior registration was null
2025-05-05T18:23:33.018-04:00 DEBUG 62669 --- [week3] [           main] o.h.q.sqm.function.SqmFunctionRegistry   : Registered SqmFunctionTemplate [NamedSqmFunctionTemplate(stddev_samp)] under stddev_samp; prior registration was null
2025-05-05T18:23:33.018-04:00 DEBUG 62669 --- [week3] [           main] o.h.q.sqm.function.SqmFunctionRegistry   : Registered SqmFunctionTemplate [NamedSqmFunctionTemplate(variance)] under variance; prior registration was null
2025-05-05T18:23:33.018-04:00 DEBUG 62669 --- [week3] [           main] o.h.q.sqm.function.SqmFunctionRegistry   : Registered SqmFunctionTemplate [NamedSqmFunctionTemplate(var_pop)] under var_pop; prior registration was null
2025-05-05T18:23:33.018-04:00 DEBUG 62669 --- [week3] [           main] o.h.q.sqm.function.SqmFunctionRegistry   : Registered SqmFunctionTemplate [NamedSqmFunctionTemplate(var_samp)] under var_samp; prior registration was null
2025-05-05T18:23:33.018-04:00 DEBUG 62669 --- [week3] [           main] o.h.q.sqm.function.SqmFunctionRegistry   : Registered SqmFunctionTemplate [NamedSqmFunctionTemplate(covar_pop)] under covar_pop; prior registration was null
2025-05-05T18:23:33.018-04:00 DEBUG 62669 --- [week3] [           main] o.h.q.sqm.function.SqmFunctionRegistry   : Registered SqmFunctionTemplate [NamedSqmFunctionTemplate(covar_samp)] under covar_samp; prior registration was null
2025-05-05T18:23:33.018-04:00 DEBUG 62669 --- [week3] [           main] o.h.q.sqm.function.SqmFunctionRegistry   : Registered SqmFunctionTemplate [NamedSqmFunctionTemplate(corr)] under corr; prior registration was null
2025-05-05T18:23:33.019-04:00 DEBUG 62669 --- [week3] [           main] o.h.q.sqm.function.SqmFunctionRegistry   : Registered SqmFunctionTemplate [NamedSqmFunctionTemplate(regr_avgx)] under regr_avgx; prior registration was null
2025-05-05T18:23:33.019-04:00 DEBUG 62669 --- [week3] [           main] o.h.q.sqm.function.SqmFunctionRegistry   : Registered SqmFunctionTemplate [NamedSqmFunctionTemplate(regr_avgy)] under regr_avgy; prior registration was null
2025-05-05T18:23:33.019-04:00 DEBUG 62669 --- [week3] [           main] o.h.q.sqm.function.SqmFunctionRegistry   : Registered SqmFunctionTemplate [NamedSqmFunctionTemplate(regr_count)] under regr_count; prior registration was null
2025-05-05T18:23:33.019-04:00 DEBUG 62669 --- [week3] [           main] o.h.q.sqm.function.SqmFunctionRegistry   : Registered SqmFunctionTemplate [NamedSqmFunctionTemplate(regr_intercept)] under regr_intercept; prior registration was null
2025-05-05T18:23:33.019-04:00 DEBUG 62669 --- [week3] [           main] o.h.q.sqm.function.SqmFunctionRegistry   : Registered SqmFunctionTemplate [NamedSqmFunctionTemplate(regr_r2)] under regr_r2; prior registration was null
2025-05-05T18:23:33.019-04:00 DEBUG 62669 --- [week3] [           main] o.h.q.sqm.function.SqmFunctionRegistry   : Registered SqmFunctionTemplate [NamedSqmFunctionTemplate(regr_slope)] under regr_slope; prior registration was null
2025-05-05T18:23:33.019-04:00 DEBUG 62669 --- [week3] [           main] o.h.q.sqm.function.SqmFunctionRegistry   : Registered SqmFunctionTemplate [NamedSqmFunctionTemplate(regr_sxx)] under regr_sxx; prior registration was null
2025-05-05T18:23:33.019-04:00 DEBUG 62669 --- [week3] [           main] o.h.q.sqm.function.SqmFunctionRegistry   : Registered SqmFunctionTemplate [NamedSqmFunctionTemplate(regr_sxy)] under regr_sxy; prior registration was null
2025-05-05T18:23:33.019-04:00 DEBUG 62669 --- [week3] [           main] o.h.q.sqm.function.SqmFunctionRegistry   : Registered SqmFunctionTemplate [NamedSqmFunctionTemplate(regr_syy)] under regr_syy; prior registration was null
2025-05-05T18:23:33.019-04:00 DEBUG 62669 --- [week3] [           main] o.h.q.sqm.function.SqmFunctionRegistry   : Registered SqmFunctionTemplate [org.hibernate.dialect.function.LengthFunction@48b9773b] under character_length; prior registration was NamedSqmFunctionTemplate(character_length)
2025-05-05T18:23:33.019-04:00 DEBUG 62669 --- [week3] [           main] o.h.q.sqm.function.SqmFunctionRegistry   : Registering alternate key : length -> character_length
2025-05-05T18:23:33.019-04:00 DEBUG 62669 --- [week3] [           main] o.h.q.sqm.function.SqmFunctionRegistry   : Registered SqmFunctionTemplate [org.hibernate.dialect.function.LengthFunction@43ca96a0] under octet_length; prior registration was null
2025-05-05T18:23:33.019-04:00 DEBUG 62669 --- [week3] [           main] o.h.q.sqm.function.SqmFunctionRegistry   : Registered SqmFunctionTemplate [org.hibernate.dialect.function.LengthFunction@7c68a63c] under bit_length; prior registration was null
2025-05-05T18:23:33.019-04:00 DEBUG 62669 --- [week3] [           main] o.h.q.sqm.function.SqmFunctionRegistry   : Registered SqmFunctionTemplate [NamedSqmFunctionTemplate(coalesce)] under coalesce; prior registration was NamedSqmFunctionTemplate(coalesce)
2025-05-05T18:23:33.019-04:00 DEBUG 62669 --- [week3] [           main] o.h.q.sqm.function.SqmFunctionRegistry   : Registered SqmFunctionTemplate [org.hibernate.query.sqm.function.PatternBasedSqmFunctionDescriptor@5443086a] under bitor; prior registration was null
2025-05-05T18:23:33.019-04:00 DEBUG 62669 --- [week3] [           main] o.h.q.sqm.function.SqmFunctionRegistry   : Registered SqmFunctionTemplate [org.hibernate.query.sqm.function.PatternBasedSqmFunctionDescriptor@5740ad76] under bitxor; prior registration was null
2025-05-05T18:23:33.020-04:00 DEBUG 62669 --- [week3] [           main] o.h.q.sqm.function.SqmFunctionRegistry   : Registered SqmFunctionTemplate [org.hibernate.query.sqm.function.MultipatternSqmFunctionDescriptor@67fd2e17] under locate; prior registration was NamedSqmFunctionTemplate(locate)
2025-05-05T18:23:33.020-04:00 DEBUG 62669 --- [week3] [           main] o.h.q.sqm.function.SqmFunctionRegistry   : Registered SqmFunctionTemplate [org.hibernate.dialect.function.ListaggFunction@457b8fc3] under listagg; prior registration was null
2025-05-05T18:23:33.020-04:00 DEBUG 62669 --- [week3] [           main] o.h.q.sqm.function.SqmFunctionRegistry   : Registered SqmFunctionTemplate [NamedSqmFunctionTemplate(row_number)] under row_number; prior registration was null
2025-05-05T18:23:33.021-04:00 DEBUG 62669 --- [week3] [           main] o.h.q.sqm.function.SqmFunctionRegistry   : Registered SqmFunctionTemplate [NamedSqmFunctionTemplate(lag)] under lag; prior registration was null
2025-05-05T18:23:33.021-04:00 DEBUG 62669 --- [week3] [           main] o.h.q.sqm.function.SqmFunctionRegistry   : Registered SqmFunctionTemplate [NamedSqmFunctionTemplate(lead)] under lead; prior registration was null
2025-05-05T18:23:33.021-04:00 DEBUG 62669 --- [week3] [           main] o.h.q.sqm.function.SqmFunctionRegistry   : Registered SqmFunctionTemplate [NamedSqmFunctionTemplate(first_value)] under first_value; prior registration was null
2025-05-05T18:23:33.021-04:00 DEBUG 62669 --- [week3] [           main] o.h.q.sqm.function.SqmFunctionRegistry   : Registered SqmFunctionTemplate [NamedSqmFunctionTemplate(last_value)] under last_value; prior registration was null
2025-05-05T18:23:33.021-04:00 DEBUG 62669 --- [week3] [           main] o.h.q.sqm.function.SqmFunctionRegistry   : Registered SqmFunctionTemplate [NamedSqmFunctionTemplate(nth_value)] under nth_value; prior registration was null
2025-05-05T18:23:33.021-04:00 DEBUG 62669 --- [week3] [           main] o.h.q.sqm.function.SqmFunctionRegistry   : Registered SqmFunctionTemplate [org.hibernate.dialect.function.HypotheticalSetFunction@417751d3] under rank; prior registration was null
2025-05-05T18:23:33.021-04:00 DEBUG 62669 --- [week3] [           main] o.h.q.sqm.function.SqmFunctionRegistry   : Registered SqmFunctionTemplate [org.hibernate.dialect.function.HypotheticalSetFunction@5bf4dfb] under dense_rank; prior registration was null
2025-05-05T18:23:33.021-04:00 DEBUG 62669 --- [week3] [           main] o.h.q.sqm.function.SqmFunctionRegistry   : Registered SqmFunctionTemplate [org.hibernate.dialect.function.HypotheticalSetFunction@8c3b634] under percent_rank; prior registration was null
2025-05-05T18:23:33.021-04:00 DEBUG 62669 --- [week3] [           main] o.h.q.sqm.function.SqmFunctionRegistry   : Registered SqmFunctionTemplate [org.hibernate.dialect.function.HypotheticalSetFunction@65259737] under cume_dist; prior registration was null
2025-05-05T18:23:33.022-04:00 DEBUG 62669 --- [week3] [           main] o.h.q.sqm.function.SqmFunctionRegistry   : Registered SqmFunctionTemplate [org.hibernate.dialect.function.InverseDistributionFunction@38a52072] under mode; prior registration was null
2025-05-05T18:23:33.022-04:00 DEBUG 62669 --- [week3] [           main] o.h.q.sqm.function.SqmFunctionRegistry   : Registered SqmFunctionTemplate [org.hibernate.dialect.function.InverseDistributionFunction@306bf4c3] under percentile_cont; prior registration was null
2025-05-05T18:23:33.022-04:00 DEBUG 62669 --- [week3] [           main] o.h.q.sqm.function.SqmFunctionRegistry   : Registered SqmFunctionTemplate [org.hibernate.dialect.function.InverseDistributionFunction@5cf80dfb] under percentile_disc; prior registration was null
2025-05-05T18:23:33.022-04:00 DEBUG 62669 --- [week3] [           main] o.h.q.sqm.function.SqmFunctionRegistry   : Registered SqmFunctionTemplate [org.hibernate.dialect.function.ModeStatsModeEmulation@3130ca39] under mode; prior registration was org.hibernate.dialect.function.InverseDistributionFunction@38a52072
2025-05-05T18:23:33.025-04:00 DEBUG 62669 --- [week3] [           main] o.h.q.sqm.function.SqmFunctionRegistry   : Registered SqmFunctionTemplate [org.hibernate.dialect.function.OracleTruncFunction@64b8eb96] under trunc; prior registration was null
2025-05-05T18:23:33.025-04:00 DEBUG 62669 --- [week3] [           main] o.h.q.sqm.function.SqmFunctionRegistry   : Registering alternate key : truncate -> trunc
2025-05-05T18:23:33.026-04:00 DEBUG 62669 --- [week3] [           main] o.h.q.sqm.function.SqmFunctionRegistry   : Registered SqmFunctionTemplate [org.hibernate.dialect.function.array.OracleArrayConstructorFunction@296bfddb] under array; prior registration was null
2025-05-05T18:23:33.026-04:00 DEBUG 62669 --- [week3] [           main] o.h.q.sqm.function.SqmFunctionRegistry   : Registered SqmFunctionTemplate [org.hibernate.dialect.function.array.OracleArrayConstructorFunction@508b4f70] under array_list; prior registration was null
2025-05-05T18:23:33.027-04:00 DEBUG 62669 --- [week3] [           main] o.h.q.sqm.function.SqmFunctionRegistry   : Registered SqmFunctionTemplate [org.hibernate.dialect.function.array.OracleArrayAggEmulation@55c341d0] under array_agg; prior registration was null
2025-05-05T18:23:33.028-04:00 DEBUG 62669 --- [week3] [           main] o.h.q.sqm.function.SqmFunctionRegistry   : Registered SqmFunctionTemplate [org.hibernate.dialect.function.array.OracleArrayPositionFunction@2e7e84f8] under array_position; prior registration was null
2025-05-05T18:23:33.031-04:00 DEBUG 62669 --- [week3] [           main] o.h.q.sqm.function.SqmFunctionRegistry   : Registered SqmFunctionTemplate [org.hibernate.dialect.function.array.OracleArrayPositionsFunction@35cf91df] under array_positions; prior registration was null
2025-05-05T18:23:33.034-04:00 DEBUG 62669 --- [week3] [           main] o.h.q.sqm.function.SqmFunctionRegistry   : Registered SqmFunctionTemplate [org.hibernate.dialect.function.array.OracleArrayPositionsFunction@4e1b5532] under array_positions_list; prior registration was null
2025-05-05T18:23:33.035-04:00 DEBUG 62669 --- [week3] [           main] o.h.q.sqm.function.SqmFunctionRegistry   : Registered SqmFunctionTemplate [org.hibernate.dialect.function.array.OracleArrayLengthFunction@1aaf73b7] under array_length; prior registration was null
2025-05-05T18:23:33.035-04:00 DEBUG 62669 --- [week3] [           main] o.h.q.sqm.function.SqmFunctionRegistry   : Registered SqmFunctionTemplate [org.hibernate.dialect.function.DynamicDispatchFunction@79349b61] under length; prior registration was null
2025-05-05T18:23:33.035-04:00 DEBUG 62669 --- [week3] [           main] o.h.q.sqm.function.SqmFunctionRegistry   : Registered SqmFunctionTemplate [org.hibernate.dialect.function.array.OracleArrayConcatFunction@54033a65] under array_concat; prior registration was null
2025-05-05T18:23:33.036-04:00 DEBUG 62669 --- [week3] [           main] o.h.q.sqm.function.SqmFunctionRegistry   : Registered SqmFunctionTemplate [org.hibernate.dialect.function.array.OracleArrayConcatElementFunction@4cddc036] under array_prepend; prior registration was null
2025-05-05T18:23:33.036-04:00 DEBUG 62669 --- [week3] [           main] o.h.q.sqm.function.SqmFunctionRegistry   : Registered SqmFunctionTemplate [org.hibernate.dialect.function.array.OracleArrayConcatElementFunction@23d12a3a] under array_append; prior registration was null
2025-05-05T18:23:33.036-04:00 DEBUG 62669 --- [week3] [           main] o.h.q.sqm.function.SqmFunctionRegistry   : Registered SqmFunctionTemplate [org.hibernate.dialect.function.array.OracleArrayContainsFunction@7ee02968] under array_contains; prior registration was null
2025-05-05T18:23:33.037-04:00 DEBUG 62669 --- [week3] [           main] o.h.q.sqm.function.SqmFunctionRegistry   : Registered SqmFunctionTemplate [org.hibernate.dialect.function.array.OracleArrayContainsFunction@4a773f08] under array_contains_nullable; prior registration was null
2025-05-05T18:23:33.037-04:00 DEBUG 62669 --- [week3] [           main] o.h.q.sqm.function.SqmFunctionRegistry   : Registered SqmFunctionTemplate [org.hibernate.dialect.function.array.OracleArrayIncludesFunction@65f470f8] under array_includes; prior registration was null
2025-05-05T18:23:33.037-04:00 DEBUG 62669 --- [week3] [           main] o.h.q.sqm.function.SqmFunctionRegistry   : Registered SqmFunctionTemplate [org.hibernate.dialect.function.array.OracleArrayIncludesFunction@531299d3] under array_includes_nullable; prior registration was null
2025-05-05T18:23:33.037-04:00 DEBUG 62669 --- [week3] [           main] o.h.q.sqm.function.SqmFunctionRegistry   : Registered SqmFunctionTemplate [org.hibernate.dialect.function.array.OracleArrayIntersectsFunction@1610c03c] under array_intersects; prior registration was null
2025-05-05T18:23:33.037-04:00 DEBUG 62669 --- [week3] [           main] o.h.q.sqm.function.SqmFunctionRegistry   : Registered SqmFunctionTemplate [org.hibernate.dialect.function.array.OracleArrayIntersectsFunction@332fa1c] under array_intersects_nullable; prior registration was null
2025-05-05T18:23:33.037-04:00 DEBUG 62669 --- [week3] [           main] o.h.q.sqm.function.SqmFunctionRegistry   : Registering alternate key : array_overlaps -> array_intersects
2025-05-05T18:23:33.037-04:00 DEBUG 62669 --- [week3] [           main] o.h.q.sqm.function.SqmFunctionRegistry   : Registering alternate key : array_overlaps_nullable -> array_intersects_nullable
2025-05-05T18:23:33.037-04:00 DEBUG 62669 --- [week3] [           main] o.h.q.sqm.function.SqmFunctionRegistry   : Registered SqmFunctionTemplate [org.hibernate.dialect.function.array.OracleArrayGetFunction@7865cc83] under array_get; prior registration was null
2025-05-05T18:23:33.038-04:00 DEBUG 62669 --- [week3] [           main] o.h.q.sqm.function.SqmFunctionRegistry   : Registered SqmFunctionTemplate [org.hibernate.dialect.function.array.OracleArraySetFunction@19e5e110] under array_set; prior registration was null
2025-05-05T18:23:33.038-04:00 DEBUG 62669 --- [week3] [           main] o.h.q.sqm.function.SqmFunctionRegistry   : Registered SqmFunctionTemplate [org.hibernate.dialect.function.array.OracleArrayRemoveFunction@b2e1df3] under array_remove; prior registration was null
2025-05-05T18:23:33.038-04:00 DEBUG 62669 --- [week3] [           main] o.h.q.sqm.function.SqmFunctionRegistry   : Registered SqmFunctionTemplate [org.hibernate.dialect.function.array.OracleArrayRemoveIndexFunction@5764d421] under array_remove_index; prior registration was null
2025-05-05T18:23:33.038-04:00 DEBUG 62669 --- [week3] [           main] o.h.q.sqm.function.SqmFunctionRegistry   : Registered SqmFunctionTemplate [org.hibernate.dialect.function.array.OracleArraySliceFunction@38a27ace] under array_slice; prior registration was null
2025-05-05T18:23:33.039-04:00 DEBUG 62669 --- [week3] [           main] o.h.q.sqm.function.SqmFunctionRegistry   : Registered SqmFunctionTemplate [org.hibernate.dialect.function.array.OracleArrayReplaceFunction@432448] under array_replace; prior registration was null
2025-05-05T18:23:33.039-04:00 DEBUG 62669 --- [week3] [           main] o.h.q.sqm.function.SqmFunctionRegistry   : Registered SqmFunctionTemplate [org.hibernate.dialect.function.array.OracleArrayTrimFunction@c0521e5] under array_trim; prior registration was null
2025-05-05T18:23:33.039-04:00 DEBUG 62669 --- [week3] [           main] o.h.q.sqm.function.SqmFunctionRegistry   : Registered SqmFunctionTemplate [org.hibernate.dialect.function.array.OracleArrayFillFunction@217c6a1e] under array_fill; prior registration was null
2025-05-05T18:23:33.039-04:00 DEBUG 62669 --- [week3] [           main] o.h.q.sqm.function.SqmFunctionRegistry   : Registered SqmFunctionTemplate [org.hibernate.dialect.function.array.OracleArrayFillFunction@3fad8636] under array_fill_list; prior registration was null
2025-05-05T18:23:33.040-04:00 DEBUG 62669 --- [week3] [           main] o.h.q.sqm.function.SqmFunctionRegistry   : Registered SqmFunctionTemplate [org.hibernate.dialect.function.array.OracleArrayToStringFunction@4e31b64d] under array_to_string; prior registration was null
2025-05-05T18:23:33.041-04:00 DEBUG 62669 --- [week3] [           main] org.hibernate.HQL_FUNCTIONS              : abs(NUMERIC arg)
2025-05-05T18:23:33.041-04:00 DEBUG 62669 --- [week3] [           main] org.hibernate.HQL_FUNCTIONS              : Double acos(NUMERIC arg)
2025-05-05T18:23:33.041-04:00 DEBUG 62669 --- [week3] [           main] org.hibernate.HQL_FUNCTIONS              : add_months(DATE datetime, INTEGER months)
2025-05-05T18:23:33.041-04:00 DEBUG 62669 --- [week3] [           main] org.hibernate.HQL_FUNCTIONS              : Boolean any(BOOLEAN arg)
2025-05-05T18:23:33.041-04:00 DEBUG 62669 --- [week3] [           main] org.hibernate.HQL_FUNCTIONS              : array( ... )
2025-05-05T18:23:33.041-04:00 DEBUG 62669 --- [week3] [           main] org.hibernate.HQL_FUNCTIONS              : array_agg(arg)
2025-05-05T18:23:33.041-04:00 DEBUG 62669 --- [week3] [           main] org.hibernate.HQL_FUNCTIONS              : array_append( ... )
2025-05-05T18:23:33.041-04:00 DEBUG 62669 --- [week3] [           main] org.hibernate.HQL_FUNCTIONS              : array_concat( ... )
2025-05-05T18:23:33.041-04:00 DEBUG 62669 --- [week3] [           main] org.hibernate.HQL_FUNCTIONS              : Boolean array_contains(ARRAY haystackArray, OBJECT needleElementOrArray)
2025-05-05T18:23:33.041-04:00 DEBUG 62669 --- [week3] [           main] org.hibernate.HQL_FUNCTIONS              : Boolean array_contains_nullable(ARRAY haystackArray, OBJECT needleElementOrArray)
2025-05-05T18:23:33.041-04:00 DEBUG 62669 --- [week3] [           main] org.hibernate.HQL_FUNCTIONS              : array_fill(OBJECT element, INTEGER elementCount)
2025-05-05T18:23:33.041-04:00 DEBUG 62669 --- [week3] [           main] org.hibernate.HQL_FUNCTIONS              : array_fill_list(OBJECT element, INTEGER elementCount)
2025-05-05T18:23:33.041-04:00 DEBUG 62669 --- [week3] [           main] org.hibernate.HQL_FUNCTIONS              : array_get( ... )
2025-05-05T18:23:33.041-04:00 DEBUG 62669 --- [week3] [           main] org.hibernate.HQL_FUNCTIONS              : Boolean array_includes(ARRAY haystackArray, OBJECT needleArray)
2025-05-05T18:23:33.041-04:00 DEBUG 62669 --- [week3] [           main] org.hibernate.HQL_FUNCTIONS              : Boolean array_includes_nullable(ARRAY haystackArray, OBJECT needleArray)
2025-05-05T18:23:33.041-04:00 DEBUG 62669 --- [week3] [           main] org.hibernate.HQL_FUNCTIONS              : Boolean array_intersects(ARRAY array0, OBJECT array1)
2025-05-05T18:23:33.041-04:00 DEBUG 62669 --- [week3] [           main] org.hibernate.HQL_FUNCTIONS              : Boolean array_intersects_nullable(ARRAY array0, OBJECT array1)
2025-05-05T18:23:33.041-04:00 DEBUG 62669 --- [week3] [           main] org.hibernate.HQL_FUNCTIONS              : Integer array_length(ARRAY array)
2025-05-05T18:23:33.041-04:00 DEBUG 62669 --- [week3] [           main] org.hibernate.HQL_FUNCTIONS              : array_list( ... )
2025-05-05T18:23:33.041-04:00 DEBUG 62669 --- [week3] [           main] org.hibernate.HQL_FUNCTIONS              : Boolean array_overlaps(ARRAY array0, OBJECT array1)
2025-05-05T18:23:33.041-04:00 DEBUG 62669 --- [week3] [           main] org.hibernate.HQL_FUNCTIONS              : Boolean array_overlaps_nullable(ARRAY array0, OBJECT array1)
2025-05-05T18:23:33.041-04:00 DEBUG 62669 --- [week3] [           main] org.hibernate.HQL_FUNCTIONS              : Integer array_position(ARRAY array, OBJECT element[, INTEGER startPosition])
2025-05-05T18:23:33.041-04:00 DEBUG 62669 --- [week3] [           main] org.hibernate.HQL_FUNCTIONS              : int[] array_positions(ARRAY array, OBJECT element)
2025-05-05T18:23:33.041-04:00 DEBUG 62669 --- [week3] [           main] org.hibernate.HQL_FUNCTIONS              : List array_positions_list(ARRAY array, OBJECT element)
2025-05-05T18:23:33.041-04:00 DEBUG 62669 --- [week3] [           main] org.hibernate.HQL_FUNCTIONS              : array_prepend( ... )
2025-05-05T18:23:33.041-04:00 DEBUG 62669 --- [week3] [           main] org.hibernate.HQL_FUNCTIONS              : array_remove( ... )
2025-05-05T18:23:33.041-04:00 DEBUG 62669 --- [week3] [           main] org.hibernate.HQL_FUNCTIONS              : array_remove_index( ... )
2025-05-05T18:23:33.041-04:00 DEBUG 62669 --- [week3] [           main] org.hibernate.HQL_FUNCTIONS              : array_replace( ... )
2025-05-05T18:23:33.041-04:00 DEBUG 62669 --- [week3] [           main] org.hibernate.HQL_FUNCTIONS              : array_set( ... )
2025-05-05T18:23:33.041-04:00 DEBUG 62669 --- [week3] [           main] org.hibernate.HQL_FUNCTIONS              : array_slice( ... )
2025-05-05T18:23:33.041-04:00 DEBUG 62669 --- [week3] [           main] org.hibernate.HQL_FUNCTIONS              : String array_to_string( ... )
2025-05-05T18:23:33.041-04:00 DEBUG 62669 --- [week3] [           main] org.hibernate.HQL_FUNCTIONS              : array_trim( ... )
2025-05-05T18:23:33.041-04:00 DEBUG 62669 --- [week3] [           main] org.hibernate.HQL_FUNCTIONS              : Integer ascii(STRING arg)
2025-05-05T18:23:33.041-04:00 DEBUG 62669 --- [week3] [           main] org.hibernate.HQL_FUNCTIONS              : Double asin(NUMERIC arg)
2025-05-05T18:23:33.041-04:00 DEBUG 62669 --- [week3] [           main] org.hibernate.HQL_FUNCTIONS              : Double atan(NUMERIC arg)
2025-05-05T18:23:33.041-04:00 DEBUG 62669 --- [week3] [           main] org.hibernate.HQL_FUNCTIONS              : Double atan2(NUMERIC arg0, NUMERIC arg1)
2025-05-05T18:23:33.041-04:00 DEBUG 62669 --- [week3] [           main] org.hibernate.HQL_FUNCTIONS              : avg(arg)
2025-05-05T18:23:33.041-04:00 DEBUG 62669 --- [week3] [           main] org.hibernate.HQL_FUNCTIONS              : Integer bit_length(STRING_OR_CLOB arg)
2025-05-05T18:23:33.041-04:00 DEBUG 62669 --- [week3] [           main] org.hibernate.HQL_FUNCTIONS              : bitand(arg0, arg1)
2025-05-05T18:23:33.041-04:00 DEBUG 62669 --- [week3] [           main] org.hibernate.HQL_FUNCTIONS              : bitor(arg0, arg1)
2025-05-05T18:23:33.041-04:00 DEBUG 62669 --- [week3] [           main] org.hibernate.HQL_FUNCTIONS              : bitxor(arg0, arg1)
2025-05-05T18:23:33.041-04:00 DEBUG 62669 --- [week3] [           main] org.hibernate.HQL_FUNCTIONS              : cast(arg as Type)
2025-05-05T18:23:33.041-04:00 DEBUG 62669 --- [week3] [           main] org.hibernate.HQL_FUNCTIONS              : ceil(NUMERIC arg)
2025-05-05T18:23:33.041-04:00 DEBUG 62669 --- [week3] [           main] org.hibernate.HQL_FUNCTIONS              : ceiling(NUMERIC arg)
2025-05-05T18:23:33.041-04:00 DEBUG 62669 --- [week3] [           main] org.hibernate.HQL_FUNCTIONS              : Character char(INTEGER arg)
2025-05-05T18:23:33.041-04:00 DEBUG 62669 --- [week3] [           main] org.hibernate.HQL_FUNCTIONS              : Integer character_length(STRING_OR_CLOB arg)
2025-05-05T18:23:33.041-04:00 DEBUG 62669 --- [week3] [           main] org.hibernate.HQL_FUNCTIONS              : Character chr(INTEGER arg)
2025-05-05T18:23:33.041-04:00 DEBUG 62669 --- [week3] [           main] org.hibernate.HQL_FUNCTIONS              : coalesce(arg0[, arg1[, ...]])
2025-05-05T18:23:33.041-04:00 DEBUG 62669 --- [week3] [           main] org.hibernate.HQL_FUNCTIONS              : String collate(STRING string as COLLATION collation)
2025-05-05T18:23:33.041-04:00 DEBUG 62669 --- [week3] [           main] org.hibernate.HQL_FUNCTIONS              : String concat(STRING string0[, STRING string1[, ...]])
2025-05-05T18:23:33.041-04:00 DEBUG 62669 --- [week3] [           main] org.hibernate.HQL_FUNCTIONS              : Double corr(NUMERIC arg0, NUMERIC arg1)
2025-05-05T18:23:33.041-04:00 DEBUG 62669 --- [week3] [           main] org.hibernate.HQL_FUNCTIONS              : Double cos(NUMERIC arg)
2025-05-05T18:23:33.041-04:00 DEBUG 62669 --- [week3] [           main] org.hibernate.HQL_FUNCTIONS              : Double cosh(NUMERIC arg)
2025-05-05T18:23:33.041-04:00 DEBUG 62669 --- [week3] [           main] org.hibernate.HQL_FUNCTIONS              : Long count([distinct ]{arg|*})
2025-05-05T18:23:33.041-04:00 DEBUG 62669 --- [week3] [           main] org.hibernate.HQL_FUNCTIONS              : Double covar_pop(NUMERIC arg0, NUMERIC arg1)
2025-05-05T18:23:33.041-04:00 DEBUG 62669 --- [week3] [           main] org.hibernate.HQL_FUNCTIONS              : Double covar_samp(NUMERIC arg0, NUMERIC arg1)
2025-05-05T18:23:33.041-04:00 DEBUG 62669 --- [week3] [           main] org.hibernate.HQL_FUNCTIONS              : Double cume_dist([arg0[, ...]])
2025-05-05T18:23:33.042-04:00 DEBUG 62669 --- [week3] [           main] org.hibernate.HQL_FUNCTIONS              : Date current date
2025-05-05T18:23:33.042-04:00 DEBUG 62669 --- [week3] [           main] org.hibernate.HQL_FUNCTIONS              : Time current time
2025-05-05T18:23:33.042-04:00 DEBUG 62669 --- [week3] [           main] org.hibernate.HQL_FUNCTIONS              : Timestamp current timestamp
2025-05-05T18:23:33.042-04:00 DEBUG 62669 --- [week3] [           main] org.hibernate.HQL_FUNCTIONS              : Date current_date
2025-05-05T18:23:33.042-04:00 DEBUG 62669 --- [week3] [           main] org.hibernate.HQL_FUNCTIONS              : Instant current_instant
2025-05-05T18:23:33.042-04:00 DEBUG 62669 --- [week3] [           main] org.hibernate.HQL_FUNCTIONS              : Time current_time
2025-05-05T18:23:33.042-04:00 DEBUG 62669 --- [week3] [           main] org.hibernate.HQL_FUNCTIONS              : Timestamp current_timestamp
2025-05-05T18:23:33.042-04:00 DEBUG 62669 --- [week3] [           main] org.hibernate.HQL_FUNCTIONS              : dateadd(TEMPORAL_UNIT field, INTEGER magnitude, TEMPORAL datetime)
2025-05-05T18:23:33.042-04:00 DEBUG 62669 --- [week3] [           main] org.hibernate.HQL_FUNCTIONS              : Long|Double datediff(TEMPORAL_UNIT field, TEMPORAL start, TEMPORAL end)
2025-05-05T18:23:33.042-04:00 DEBUG 62669 --- [week3] [           main] org.hibernate.HQL_FUNCTIONS              : Double degrees(NUMERIC arg)
2025-05-05T18:23:33.042-04:00 DEBUG 62669 --- [week3] [           main] org.hibernate.HQL_FUNCTIONS              : Long dense_rank([arg0[, ...]])
2025-05-05T18:23:33.042-04:00 DEBUG 62669 --- [week3] [           main] org.hibernate.HQL_FUNCTIONS              : Boolean every(BOOLEAN arg)
2025-05-05T18:23:33.042-04:00 DEBUG 62669 --- [week3] [           main] org.hibernate.HQL_FUNCTIONS              : Double exp(NUMERIC arg)
2025-05-05T18:23:33.042-04:00 DEBUG 62669 --- [week3] [           main] org.hibernate.HQL_FUNCTIONS              : extract(TEMPORAL_UNIT field from TEMPORAL arg)
2025-05-05T18:23:33.042-04:00 DEBUG 62669 --- [week3] [           main] org.hibernate.HQL_FUNCTIONS              : first_valueANY value
2025-05-05T18:23:33.042-04:00 DEBUG 62669 --- [week3] [           main] org.hibernate.HQL_FUNCTIONS              : floor(NUMERIC arg)
2025-05-05T18:23:33.042-04:00 DEBUG 62669 --- [week3] [           main] org.hibernate.HQL_FUNCTIONS              : String format(TEMPORAL datetime as STRING pattern)
2025-05-05T18:23:33.042-04:00 DEBUG 62669 --- [week3] [           main] org.hibernate.HQL_FUNCTIONS              : greatest(COMPARABLE arg0, COMPARABLE arg1[, arg2[, ...]])
2025-05-05T18:23:33.042-04:00 DEBUG 62669 --- [week3] [           main] org.hibernate.HQL_FUNCTIONS              : ifnull(arg0, arg1)
2025-05-05T18:23:33.042-04:00 DEBUG 62669 --- [week3] [           main] org.hibernate.HQL_FUNCTIONS              : String initcap(arg)
2025-05-05T18:23:33.042-04:00 DEBUG 62669 --- [week3] [           main] org.hibernate.HQL_FUNCTIONS              : Instant instant
2025-05-05T18:23:33.042-04:00 DEBUG 62669 --- [week3] [           main] org.hibernate.HQL_FUNCTIONS              : Integer instr(STRING string, STRING pattern[, INTEGER start[, INTEGER occurrence]])
2025-05-05T18:23:33.042-04:00 DEBUG 62669 --- [week3] [           main] org.hibernate.HQL_FUNCTIONS              : lagANY value[, INTEGER offset[, ANY default]]
2025-05-05T18:23:33.042-04:00 DEBUG 62669 --- [week3] [           main] org.hibernate.HQL_FUNCTIONS              : Date last_day(DATE arg)
2025-05-05T18:23:33.042-04:00 DEBUG 62669 --- [week3] [           main] org.hibernate.HQL_FUNCTIONS              : last_valueANY value
2025-05-05T18:23:33.042-04:00 DEBUG 62669 --- [week3] [           main] org.hibernate.HQL_FUNCTIONS              : leadANY value[, INTEGER offset[, ANY default]]
2025-05-05T18:23:33.042-04:00 DEBUG 62669 --- [week3] [           main] org.hibernate.HQL_FUNCTIONS              : least(COMPARABLE arg0, COMPARABLE arg1[, arg2[, ...]])
2025-05-05T18:23:33.042-04:00 DEBUG 62669 --- [week3] [           main] org.hibernate.HQL_FUNCTIONS              : String left(STRING string, INTEGER length)
2025-05-05T18:23:33.042-04:00 DEBUG 62669 --- [week3] [           main] org.hibernate.HQL_FUNCTIONS              : length
2025-05-05T18:23:33.042-04:00 DEBUG 62669 --- [week3] [           main] org.hibernate.HQL_FUNCTIONS              : String listagg(STRING arg0, STRING arg1)
2025-05-05T18:23:33.042-04:00 DEBUG 62669 --- [week3] [           main] org.hibernate.HQL_FUNCTIONS              : Double ln(NUMERIC arg)
2025-05-05T18:23:33.042-04:00 DEBUG 62669 --- [week3] [           main] org.hibernate.HQL_FUNCTIONS              : LocalDate local date
2025-05-05T18:23:33.042-04:00 DEBUG 62669 --- [week3] [           main] org.hibernate.HQL_FUNCTIONS              : LocalDateTime local datetime
2025-05-05T18:23:33.042-04:00 DEBUG 62669 --- [week3] [           main] org.hibernate.HQL_FUNCTIONS              : LocalTime local time
2025-05-05T18:23:33.042-04:00 DEBUG 62669 --- [week3] [           main] org.hibernate.HQL_FUNCTIONS              : LocalDate local_date
2025-05-05T18:23:33.042-04:00 DEBUG 62669 --- [week3] [           main] org.hibernate.HQL_FUNCTIONS              : LocalDateTime local_datetime
2025-05-05T18:23:33.042-04:00 DEBUG 62669 --- [week3] [           main] org.hibernate.HQL_FUNCTIONS              : LocalTime local_time
2025-05-05T18:23:33.042-04:00 DEBUG 62669 --- [week3] [           main] org.hibernate.HQL_FUNCTIONS              : Integer locate(pattern, string[, start])
2025-05-05T18:23:33.042-04:00 DEBUG 62669 --- [week3] [           main] org.hibernate.HQL_FUNCTIONS              : Double log(NUMERIC arg0[, NUMERIC arg1])
2025-05-05T18:23:33.042-04:00 DEBUG 62669 --- [week3] [           main] org.hibernate.HQL_FUNCTIONS              : Double log10(NUMERIC arg)
2025-05-05T18:23:33.042-04:00 DEBUG 62669 --- [week3] [           main] org.hibernate.HQL_FUNCTIONS              : String lower(STRING string)
2025-05-05T18:23:33.042-04:00 DEBUG 62669 --- [week3] [           main] org.hibernate.HQL_FUNCTIONS              : String lpad(STRING string, INTEGER length[, STRING padding])
2025-05-05T18:23:33.042-04:00 DEBUG 62669 --- [week3] [           main] org.hibernate.HQL_FUNCTIONS              : String ltrim(STRING string[, STRING characters])
2025-05-05T18:23:33.042-04:00 DEBUG 62669 --- [week3] [           main] org.hibernate.HQL_FUNCTIONS              : max(COMPARABLE arg)
2025-05-05T18:23:33.042-04:00 DEBUG 62669 --- [week3] [           main] org.hibernate.HQL_FUNCTIONS              : Double median(NUMERIC arg)
2025-05-05T18:23:33.042-04:00 DEBUG 62669 --- [week3] [           main] org.hibernate.HQL_FUNCTIONS              : min(COMPARABLE arg)
2025-05-05T18:23:33.042-04:00 DEBUG 62669 --- [week3] [           main] org.hibernate.HQL_FUNCTIONS              : Integer mod(INTEGER arg0, INTEGER arg1)
2025-05-05T18:23:33.042-04:00 DEBUG 62669 --- [week3] [           main] org.hibernate.HQL_FUNCTIONS              : mode()
2025-05-05T18:23:33.042-04:00 DEBUG 62669 --- [week3] [           main] org.hibernate.HQL_FUNCTIONS              : Integer months_between(DATE end, DATE start)
2025-05-05T18:23:33.042-04:00 DEBUG 62669 --- [week3] [           main] org.hibernate.HQL_FUNCTIONS              : nth_valueANY value, INTEGER nth
2025-05-05T18:23:33.042-04:00 DEBUG 62669 --- [week3] [           main] org.hibernate.HQL_FUNCTIONS              : nullif(arg0, arg1)
2025-05-05T18:23:33.042-04:00 DEBUG 62669 --- [week3] [           main] org.hibernate.HQL_FUNCTIONS              : Integer octet_length(STRING_OR_CLOB arg)
2025-05-05T18:23:33.042-04:00 DEBUG 62669 --- [week3] [           main] org.hibernate.HQL_FUNCTIONS              : OffsetDateTime offset datetime
2025-05-05T18:23:33.042-04:00 DEBUG 62669 --- [week3] [           main] org.hibernate.HQL_FUNCTIONS              : OffsetDateTime offset_datetime
2025-05-05T18:23:33.042-04:00 DEBUG 62669 --- [week3] [           main] org.hibernate.HQL_FUNCTIONS              : String overlay(STRING string placing STRING replacement from INTEGER start[ for INTEGER length])
2025-05-05T18:23:33.042-04:00 DEBUG 62669 --- [week3] [           main] org.hibernate.HQL_FUNCTIONS              : String pad(STRING string with INTEGER length {leading|trailing}[ STRING character])
2025-05-05T18:23:33.042-04:00 DEBUG 62669 --- [week3] [           main] org.hibernate.HQL_FUNCTIONS              : Double percent_rank([arg0[, ...]])
2025-05-05T18:23:33.042-04:00 DEBUG 62669 --- [week3] [           main] org.hibernate.HQL_FUNCTIONS              : percentile_cont(NUMERIC arg)
2025-05-05T18:23:33.042-04:00 DEBUG 62669 --- [week3] [           main] org.hibernate.HQL_FUNCTIONS              : percentile_disc(NUMERIC arg)
2025-05-05T18:23:33.042-04:00 DEBUG 62669 --- [week3] [           main] org.hibernate.HQL_FUNCTIONS              : Double pi
2025-05-05T18:23:33.042-04:00 DEBUG 62669 --- [week3] [           main] org.hibernate.HQL_FUNCTIONS              : Integer position(STRING pattern in STRING string)
2025-05-05T18:23:33.042-04:00 DEBUG 62669 --- [week3] [           main] org.hibernate.HQL_FUNCTIONS              : Double power(NUMERIC arg0, NUMERIC arg1)
2025-05-05T18:23:33.042-04:00 DEBUG 62669 --- [week3] [           main] org.hibernate.HQL_FUNCTIONS              : Double radians(NUMERIC arg)
2025-05-05T18:23:33.042-04:00 DEBUG 62669 --- [week3] [           main] org.hibernate.HQL_FUNCTIONS              : Long rank([arg0[, ...]])
2025-05-05T18:23:33.042-04:00 DEBUG 62669 --- [week3] [           main] org.hibernate.HQL_FUNCTIONS              : Double regr_avgx(NUMERIC arg0, NUMERIC arg1)
2025-05-05T18:23:33.042-04:00 DEBUG 62669 --- [week3] [           main] org.hibernate.HQL_FUNCTIONS              : Double regr_avgy(NUMERIC arg0, NUMERIC arg1)
2025-05-05T18:23:33.042-04:00 DEBUG 62669 --- [week3] [           main] org.hibernate.HQL_FUNCTIONS              : Double regr_count(NUMERIC arg0, NUMERIC arg1)
2025-05-05T18:23:33.042-04:00 DEBUG 62669 --- [week3] [           main] org.hibernate.HQL_FUNCTIONS              : Double regr_intercept(NUMERIC arg0, NUMERIC arg1)
2025-05-05T18:23:33.042-04:00 DEBUG 62669 --- [week3] [           main] org.hibernate.HQL_FUNCTIONS              : Double regr_r2(NUMERIC arg0, NUMERIC arg1)
2025-05-05T18:23:33.042-04:00 DEBUG 62669 --- [week3] [           main] org.hibernate.HQL_FUNCTIONS              : Double regr_slope(NUMERIC arg0, NUMERIC arg1)
2025-05-05T18:23:33.042-04:00 DEBUG 62669 --- [week3] [           main] org.hibernate.HQL_FUNCTIONS              : Double regr_sxx(NUMERIC arg0, NUMERIC arg1)
2025-05-05T18:23:33.042-04:00 DEBUG 62669 --- [week3] [           main] org.hibernate.HQL_FUNCTIONS              : Double regr_sxy(NUMERIC arg0, NUMERIC arg1)
2025-05-05T18:23:33.042-04:00 DEBUG 62669 --- [week3] [           main] org.hibernate.HQL_FUNCTIONS              : Double regr_syy(NUMERIC arg0, NUMERIC arg1)
2025-05-05T18:23:33.042-04:00 DEBUG 62669 --- [week3] [           main] org.hibernate.HQL_FUNCTIONS              : String repeat(STRING string, INTEGER times)
2025-05-05T18:23:33.042-04:00 DEBUG 62669 --- [week3] [           main] org.hibernate.HQL_FUNCTIONS              : String replace(STRING string, STRING pattern, STRING replacement)
2025-05-05T18:23:33.042-04:00 DEBUG 62669 --- [week3] [           main] org.hibernate.HQL_FUNCTIONS              : String right(STRING string, INTEGER length)
2025-05-05T18:23:33.042-04:00 DEBUG 62669 --- [week3] [           main] org.hibernate.HQL_FUNCTIONS              : round(NUMERIC number[, INTEGER places])
2025-05-05T18:23:33.042-04:00 DEBUG 62669 --- [week3] [           main] org.hibernate.HQL_FUNCTIONS              : Long row_number()
2025-05-05T18:23:33.042-04:00 DEBUG 62669 --- [week3] [           main] org.hibernate.HQL_FUNCTIONS              : Long rowid
2025-05-05T18:23:33.042-04:00 DEBUG 62669 --- [week3] [           main] org.hibernate.HQL_FUNCTIONS              : Long rownum
2025-05-05T18:23:33.043-04:00 DEBUG 62669 --- [week3] [           main] org.hibernate.HQL_FUNCTIONS              : String rpad(STRING string, INTEGER length[, STRING padding])
2025-05-05T18:23:33.043-04:00 DEBUG 62669 --- [week3] [           main] org.hibernate.HQL_FUNCTIONS              : String rtrim(STRING string[, STRING characters])
2025-05-05T18:23:33.043-04:00 DEBUG 62669 --- [week3] [           main] org.hibernate.HQL_FUNCTIONS              : Integer sign(NUMERIC arg)
2025-05-05T18:23:33.043-04:00 DEBUG 62669 --- [week3] [           main] org.hibernate.HQL_FUNCTIONS              : Double sin(NUMERIC arg)
2025-05-05T18:23:33.043-04:00 DEBUG 62669 --- [week3] [           main] org.hibernate.HQL_FUNCTIONS              : Double sinh(NUMERIC arg)
2025-05-05T18:23:33.043-04:00 DEBUG 62669 --- [week3] [           main] org.hibernate.HQL_FUNCTIONS              : String soundex(arg)
2025-05-05T18:23:33.043-04:00 DEBUG 62669 --- [week3] [           main] org.hibernate.HQL_FUNCTIONS              : Object sql
2025-05-05T18:23:33.043-04:00 DEBUG 62669 --- [week3] [           main] org.hibernate.HQL_FUNCTIONS              : Double sqrt(NUMERIC arg)
2025-05-05T18:23:33.043-04:00 DEBUG 62669 --- [week3] [           main] org.hibernate.HQL_FUNCTIONS              : Double stddev(NUMERIC arg)
2025-05-05T18:23:33.043-04:00 DEBUG 62669 --- [week3] [           main] org.hibernate.HQL_FUNCTIONS              : Double stddev_pop(NUMERIC arg)
2025-05-05T18:23:33.043-04:00 DEBUG 62669 --- [week3] [           main] org.hibernate.HQL_FUNCTIONS              : Double stddev_samp(NUMERIC arg)
2025-05-05T18:23:33.043-04:00 DEBUG 62669 --- [week3] [           main] org.hibernate.HQL_FUNCTIONS              : String str(arg)
2025-05-05T18:23:33.043-04:00 DEBUG 62669 --- [week3] [           main] org.hibernate.HQL_FUNCTIONS              : String substr(STRING string, INTEGER start[, INTEGER length])
2025-05-05T18:23:33.043-04:00 DEBUG 62669 --- [week3] [           main] org.hibernate.HQL_FUNCTIONS              : String substring(STRING string{ from|,} INTEGER start[{ for|,} INTEGER length])
2025-05-05T18:23:33.043-04:00 DEBUG 62669 --- [week3] [           main] org.hibernate.HQL_FUNCTIONS              : sum(arg)
2025-05-05T18:23:33.043-04:00 DEBUG 62669 --- [week3] [           main] org.hibernate.HQL_FUNCTIONS              : Timestamp sysdate
2025-05-05T18:23:33.043-04:00 DEBUG 62669 --- [week3] [           main] org.hibernate.HQL_FUNCTIONS              : Timestamp systimestamp
2025-05-05T18:23:33.043-04:00 DEBUG 62669 --- [week3] [           main] org.hibernate.HQL_FUNCTIONS              : Double tan(NUMERIC arg)
2025-05-05T18:23:33.043-04:00 DEBUG 62669 --- [week3] [           main] org.hibernate.HQL_FUNCTIONS              : Double tanh(NUMERIC arg)
2025-05-05T18:23:33.043-04:00 DEBUG 62669 --- [week3] [           main] org.hibernate.HQL_FUNCTIONS              : timestampadd(TEMPORAL_UNIT field, INTEGER magnitude, TEMPORAL datetime)
2025-05-05T18:23:33.043-04:00 DEBUG 62669 --- [week3] [           main] org.hibernate.HQL_FUNCTIONS              : Long|Double timestampdiff(TEMPORAL_UNIT field, TEMPORAL start, TEMPORAL end)
2025-05-05T18:23:33.043-04:00 DEBUG 62669 --- [week3] [           main] org.hibernate.HQL_FUNCTIONS              : String to_char(ANY arg0[, STRING arg1, STRING arg2])
2025-05-05T18:23:33.043-04:00 DEBUG 62669 --- [week3] [           main] org.hibernate.HQL_FUNCTIONS              : Date to_date(STRING arg0[, STRING arg1, STRING arg2])
2025-05-05T18:23:33.043-04:00 DEBUG 62669 --- [week3] [           main] org.hibernate.HQL_FUNCTIONS              : Double to_number(STRING arg0[, STRING arg1, STRING arg2])
2025-05-05T18:23:33.043-04:00 DEBUG 62669 --- [week3] [           main] org.hibernate.HQL_FUNCTIONS              : Timestamp to_timestamp(STRING arg0[, STRING arg1, STRING arg2])
2025-05-05T18:23:33.043-04:00 DEBUG 62669 --- [week3] [           main] org.hibernate.HQL_FUNCTIONS              : String translate(STRING arg0, STRING arg1, STRING arg2)
2025-05-05T18:23:33.043-04:00 DEBUG 62669 --- [week3] [           main] org.hibernate.HQL_FUNCTIONS              : String trim([[{leading|trailing|both} ][STRING arg0 ]from] STRING arg1)
2025-05-05T18:23:33.043-04:00 DEBUG 62669 --- [week3] [           main] org.hibernate.HQL_FUNCTIONS              : trunc( ... )
2025-05-05T18:23:33.043-04:00 DEBUG 62669 --- [week3] [           main] org.hibernate.HQL_FUNCTIONS              : truncate( ... )
2025-05-05T18:23:33.043-04:00 DEBUG 62669 --- [week3] [           main] org.hibernate.HQL_FUNCTIONS              : String upper(STRING string)
2025-05-05T18:23:33.043-04:00 DEBUG 62669 --- [week3] [           main] org.hibernate.HQL_FUNCTIONS              : Double var_pop(NUMERIC arg)
2025-05-05T18:23:33.043-04:00 DEBUG 62669 --- [week3] [           main] org.hibernate.HQL_FUNCTIONS              : Double var_samp(NUMERIC arg)
2025-05-05T18:23:33.043-04:00 DEBUG 62669 --- [week3] [           main] org.hibernate.HQL_FUNCTIONS              : Double variance(NUMERIC arg)
2025-05-05T18:23:33.046-04:00 DEBUG 62669 --- [week3] [           main] org.hibernate.orm.query.plan.cache       : Starting QueryInterpretationCache(2048)
2025-05-05T18:23:33.048-04:00 DEBUG 62669 --- [week3] [onnection adder] jdk.event.security                       : X509Certificate: Alg:SHA256withRSA, Serial:0e:53:5a:9b:ac:d4:b9:00:33:9c:4e:0d:7e:87:e7:12, Subject:CN=adb.sa-santiago-1.oraclecloud.com, O=Oracle Corporation, L=Redwood City, ST=California, C=US, Issuer:CN=DigiCert TLS RSA SHA256 2020 CA1, O=DigiCert Inc, C=US, Key type:RSA, Length:2048, Cert Id:3580545443, Valid from:10/28/24, 9:00 PM, Valid until:11/19/25, 8:59 PM
2025-05-05T18:23:33.048-04:00 DEBUG 62669 --- [week3] [onnection adder] jdk.event.security                       : X509Certificate: Alg:SHA256withRSA, Serial:0a:35:08:d5:5c:29:2b:01:7d:f8:ad:65:c0:0f:f7:e4, Subject:CN=DigiCert TLS RSA SHA256 2020 CA1, O=DigiCert Inc, C=US, Issuer:CN=DigiCert Global Root CA, OU=www.digicert.com, O=DigiCert Inc, C=US, Key type:RSA, Length:2048, Cert Id:128597027, Valid from:9/23/20, 9:00 PM, Valid until:9/23/30, 8:59 PM
2025-05-05T18:23:33.048-04:00 DEBUG 62669 --- [week3] [onnection adder] jdk.event.security                       : X509Certificate: Alg:SHA1withRSA, Serial:08:3b:e0:56:90:42:46:b1:a1:75:6a:c9:59:91:c7:4a, Subject:CN=DigiCert Global Root CA, OU=www.digicert.com, O=DigiCert Inc, C=US, Issuer:CN=DigiCert Global Root CA, OU=www.digicert.com, O=DigiCert Inc, C=US, Key type:RSA, Length:2048, Cert Id:1341898239, Valid from:11/9/06, 9:00 PM, Valid until:11/9/31, 9:00 PM
2025-05-05T18:23:33.049-04:00 DEBUG 62669 --- [week3] [onnection adder] jdk.event.security                       : X509Certificate: Alg:SHA256withRSA, Serial:00, Subject:CN=CE1EBE1A8995441E8C557925BE78B937, DNQ=V1, Issuer:C=US, ST=California, L=Redwood Shores, O=Oracle Corporation Autonomous Database Global Self-signed CA, CN=Autonomous Database CA, Key type:RSA, Length:2048, Cert Id:2900283042, Valid from:3/16/25, 6:29 PM, Valid until:3/15/30, 6:29 PM
2025-05-05T18:23:33.049-04:00 DEBUG 62669 --- [week3] [onnection adder] jdk.event.security                       : X509Certificate: Alg:SHA256withRSA, Serial:00:e0:e2:96:9e:3a:1b:fc:99:09:cb:6c:14:45:25:6a:f1, Subject:C=US, ST=California, L=Redwood Shores, O=Oracle Corporation Autonomous Database Global Self-signed CA, CN=Autonomous Database CA, Issuer:C=US, ST=California, L=Redwood Shores, O=Oracle Corporation Autonomous Database Global Self-signed CA, CN=Autonomous Database CA, Key type:RSA, Length:2048, Cert Id:2439676835, Valid from:7/1/21, 11:14 PM, Valid until:6/26/41, 11:14 PM
2025-05-05T18:23:33.049-04:00 DEBUG 62669 --- [week3] [onnection adder] jdk.event.security                       : X509Certificate: Alg:SHA1withRSA, Serial:08:3b:e0:56:90:42:46:b1:a1:75:6a:c9:59:91:c7:4a, Subject:CN=DigiCert Global Root CA, OU=www.digicert.com, O=DigiCert Inc, C=US, Issuer:CN=DigiCert Global Root CA, OU=www.digicert.com, O=DigiCert Inc, C=US, Key type:RSA, Length:2048, Cert Id:1341898239, Valid from:11/9/06, 9:00 PM, Valid until:11/9/31, 9:00 PM
2025-05-05T18:23:33.050-04:00 DEBUG 62669 --- [week3] [onnection adder] jdk.event.security                       : ValidationChain: 1341898239, 128597027, 3580545443
2025-05-05T18:23:33.050-04:00 DEBUG 62669 --- [week3] [onnection adder] jdk.event.security                       : X509Certificate: Alg:SHA1withRSA, Serial:08:3b:e0:56:90:42:46:b1:a1:75:6a:c9:59:91:c7:4a, Subject:CN=DigiCert Global Root CA, OU=www.digicert.com, O=DigiCert Inc, C=US, Issuer:CN=DigiCert Global Root CA, OU=www.digicert.com, O=DigiCert Inc, C=US, Key type:RSA, Length:2048, Cert Id:1341898239, Valid from:11/9/06, 9:00 PM, Valid until:11/9/31, 9:00 PM
2025-05-05T18:23:33.074-04:00 DEBUG 62669 --- [week3] [onnection adder] jdk.event.security                       :  TLSHandshake: adb.sa-santiago-1.oraclecloud.com:1522, TLSv1.2, TLS_RSA_WITH_AES_256_GCM_SHA384, 3580545443
2025-05-05T18:23:33.091-04:00 DEBUG 62669 --- [week3] [           main] .h.s.i.SessionFactoryServiceRegistryImpl : EventListenerRegistry access via ServiceRegistry is deprecated.  Use `sessionFactory.getEventEngine().getListenerRegistry()` instead
2025-05-05T18:23:33.092-04:00 DEBUG 62669 --- [week3] [           main] h.e.i.EntityCopyObserverFactoryInitiator : Configured EntityCopyObserver strategy: disallow
2025-05-05T18:23:33.103-04:00 DEBUG 62669 --- [week3] [onnection adder] jdk.event.security                       : X509Certificate: Alg:SHA256withRSA, Serial:0e:53:5a:9b:ac:d4:b9:00:33:9c:4e:0d:7e:87:e7:12, Subject:CN=adb.sa-santiago-1.oraclecloud.com, O=Oracle Corporation, L=Redwood City, ST=California, C=US, Issuer:CN=DigiCert TLS RSA SHA256 2020 CA1, O=DigiCert Inc, C=US, Key type:RSA, Length:2048, Cert Id:3580545443, Valid from:10/28/24, 9:00 PM, Valid until:11/19/25, 8:59 PM
2025-05-05T18:23:33.104-04:00 DEBUG 62669 --- [week3] [onnection adder] jdk.event.security                       : X509Certificate: Alg:SHA256withRSA, Serial:0a:35:08:d5:5c:29:2b:01:7d:f8:ad:65:c0:0f:f7:e4, Subject:CN=DigiCert TLS RSA SHA256 2020 CA1, O=DigiCert Inc, C=US, Issuer:CN=DigiCert Global Root CA, OU=www.digicert.com, O=DigiCert Inc, C=US, Key type:RSA, Length:2048, Cert Id:128597027, Valid from:9/23/20, 9:00 PM, Valid until:9/23/30, 8:59 PM
2025-05-05T18:23:33.104-04:00 DEBUG 62669 --- [week3] [onnection adder] jdk.event.security                       : X509Certificate: Alg:SHA1withRSA, Serial:08:3b:e0:56:90:42:46:b1:a1:75:6a:c9:59:91:c7:4a, Subject:CN=DigiCert Global Root CA, OU=www.digicert.com, O=DigiCert Inc, C=US, Issuer:CN=DigiCert Global Root CA, OU=www.digicert.com, O=DigiCert Inc, C=US, Key type:RSA, Length:2048, Cert Id:1341898239, Valid from:11/9/06, 9:00 PM, Valid until:11/9/31, 9:00 PM
2025-05-05T18:23:33.104-04:00 DEBUG 62669 --- [week3] [onnection adder] jdk.event.security                       : X509Certificate: Alg:SHA256withRSA, Serial:00, Subject:CN=CE1EBE1A8995441E8C557925BE78B937, DNQ=V1, Issuer:C=US, ST=California, L=Redwood Shores, O=Oracle Corporation Autonomous Database Global Self-signed CA, CN=Autonomous Database CA, Key type:RSA, Length:2048, Cert Id:2900283042, Valid from:3/16/25, 6:29 PM, Valid until:3/15/30, 6:29 PM
2025-05-05T18:23:33.105-04:00 DEBUG 62669 --- [week3] [onnection adder] jdk.event.security                       : X509Certificate: Alg:SHA256withRSA, Serial:00:e0:e2:96:9e:3a:1b:fc:99:09:cb:6c:14:45:25:6a:f1, Subject:C=US, ST=California, L=Redwood Shores, O=Oracle Corporation Autonomous Database Global Self-signed CA, CN=Autonomous Database CA, Issuer:C=US, ST=California, L=Redwood Shores, O=Oracle Corporation Autonomous Database Global Self-signed CA, CN=Autonomous Database CA, Key type:RSA, Length:2048, Cert Id:2439676835, Valid from:7/1/21, 11:14 PM, Valid until:6/26/41, 11:14 PM
2025-05-05T18:23:33.105-04:00 DEBUG 62669 --- [week3] [onnection adder] jdk.event.security                       : X509Certificate: Alg:SHA1withRSA, Serial:08:3b:e0:56:90:42:46:b1:a1:75:6a:c9:59:91:c7:4a, Subject:CN=DigiCert Global Root CA, OU=www.digicert.com, O=DigiCert Inc, C=US, Issuer:CN=DigiCert Global Root CA, OU=www.digicert.com, O=DigiCert Inc, C=US, Key type:RSA, Length:2048, Cert Id:1341898239, Valid from:11/9/06, 9:00 PM, Valid until:11/9/31, 9:00 PM
2025-05-05T18:23:33.105-04:00 DEBUG 62669 --- [week3] [onnection adder] jdk.event.security                       : ValidationChain: 1341898239, 128597027, 3580545443
2025-05-05T18:23:33.105-04:00 DEBUG 62669 --- [week3] [onnection adder] jdk.event.security                       : X509Certificate: Alg:SHA1withRSA, Serial:08:3b:e0:56:90:42:46:b1:a1:75:6a:c9:59:91:c7:4a, Subject:CN=DigiCert Global Root CA, OU=www.digicert.com, O=DigiCert Inc, C=US, Issuer:CN=DigiCert Global Root CA, OU=www.digicert.com, O=DigiCert Inc, C=US, Key type:RSA, Length:2048, Cert Id:1341898239, Valid from:11/9/06, 9:00 PM, Valid until:11/9/31, 9:00 PM
2025-05-05T18:23:33.123-04:00 DEBUG 62669 --- [week3] [onnection adder] jdk.event.security                       :  TLSHandshake: adb.sa-santiago-1.oraclecloud.com:1522, TLSv1.2, TLS_RSA_WITH_AES_256_GCM_SHA384, 3580545443
2025-05-05T18:23:33.134-04:00 DEBUG 62669 --- [week3] [           main] o.h.boot.internal.ClassLoaderAccessImpl  : Not known whether passed class name [com.duoc.week3.model.Pet] is safe
2025-05-05T18:23:33.134-04:00 DEBUG 62669 --- [week3] [           main] o.h.boot.internal.ClassLoaderAccessImpl  : No temp ClassLoader provided; using live ClassLoader for loading potentially unsafe class : com.duoc.week3.model.Pet
2025-05-05T18:23:33.204-04:00 DEBUG 62669 --- [week3] [           main] o.h.b.i.bytebuddy.BytecodeProviderImpl   : HHH000513: Unable to create the ReflectionOptimizer for [com.duoc.week3.model.Pet]: private accessor [age]
2025-05-05T18:23:33.218-04:00 DEBUG 62669 --- [week3] [           main] o.h.boot.internal.ClassLoaderAccessImpl  : Not known whether passed class name [com.duoc.week3.model.User] is safe
2025-05-05T18:23:33.219-04:00 DEBUG 62669 --- [week3] [           main] o.h.boot.internal.ClassLoaderAccessImpl  : No temp ClassLoader provided; using live ClassLoader for loading potentially unsafe class : com.duoc.week3.model.User
2025-05-05T18:23:33.230-04:00 DEBUG 62669 --- [week3] [           main] o.h.b.i.bytebuddy.BytecodeProviderImpl   : HHH000513: Unable to create the ReflectionOptimizer for [com.duoc.week3.model.User]: private accessor [birthDate]
2025-05-05T18:23:33.231-04:00 DEBUG 62669 --- [week3] [           main] o.h.boot.internal.ClassLoaderAccessImpl  : Not known whether passed class name [com.duoc.week3.model.Role] is safe
2025-05-05T18:23:33.231-04:00 DEBUG 62669 --- [week3] [           main] o.h.boot.internal.ClassLoaderAccessImpl  : No temp ClassLoader provided; using live ClassLoader for loading potentially unsafe class : com.duoc.week3.model.Role
2025-05-05T18:23:33.231-04:00 DEBUG 62669 --- [week3] [onnection adder] com.zaxxer.hikari.pool.HikariPool        : HikariPool-1 - Added connection oracle.jdbc.driver.T4CConnection@1c2b49d9
2025-05-05T18:23:33.236-04:00 DEBUG 62669 --- [week3] [           main] o.h.b.i.bytebuddy.BytecodeProviderImpl   : HHH000513: Unable to create the ReflectionOptimizer for [com.duoc.week3.model.Role]: private accessor [name]
2025-05-05T18:23:33.244-04:00 DEBUG 62669 --- [week3] [           main] org.hibernate.orm.jdbc.mutation          : Skipping collection (re)creation - com.duoc.week3.model.User.pets
2025-05-05T18:23:33.245-04:00 DEBUG 62669 --- [week3] [           main] org.hibernate.orm.jdbc.mutation          : Skipping collection row deletions - com.duoc.week3.model.User.pets
2025-05-05T18:23:33.245-04:00 DEBUG 62669 --- [week3] [           main] org.hibernate.orm.jdbc.mutation          : Skipping collection removals - com.duoc.week3.model.User.pets
2025-05-05T18:23:33.263-04:00 DEBUG 62669 --- [week3] [           main] o.hibernate.orm.model.mapping.creation   : Starting post-init callbacks
2025-05-05T18:23:33.264-04:00 DEBUG 62669 --- [week3] [           main] o.hibernate.orm.model.mapping.creation   : Starting PostInitCallbackEntry : To-one key - NavigableRole[com.duoc.week3.model.Pet.owner]
2025-05-05T18:23:33.265-04:00 DEBUG 62669 --- [week3] [           main] o.hibernate.orm.model.mapping.creation   : Starting PostInitCallbackEntry : Entity(com.duoc.week3.model.Pet) `staticFetchableList` generator
2025-05-05T18:23:33.265-04:00 DEBUG 62669 --- [week3] [           main] o.hibernate.orm.model.mapping.creation   : Starting PostInitCallbackEntry : PluralAttributeMapping( NavigableRole[com.duoc.week3.model.User.pets#{element}]) - element descriptor
2025-05-05T18:23:33.265-04:00 DEBUG 62669 --- [week3] [           main] o.hibernate.orm.model.mapping.creation   : Starting PostInitCallbackEntry : PluralAttributeMapping(com.duoc.week3.model.User.pets)#finishInitialization
2025-05-05T18:23:33.266-04:00 DEBUG 62669 --- [week3] [           main] o.hibernate.orm.model.mapping.creation   : Starting PostInitCallbackEntry : PluralAttributeMapping(com.duoc.week3.model.User.pets) - key descriptor
2025-05-05T18:23:33.266-04:00 DEBUG 62669 --- [week3] [           main] o.hibernate.orm.model.mapping.creation   : Starting PostInitCallbackEntry : To-one key - NavigableRole[com.duoc.week3.model.User.role]
2025-05-05T18:23:33.266-04:00 DEBUG 62669 --- [week3] [           main] o.hibernate.orm.model.mapping.creation   : Starting PostInitCallbackEntry : Entity(com.duoc.week3.model.User) `staticFetchableList` generator
2025-05-05T18:23:33.266-04:00 DEBUG 62669 --- [week3] [           main] o.hibernate.orm.model.mapping.creation   : Starting PostInitCallbackEntry : Entity(com.duoc.week3.model.Role) `staticFetchableList` generator
2025-05-05T18:23:33.266-04:00 DEBUG 62669 --- [week3] [           main] o.hibernate.orm.model.mapping.creation   : Starting PostInitCallbackEntry : PluralAttributeMapping( NavigableRole[com.duoc.week3.model.User.pets#{element}]) - element descriptor
2025-05-05T18:23:33.267-04:00 DEBUG 62669 --- [week3] [onnection adder] com.zaxxer.hikari.pool.HikariPool        : HikariPool-1 - After adding stats (total=3, active=0, idle=3, waiting=0)
2025-05-05T18:23:33.303-04:00 DEBUG 62669 --- [week3] [           main] org.hibernate.orm.sql.ast.create         : Created new SQL alias : p1_0
2025-05-05T18:23:33.304-04:00 DEBUG 62669 --- [week3] [           main] org.hibernate.orm.sql.ast.create         : Registration of TableGroup [StandardTableGroup(com.duoc.week3.model.Pet)] with identifierForTableGroup [com.duoc.week3.model.Pet] for NavigablePath [com.duoc.week3.model.Pet] 
2025-05-05T18:23:33.308-04:00 DEBUG 62669 --- [week3] [           main] org.hibernate.orm.sql.ast.create         : Registration of TableGroup [org.hibernate.sql.ast.tree.from.LazyTableGroup@a36ff0b] with identifierForTableGroup [com.duoc.week3.model.Pet.owner] for NavigablePath [com.duoc.week3.model.Pet.owner] 
2025-05-05T18:23:33.313-04:00 DEBUG 62669 --- [week3] [           main] org.hibernate.orm.results.graph.AST      : DomainResult Graph:
 \-EntityResultImpl [com.duoc.week3.model.Pet]
 |  +-BasicFetch [com.duoc.week3.model.Pet.age]
 |  +-BasicFetch [com.duoc.week3.model.Pet.breed]
 |  +-BasicFetch [com.duoc.week3.model.Pet.color]
 |  +-BasicFetch [com.duoc.week3.model.Pet.description]
 |  +-BasicFetch [com.duoc.week3.model.Pet.name]
 |  +-EntityDelayedFetchImpl [com.duoc.week3.model.Pet.owner]
 |  +-BasicFetch [com.duoc.week3.model.Pet.type]
 |  \-BasicFetch [com.duoc.week3.model.Pet.weight]

2025-05-05T18:23:33.314-04:00 DEBUG 62669 --- [week3] [           main] org.hibernate.orm.sql.ast.tree           : SQL AST Tree:
    SelectStatement {
      FromClause {
        StandardTableGroup (p1 : com.duoc.week3.model.Pet) {
          primaryTableReference : pets as p1_0
          TableGroupJoins {
            left  join LazyTableGroup (o1 : com.duoc.week3.model.Pet.owner) {
            }
          }
        }
      }
    }

2025-05-05T18:23:33.317-04:00 DEBUG 62669 --- [week3] [           main] o.h.p.entity.AbstractEntityPersister     : Static SQL for entity: com.duoc.week3.model.Pet
2025-05-05T18:23:33.317-04:00 DEBUG 62669 --- [week3] [           main] o.h.p.entity.AbstractEntityPersister     :  Version select: select id from pets where id=?
2025-05-05T18:23:33.317-04:00 DEBUG 62669 --- [week3] [           main] o.h.p.entity.AbstractEntityPersister     :  Insert (0): insert into pets (age,breed,color,description,name,owner,type,weight,id) values (?,?,?,?,?,?,?,?,?)
2025-05-05T18:23:33.317-04:00 DEBUG 62669 --- [week3] [           main] o.h.p.entity.AbstractEntityPersister     :  Update (0): update pets set age=?,breed=?,color=?,description=?,name=?,owner=?,type=?,weight=? where id=?
2025-05-05T18:23:33.317-04:00 DEBUG 62669 --- [week3] [           main] o.h.p.entity.AbstractEntityPersister     :  Delete (0): delete from pets where id=?
2025-05-05T18:23:33.317-04:00 DEBUG 62669 --- [week3] [           main] org.hibernate.orm.sql.ast.create         : Created new SQL alias : u1_0
2025-05-05T18:23:33.317-04:00 DEBUG 62669 --- [week3] [           main] org.hibernate.orm.sql.ast.create         : Registration of TableGroup [StandardTableGroup(com.duoc.week3.model.User)] with identifierForTableGroup [com.duoc.week3.model.User] for NavigablePath [com.duoc.week3.model.User] 
2025-05-05T18:23:33.317-04:00 DEBUG 62669 --- [week3] [           main] org.hibernate.orm.sql.ast.create         : Registration of TableGroup [org.hibernate.sql.ast.tree.from.LazyTableGroup@39acf187] with identifierForTableGroup [com.duoc.week3.model.User.role] for NavigablePath [com.duoc.week3.model.User.role] 
2025-05-05T18:23:33.318-04:00 DEBUG 62669 --- [week3] [           main] org.hibernate.orm.results.graph.AST      : DomainResult Graph:
 \-EntityResultImpl [com.duoc.week3.model.User]
 |  +-BasicFetch [com.duoc.week3.model.User.birthDate]
 |  +-BasicFetch [com.duoc.week3.model.User.created_at]
 |  +-BasicFetch [com.duoc.week3.model.User.email]
 |  +-BasicFetch [com.duoc.week3.model.User.name]
 |  +-BasicFetch [com.duoc.week3.model.User.password]
 |  +-DelayedCollectionFetch [com.duoc.week3.model.User.pets]
 |  +-BasicFetch [com.duoc.week3.model.User.phone]
 |  +-EntityDelayedFetchImpl [com.duoc.week3.model.User.role]
 |  \-BasicFetch [com.duoc.week3.model.User.updated_at]

2025-05-05T18:23:33.318-04:00 DEBUG 62669 --- [week3] [           main] org.hibernate.orm.sql.ast.tree           : SQL AST Tree:
    SelectStatement {
      FromClause {
        StandardTableGroup (u1 : com.duoc.week3.model.User) {
          primaryTableReference : users as u1_0
          TableGroupJoins {
            left  join LazyTableGroup (r1 : com.duoc.week3.model.User.role) {
            }
          }
        }
      }
    }

2025-05-05T18:23:33.318-04:00 DEBUG 62669 --- [week3] [           main] o.h.p.entity.AbstractEntityPersister     : Static SQL for entity: com.duoc.week3.model.User
2025-05-05T18:23:33.318-04:00 DEBUG 62669 --- [week3] [           main] o.h.p.entity.AbstractEntityPersister     :  Version select: select id from users where id=?
2025-05-05T18:23:33.318-04:00 DEBUG 62669 --- [week3] [           main] o.h.p.entity.AbstractEntityPersister     :  Insert (0): insert into users (birth_date,created_at,email,name,password,phone,role_id,updated_at,id) values (?,?,?,?,?,?,?,?,?)
2025-05-05T18:23:33.318-04:00 DEBUG 62669 --- [week3] [           main] o.h.p.entity.AbstractEntityPersister     :  Update (0): update users set birth_date=?,created_at=?,email=?,name=?,password=?,phone=?,role_id=?,updated_at=? where id=?
2025-05-05T18:23:33.318-04:00 DEBUG 62669 --- [week3] [           main] o.h.p.entity.AbstractEntityPersister     :  Delete (0): delete from users where id=?
2025-05-05T18:23:33.318-04:00 DEBUG 62669 --- [week3] [           main] org.hibernate.orm.sql.ast.create         : Created new SQL alias : r1_0
2025-05-05T18:23:33.318-04:00 DEBUG 62669 --- [week3] [           main] org.hibernate.orm.sql.ast.create         : Registration of TableGroup [StandardTableGroup(com.duoc.week3.model.Role)] with identifierForTableGroup [com.duoc.week3.model.Role] for NavigablePath [com.duoc.week3.model.Role] 
2025-05-05T18:23:33.318-04:00 DEBUG 62669 --- [week3] [           main] org.hibernate.orm.results.graph.AST      : DomainResult Graph:
 \-EntityResultImpl [com.duoc.week3.model.Role]
 |  \-BasicFetch [com.duoc.week3.model.Role.name]

2025-05-05T18:23:33.318-04:00 DEBUG 62669 --- [week3] [           main] org.hibernate.orm.sql.ast.tree           : SQL AST Tree:
    SelectStatement {
      FromClause {
        StandardTableGroup (r1 : com.duoc.week3.model.Role) {
          primaryTableReference : roles as r1_0
        }
      }
    }

2025-05-05T18:23:33.318-04:00 DEBUG 62669 --- [week3] [           main] o.h.p.entity.AbstractEntityPersister     : Static SQL for entity: com.duoc.week3.model.Role
2025-05-05T18:23:33.318-04:00 DEBUG 62669 --- [week3] [           main] o.h.p.entity.AbstractEntityPersister     :  Version select: select id from roles where id=?
2025-05-05T18:23:33.318-04:00 DEBUG 62669 --- [week3] [           main] o.h.p.entity.AbstractEntityPersister     :  Insert (0): insert into roles (name,id) values (?,?)
2025-05-05T18:23:33.318-04:00 DEBUG 62669 --- [week3] [           main] o.h.p.entity.AbstractEntityPersister     :  Update (0): update roles set name=? where id=?
2025-05-05T18:23:33.318-04:00 DEBUG 62669 --- [week3] [           main] o.h.p.entity.AbstractEntityPersister     :  Delete (0): delete from roles where id=?
2025-05-05T18:23:33.319-04:00 DEBUG 62669 --- [week3] [           main] org.hibernate.orm.sql.ast.create         : Created new SQL alias : p1_0
2025-05-05T18:23:33.319-04:00 DEBUG 62669 --- [week3] [           main] org.hibernate.orm.sql.ast.create         : Registration of TableGroup [org.hibernate.sql.ast.tree.from.OneToManyTableGroup@33502cfe] with identifierForTableGroup [com.duoc.week3.model.User.pets] for NavigablePath [com.duoc.week3.model.User.pets] 
2025-05-05T18:23:33.319-04:00 DEBUG 62669 --- [week3] [           main] org.hibernate.orm.sql.ast.create         : Registration of TableGroup [StandardTableGroup(com.duoc.week3.model.User.pets.{element})] with identifierForTableGroup [com.duoc.week3.model.User.pets.{element}] for NavigablePath [com.duoc.week3.model.User.pets.{element}] 
2025-05-05T18:23:33.322-04:00 DEBUG 62669 --- [week3] [           main] org.hibernate.orm.sql.ast.create         : Registration of TableGroup [org.hibernate.sql.ast.tree.from.LazyTableGroup@3e984100] with identifierForTableGroup [com.duoc.week3.model.User.pets.{element}.owner] for NavigablePath [com.duoc.week3.model.User.pets.{element}.owner] 
2025-05-05T18:23:33.323-04:00 DEBUG 62669 --- [week3] [           main] org.hibernate.orm.results.graph.AST      : DomainResult Graph:
 \-CollectionDomainResult [com.duoc.week3.model.User.pets]

2025-05-05T18:23:33.323-04:00 DEBUG 62669 --- [week3] [           main] org.hibernate.orm.sql.ast.tree           : SQL AST Tree:
    SelectStatement {
      FromClause {
        OneToManyTableGroup (p1 : com.duoc.week3.model.User.pets) {
          primaryTableReference : pets as p1_0
          TableGroupJoins {
            left  join LazyTableGroup (o1 : com.duoc.week3.model.User.pets.{element}.owner) {
            }
          }
        }
      }
    }

2025-05-05T18:23:33.323-04:00 DEBUG 62669 --- [week3] [           main] org.hibernate.orm.jdbc.mutation          : Static SQL for collection: com.duoc.week3.model.User.pets
2025-05-05T18:23:33.334-04:00 DEBUG 62669 --- [week3] [onnection adder] jdk.event.security                       : X509Certificate: Alg:SHA256withRSA, Serial:0e:53:5a:9b:ac:d4:b9:00:33:9c:4e:0d:7e:87:e7:12, Subject:CN=adb.sa-santiago-1.oraclecloud.com, O=Oracle Corporation, L=Redwood City, ST=California, C=US, Issuer:CN=DigiCert TLS RSA SHA256 2020 CA1, O=DigiCert Inc, C=US, Key type:RSA, Length:2048, Cert Id:3580545443, Valid from:10/28/24, 9:00 PM, Valid until:11/19/25, 8:59 PM
2025-05-05T18:23:33.334-04:00 DEBUG 62669 --- [week3] [onnection adder] jdk.event.security                       : X509Certificate: Alg:SHA256withRSA, Serial:0a:35:08:d5:5c:29:2b:01:7d:f8:ad:65:c0:0f:f7:e4, Subject:CN=DigiCert TLS RSA SHA256 2020 CA1, O=DigiCert Inc, C=US, Issuer:CN=DigiCert Global Root CA, OU=www.digicert.com, O=DigiCert Inc, C=US, Key type:RSA, Length:2048, Cert Id:128597027, Valid from:9/23/20, 9:00 PM, Valid until:9/23/30, 8:59 PM
2025-05-05T18:23:33.334-04:00 DEBUG 62669 --- [week3] [onnection adder] jdk.event.security                       : X509Certificate: Alg:SHA1withRSA, Serial:08:3b:e0:56:90:42:46:b1:a1:75:6a:c9:59:91:c7:4a, Subject:CN=DigiCert Global Root CA, OU=www.digicert.com, O=DigiCert Inc, C=US, Issuer:CN=DigiCert Global Root CA, OU=www.digicert.com, O=DigiCert Inc, C=US, Key type:RSA, Length:2048, Cert Id:1341898239, Valid from:11/9/06, 9:00 PM, Valid until:11/9/31, 9:00 PM
2025-05-05T18:23:33.335-04:00 DEBUG 62669 --- [week3] [onnection adder] jdk.event.security                       : X509Certificate: Alg:SHA256withRSA, Serial:00:e0:e2:96:9e:3a:1b:fc:99:09:cb:6c:14:45:25:6a:f1, Subject:C=US, ST=California, L=Redwood Shores, O=Oracle Corporation Autonomous Database Global Self-signed CA, CN=Autonomous Database CA, Issuer:C=US, ST=California, L=Redwood Shores, O=Oracle Corporation Autonomous Database Global Self-signed CA, CN=Autonomous Database CA, Key type:RSA, Length:2048, Cert Id:2439676835, Valid from:7/1/21, 11:14 PM, Valid until:6/26/41, 11:14 PM
2025-05-05T18:23:33.335-04:00 DEBUG 62669 --- [week3] [onnection adder] jdk.event.security                       : X509Certificate: Alg:SHA256withRSA, Serial:00, Subject:CN=CE1EBE1A8995441E8C557925BE78B937, DNQ=V1, Issuer:C=US, ST=California, L=Redwood Shores, O=Oracle Corporation Autonomous Database Global Self-signed CA, CN=Autonomous Database CA, Key type:RSA, Length:2048, Cert Id:2900283042, Valid from:3/16/25, 6:29 PM, Valid until:3/15/30, 6:29 PM
2025-05-05T18:23:33.335-04:00 DEBUG 62669 --- [week3] [onnection adder] jdk.event.security                       : X509Certificate: Alg:SHA1withRSA, Serial:08:3b:e0:56:90:42:46:b1:a1:75:6a:c9:59:91:c7:4a, Subject:CN=DigiCert Global Root CA, OU=www.digicert.com, O=DigiCert Inc, C=US, Issuer:CN=DigiCert Global Root CA, OU=www.digicert.com, O=DigiCert Inc, C=US, Key type:RSA, Length:2048, Cert Id:1341898239, Valid from:11/9/06, 9:00 PM, Valid until:11/9/31, 9:00 PM
2025-05-05T18:23:33.335-04:00 DEBUG 62669 --- [week3] [onnection adder] jdk.event.security                       : ValidationChain: 1341898239, 128597027, 3580545443
2025-05-05T18:23:33.336-04:00 DEBUG 62669 --- [week3] [onnection adder] jdk.event.security                       : X509Certificate: Alg:SHA1withRSA, Serial:08:3b:e0:56:90:42:46:b1:a1:75:6a:c9:59:91:c7:4a, Subject:CN=DigiCert Global Root CA, OU=www.digicert.com, O=DigiCert Inc, C=US, Issuer:CN=DigiCert Global Root CA, OU=www.digicert.com, O=DigiCert Inc, C=US, Key type:RSA, Length:2048, Cert Id:1341898239, Valid from:11/9/06, 9:00 PM, Valid until:11/9/31, 9:00 PM
2025-05-05T18:23:33.339-04:00  INFO 62669 --- [week3] [           main] o.h.e.t.j.p.i.JtaPlatformInitiator       : HHH000489: No JTA platform available (set 'hibernate.transaction.jta.platform' to enable JTA platform integration)
2025-05-05T18:23:33.339-04:00 DEBUG 62669 --- [week3] [           main] o.h.type.spi.TypeConfiguration$Scope     : Scoping TypeConfiguration [org.hibernate.type.spi.TypeConfiguration@65d23aa3] to SessionFactoryImplementor [org.hibernate.internal.SessionFactoryImpl@2e88ad38]
2025-05-05T18:23:33.340-04:00 DEBUG 62669 --- [week3] [           main] o.h.query.named.NamedObjectRepository    : Checking 0 named HQL queries
2025-05-05T18:23:33.340-04:00 DEBUG 62669 --- [week3] [           main] o.h.query.named.NamedObjectRepository    : Checking 0 named SQL queries
2025-05-05T18:23:33.346-04:00 DEBUG 62669 --- [week3] [           main] org.hibernate.SQL                        : drop table pets cascade constraints
Hibernate: drop table pets cascade constraints
2025-05-05T18:23:33.360-04:00 DEBUG 62669 --- [week3] [onnection adder] jdk.event.security                       :  TLSHandshake: adb.sa-santiago-1.oraclecloud.com:1522, TLSv1.2, TLS_RSA_WITH_AES_256_GCM_SHA384, 3580545443
2025-05-05T18:23:33.387-04:00 DEBUG 62669 --- [week3] [onnection adder] jdk.event.security                       : X509Certificate: Alg:SHA256withRSA, Serial:0e:53:5a:9b:ac:d4:b9:00:33:9c:4e:0d:7e:87:e7:12, Subject:CN=adb.sa-santiago-1.oraclecloud.com, O=Oracle Corporation, L=Redwood City, ST=California, C=US, Issuer:CN=DigiCert TLS RSA SHA256 2020 CA1, O=DigiCert Inc, C=US, Key type:RSA, Length:2048, Cert Id:3580545443, Valid from:10/28/24, 9:00 PM, Valid until:11/19/25, 8:59 PM
2025-05-05T18:23:33.388-04:00 DEBUG 62669 --- [week3] [onnection adder] jdk.event.security                       : X509Certificate: Alg:SHA256withRSA, Serial:0a:35:08:d5:5c:29:2b:01:7d:f8:ad:65:c0:0f:f7:e4, Subject:CN=DigiCert TLS RSA SHA256 2020 CA1, O=DigiCert Inc, C=US, Issuer:CN=DigiCert Global Root CA, OU=www.digicert.com, O=DigiCert Inc, C=US, Key type:RSA, Length:2048, Cert Id:128597027, Valid from:9/23/20, 9:00 PM, Valid until:9/23/30, 8:59 PM
2025-05-05T18:23:33.388-04:00 DEBUG 62669 --- [week3] [onnection adder] jdk.event.security                       : X509Certificate: Alg:SHA1withRSA, Serial:08:3b:e0:56:90:42:46:b1:a1:75:6a:c9:59:91:c7:4a, Subject:CN=DigiCert Global Root CA, OU=www.digicert.com, O=DigiCert Inc, C=US, Issuer:CN=DigiCert Global Root CA, OU=www.digicert.com, O=DigiCert Inc, C=US, Key type:RSA, Length:2048, Cert Id:1341898239, Valid from:11/9/06, 9:00 PM, Valid until:11/9/31, 9:00 PM
2025-05-05T18:23:33.388-04:00 DEBUG 62669 --- [week3] [onnection adder] jdk.event.security                       : X509Certificate: Alg:SHA256withRSA, Serial:00:e0:e2:96:9e:3a:1b:fc:99:09:cb:6c:14:45:25:6a:f1, Subject:C=US, ST=California, L=Redwood Shores, O=Oracle Corporation Autonomous Database Global Self-signed CA, CN=Autonomous Database CA, Issuer:C=US, ST=California, L=Redwood Shores, O=Oracle Corporation Autonomous Database Global Self-signed CA, CN=Autonomous Database CA, Key type:RSA, Length:2048, Cert Id:2439676835, Valid from:7/1/21, 11:14 PM, Valid until:6/26/41, 11:14 PM
2025-05-05T18:23:33.388-04:00 DEBUG 62669 --- [week3] [onnection adder] jdk.event.security                       : X509Certificate: Alg:SHA256withRSA, Serial:00, Subject:CN=CE1EBE1A8995441E8C557925BE78B937, DNQ=V1, Issuer:C=US, ST=California, L=Redwood Shores, O=Oracle Corporation Autonomous Database Global Self-signed CA, CN=Autonomous Database CA, Key type:RSA, Length:2048, Cert Id:2900283042, Valid from:3/16/25, 6:29 PM, Valid until:3/15/30, 6:29 PM
2025-05-05T18:23:33.386-04:00  WARN 62669 --- [week3] [           main] o.h.t.s.i.ExceptionHandlerLoggedImpl     : GenerationTarget encountered exception accepting command : Error executing DDL "drop table pets cascade constraints" via JDBC [ORA-00942: table or view does not exist

https://docs.oracle.com/error-help/db/ora-00942/]

org.hibernate.tool.schema.spi.CommandAcceptanceException: Error executing DDL "drop table pets cascade constraints" via JDBC [ORA-00942: table or view does not exist

https://docs.oracle.com/error-help/db/ora-00942/]
	at org.hibernate.tool.schema.internal.exec.GenerationTargetToDatabase.accept(GenerationTargetToDatabase.java:94) ~[hibernate-core-6.6.11.Final.jar:6.6.11.Final]
	at org.hibernate.tool.schema.internal.Helper.applySqlString(Helper.java:233) ~[hibernate-core-6.6.11.Final.jar:6.6.11.Final]
	at org.hibernate.tool.schema.internal.Helper.applySqlStrings(Helper.java:217) ~[hibernate-core-6.6.11.Final.jar:6.6.11.Final]
	at org.hibernate.tool.schema.internal.SchemaDropperImpl.dropTables(SchemaDropperImpl.java:384) ~[hibernate-core-6.6.11.Final.jar:6.6.11.Final]
	at org.hibernate.tool.schema.internal.SchemaDropperImpl.dropConstraintsTablesSequences(SchemaDropperImpl.java:256) ~[hibernate-core-6.6.11.Final.jar:6.6.11.Final]
	at org.hibernate.tool.schema.internal.SchemaDropperImpl.dropFromMetadata(SchemaDropperImpl.java:218) ~[hibernate-core-6.6.11.Final.jar:6.6.11.Final]
	at org.hibernate.tool.schema.internal.SchemaDropperImpl.performDrop(SchemaDropperImpl.java:186) ~[hibernate-core-6.6.11.Final.jar:6.6.11.Final]
	at org.hibernate.tool.schema.internal.SchemaDropperImpl.doDrop(SchemaDropperImpl.java:156) ~[hibernate-core-6.6.11.Final.jar:6.6.11.Final]
	at org.hibernate.tool.schema.internal.SchemaDropperImpl.doDrop(SchemaDropperImpl.java:116) ~[hibernate-core-6.6.11.Final.jar:6.6.11.Final]
	at org.hibernate.tool.schema.spi.SchemaManagementToolCoordinator.performDatabaseAction(SchemaManagementToolCoordinator.java:238) ~[hibernate-core-6.6.11.Final.jar:6.6.11.Final]
	at org.hibernate.tool.schema.spi.SchemaManagementToolCoordinator.lambda$process$5(SchemaManagementToolCoordinator.java:144) ~[hibernate-core-6.6.11.Final.jar:6.6.11.Final]
	at java.base/java.util.HashMap.forEach(HashMap.java:1430) ~[na:na]
	at org.hibernate.tool.schema.spi.SchemaManagementToolCoordinator.process(SchemaManagementToolCoordinator.java:141) ~[hibernate-core-6.6.11.Final.jar:6.6.11.Final]
	at org.hibernate.boot.internal.SessionFactoryObserverForSchemaExport.sessionFactoryCreated(SessionFactoryObserverForSchemaExport.java:37) ~[hibernate-core-6.6.11.Final.jar:6.6.11.Final]
	at org.hibernate.internal.SessionFactoryObserverChain.sessionFactoryCreated(SessionFactoryObserverChain.java:35) ~[hibernate-core-6.6.11.Final.jar:6.6.11.Final]
	at org.hibernate.internal.SessionFactoryImpl.<init>(SessionFactoryImpl.java:324) ~[hibernate-core-6.6.11.Final.jar:6.6.11.Final]
	at org.hibernate.boot.internal.SessionFactoryBuilderImpl.build(SessionFactoryBuilderImpl.java:463) ~[hibernate-core-6.6.11.Final.jar:6.6.11.Final]
	at org.hibernate.jpa.boot.internal.EntityManagerFactoryBuilderImpl.build(EntityManagerFactoryBuilderImpl.java:1517) ~[hibernate-core-6.6.11.Final.jar:6.6.11.Final]
	at org.springframework.orm.jpa.vendor.SpringHibernateJpaPersistenceProvider.createContainerEntityManagerFactory(SpringHibernateJpaPersistenceProvider.java:66) ~[spring-orm-6.2.5.jar:6.2.5]
	at org.springframework.orm.jpa.LocalContainerEntityManagerFactoryBean.createNativeEntityManagerFactory(LocalContainerEntityManagerFactoryBean.java:390) ~[spring-orm-6.2.5.jar:6.2.5]
	at org.springframework.orm.jpa.AbstractEntityManagerFactoryBean.buildNativeEntityManagerFactory(AbstractEntityManagerFactoryBean.java:419) ~[spring-orm-6.2.5.jar:6.2.5]
	at org.springframework.orm.jpa.AbstractEntityManagerFactoryBean.afterPropertiesSet(AbstractEntityManagerFactoryBean.java:400) ~[spring-orm-6.2.5.jar:6.2.5]
	at org.springframework.orm.jpa.LocalContainerEntityManagerFactoryBean.afterPropertiesSet(LocalContainerEntityManagerFactoryBean.java:366) ~[spring-orm-6.2.5.jar:6.2.5]
	at org.springframework.beans.factory.support.AbstractAutowireCapableBeanFactory.invokeInitMethods(AbstractAutowireCapableBeanFactory.java:1859) ~[spring-beans-6.2.5.jar:6.2.5]
	at org.springframework.beans.factory.support.AbstractAutowireCapableBeanFactory.initializeBean(AbstractAutowireCapableBeanFactory.java:1808) ~[spring-beans-6.2.5.jar:6.2.5]
	at org.springframework.beans.factory.support.AbstractAutowireCapableBeanFactory.doCreateBean(AbstractAutowireCapableBeanFactory.java:601) ~[spring-beans-6.2.5.jar:6.2.5]
	at org.springframework.beans.factory.support.AbstractAutowireCapableBeanFactory.createBean(AbstractAutowireCapableBeanFactory.java:523) ~[spring-beans-6.2.5.jar:6.2.5]
	at org.springframework.beans.factory.support.AbstractBeanFactory.lambda$doGetBean$0(AbstractBeanFactory.java:339) ~[spring-beans-6.2.5.jar:6.2.5]
	at org.springframework.beans.factory.support.DefaultSingletonBeanRegistry.getSingleton(DefaultSingletonBeanRegistry.java:347) ~[spring-beans-6.2.5.jar:6.2.5]
	at org.springframework.beans.factory.support.AbstractBeanFactory.doGetBean(AbstractBeanFactory.java:337) ~[spring-beans-6.2.5.jar:6.2.5]
	at org.springframework.beans.factory.support.AbstractBeanFactory.getBean(AbstractBeanFactory.java:207) ~[spring-beans-6.2.5.jar:6.2.5]
	at org.springframework.context.support.AbstractApplicationContext.finishBeanFactoryInitialization(AbstractApplicationContext.java:970) ~[spring-context-6.2.5.jar:6.2.5]
	at org.springframework.context.support.AbstractApplicationContext.refresh(AbstractApplicationContext.java:627) ~[spring-context-6.2.5.jar:6.2.5]
	at org.springframework.boot.SpringApplication.refresh(SpringApplication.java:752) ~[spring-boot-3.4.4.jar:3.4.4]
	at org.springframework.boot.SpringApplication.refreshContext(SpringApplication.java:439) ~[spring-boot-3.4.4.jar:3.4.4]
	at org.springframework.boot.SpringApplication.run(SpringApplication.java:318) ~[spring-boot-3.4.4.jar:3.4.4]
	at org.springframework.boot.test.context.SpringBootContextLoader.lambda$loadContext$3(SpringBootContextLoader.java:144) ~[spring-boot-test-3.4.4.jar:3.4.4]
	at org.springframework.util.function.ThrowingSupplier.get(ThrowingSupplier.java:58) ~[spring-core-6.2.5.jar:6.2.5]
	at org.springframework.util.function.ThrowingSupplier.get(ThrowingSupplier.java:46) ~[spring-core-6.2.5.jar:6.2.5]
	at org.springframework.boot.SpringApplication.withHook(SpringApplication.java:1461) ~[spring-boot-3.4.4.jar:3.4.4]
	at org.springframework.boot.test.context.SpringBootContextLoader$ContextLoaderHook.run(SpringBootContextLoader.java:563) ~[spring-boot-test-3.4.4.jar:3.4.4]
	at org.springframework.boot.test.context.SpringBootContextLoader.loadContext(SpringBootContextLoader.java:144) ~[spring-boot-test-3.4.4.jar:3.4.4]
	at org.springframework.boot.test.context.SpringBootContextLoader.loadContext(SpringBootContextLoader.java:110) ~[spring-boot-test-3.4.4.jar:3.4.4]
	at org.springframework.test.context.cache.DefaultCacheAwareContextLoaderDelegate.loadContextInternal(DefaultCacheAwareContextLoaderDelegate.java:225) ~[spring-test-6.2.5.jar:6.2.5]
	at org.springframework.test.context.cache.DefaultCacheAwareContextLoaderDelegate.loadContext(DefaultCacheAwareContextLoaderDelegate.java:152) ~[spring-test-6.2.5.jar:6.2.5]
	at org.springframework.test.context.support.DefaultTestContext.getApplicationContext(DefaultTestContext.java:130) ~[spring-test-6.2.5.jar:6.2.5]
	at org.springframework.test.context.support.DependencyInjectionTestExecutionListener.injectDependencies(DependencyInjectionTestExecutionListener.java:155) ~[spring-test-6.2.5.jar:6.2.5]
	at org.springframework.test.context.support.DependencyInjectionTestExecutionListener.prepareTestInstance(DependencyInjectionTestExecutionListener.java:111) ~[spring-test-6.2.5.jar:6.2.5]
	at org.springframework.test.context.TestContextManager.prepareTestInstance(TestContextManager.java:260) ~[spring-test-6.2.5.jar:6.2.5]
	at org.springframework.test.context.junit.jupiter.SpringExtension.postProcessTestInstance(SpringExtension.java:160) ~[spring-test-6.2.5.jar:6.2.5]
	at org.junit.jupiter.engine.descriptor.ClassBasedTestDescriptor.lambda$invokeTestInstancePostProcessors$11(ClassBasedTestDescriptor.java:378) ~[junit-jupiter-engine-5.11.4.jar:5.11.4]
	at org.junit.jupiter.engine.descriptor.ClassBasedTestDescriptor.executeAndMaskThrowable(ClassBasedTestDescriptor.java:383) ~[junit-jupiter-engine-5.11.4.jar:5.11.4]
	at org.junit.jupiter.engine.descriptor.ClassBasedTestDescriptor.lambda$invokeTestInstancePostProcessors$12(ClassBasedTestDescriptor.java:378) ~[junit-jupiter-engine-5.11.4.jar:5.11.4]
	at java.base/java.util.stream.ForEachOps$ForEachOp$OfRef.accept(ForEachOps.java:184) ~[na:na]
	at java.base/java.util.stream.ReferencePipeline$3$1.accept(ReferencePipeline.java:215) ~[na:na]
	at java.base/java.util.stream.ReferencePipeline$2$1.accept(ReferencePipeline.java:197) ~[na:na]
	at java.base/java.util.stream.ReferencePipeline$3$1.accept(ReferencePipeline.java:215) ~[na:na]
	at java.base/java.util.ArrayList$ArrayListSpliterator.forEachRemaining(ArrayList.java:1709) ~[na:na]
	at java.base/java.util.stream.AbstractPipeline.copyInto(AbstractPipeline.java:570) ~[na:na]
	at java.base/java.util.stream.AbstractPipeline.wrapAndCopyInto(AbstractPipeline.java:560) ~[na:na]
	at java.base/java.util.stream.ForEachOps$ForEachOp.evaluateSequential(ForEachOps.java:151) ~[na:na]
	at java.base/java.util.stream.ForEachOps$ForEachOp$OfRef.evaluateSequential(ForEachOps.java:174) ~[na:na]
	at java.base/java.util.stream.AbstractPipeline.evaluate(AbstractPipeline.java:265) ~[na:na]
	at java.base/java.util.stream.ReferencePipeline.forEach(ReferencePipeline.java:636) ~[na:na]
	at org.junit.jupiter.engine.descriptor.ClassBasedTestDescriptor.invokeTestInstancePostProcessors(ClassBasedTestDescriptor.java:377) ~[junit-jupiter-engine-5.11.4.jar:5.11.4]
	at org.junit.jupiter.engine.descriptor.ClassBasedTestDescriptor.lambda$instantiateAndPostProcessTestInstance$7(ClassBasedTestDescriptor.java:290) ~[junit-jupiter-engine-5.11.4.jar:5.11.4]
	at org.junit.platform.engine.support.hierarchical.ThrowableCollector.execute(ThrowableCollector.java:73) ~[junit-platform-engine-1.11.4.jar:1.11.4]
	at org.junit.jupiter.engine.descriptor.ClassBasedTestDescriptor.instantiateAndPostProcessTestInstance(ClassBasedTestDescriptor.java:289) ~[junit-jupiter-engine-5.11.4.jar:5.11.4]
	at org.junit.jupiter.engine.descriptor.ClassBasedTestDescriptor.lambda$testInstancesProvider$5(ClassBasedTestDescriptor.java:279) ~[junit-jupiter-engine-5.11.4.jar:5.11.4]
	at java.base/java.util.Optional.orElseGet(Optional.java:364) ~[na:na]
	at org.junit.jupiter.engine.descriptor.ClassBasedTestDescriptor.lambda$testInstancesProvider$6(ClassBasedTestDescriptor.java:278) ~[junit-jupiter-engine-5.11.4.jar:5.11.4]
	at org.junit.jupiter.engine.execution.TestInstancesProvider.getTestInstances(TestInstancesProvider.java:31) ~[junit-jupiter-engine-5.11.4.jar:5.11.4]
	at org.junit.jupiter.engine.descriptor.TestMethodTestDescriptor.lambda$prepare$1(TestMethodTestDescriptor.java:105) ~[junit-jupiter-engine-5.11.4.jar:5.11.4]
	at org.junit.platform.engine.support.hierarchical.ThrowableCollector.execute(ThrowableCollector.java:73) ~[junit-platform-engine-1.11.4.jar:1.11.4]
	at org.junit.jupiter.engine.descriptor.TestMethodTestDescriptor.prepare(TestMethodTestDescriptor.java:104) ~[junit-jupiter-engine-5.11.4.jar:5.11.4]
	at org.junit.jupiter.engine.descriptor.TestMethodTestDescriptor.prepare(TestMethodTestDescriptor.java:68) ~[junit-jupiter-engine-5.11.4.jar:5.11.4]
	at org.junit.platform.engine.support.hierarchical.NodeTestTask.lambda$prepare$2(NodeTestTask.java:128) ~[junit-platform-engine-1.11.4.jar:1.11.4]
	at org.junit.platform.engine.support.hierarchical.ThrowableCollector.execute(ThrowableCollector.java:73) ~[junit-platform-engine-1.11.4.jar:1.11.4]
	at org.junit.platform.engine.support.hierarchical.NodeTestTask.prepare(NodeTestTask.java:128) ~[junit-platform-engine-1.11.4.jar:1.11.4]
	at org.junit.platform.engine.support.hierarchical.NodeTestTask.execute(NodeTestTask.java:95) ~[junit-platform-engine-1.11.4.jar:1.11.4]
	at java.base/java.util.ArrayList.forEach(ArrayList.java:1597) ~[na:na]
	at org.junit.platform.engine.support.hierarchical.SameThreadHierarchicalTestExecutorService.invokeAll(SameThreadHierarchicalTestExecutorService.java:41) ~[junit-platform-engine-1.11.4.jar:1.11.4]
	at org.junit.platform.engine.support.hierarchical.NodeTestTask.lambda$executeRecursively$6(NodeTestTask.java:160) ~[junit-platform-engine-1.11.4.jar:1.11.4]
	at org.junit.platform.engine.support.hierarchical.ThrowableCollector.execute(ThrowableCollector.java:73) ~[junit-platform-engine-1.11.4.jar:1.11.4]
	at org.junit.platform.engine.support.hierarchical.NodeTestTask.lambda$executeRecursively$8(NodeTestTask.java:146) ~[junit-platform-engine-1.11.4.jar:1.11.4]
	at org.junit.platform.engine.support.hierarchical.Node.around(Node.java:137) ~[junit-platform-engine-1.11.4.jar:1.11.4]
	at org.junit.platform.engine.support.hierarchical.NodeTestTask.lambda$executeRecursively$9(NodeTestTask.java:144) ~[junit-platform-engine-1.11.4.jar:1.11.4]
	at org.junit.platform.engine.support.hierarchical.ThrowableCollector.execute(ThrowableCollector.java:73) ~[junit-platform-engine-1.11.4.jar:1.11.4]
	at org.junit.platform.engine.support.hierarchical.NodeTestTask.executeRecursively(NodeTestTask.java:143) ~[junit-platform-engine-1.11.4.jar:1.11.4]
	at org.junit.platform.engine.support.hierarchical.NodeTestTask.execute(NodeTestTask.java:100) ~[junit-platform-engine-1.11.4.jar:1.11.4]
	at java.base/java.util.ArrayList.forEach(ArrayList.java:1597) ~[na:na]
	at org.junit.platform.engine.support.hierarchical.SameThreadHierarchicalTestExecutorService.invokeAll(SameThreadHierarchicalTestExecutorService.java:41) ~[junit-platform-engine-1.11.4.jar:1.11.4]
	at org.junit.platform.engine.support.hierarchical.NodeTestTask.lambda$executeRecursively$6(NodeTestTask.java:160) ~[junit-platform-engine-1.11.4.jar:1.11.4]
	at org.junit.platform.engine.support.hierarchical.ThrowableCollector.execute(ThrowableCollector.java:73) ~[junit-platform-engine-1.11.4.jar:1.11.4]
	at org.junit.platform.engine.support.hierarchical.NodeTestTask.lambda$executeRecursively$8(NodeTestTask.java:146) ~[junit-platform-engine-1.11.4.jar:1.11.4]
	at org.junit.platform.engine.support.hierarchical.Node.around(Node.java:137) ~[junit-platform-engine-1.11.4.jar:1.11.4]
	at org.junit.platform.engine.support.hierarchical.NodeTestTask.lambda$executeRecursively$9(NodeTestTask.java:144) ~[junit-platform-engine-1.11.4.jar:1.11.4]
	at org.junit.platform.engine.support.hierarchical.ThrowableCollector.execute(ThrowableCollector.java:73) ~[junit-platform-engine-1.11.4.jar:1.11.4]
	at org.junit.platform.engine.support.hierarchical.NodeTestTask.executeRecursively(NodeTestTask.java:143) ~[junit-platform-engine-1.11.4.jar:1.11.4]
	at org.junit.platform.engine.support.hierarchical.NodeTestTask.execute(NodeTestTask.java:100) ~[junit-platform-engine-1.11.4.jar:1.11.4]
	at org.junit.platform.engine.support.hierarchical.SameThreadHierarchicalTestExecutorService.submit(SameThreadHierarchicalTestExecutorService.java:35) ~[junit-platform-engine-1.11.4.jar:1.11.4]
	at org.junit.platform.engine.support.hierarchical.HierarchicalTestExecutor.execute(HierarchicalTestExecutor.java:57) ~[junit-platform-engine-1.11.4.jar:1.11.4]
	at org.junit.platform.engine.support.hierarchical.HierarchicalTestEngine.execute(HierarchicalTestEngine.java:54) ~[junit-platform-engine-1.11.4.jar:1.11.4]
	at org.junit.platform.launcher.core.EngineExecutionOrchestrator.execute(EngineExecutionOrchestrator.java:198) ~[junit-platform-launcher-1.11.4.jar:1.11.4]
	at org.junit.platform.launcher.core.EngineExecutionOrchestrator.execute(EngineExecutionOrchestrator.java:169) ~[junit-platform-launcher-1.11.4.jar:1.11.4]
	at org.junit.platform.launcher.core.EngineExecutionOrchestrator.execute(EngineExecutionOrchestrator.java:93) ~[junit-platform-launcher-1.11.4.jar:1.11.4]
	at org.junit.platform.launcher.core.EngineExecutionOrchestrator.lambda$execute$0(EngineExecutionOrchestrator.java:58) ~[junit-platform-launcher-1.11.4.jar:1.11.4]
	at org.junit.platform.launcher.core.EngineExecutionOrchestrator.withInterceptedStreams(EngineExecutionOrchestrator.java:141) ~[junit-platform-launcher-1.11.4.jar:1.11.4]
	at org.junit.platform.launcher.core.EngineExecutionOrchestrator.execute(EngineExecutionOrchestrator.java:57) ~[junit-platform-launcher-1.11.4.jar:1.11.4]
	at org.junit.platform.launcher.core.DefaultLauncher.execute(DefaultLauncher.java:103) ~[junit-platform-launcher-1.11.4.jar:1.11.4]
	at org.junit.platform.launcher.core.DefaultLauncher.execute(DefaultLauncher.java:85) ~[junit-platform-launcher-1.11.4.jar:1.11.4]
	at org.junit.platform.launcher.core.DelegatingLauncher.execute(DelegatingLauncher.java:47) ~[junit-platform-launcher-1.11.4.jar:1.11.4]
	at org.apache.maven.surefire.junitplatform.LazyLauncher.execute(LazyLauncher.java:56) ~[surefire-junit-platform-3.5.2.jar:3.5.2]
	at org.apache.maven.surefire.junitplatform.JUnitPlatformProvider.execute(JUnitPlatformProvider.java:184) ~[surefire-junit-platform-3.5.2.jar:3.5.2]
	at org.apache.maven.surefire.junitplatform.JUnitPlatformProvider.invokeAllTests(JUnitPlatformProvider.java:148) ~[surefire-junit-platform-3.5.2.jar:3.5.2]
	at org.apache.maven.surefire.junitplatform.JUnitPlatformProvider.invoke(JUnitPlatformProvider.java:122) ~[surefire-junit-platform-3.5.2.jar:3.5.2]
	at org.apache.maven.surefire.booter.ForkedBooter.runSuitesInProcess(ForkedBooter.java:385) ~[surefire-booter-3.5.2.jar:3.5.2]
	at org.apache.maven.surefire.booter.ForkedBooter.execute(ForkedBooter.java:162) ~[surefire-booter-3.5.2.jar:3.5.2]
	at org.apache.maven.surefire.booter.ForkedBooter.run(ForkedBooter.java:507) ~[surefire-booter-3.5.2.jar:3.5.2]
	at org.apache.maven.surefire.booter.ForkedBooter.main(ForkedBooter.java:495) ~[surefire-booter-3.5.2.jar:3.5.2]
Caused by: java.sql.SQLSyntaxErrorException: ORA-00942: table or view does not exist

https://docs.oracle.com/error-help/db/ora-00942/
	at oracle.jdbc.driver.T4CTTIoer11.processError(T4CTTIoer11.java:709) ~[ojdbc11-23.5.0.24.07.jar:23.5.0.24.07]
	at oracle.jdbc.driver.T4CTTIoer11.processError(T4CTTIoer11.java:609) ~[ojdbc11-23.5.0.24.07.jar:23.5.0.24.07]
	at oracle.jdbc.driver.T4C8Oall.processError(T4C8Oall.java:1347) ~[ojdbc11-23.5.0.24.07.jar:23.5.0.24.07]
	at oracle.jdbc.driver.T4CTTIfun.receive(T4CTTIfun.java:1100) ~[ojdbc11-23.5.0.24.07.jar:23.5.0.24.07]
	at oracle.jdbc.driver.T4CTTIfun.doRPC(T4CTTIfun.java:408) ~[ojdbc11-23.5.0.24.07.jar:23.5.0.24.07]
	at oracle.jdbc.driver.T4C8Oall.doOALL(T4C8Oall.java:499) ~[ojdbc11-23.5.0.24.07.jar:23.5.0.24.07]
	at oracle.jdbc.driver.T4CStatement.doOall8(T4CStatement.java:190) ~[ojdbc11-23.5.0.24.07.jar:23.5.0.24.07]
	at oracle.jdbc.driver.T4CStatement.executeForRows(T4CStatement.java:1399) ~[ojdbc11-23.5.0.24.07.jar:23.5.0.24.07]
	at oracle.jdbc.driver.OracleStatement.executeSQLStatement(OracleStatement.java:2008) ~[ojdbc11-23.5.0.24.07.jar:23.5.0.24.07]
	at oracle.jdbc.driver.OracleStatement.doExecuteWithTimeout(OracleStatement.java:1621) ~[ojdbc11-23.5.0.24.07.jar:23.5.0.24.07]
	at oracle.jdbc.driver.OracleStatement.executeInternal(OracleStatement.java:2686) ~[ojdbc11-23.5.0.24.07.jar:23.5.0.24.07]
	at oracle.jdbc.driver.OracleStatement.execute(OracleStatement.java:2635) ~[ojdbc11-23.5.0.24.07.jar:23.5.0.24.07]
	at oracle.jdbc.driver.OracleStatementWrapper.execute(OracleStatementWrapper.java:336) ~[ojdbc11-23.5.0.24.07.jar:23.5.0.24.07]
	at com.zaxxer.hikari.pool.ProxyStatement.execute(ProxyStatement.java:94) ~[HikariCP-5.1.0.jar:na]
	at com.zaxxer.hikari.pool.HikariProxyStatement.execute(HikariProxyStatement.java) ~[HikariCP-5.1.0.jar:na]
	at org.hibernate.tool.schema.internal.exec.GenerationTargetToDatabase.accept(GenerationTargetToDatabase.java:80) ~[hibernate-core-6.6.11.Final.jar:6.6.11.Final]
	... 119 common frames omitted
Caused by: oracle.jdbc.OracleDatabaseException: ORA-00942: table or view does not exist

	at oracle.jdbc.driver.T4CTTIoer11.processError(T4CTTIoer11.java:717) ~[ojdbc11-23.5.0.24.07.jar:23.5.0.24.07]
	... 134 common frames omitted

2025-05-05T18:23:33.388-04:00 DEBUG 62669 --- [week3] [onnection adder] jdk.event.security                       : X509Certificate: Alg:SHA1withRSA, Serial:08:3b:e0:56:90:42:46:b1:a1:75:6a:c9:59:91:c7:4a, Subject:CN=DigiCert Global Root CA, OU=www.digicert.com, O=DigiCert Inc, C=US, Issuer:CN=DigiCert Global Root CA, OU=www.digicert.com, O=DigiCert Inc, C=US, Key type:RSA, Length:2048, Cert Id:1341898239, Valid from:11/9/06, 9:00 PM, Valid until:11/9/31, 9:00 PM
2025-05-05T18:23:33.389-04:00 DEBUG 62669 --- [week3] [           main] org.hibernate.SQL                        : drop table roles cascade constraints
Hibernate: drop table roles cascade constraints
2025-05-05T18:23:33.389-04:00 DEBUG 62669 --- [week3] [onnection adder] jdk.event.security                       : ValidationChain: 1341898239, 128597027, 3580545443
2025-05-05T18:23:33.389-04:00 DEBUG 62669 --- [week3] [onnection adder] jdk.event.security                       : X509Certificate: Alg:SHA1withRSA, Serial:08:3b:e0:56:90:42:46:b1:a1:75:6a:c9:59:91:c7:4a, Subject:CN=DigiCert Global Root CA, OU=www.digicert.com, O=DigiCert Inc, C=US, Issuer:CN=DigiCert Global Root CA, OU=www.digicert.com, O=DigiCert Inc, C=US, Key type:RSA, Length:2048, Cert Id:1341898239, Valid from:11/9/06, 9:00 PM, Valid until:11/9/31, 9:00 PM
2025-05-05T18:23:33.400-04:00 DEBUG 62669 --- [week3] [onnection adder] jdk.event.security                       :  TLSHandshake: adb.sa-santiago-1.oraclecloud.com:1522, TLSv1.2, TLS_RSA_WITH_AES_256_GCM_SHA384, 3580545443
2025-05-05T18:23:33.408-04:00  WARN 62669 --- [week3] [           main] o.h.t.s.i.ExceptionHandlerLoggedImpl     : GenerationTarget encountered exception accepting command : Error executing DDL "drop table roles cascade constraints" via JDBC [ORA-00942: table or view does not exist

https://docs.oracle.com/error-help/db/ora-00942/]

org.hibernate.tool.schema.spi.CommandAcceptanceException: Error executing DDL "drop table roles cascade constraints" via JDBC [ORA-00942: table or view does not exist

https://docs.oracle.com/error-help/db/ora-00942/]
	at org.hibernate.tool.schema.internal.exec.GenerationTargetToDatabase.accept(GenerationTargetToDatabase.java:94) ~[hibernate-core-6.6.11.Final.jar:6.6.11.Final]
	at org.hibernate.tool.schema.internal.Helper.applySqlString(Helper.java:233) ~[hibernate-core-6.6.11.Final.jar:6.6.11.Final]
	at org.hibernate.tool.schema.internal.Helper.applySqlStrings(Helper.java:217) ~[hibernate-core-6.6.11.Final.jar:6.6.11.Final]
	at org.hibernate.tool.schema.internal.SchemaDropperImpl.dropTables(SchemaDropperImpl.java:384) ~[hibernate-core-6.6.11.Final.jar:6.6.11.Final]
	at org.hibernate.tool.schema.internal.SchemaDropperImpl.dropConstraintsTablesSequences(SchemaDropperImpl.java:256) ~[hibernate-core-6.6.11.Final.jar:6.6.11.Final]
	at org.hibernate.tool.schema.internal.SchemaDropperImpl.dropFromMetadata(SchemaDropperImpl.java:218) ~[hibernate-core-6.6.11.Final.jar:6.6.11.Final]
	at org.hibernate.tool.schema.internal.SchemaDropperImpl.performDrop(SchemaDropperImpl.java:186) ~[hibernate-core-6.6.11.Final.jar:6.6.11.Final]
	at org.hibernate.tool.schema.internal.SchemaDropperImpl.doDrop(SchemaDropperImpl.java:156) ~[hibernate-core-6.6.11.Final.jar:6.6.11.Final]
	at org.hibernate.tool.schema.internal.SchemaDropperImpl.doDrop(SchemaDropperImpl.java:116) ~[hibernate-core-6.6.11.Final.jar:6.6.11.Final]
	at org.hibernate.tool.schema.spi.SchemaManagementToolCoordinator.performDatabaseAction(SchemaManagementToolCoordinator.java:238) ~[hibernate-core-6.6.11.Final.jar:6.6.11.Final]
	at org.hibernate.tool.schema.spi.SchemaManagementToolCoordinator.lambda$process$5(SchemaManagementToolCoordinator.java:144) ~[hibernate-core-6.6.11.Final.jar:6.6.11.Final]
	at java.base/java.util.HashMap.forEach(HashMap.java:1430) ~[na:na]
	at org.hibernate.tool.schema.spi.SchemaManagementToolCoordinator.process(SchemaManagementToolCoordinator.java:141) ~[hibernate-core-6.6.11.Final.jar:6.6.11.Final]
	at org.hibernate.boot.internal.SessionFactoryObserverForSchemaExport.sessionFactoryCreated(SessionFactoryObserverForSchemaExport.java:37) ~[hibernate-core-6.6.11.Final.jar:6.6.11.Final]
	at org.hibernate.internal.SessionFactoryObserverChain.sessionFactoryCreated(SessionFactoryObserverChain.java:35) ~[hibernate-core-6.6.11.Final.jar:6.6.11.Final]
	at org.hibernate.internal.SessionFactoryImpl.<init>(SessionFactoryImpl.java:324) ~[hibernate-core-6.6.11.Final.jar:6.6.11.Final]
	at org.hibernate.boot.internal.SessionFactoryBuilderImpl.build(SessionFactoryBuilderImpl.java:463) ~[hibernate-core-6.6.11.Final.jar:6.6.11.Final]
	at org.hibernate.jpa.boot.internal.EntityManagerFactoryBuilderImpl.build(EntityManagerFactoryBuilderImpl.java:1517) ~[hibernate-core-6.6.11.Final.jar:6.6.11.Final]
	at org.springframework.orm.jpa.vendor.SpringHibernateJpaPersistenceProvider.createContainerEntityManagerFactory(SpringHibernateJpaPersistenceProvider.java:66) ~[spring-orm-6.2.5.jar:6.2.5]
	at org.springframework.orm.jpa.LocalContainerEntityManagerFactoryBean.createNativeEntityManagerFactory(LocalContainerEntityManagerFactoryBean.java:390) ~[spring-orm-6.2.5.jar:6.2.5]
	at org.springframework.orm.jpa.AbstractEntityManagerFactoryBean.buildNativeEntityManagerFactory(AbstractEntityManagerFactoryBean.java:419) ~[spring-orm-6.2.5.jar:6.2.5]
	at org.springframework.orm.jpa.AbstractEntityManagerFactoryBean.afterPropertiesSet(AbstractEntityManagerFactoryBean.java:400) ~[spring-orm-6.2.5.jar:6.2.5]
	at org.springframework.orm.jpa.LocalContainerEntityManagerFactoryBean.afterPropertiesSet(LocalContainerEntityManagerFactoryBean.java:366) ~[spring-orm-6.2.5.jar:6.2.5]
	at org.springframework.beans.factory.support.AbstractAutowireCapableBeanFactory.invokeInitMethods(AbstractAutowireCapableBeanFactory.java:1859) ~[spring-beans-6.2.5.jar:6.2.5]
	at org.springframework.beans.factory.support.AbstractAutowireCapableBeanFactory.initializeBean(AbstractAutowireCapableBeanFactory.java:1808) ~[spring-beans-6.2.5.jar:6.2.5]
	at org.springframework.beans.factory.support.AbstractAutowireCapableBeanFactory.doCreateBean(AbstractAutowireCapableBeanFactory.java:601) ~[spring-beans-6.2.5.jar:6.2.5]
	at org.springframework.beans.factory.support.AbstractAutowireCapableBeanFactory.createBean(AbstractAutowireCapableBeanFactory.java:523) ~[spring-beans-6.2.5.jar:6.2.5]
	at org.springframework.beans.factory.support.AbstractBeanFactory.lambda$doGetBean$0(AbstractBeanFactory.java:339) ~[spring-beans-6.2.5.jar:6.2.5]
	at org.springframework.beans.factory.support.DefaultSingletonBeanRegistry.getSingleton(DefaultSingletonBeanRegistry.java:347) ~[spring-beans-6.2.5.jar:6.2.5]
	at org.springframework.beans.factory.support.AbstractBeanFactory.doGetBean(AbstractBeanFactory.java:337) ~[spring-beans-6.2.5.jar:6.2.5]
	at org.springframework.beans.factory.support.AbstractBeanFactory.getBean(AbstractBeanFactory.java:207) ~[spring-beans-6.2.5.jar:6.2.5]
	at org.springframework.context.support.AbstractApplicationContext.finishBeanFactoryInitialization(AbstractApplicationContext.java:970) ~[spring-context-6.2.5.jar:6.2.5]
	at org.springframework.context.support.AbstractApplicationContext.refresh(AbstractApplicationContext.java:627) ~[spring-context-6.2.5.jar:6.2.5]
	at org.springframework.boot.SpringApplication.refresh(SpringApplication.java:752) ~[spring-boot-3.4.4.jar:3.4.4]
	at org.springframework.boot.SpringApplication.refreshContext(SpringApplication.java:439) ~[spring-boot-3.4.4.jar:3.4.4]
	at org.springframework.boot.SpringApplication.run(SpringApplication.java:318) ~[spring-boot-3.4.4.jar:3.4.4]
	at org.springframework.boot.test.context.SpringBootContextLoader.lambda$loadContext$3(SpringBootContextLoader.java:144) ~[spring-boot-test-3.4.4.jar:3.4.4]
	at org.springframework.util.function.ThrowingSupplier.get(ThrowingSupplier.java:58) ~[spring-core-6.2.5.jar:6.2.5]
	at org.springframework.util.function.ThrowingSupplier.get(ThrowingSupplier.java:46) ~[spring-core-6.2.5.jar:6.2.5]
	at org.springframework.boot.SpringApplication.withHook(SpringApplication.java:1461) ~[spring-boot-3.4.4.jar:3.4.4]
	at org.springframework.boot.test.context.SpringBootContextLoader$ContextLoaderHook.run(SpringBootContextLoader.java:563) ~[spring-boot-test-3.4.4.jar:3.4.4]
	at org.springframework.boot.test.context.SpringBootContextLoader.loadContext(SpringBootContextLoader.java:144) ~[spring-boot-test-3.4.4.jar:3.4.4]
	at org.springframework.boot.test.context.SpringBootContextLoader.loadContext(SpringBootContextLoader.java:110) ~[spring-boot-test-3.4.4.jar:3.4.4]
	at org.springframework.test.context.cache.DefaultCacheAwareContextLoaderDelegate.loadContextInternal(DefaultCacheAwareContextLoaderDelegate.java:225) ~[spring-test-6.2.5.jar:6.2.5]
	at org.springframework.test.context.cache.DefaultCacheAwareContextLoaderDelegate.loadContext(DefaultCacheAwareContextLoaderDelegate.java:152) ~[spring-test-6.2.5.jar:6.2.5]
	at org.springframework.test.context.support.DefaultTestContext.getApplicationContext(DefaultTestContext.java:130) ~[spring-test-6.2.5.jar:6.2.5]
	at org.springframework.test.context.support.DependencyInjectionTestExecutionListener.injectDependencies(DependencyInjectionTestExecutionListener.java:155) ~[spring-test-6.2.5.jar:6.2.5]
	at org.springframework.test.context.support.DependencyInjectionTestExecutionListener.prepareTestInstance(DependencyInjectionTestExecutionListener.java:111) ~[spring-test-6.2.5.jar:6.2.5]
	at org.springframework.test.context.TestContextManager.prepareTestInstance(TestContextManager.java:260) ~[spring-test-6.2.5.jar:6.2.5]
	at org.springframework.test.context.junit.jupiter.SpringExtension.postProcessTestInstance(SpringExtension.java:160) ~[spring-test-6.2.5.jar:6.2.5]
	at org.junit.jupiter.engine.descriptor.ClassBasedTestDescriptor.lambda$invokeTestInstancePostProcessors$11(ClassBasedTestDescriptor.java:378) ~[junit-jupiter-engine-5.11.4.jar:5.11.4]
	at org.junit.jupiter.engine.descriptor.ClassBasedTestDescriptor.executeAndMaskThrowable(ClassBasedTestDescriptor.java:383) ~[junit-jupiter-engine-5.11.4.jar:5.11.4]
	at org.junit.jupiter.engine.descriptor.ClassBasedTestDescriptor.lambda$invokeTestInstancePostProcessors$12(ClassBasedTestDescriptor.java:378) ~[junit-jupiter-engine-5.11.4.jar:5.11.4]
	at java.base/java.util.stream.ForEachOps$ForEachOp$OfRef.accept(ForEachOps.java:184) ~[na:na]
	at java.base/java.util.stream.ReferencePipeline$3$1.accept(ReferencePipeline.java:215) ~[na:na]
	at java.base/java.util.stream.ReferencePipeline$2$1.accept(ReferencePipeline.java:197) ~[na:na]
	at java.base/java.util.stream.ReferencePipeline$3$1.accept(ReferencePipeline.java:215) ~[na:na]
	at java.base/java.util.ArrayList$ArrayListSpliterator.forEachRemaining(ArrayList.java:1709) ~[na:na]
	at java.base/java.util.stream.AbstractPipeline.copyInto(AbstractPipeline.java:570) ~[na:na]
	at java.base/java.util.stream.AbstractPipeline.wrapAndCopyInto(AbstractPipeline.java:560) ~[na:na]
	at java.base/java.util.stream.ForEachOps$ForEachOp.evaluateSequential(ForEachOps.java:151) ~[na:na]
	at java.base/java.util.stream.ForEachOps$ForEachOp$OfRef.evaluateSequential(ForEachOps.java:174) ~[na:na]
	at java.base/java.util.stream.AbstractPipeline.evaluate(AbstractPipeline.java:265) ~[na:na]
	at java.base/java.util.stream.ReferencePipeline.forEach(ReferencePipeline.java:636) ~[na:na]
	at org.junit.jupiter.engine.descriptor.ClassBasedTestDescriptor.invokeTestInstancePostProcessors(ClassBasedTestDescriptor.java:377) ~[junit-jupiter-engine-5.11.4.jar:5.11.4]
	at org.junit.jupiter.engine.descriptor.ClassBasedTestDescriptor.lambda$instantiateAndPostProcessTestInstance$7(ClassBasedTestDescriptor.java:290) ~[junit-jupiter-engine-5.11.4.jar:5.11.4]
	at org.junit.platform.engine.support.hierarchical.ThrowableCollector.execute(ThrowableCollector.java:73) ~[junit-platform-engine-1.11.4.jar:1.11.4]
	at org.junit.jupiter.engine.descriptor.ClassBasedTestDescriptor.instantiateAndPostProcessTestInstance(ClassBasedTestDescriptor.java:289) ~[junit-jupiter-engine-5.11.4.jar:5.11.4]
	at org.junit.jupiter.engine.descriptor.ClassBasedTestDescriptor.lambda$testInstancesProvider$5(ClassBasedTestDescriptor.java:279) ~[junit-jupiter-engine-5.11.4.jar:5.11.4]
	at java.base/java.util.Optional.orElseGet(Optional.java:364) ~[na:na]
	at org.junit.jupiter.engine.descriptor.ClassBasedTestDescriptor.lambda$testInstancesProvider$6(ClassBasedTestDescriptor.java:278) ~[junit-jupiter-engine-5.11.4.jar:5.11.4]
	at org.junit.jupiter.engine.execution.TestInstancesProvider.getTestInstances(TestInstancesProvider.java:31) ~[junit-jupiter-engine-5.11.4.jar:5.11.4]
	at org.junit.jupiter.engine.descriptor.TestMethodTestDescriptor.lambda$prepare$1(TestMethodTestDescriptor.java:105) ~[junit-jupiter-engine-5.11.4.jar:5.11.4]
	at org.junit.platform.engine.support.hierarchical.ThrowableCollector.execute(ThrowableCollector.java:73) ~[junit-platform-engine-1.11.4.jar:1.11.4]
	at org.junit.jupiter.engine.descriptor.TestMethodTestDescriptor.prepare(TestMethodTestDescriptor.java:104) ~[junit-jupiter-engine-5.11.4.jar:5.11.4]
	at org.junit.jupiter.engine.descriptor.TestMethodTestDescriptor.prepare(TestMethodTestDescriptor.java:68) ~[junit-jupiter-engine-5.11.4.jar:5.11.4]
	at org.junit.platform.engine.support.hierarchical.NodeTestTask.lambda$prepare$2(NodeTestTask.java:128) ~[junit-platform-engine-1.11.4.jar:1.11.4]
	at org.junit.platform.engine.support.hierarchical.ThrowableCollector.execute(ThrowableCollector.java:73) ~[junit-platform-engine-1.11.4.jar:1.11.4]
	at org.junit.platform.engine.support.hierarchical.NodeTestTask.prepare(NodeTestTask.java:128) ~[junit-platform-engine-1.11.4.jar:1.11.4]
	at org.junit.platform.engine.support.hierarchical.NodeTestTask.execute(NodeTestTask.java:95) ~[junit-platform-engine-1.11.4.jar:1.11.4]
	at java.base/java.util.ArrayList.forEach(ArrayList.java:1597) ~[na:na]
	at org.junit.platform.engine.support.hierarchical.SameThreadHierarchicalTestExecutorService.invokeAll(SameThreadHierarchicalTestExecutorService.java:41) ~[junit-platform-engine-1.11.4.jar:1.11.4]
	at org.junit.platform.engine.support.hierarchical.NodeTestTask.lambda$executeRecursively$6(NodeTestTask.java:160) ~[junit-platform-engine-1.11.4.jar:1.11.4]
	at org.junit.platform.engine.support.hierarchical.ThrowableCollector.execute(ThrowableCollector.java:73) ~[junit-platform-engine-1.11.4.jar:1.11.4]
	at org.junit.platform.engine.support.hierarchical.NodeTestTask.lambda$executeRecursively$8(NodeTestTask.java:146) ~[junit-platform-engine-1.11.4.jar:1.11.4]
	at org.junit.platform.engine.support.hierarchical.Node.around(Node.java:137) ~[junit-platform-engine-1.11.4.jar:1.11.4]
	at org.junit.platform.engine.support.hierarchical.NodeTestTask.lambda$executeRecursively$9(NodeTestTask.java:144) ~[junit-platform-engine-1.11.4.jar:1.11.4]
	at org.junit.platform.engine.support.hierarchical.ThrowableCollector.execute(ThrowableCollector.java:73) ~[junit-platform-engine-1.11.4.jar:1.11.4]
	at org.junit.platform.engine.support.hierarchical.NodeTestTask.executeRecursively(NodeTestTask.java:143) ~[junit-platform-engine-1.11.4.jar:1.11.4]
	at org.junit.platform.engine.support.hierarchical.NodeTestTask.execute(NodeTestTask.java:100) ~[junit-platform-engine-1.11.4.jar:1.11.4]
	at java.base/java.util.ArrayList.forEach(ArrayList.java:1597) ~[na:na]
	at org.junit.platform.engine.support.hierarchical.SameThreadHierarchicalTestExecutorService.invokeAll(SameThreadHierarchicalTestExecutorService.java:41) ~[junit-platform-engine-1.11.4.jar:1.11.4]
	at org.junit.platform.engine.support.hierarchical.NodeTestTask.lambda$executeRecursively$6(NodeTestTask.java:160) ~[junit-platform-engine-1.11.4.jar:1.11.4]
	at org.junit.platform.engine.support.hierarchical.ThrowableCollector.execute(ThrowableCollector.java:73) ~[junit-platform-engine-1.11.4.jar:1.11.4]
	at org.junit.platform.engine.support.hierarchical.NodeTestTask.lambda$executeRecursively$8(NodeTestTask.java:146) ~[junit-platform-engine-1.11.4.jar:1.11.4]
	at org.junit.platform.engine.support.hierarchical.Node.around(Node.java:137) ~[junit-platform-engine-1.11.4.jar:1.11.4]
	at org.junit.platform.engine.support.hierarchical.NodeTestTask.lambda$executeRecursively$9(NodeTestTask.java:144) ~[junit-platform-engine-1.11.4.jar:1.11.4]
	at org.junit.platform.engine.support.hierarchical.ThrowableCollector.execute(ThrowableCollector.java:73) ~[junit-platform-engine-1.11.4.jar:1.11.4]
	at org.junit.platform.engine.support.hierarchical.NodeTestTask.executeRecursively(NodeTestTask.java:143) ~[junit-platform-engine-1.11.4.jar:1.11.4]
	at org.junit.platform.engine.support.hierarchical.NodeTestTask.execute(NodeTestTask.java:100) ~[junit-platform-engine-1.11.4.jar:1.11.4]
	at org.junit.platform.engine.support.hierarchical.SameThreadHierarchicalTestExecutorService.submit(SameThreadHierarchicalTestExecutorService.java:35) ~[junit-platform-engine-1.11.4.jar:1.11.4]
	at org.junit.platform.engine.support.hierarchical.HierarchicalTestExecutor.execute(HierarchicalTestExecutor.java:57) ~[junit-platform-engine-1.11.4.jar:1.11.4]
	at org.junit.platform.engine.support.hierarchical.HierarchicalTestEngine.execute(HierarchicalTestEngine.java:54) ~[junit-platform-engine-1.11.4.jar:1.11.4]
	at org.junit.platform.launcher.core.EngineExecutionOrchestrator.execute(EngineExecutionOrchestrator.java:198) ~[junit-platform-launcher-1.11.4.jar:1.11.4]
	at org.junit.platform.launcher.core.EngineExecutionOrchestrator.execute(EngineExecutionOrchestrator.java:169) ~[junit-platform-launcher-1.11.4.jar:1.11.4]
	at org.junit.platform.launcher.core.EngineExecutionOrchestrator.execute(EngineExecutionOrchestrator.java:93) ~[junit-platform-launcher-1.11.4.jar:1.11.4]
	at org.junit.platform.launcher.core.EngineExecutionOrchestrator.lambda$execute$0(EngineExecutionOrchestrator.java:58) ~[junit-platform-launcher-1.11.4.jar:1.11.4]
	at org.junit.platform.launcher.core.EngineExecutionOrchestrator.withInterceptedStreams(EngineExecutionOrchestrator.java:141) ~[junit-platform-launcher-1.11.4.jar:1.11.4]
	at org.junit.platform.launcher.core.EngineExecutionOrchestrator.execute(EngineExecutionOrchestrator.java:57) ~[junit-platform-launcher-1.11.4.jar:1.11.4]
	at org.junit.platform.launcher.core.DefaultLauncher.execute(DefaultLauncher.java:103) ~[junit-platform-launcher-1.11.4.jar:1.11.4]
	at org.junit.platform.launcher.core.DefaultLauncher.execute(DefaultLauncher.java:85) ~[junit-platform-launcher-1.11.4.jar:1.11.4]
	at org.junit.platform.launcher.core.DelegatingLauncher.execute(DelegatingLauncher.java:47) ~[junit-platform-launcher-1.11.4.jar:1.11.4]
	at org.apache.maven.surefire.junitplatform.LazyLauncher.execute(LazyLauncher.java:56) ~[surefire-junit-platform-3.5.2.jar:3.5.2]
	at org.apache.maven.surefire.junitplatform.JUnitPlatformProvider.execute(JUnitPlatformProvider.java:184) ~[surefire-junit-platform-3.5.2.jar:3.5.2]
	at org.apache.maven.surefire.junitplatform.JUnitPlatformProvider.invokeAllTests(JUnitPlatformProvider.java:148) ~[surefire-junit-platform-3.5.2.jar:3.5.2]
	at org.apache.maven.surefire.junitplatform.JUnitPlatformProvider.invoke(JUnitPlatformProvider.java:122) ~[surefire-junit-platform-3.5.2.jar:3.5.2]
	at org.apache.maven.surefire.booter.ForkedBooter.runSuitesInProcess(ForkedBooter.java:385) ~[surefire-booter-3.5.2.jar:3.5.2]
	at org.apache.maven.surefire.booter.ForkedBooter.execute(ForkedBooter.java:162) ~[surefire-booter-3.5.2.jar:3.5.2]
	at org.apache.maven.surefire.booter.ForkedBooter.run(ForkedBooter.java:507) ~[surefire-booter-3.5.2.jar:3.5.2]
	at org.apache.maven.surefire.booter.ForkedBooter.main(ForkedBooter.java:495) ~[surefire-booter-3.5.2.jar:3.5.2]
Caused by: java.sql.SQLSyntaxErrorException: ORA-00942: table or view does not exist

https://docs.oracle.com/error-help/db/ora-00942/
	at oracle.jdbc.driver.T4CTTIoer11.processError(T4CTTIoer11.java:709) ~[ojdbc11-23.5.0.24.07.jar:23.5.0.24.07]
	at oracle.jdbc.driver.T4CTTIoer11.processError(T4CTTIoer11.java:609) ~[ojdbc11-23.5.0.24.07.jar:23.5.0.24.07]
	at oracle.jdbc.driver.T4C8Oall.processError(T4C8Oall.java:1347) ~[ojdbc11-23.5.0.24.07.jar:23.5.0.24.07]
	at oracle.jdbc.driver.T4CTTIfun.receive(T4CTTIfun.java:1100) ~[ojdbc11-23.5.0.24.07.jar:23.5.0.24.07]
	at oracle.jdbc.driver.T4CTTIfun.doRPC(T4CTTIfun.java:408) ~[ojdbc11-23.5.0.24.07.jar:23.5.0.24.07]
	at oracle.jdbc.driver.T4C8Oall.doOALL(T4C8Oall.java:499) ~[ojdbc11-23.5.0.24.07.jar:23.5.0.24.07]
	at oracle.jdbc.driver.T4CStatement.doOall8(T4CStatement.java:190) ~[ojdbc11-23.5.0.24.07.jar:23.5.0.24.07]
	at oracle.jdbc.driver.T4CStatement.executeForRows(T4CStatement.java:1399) ~[ojdbc11-23.5.0.24.07.jar:23.5.0.24.07]
	at oracle.jdbc.driver.OracleStatement.executeSQLStatement(OracleStatement.java:2008) ~[ojdbc11-23.5.0.24.07.jar:23.5.0.24.07]
	at oracle.jdbc.driver.OracleStatement.doExecuteWithTimeout(OracleStatement.java:1621) ~[ojdbc11-23.5.0.24.07.jar:23.5.0.24.07]
	at oracle.jdbc.driver.OracleStatement.executeInternal(OracleStatement.java:2686) ~[ojdbc11-23.5.0.24.07.jar:23.5.0.24.07]
	at oracle.jdbc.driver.OracleStatement.execute(OracleStatement.java:2635) ~[ojdbc11-23.5.0.24.07.jar:23.5.0.24.07]
	at oracle.jdbc.driver.OracleStatementWrapper.execute(OracleStatementWrapper.java:336) ~[ojdbc11-23.5.0.24.07.jar:23.5.0.24.07]
	at com.zaxxer.hikari.pool.ProxyStatement.execute(ProxyStatement.java:94) ~[HikariCP-5.1.0.jar:na]
	at com.zaxxer.hikari.pool.HikariProxyStatement.execute(HikariProxyStatement.java) ~[HikariCP-5.1.0.jar:na]
	at org.hibernate.tool.schema.internal.exec.GenerationTargetToDatabase.accept(GenerationTargetToDatabase.java:80) ~[hibernate-core-6.6.11.Final.jar:6.6.11.Final]
	... 119 common frames omitted
Caused by: oracle.jdbc.OracleDatabaseException: ORA-00942: table or view does not exist

	at oracle.jdbc.driver.T4CTTIoer11.processError(T4CTTIoer11.java:717) ~[ojdbc11-23.5.0.24.07.jar:23.5.0.24.07]
	... 134 common frames omitted

2025-05-05T18:23:33.409-04:00 DEBUG 62669 --- [week3] [           main] org.hibernate.SQL                        : drop table users cascade constraints
Hibernate: drop table users cascade constraints
2025-05-05T18:23:33.428-04:00  WARN 62669 --- [week3] [           main] o.h.t.s.i.ExceptionHandlerLoggedImpl     : GenerationTarget encountered exception accepting command : Error executing DDL "drop table users cascade constraints" via JDBC [ORA-00942: table or view does not exist

https://docs.oracle.com/error-help/db/ora-00942/]

org.hibernate.tool.schema.spi.CommandAcceptanceException: Error executing DDL "drop table users cascade constraints" via JDBC [ORA-00942: table or view does not exist

https://docs.oracle.com/error-help/db/ora-00942/]
	at org.hibernate.tool.schema.internal.exec.GenerationTargetToDatabase.accept(GenerationTargetToDatabase.java:94) ~[hibernate-core-6.6.11.Final.jar:6.6.11.Final]
	at org.hibernate.tool.schema.internal.Helper.applySqlString(Helper.java:233) ~[hibernate-core-6.6.11.Final.jar:6.6.11.Final]
	at org.hibernate.tool.schema.internal.Helper.applySqlStrings(Helper.java:217) ~[hibernate-core-6.6.11.Final.jar:6.6.11.Final]
	at org.hibernate.tool.schema.internal.SchemaDropperImpl.dropTables(SchemaDropperImpl.java:384) ~[hibernate-core-6.6.11.Final.jar:6.6.11.Final]
	at org.hibernate.tool.schema.internal.SchemaDropperImpl.dropConstraintsTablesSequences(SchemaDropperImpl.java:256) ~[hibernate-core-6.6.11.Final.jar:6.6.11.Final]
	at org.hibernate.tool.schema.internal.SchemaDropperImpl.dropFromMetadata(SchemaDropperImpl.java:218) ~[hibernate-core-6.6.11.Final.jar:6.6.11.Final]
	at org.hibernate.tool.schema.internal.SchemaDropperImpl.performDrop(SchemaDropperImpl.java:186) ~[hibernate-core-6.6.11.Final.jar:6.6.11.Final]
	at org.hibernate.tool.schema.internal.SchemaDropperImpl.doDrop(SchemaDropperImpl.java:156) ~[hibernate-core-6.6.11.Final.jar:6.6.11.Final]
	at org.hibernate.tool.schema.internal.SchemaDropperImpl.doDrop(SchemaDropperImpl.java:116) ~[hibernate-core-6.6.11.Final.jar:6.6.11.Final]
	at org.hibernate.tool.schema.spi.SchemaManagementToolCoordinator.performDatabaseAction(SchemaManagementToolCoordinator.java:238) ~[hibernate-core-6.6.11.Final.jar:6.6.11.Final]
	at org.hibernate.tool.schema.spi.SchemaManagementToolCoordinator.lambda$process$5(SchemaManagementToolCoordinator.java:144) ~[hibernate-core-6.6.11.Final.jar:6.6.11.Final]
	at java.base/java.util.HashMap.forEach(HashMap.java:1430) ~[na:na]
	at org.hibernate.tool.schema.spi.SchemaManagementToolCoordinator.process(SchemaManagementToolCoordinator.java:141) ~[hibernate-core-6.6.11.Final.jar:6.6.11.Final]
	at org.hibernate.boot.internal.SessionFactoryObserverForSchemaExport.sessionFactoryCreated(SessionFactoryObserverForSchemaExport.java:37) ~[hibernate-core-6.6.11.Final.jar:6.6.11.Final]
	at org.hibernate.internal.SessionFactoryObserverChain.sessionFactoryCreated(SessionFactoryObserverChain.java:35) ~[hibernate-core-6.6.11.Final.jar:6.6.11.Final]
	at org.hibernate.internal.SessionFactoryImpl.<init>(SessionFactoryImpl.java:324) ~[hibernate-core-6.6.11.Final.jar:6.6.11.Final]
	at org.hibernate.boot.internal.SessionFactoryBuilderImpl.build(SessionFactoryBuilderImpl.java:463) ~[hibernate-core-6.6.11.Final.jar:6.6.11.Final]
	at org.hibernate.jpa.boot.internal.EntityManagerFactoryBuilderImpl.build(EntityManagerFactoryBuilderImpl.java:1517) ~[hibernate-core-6.6.11.Final.jar:6.6.11.Final]
	at org.springframework.orm.jpa.vendor.SpringHibernateJpaPersistenceProvider.createContainerEntityManagerFactory(SpringHibernateJpaPersistenceProvider.java:66) ~[spring-orm-6.2.5.jar:6.2.5]
	at org.springframework.orm.jpa.LocalContainerEntityManagerFactoryBean.createNativeEntityManagerFactory(LocalContainerEntityManagerFactoryBean.java:390) ~[spring-orm-6.2.5.jar:6.2.5]
	at org.springframework.orm.jpa.AbstractEntityManagerFactoryBean.buildNativeEntityManagerFactory(AbstractEntityManagerFactoryBean.java:419) ~[spring-orm-6.2.5.jar:6.2.5]
	at org.springframework.orm.jpa.AbstractEntityManagerFactoryBean.afterPropertiesSet(AbstractEntityManagerFactoryBean.java:400) ~[spring-orm-6.2.5.jar:6.2.5]
	at org.springframework.orm.jpa.LocalContainerEntityManagerFactoryBean.afterPropertiesSet(LocalContainerEntityManagerFactoryBean.java:366) ~[spring-orm-6.2.5.jar:6.2.5]
	at org.springframework.beans.factory.support.AbstractAutowireCapableBeanFactory.invokeInitMethods(AbstractAutowireCapableBeanFactory.java:1859) ~[spring-beans-6.2.5.jar:6.2.5]
	at org.springframework.beans.factory.support.AbstractAutowireCapableBeanFactory.initializeBean(AbstractAutowireCapableBeanFactory.java:1808) ~[spring-beans-6.2.5.jar:6.2.5]
	at org.springframework.beans.factory.support.AbstractAutowireCapableBeanFactory.doCreateBean(AbstractAutowireCapableBeanFactory.java:601) ~[spring-beans-6.2.5.jar:6.2.5]
	at org.springframework.beans.factory.support.AbstractAutowireCapableBeanFactory.createBean(AbstractAutowireCapableBeanFactory.java:523) ~[spring-beans-6.2.5.jar:6.2.5]
	at org.springframework.beans.factory.support.AbstractBeanFactory.lambda$doGetBean$0(AbstractBeanFactory.java:339) ~[spring-beans-6.2.5.jar:6.2.5]
	at org.springframework.beans.factory.support.DefaultSingletonBeanRegistry.getSingleton(DefaultSingletonBeanRegistry.java:347) ~[spring-beans-6.2.5.jar:6.2.5]
	at org.springframework.beans.factory.support.AbstractBeanFactory.doGetBean(AbstractBeanFactory.java:337) ~[spring-beans-6.2.5.jar:6.2.5]
	at org.springframework.beans.factory.support.AbstractBeanFactory.getBean(AbstractBeanFactory.java:207) ~[spring-beans-6.2.5.jar:6.2.5]
	at org.springframework.context.support.AbstractApplicationContext.finishBeanFactoryInitialization(AbstractApplicationContext.java:970) ~[spring-context-6.2.5.jar:6.2.5]
	at org.springframework.context.support.AbstractApplicationContext.refresh(AbstractApplicationContext.java:627) ~[spring-context-6.2.5.jar:6.2.5]
	at org.springframework.boot.SpringApplication.refresh(SpringApplication.java:752) ~[spring-boot-3.4.4.jar:3.4.4]
	at org.springframework.boot.SpringApplication.refreshContext(SpringApplication.java:439) ~[spring-boot-3.4.4.jar:3.4.4]
	at org.springframework.boot.SpringApplication.run(SpringApplication.java:318) ~[spring-boot-3.4.4.jar:3.4.4]
	at org.springframework.boot.test.context.SpringBootContextLoader.lambda$loadContext$3(SpringBootContextLoader.java:144) ~[spring-boot-test-3.4.4.jar:3.4.4]
	at org.springframework.util.function.ThrowingSupplier.get(ThrowingSupplier.java:58) ~[spring-core-6.2.5.jar:6.2.5]
	at org.springframework.util.function.ThrowingSupplier.get(ThrowingSupplier.java:46) ~[spring-core-6.2.5.jar:6.2.5]
	at org.springframework.boot.SpringApplication.withHook(SpringApplication.java:1461) ~[spring-boot-3.4.4.jar:3.4.4]
	at org.springframework.boot.test.context.SpringBootContextLoader$ContextLoaderHook.run(SpringBootContextLoader.java:563) ~[spring-boot-test-3.4.4.jar:3.4.4]
	at org.springframework.boot.test.context.SpringBootContextLoader.loadContext(SpringBootContextLoader.java:144) ~[spring-boot-test-3.4.4.jar:3.4.4]
	at org.springframework.boot.test.context.SpringBootContextLoader.loadContext(SpringBootContextLoader.java:110) ~[spring-boot-test-3.4.4.jar:3.4.4]
	at org.springframework.test.context.cache.DefaultCacheAwareContextLoaderDelegate.loadContextInternal(DefaultCacheAwareContextLoaderDelegate.java:225) ~[spring-test-6.2.5.jar:6.2.5]
	at org.springframework.test.context.cache.DefaultCacheAwareContextLoaderDelegate.loadContext(DefaultCacheAwareContextLoaderDelegate.java:152) ~[spring-test-6.2.5.jar:6.2.5]
	at org.springframework.test.context.support.DefaultTestContext.getApplicationContext(DefaultTestContext.java:130) ~[spring-test-6.2.5.jar:6.2.5]
	at org.springframework.test.context.support.DependencyInjectionTestExecutionListener.injectDependencies(DependencyInjectionTestExecutionListener.java:155) ~[spring-test-6.2.5.jar:6.2.5]
	at org.springframework.test.context.support.DependencyInjectionTestExecutionListener.prepareTestInstance(DependencyInjectionTestExecutionListener.java:111) ~[spring-test-6.2.5.jar:6.2.5]
	at org.springframework.test.context.TestContextManager.prepareTestInstance(TestContextManager.java:260) ~[spring-test-6.2.5.jar:6.2.5]
	at org.springframework.test.context.junit.jupiter.SpringExtension.postProcessTestInstance(SpringExtension.java:160) ~[spring-test-6.2.5.jar:6.2.5]
	at org.junit.jupiter.engine.descriptor.ClassBasedTestDescriptor.lambda$invokeTestInstancePostProcessors$11(ClassBasedTestDescriptor.java:378) ~[junit-jupiter-engine-5.11.4.jar:5.11.4]
	at org.junit.jupiter.engine.descriptor.ClassBasedTestDescriptor.executeAndMaskThrowable(ClassBasedTestDescriptor.java:383) ~[junit-jupiter-engine-5.11.4.jar:5.11.4]
	at org.junit.jupiter.engine.descriptor.ClassBasedTestDescriptor.lambda$invokeTestInstancePostProcessors$12(ClassBasedTestDescriptor.java:378) ~[junit-jupiter-engine-5.11.4.jar:5.11.4]
	at java.base/java.util.stream.ForEachOps$ForEachOp$OfRef.accept(ForEachOps.java:184) ~[na:na]
	at java.base/java.util.stream.ReferencePipeline$3$1.accept(ReferencePipeline.java:215) ~[na:na]
	at java.base/java.util.stream.ReferencePipeline$2$1.accept(ReferencePipeline.java:197) ~[na:na]
	at java.base/java.util.stream.ReferencePipeline$3$1.accept(ReferencePipeline.java:215) ~[na:na]
	at java.base/java.util.ArrayList$ArrayListSpliterator.forEachRemaining(ArrayList.java:1709) ~[na:na]
	at java.base/java.util.stream.AbstractPipeline.copyInto(AbstractPipeline.java:570) ~[na:na]
	at java.base/java.util.stream.AbstractPipeline.wrapAndCopyInto(AbstractPipeline.java:560) ~[na:na]
	at java.base/java.util.stream.ForEachOps$ForEachOp.evaluateSequential(ForEachOps.java:151) ~[na:na]
	at java.base/java.util.stream.ForEachOps$ForEachOp$OfRef.evaluateSequential(ForEachOps.java:174) ~[na:na]
	at java.base/java.util.stream.AbstractPipeline.evaluate(AbstractPipeline.java:265) ~[na:na]
	at java.base/java.util.stream.ReferencePipeline.forEach(ReferencePipeline.java:636) ~[na:na]
	at org.junit.jupiter.engine.descriptor.ClassBasedTestDescriptor.invokeTestInstancePostProcessors(ClassBasedTestDescriptor.java:377) ~[junit-jupiter-engine-5.11.4.jar:5.11.4]
	at org.junit.jupiter.engine.descriptor.ClassBasedTestDescriptor.lambda$instantiateAndPostProcessTestInstance$7(ClassBasedTestDescriptor.java:290) ~[junit-jupiter-engine-5.11.4.jar:5.11.4]
	at org.junit.platform.engine.support.hierarchical.ThrowableCollector.execute(ThrowableCollector.java:73) ~[junit-platform-engine-1.11.4.jar:1.11.4]
	at org.junit.jupiter.engine.descriptor.ClassBasedTestDescriptor.instantiateAndPostProcessTestInstance(ClassBasedTestDescriptor.java:289) ~[junit-jupiter-engine-5.11.4.jar:5.11.4]
	at org.junit.jupiter.engine.descriptor.ClassBasedTestDescriptor.lambda$testInstancesProvider$5(ClassBasedTestDescriptor.java:279) ~[junit-jupiter-engine-5.11.4.jar:5.11.4]
	at java.base/java.util.Optional.orElseGet(Optional.java:364) ~[na:na]
	at org.junit.jupiter.engine.descriptor.ClassBasedTestDescriptor.lambda$testInstancesProvider$6(ClassBasedTestDescriptor.java:278) ~[junit-jupiter-engine-5.11.4.jar:5.11.4]
	at org.junit.jupiter.engine.execution.TestInstancesProvider.getTestInstances(TestInstancesProvider.java:31) ~[junit-jupiter-engine-5.11.4.jar:5.11.4]
	at org.junit.jupiter.engine.descriptor.TestMethodTestDescriptor.lambda$prepare$1(TestMethodTestDescriptor.java:105) ~[junit-jupiter-engine-5.11.4.jar:5.11.4]
	at org.junit.platform.engine.support.hierarchical.ThrowableCollector.execute(ThrowableCollector.java:73) ~[junit-platform-engine-1.11.4.jar:1.11.4]
	at org.junit.jupiter.engine.descriptor.TestMethodTestDescriptor.prepare(TestMethodTestDescriptor.java:104) ~[junit-jupiter-engine-5.11.4.jar:5.11.4]
	at org.junit.jupiter.engine.descriptor.TestMethodTestDescriptor.prepare(TestMethodTestDescriptor.java:68) ~[junit-jupiter-engine-5.11.4.jar:5.11.4]
	at org.junit.platform.engine.support.hierarchical.NodeTestTask.lambda$prepare$2(NodeTestTask.java:128) ~[junit-platform-engine-1.11.4.jar:1.11.4]
	at org.junit.platform.engine.support.hierarchical.ThrowableCollector.execute(ThrowableCollector.java:73) ~[junit-platform-engine-1.11.4.jar:1.11.4]
	at org.junit.platform.engine.support.hierarchical.NodeTestTask.prepare(NodeTestTask.java:128) ~[junit-platform-engine-1.11.4.jar:1.11.4]
	at org.junit.platform.engine.support.hierarchical.NodeTestTask.execute(NodeTestTask.java:95) ~[junit-platform-engine-1.11.4.jar:1.11.4]
	at java.base/java.util.ArrayList.forEach(ArrayList.java:1597) ~[na:na]
	at org.junit.platform.engine.support.hierarchical.SameThreadHierarchicalTestExecutorService.invokeAll(SameThreadHierarchicalTestExecutorService.java:41) ~[junit-platform-engine-1.11.4.jar:1.11.4]
	at org.junit.platform.engine.support.hierarchical.NodeTestTask.lambda$executeRecursively$6(NodeTestTask.java:160) ~[junit-platform-engine-1.11.4.jar:1.11.4]
	at org.junit.platform.engine.support.hierarchical.ThrowableCollector.execute(ThrowableCollector.java:73) ~[junit-platform-engine-1.11.4.jar:1.11.4]
	at org.junit.platform.engine.support.hierarchical.NodeTestTask.lambda$executeRecursively$8(NodeTestTask.java:146) ~[junit-platform-engine-1.11.4.jar:1.11.4]
	at org.junit.platform.engine.support.hierarchical.Node.around(Node.java:137) ~[junit-platform-engine-1.11.4.jar:1.11.4]
	at org.junit.platform.engine.support.hierarchical.NodeTestTask.lambda$executeRecursively$9(NodeTestTask.java:144) ~[junit-platform-engine-1.11.4.jar:1.11.4]
	at org.junit.platform.engine.support.hierarchical.ThrowableCollector.execute(ThrowableCollector.java:73) ~[junit-platform-engine-1.11.4.jar:1.11.4]
	at org.junit.platform.engine.support.hierarchical.NodeTestTask.executeRecursively(NodeTestTask.java:143) ~[junit-platform-engine-1.11.4.jar:1.11.4]
	at org.junit.platform.engine.support.hierarchical.NodeTestTask.execute(NodeTestTask.java:100) ~[junit-platform-engine-1.11.4.jar:1.11.4]
	at java.base/java.util.ArrayList.forEach(ArrayList.java:1597) ~[na:na]
	at org.junit.platform.engine.support.hierarchical.SameThreadHierarchicalTestExecutorService.invokeAll(SameThreadHierarchicalTestExecutorService.java:41) ~[junit-platform-engine-1.11.4.jar:1.11.4]
	at org.junit.platform.engine.support.hierarchical.NodeTestTask.lambda$executeRecursively$6(NodeTestTask.java:160) ~[junit-platform-engine-1.11.4.jar:1.11.4]
	at org.junit.platform.engine.support.hierarchical.ThrowableCollector.execute(ThrowableCollector.java:73) ~[junit-platform-engine-1.11.4.jar:1.11.4]
	at org.junit.platform.engine.support.hierarchical.NodeTestTask.lambda$executeRecursively$8(NodeTestTask.java:146) ~[junit-platform-engine-1.11.4.jar:1.11.4]
	at org.junit.platform.engine.support.hierarchical.Node.around(Node.java:137) ~[junit-platform-engine-1.11.4.jar:1.11.4]
	at org.junit.platform.engine.support.hierarchical.NodeTestTask.lambda$executeRecursively$9(NodeTestTask.java:144) ~[junit-platform-engine-1.11.4.jar:1.11.4]
	at org.junit.platform.engine.support.hierarchical.ThrowableCollector.execute(ThrowableCollector.java:73) ~[junit-platform-engine-1.11.4.jar:1.11.4]
	at org.junit.platform.engine.support.hierarchical.NodeTestTask.executeRecursively(NodeTestTask.java:143) ~[junit-platform-engine-1.11.4.jar:1.11.4]
	at org.junit.platform.engine.support.hierarchical.NodeTestTask.execute(NodeTestTask.java:100) ~[junit-platform-engine-1.11.4.jar:1.11.4]
	at org.junit.platform.engine.support.hierarchical.SameThreadHierarchicalTestExecutorService.submit(SameThreadHierarchicalTestExecutorService.java:35) ~[junit-platform-engine-1.11.4.jar:1.11.4]
	at org.junit.platform.engine.support.hierarchical.HierarchicalTestExecutor.execute(HierarchicalTestExecutor.java:57) ~[junit-platform-engine-1.11.4.jar:1.11.4]
	at org.junit.platform.engine.support.hierarchical.HierarchicalTestEngine.execute(HierarchicalTestEngine.java:54) ~[junit-platform-engine-1.11.4.jar:1.11.4]
	at org.junit.platform.launcher.core.EngineExecutionOrchestrator.execute(EngineExecutionOrchestrator.java:198) ~[junit-platform-launcher-1.11.4.jar:1.11.4]
	at org.junit.platform.launcher.core.EngineExecutionOrchestrator.execute(EngineExecutionOrchestrator.java:169) ~[junit-platform-launcher-1.11.4.jar:1.11.4]
	at org.junit.platform.launcher.core.EngineExecutionOrchestrator.execute(EngineExecutionOrchestrator.java:93) ~[junit-platform-launcher-1.11.4.jar:1.11.4]
	at org.junit.platform.launcher.core.EngineExecutionOrchestrator.lambda$execute$0(EngineExecutionOrchestrator.java:58) ~[junit-platform-launcher-1.11.4.jar:1.11.4]
	at org.junit.platform.launcher.core.EngineExecutionOrchestrator.withInterceptedStreams(EngineExecutionOrchestrator.java:141) ~[junit-platform-launcher-1.11.4.jar:1.11.4]
	at org.junit.platform.launcher.core.EngineExecutionOrchestrator.execute(EngineExecutionOrchestrator.java:57) ~[junit-platform-launcher-1.11.4.jar:1.11.4]
	at org.junit.platform.launcher.core.DefaultLauncher.execute(DefaultLauncher.java:103) ~[junit-platform-launcher-1.11.4.jar:1.11.4]
	at org.junit.platform.launcher.core.DefaultLauncher.execute(DefaultLauncher.java:85) ~[junit-platform-launcher-1.11.4.jar:1.11.4]
	at org.junit.platform.launcher.core.DelegatingLauncher.execute(DelegatingLauncher.java:47) ~[junit-platform-launcher-1.11.4.jar:1.11.4]
	at org.apache.maven.surefire.junitplatform.LazyLauncher.execute(LazyLauncher.java:56) ~[surefire-junit-platform-3.5.2.jar:3.5.2]
	at org.apache.maven.surefire.junitplatform.JUnitPlatformProvider.execute(JUnitPlatformProvider.java:184) ~[surefire-junit-platform-3.5.2.jar:3.5.2]
	at org.apache.maven.surefire.junitplatform.JUnitPlatformProvider.invokeAllTests(JUnitPlatformProvider.java:148) ~[surefire-junit-platform-3.5.2.jar:3.5.2]
	at org.apache.maven.surefire.junitplatform.JUnitPlatformProvider.invoke(JUnitPlatformProvider.java:122) ~[surefire-junit-platform-3.5.2.jar:3.5.2]
	at org.apache.maven.surefire.booter.ForkedBooter.runSuitesInProcess(ForkedBooter.java:385) ~[surefire-booter-3.5.2.jar:3.5.2]
	at org.apache.maven.surefire.booter.ForkedBooter.execute(ForkedBooter.java:162) ~[surefire-booter-3.5.2.jar:3.5.2]
	at org.apache.maven.surefire.booter.ForkedBooter.run(ForkedBooter.java:507) ~[surefire-booter-3.5.2.jar:3.5.2]
	at org.apache.maven.surefire.booter.ForkedBooter.main(ForkedBooter.java:495) ~[surefire-booter-3.5.2.jar:3.5.2]
Caused by: java.sql.SQLSyntaxErrorException: ORA-00942: table or view does not exist

https://docs.oracle.com/error-help/db/ora-00942/
	at oracle.jdbc.driver.T4CTTIoer11.processError(T4CTTIoer11.java:709) ~[ojdbc11-23.5.0.24.07.jar:23.5.0.24.07]
	at oracle.jdbc.driver.T4CTTIoer11.processError(T4CTTIoer11.java:609) ~[ojdbc11-23.5.0.24.07.jar:23.5.0.24.07]
	at oracle.jdbc.driver.T4C8Oall.processError(T4C8Oall.java:1347) ~[ojdbc11-23.5.0.24.07.jar:23.5.0.24.07]
	at oracle.jdbc.driver.T4CTTIfun.receive(T4CTTIfun.java:1100) ~[ojdbc11-23.5.0.24.07.jar:23.5.0.24.07]
	at oracle.jdbc.driver.T4CTTIfun.doRPC(T4CTTIfun.java:408) ~[ojdbc11-23.5.0.24.07.jar:23.5.0.24.07]
	at oracle.jdbc.driver.T4C8Oall.doOALL(T4C8Oall.java:499) ~[ojdbc11-23.5.0.24.07.jar:23.5.0.24.07]
	at oracle.jdbc.driver.T4CStatement.doOall8(T4CStatement.java:190) ~[ojdbc11-23.5.0.24.07.jar:23.5.0.24.07]
	at oracle.jdbc.driver.T4CStatement.executeForRows(T4CStatement.java:1399) ~[ojdbc11-23.5.0.24.07.jar:23.5.0.24.07]
	at oracle.jdbc.driver.OracleStatement.executeSQLStatement(OracleStatement.java:2008) ~[ojdbc11-23.5.0.24.07.jar:23.5.0.24.07]
	at oracle.jdbc.driver.OracleStatement.doExecuteWithTimeout(OracleStatement.java:1621) ~[ojdbc11-23.5.0.24.07.jar:23.5.0.24.07]
	at oracle.jdbc.driver.OracleStatement.executeInternal(OracleStatement.java:2686) ~[ojdbc11-23.5.0.24.07.jar:23.5.0.24.07]
	at oracle.jdbc.driver.OracleStatement.execute(OracleStatement.java:2635) ~[ojdbc11-23.5.0.24.07.jar:23.5.0.24.07]
	at oracle.jdbc.driver.OracleStatementWrapper.execute(OracleStatementWrapper.java:336) ~[ojdbc11-23.5.0.24.07.jar:23.5.0.24.07]
	at com.zaxxer.hikari.pool.ProxyStatement.execute(ProxyStatement.java:94) ~[HikariCP-5.1.0.jar:na]
	at com.zaxxer.hikari.pool.HikariProxyStatement.execute(HikariProxyStatement.java) ~[HikariCP-5.1.0.jar:na]
	at org.hibernate.tool.schema.internal.exec.GenerationTargetToDatabase.accept(GenerationTargetToDatabase.java:80) ~[hibernate-core-6.6.11.Final.jar:6.6.11.Final]
	... 119 common frames omitted
Caused by: oracle.jdbc.OracleDatabaseException: ORA-00942: table or view does not exist

	at oracle.jdbc.driver.T4CTTIoer11.processError(T4CTTIoer11.java:717) ~[ojdbc11-23.5.0.24.07.jar:23.5.0.24.07]
	... 134 common frames omitted

2025-05-05T18:23:33.429-04:00 DEBUG 62669 --- [week3] [           main] org.hibernate.SQL                        : drop sequence sq_pet_id
Hibernate: drop sequence sq_pet_id
2025-05-05T18:23:33.451-04:00  WARN 62669 --- [week3] [           main] o.h.t.s.i.ExceptionHandlerLoggedImpl     : GenerationTarget encountered exception accepting command : Error executing DDL "drop sequence sq_pet_id" via JDBC [ORA-02289: sequence does not exist

https://docs.oracle.com/error-help/db/ora-02289/]

org.hibernate.tool.schema.spi.CommandAcceptanceException: Error executing DDL "drop sequence sq_pet_id" via JDBC [ORA-02289: sequence does not exist

https://docs.oracle.com/error-help/db/ora-02289/]
	at org.hibernate.tool.schema.internal.exec.GenerationTargetToDatabase.accept(GenerationTargetToDatabase.java:94) ~[hibernate-core-6.6.11.Final.jar:6.6.11.Final]
	at org.hibernate.tool.schema.internal.Helper.applySqlString(Helper.java:233) ~[hibernate-core-6.6.11.Final.jar:6.6.11.Final]
	at org.hibernate.tool.schema.internal.Helper.applySqlStrings(Helper.java:217) ~[hibernate-core-6.6.11.Final.jar:6.6.11.Final]
	at org.hibernate.tool.schema.internal.SchemaDropperImpl.dropSequences(SchemaDropperImpl.java:343) ~[hibernate-core-6.6.11.Final.jar:6.6.11.Final]
	at org.hibernate.tool.schema.internal.SchemaDropperImpl.dropConstraintsTablesSequences(SchemaDropperImpl.java:269) ~[hibernate-core-6.6.11.Final.jar:6.6.11.Final]
	at org.hibernate.tool.schema.internal.SchemaDropperImpl.dropFromMetadata(SchemaDropperImpl.java:218) ~[hibernate-core-6.6.11.Final.jar:6.6.11.Final]
	at org.hibernate.tool.schema.internal.SchemaDropperImpl.performDrop(SchemaDropperImpl.java:186) ~[hibernate-core-6.6.11.Final.jar:6.6.11.Final]
	at org.hibernate.tool.schema.internal.SchemaDropperImpl.doDrop(SchemaDropperImpl.java:156) ~[hibernate-core-6.6.11.Final.jar:6.6.11.Final]
	at org.hibernate.tool.schema.internal.SchemaDropperImpl.doDrop(SchemaDropperImpl.java:116) ~[hibernate-core-6.6.11.Final.jar:6.6.11.Final]
	at org.hibernate.tool.schema.spi.SchemaManagementToolCoordinator.performDatabaseAction(SchemaManagementToolCoordinator.java:238) ~[hibernate-core-6.6.11.Final.jar:6.6.11.Final]
	at org.hibernate.tool.schema.spi.SchemaManagementToolCoordinator.lambda$process$5(SchemaManagementToolCoordinator.java:144) ~[hibernate-core-6.6.11.Final.jar:6.6.11.Final]
	at java.base/java.util.HashMap.forEach(HashMap.java:1430) ~[na:na]
	at org.hibernate.tool.schema.spi.SchemaManagementToolCoordinator.process(SchemaManagementToolCoordinator.java:141) ~[hibernate-core-6.6.11.Final.jar:6.6.11.Final]
	at org.hibernate.boot.internal.SessionFactoryObserverForSchemaExport.sessionFactoryCreated(SessionFactoryObserverForSchemaExport.java:37) ~[hibernate-core-6.6.11.Final.jar:6.6.11.Final]
	at org.hibernate.internal.SessionFactoryObserverChain.sessionFactoryCreated(SessionFactoryObserverChain.java:35) ~[hibernate-core-6.6.11.Final.jar:6.6.11.Final]
	at org.hibernate.internal.SessionFactoryImpl.<init>(SessionFactoryImpl.java:324) ~[hibernate-core-6.6.11.Final.jar:6.6.11.Final]
	at org.hibernate.boot.internal.SessionFactoryBuilderImpl.build(SessionFactoryBuilderImpl.java:463) ~[hibernate-core-6.6.11.Final.jar:6.6.11.Final]
	at org.hibernate.jpa.boot.internal.EntityManagerFactoryBuilderImpl.build(EntityManagerFactoryBuilderImpl.java:1517) ~[hibernate-core-6.6.11.Final.jar:6.6.11.Final]
	at org.springframework.orm.jpa.vendor.SpringHibernateJpaPersistenceProvider.createContainerEntityManagerFactory(SpringHibernateJpaPersistenceProvider.java:66) ~[spring-orm-6.2.5.jar:6.2.5]
	at org.springframework.orm.jpa.LocalContainerEntityManagerFactoryBean.createNativeEntityManagerFactory(LocalContainerEntityManagerFactoryBean.java:390) ~[spring-orm-6.2.5.jar:6.2.5]
	at org.springframework.orm.jpa.AbstractEntityManagerFactoryBean.buildNativeEntityManagerFactory(AbstractEntityManagerFactoryBean.java:419) ~[spring-orm-6.2.5.jar:6.2.5]
	at org.springframework.orm.jpa.AbstractEntityManagerFactoryBean.afterPropertiesSet(AbstractEntityManagerFactoryBean.java:400) ~[spring-orm-6.2.5.jar:6.2.5]
	at org.springframework.orm.jpa.LocalContainerEntityManagerFactoryBean.afterPropertiesSet(LocalContainerEntityManagerFactoryBean.java:366) ~[spring-orm-6.2.5.jar:6.2.5]
	at org.springframework.beans.factory.support.AbstractAutowireCapableBeanFactory.invokeInitMethods(AbstractAutowireCapableBeanFactory.java:1859) ~[spring-beans-6.2.5.jar:6.2.5]
	at org.springframework.beans.factory.support.AbstractAutowireCapableBeanFactory.initializeBean(AbstractAutowireCapableBeanFactory.java:1808) ~[spring-beans-6.2.5.jar:6.2.5]
	at org.springframework.beans.factory.support.AbstractAutowireCapableBeanFactory.doCreateBean(AbstractAutowireCapableBeanFactory.java:601) ~[spring-beans-6.2.5.jar:6.2.5]
	at org.springframework.beans.factory.support.AbstractAutowireCapableBeanFactory.createBean(AbstractAutowireCapableBeanFactory.java:523) ~[spring-beans-6.2.5.jar:6.2.5]
	at org.springframework.beans.factory.support.AbstractBeanFactory.lambda$doGetBean$0(AbstractBeanFactory.java:339) ~[spring-beans-6.2.5.jar:6.2.5]
	at org.springframework.beans.factory.support.DefaultSingletonBeanRegistry.getSingleton(DefaultSingletonBeanRegistry.java:347) ~[spring-beans-6.2.5.jar:6.2.5]
	at org.springframework.beans.factory.support.AbstractBeanFactory.doGetBean(AbstractBeanFactory.java:337) ~[spring-beans-6.2.5.jar:6.2.5]
	at org.springframework.beans.factory.support.AbstractBeanFactory.getBean(AbstractBeanFactory.java:207) ~[spring-beans-6.2.5.jar:6.2.5]
	at org.springframework.context.support.AbstractApplicationContext.finishBeanFactoryInitialization(AbstractApplicationContext.java:970) ~[spring-context-6.2.5.jar:6.2.5]
	at org.springframework.context.support.AbstractApplicationContext.refresh(AbstractApplicationContext.java:627) ~[spring-context-6.2.5.jar:6.2.5]
	at org.springframework.boot.SpringApplication.refresh(SpringApplication.java:752) ~[spring-boot-3.4.4.jar:3.4.4]
	at org.springframework.boot.SpringApplication.refreshContext(SpringApplication.java:439) ~[spring-boot-3.4.4.jar:3.4.4]
	at org.springframework.boot.SpringApplication.run(SpringApplication.java:318) ~[spring-boot-3.4.4.jar:3.4.4]
	at org.springframework.boot.test.context.SpringBootContextLoader.lambda$loadContext$3(SpringBootContextLoader.java:144) ~[spring-boot-test-3.4.4.jar:3.4.4]
	at org.springframework.util.function.ThrowingSupplier.get(ThrowingSupplier.java:58) ~[spring-core-6.2.5.jar:6.2.5]
	at org.springframework.util.function.ThrowingSupplier.get(ThrowingSupplier.java:46) ~[spring-core-6.2.5.jar:6.2.5]
	at org.springframework.boot.SpringApplication.withHook(SpringApplication.java:1461) ~[spring-boot-3.4.4.jar:3.4.4]
	at org.springframework.boot.test.context.SpringBootContextLoader$ContextLoaderHook.run(SpringBootContextLoader.java:563) ~[spring-boot-test-3.4.4.jar:3.4.4]
	at org.springframework.boot.test.context.SpringBootContextLoader.loadContext(SpringBootContextLoader.java:144) ~[spring-boot-test-3.4.4.jar:3.4.4]
	at org.springframework.boot.test.context.SpringBootContextLoader.loadContext(SpringBootContextLoader.java:110) ~[spring-boot-test-3.4.4.jar:3.4.4]
	at org.springframework.test.context.cache.DefaultCacheAwareContextLoaderDelegate.loadContextInternal(DefaultCacheAwareContextLoaderDelegate.java:225) ~[spring-test-6.2.5.jar:6.2.5]
	at org.springframework.test.context.cache.DefaultCacheAwareContextLoaderDelegate.loadContext(DefaultCacheAwareContextLoaderDelegate.java:152) ~[spring-test-6.2.5.jar:6.2.5]
	at org.springframework.test.context.support.DefaultTestContext.getApplicationContext(DefaultTestContext.java:130) ~[spring-test-6.2.5.jar:6.2.5]
	at org.springframework.test.context.support.DependencyInjectionTestExecutionListener.injectDependencies(DependencyInjectionTestExecutionListener.java:155) ~[spring-test-6.2.5.jar:6.2.5]
	at org.springframework.test.context.support.DependencyInjectionTestExecutionListener.prepareTestInstance(DependencyInjectionTestExecutionListener.java:111) ~[spring-test-6.2.5.jar:6.2.5]
	at org.springframework.test.context.TestContextManager.prepareTestInstance(TestContextManager.java:260) ~[spring-test-6.2.5.jar:6.2.5]
	at org.springframework.test.context.junit.jupiter.SpringExtension.postProcessTestInstance(SpringExtension.java:160) ~[spring-test-6.2.5.jar:6.2.5]
	at org.junit.jupiter.engine.descriptor.ClassBasedTestDescriptor.lambda$invokeTestInstancePostProcessors$11(ClassBasedTestDescriptor.java:378) ~[junit-jupiter-engine-5.11.4.jar:5.11.4]
	at org.junit.jupiter.engine.descriptor.ClassBasedTestDescriptor.executeAndMaskThrowable(ClassBasedTestDescriptor.java:383) ~[junit-jupiter-engine-5.11.4.jar:5.11.4]
	at org.junit.jupiter.engine.descriptor.ClassBasedTestDescriptor.lambda$invokeTestInstancePostProcessors$12(ClassBasedTestDescriptor.java:378) ~[junit-jupiter-engine-5.11.4.jar:5.11.4]
	at java.base/java.util.stream.ForEachOps$ForEachOp$OfRef.accept(ForEachOps.java:184) ~[na:na]
	at java.base/java.util.stream.ReferencePipeline$3$1.accept(ReferencePipeline.java:215) ~[na:na]
	at java.base/java.util.stream.ReferencePipeline$2$1.accept(ReferencePipeline.java:197) ~[na:na]
	at java.base/java.util.stream.ReferencePipeline$3$1.accept(ReferencePipeline.java:215) ~[na:na]
	at java.base/java.util.ArrayList$ArrayListSpliterator.forEachRemaining(ArrayList.java:1709) ~[na:na]
	at java.base/java.util.stream.AbstractPipeline.copyInto(AbstractPipeline.java:570) ~[na:na]
	at java.base/java.util.stream.AbstractPipeline.wrapAndCopyInto(AbstractPipeline.java:560) ~[na:na]
	at java.base/java.util.stream.ForEachOps$ForEachOp.evaluateSequential(ForEachOps.java:151) ~[na:na]
	at java.base/java.util.stream.ForEachOps$ForEachOp$OfRef.evaluateSequential(ForEachOps.java:174) ~[na:na]
	at java.base/java.util.stream.AbstractPipeline.evaluate(AbstractPipeline.java:265) ~[na:na]
	at java.base/java.util.stream.ReferencePipeline.forEach(ReferencePipeline.java:636) ~[na:na]
	at org.junit.jupiter.engine.descriptor.ClassBasedTestDescriptor.invokeTestInstancePostProcessors(ClassBasedTestDescriptor.java:377) ~[junit-jupiter-engine-5.11.4.jar:5.11.4]
	at org.junit.jupiter.engine.descriptor.ClassBasedTestDescriptor.lambda$instantiateAndPostProcessTestInstance$7(ClassBasedTestDescriptor.java:290) ~[junit-jupiter-engine-5.11.4.jar:5.11.4]
	at org.junit.platform.engine.support.hierarchical.ThrowableCollector.execute(ThrowableCollector.java:73) ~[junit-platform-engine-1.11.4.jar:1.11.4]
	at org.junit.jupiter.engine.descriptor.ClassBasedTestDescriptor.instantiateAndPostProcessTestInstance(ClassBasedTestDescriptor.java:289) ~[junit-jupiter-engine-5.11.4.jar:5.11.4]
	at org.junit.jupiter.engine.descriptor.ClassBasedTestDescriptor.lambda$testInstancesProvider$5(ClassBasedTestDescriptor.java:279) ~[junit-jupiter-engine-5.11.4.jar:5.11.4]
	at java.base/java.util.Optional.orElseGet(Optional.java:364) ~[na:na]
	at org.junit.jupiter.engine.descriptor.ClassBasedTestDescriptor.lambda$testInstancesProvider$6(ClassBasedTestDescriptor.java:278) ~[junit-jupiter-engine-5.11.4.jar:5.11.4]
	at org.junit.jupiter.engine.execution.TestInstancesProvider.getTestInstances(TestInstancesProvider.java:31) ~[junit-jupiter-engine-5.11.4.jar:5.11.4]
	at org.junit.jupiter.engine.descriptor.TestMethodTestDescriptor.lambda$prepare$1(TestMethodTestDescriptor.java:105) ~[junit-jupiter-engine-5.11.4.jar:5.11.4]
	at org.junit.platform.engine.support.hierarchical.ThrowableCollector.execute(ThrowableCollector.java:73) ~[junit-platform-engine-1.11.4.jar:1.11.4]
	at org.junit.jupiter.engine.descriptor.TestMethodTestDescriptor.prepare(TestMethodTestDescriptor.java:104) ~[junit-jupiter-engine-5.11.4.jar:5.11.4]
	at org.junit.jupiter.engine.descriptor.TestMethodTestDescriptor.prepare(TestMethodTestDescriptor.java:68) ~[junit-jupiter-engine-5.11.4.jar:5.11.4]
	at org.junit.platform.engine.support.hierarchical.NodeTestTask.lambda$prepare$2(NodeTestTask.java:128) ~[junit-platform-engine-1.11.4.jar:1.11.4]
	at org.junit.platform.engine.support.hierarchical.ThrowableCollector.execute(ThrowableCollector.java:73) ~[junit-platform-engine-1.11.4.jar:1.11.4]
	at org.junit.platform.engine.support.hierarchical.NodeTestTask.prepare(NodeTestTask.java:128) ~[junit-platform-engine-1.11.4.jar:1.11.4]
	at org.junit.platform.engine.support.hierarchical.NodeTestTask.execute(NodeTestTask.java:95) ~[junit-platform-engine-1.11.4.jar:1.11.4]
	at java.base/java.util.ArrayList.forEach(ArrayList.java:1597) ~[na:na]
	at org.junit.platform.engine.support.hierarchical.SameThreadHierarchicalTestExecutorService.invokeAll(SameThreadHierarchicalTestExecutorService.java:41) ~[junit-platform-engine-1.11.4.jar:1.11.4]
	at org.junit.platform.engine.support.hierarchical.NodeTestTask.lambda$executeRecursively$6(NodeTestTask.java:160) ~[junit-platform-engine-1.11.4.jar:1.11.4]
	at org.junit.platform.engine.support.hierarchical.ThrowableCollector.execute(ThrowableCollector.java:73) ~[junit-platform-engine-1.11.4.jar:1.11.4]
	at org.junit.platform.engine.support.hierarchical.NodeTestTask.lambda$executeRecursively$8(NodeTestTask.java:146) ~[junit-platform-engine-1.11.4.jar:1.11.4]
	at org.junit.platform.engine.support.hierarchical.Node.around(Node.java:137) ~[junit-platform-engine-1.11.4.jar:1.11.4]
	at org.junit.platform.engine.support.hierarchical.NodeTestTask.lambda$executeRecursively$9(NodeTestTask.java:144) ~[junit-platform-engine-1.11.4.jar:1.11.4]
	at org.junit.platform.engine.support.hierarchical.ThrowableCollector.execute(ThrowableCollector.java:73) ~[junit-platform-engine-1.11.4.jar:1.11.4]
	at org.junit.platform.engine.support.hierarchical.NodeTestTask.executeRecursively(NodeTestTask.java:143) ~[junit-platform-engine-1.11.4.jar:1.11.4]
	at org.junit.platform.engine.support.hierarchical.NodeTestTask.execute(NodeTestTask.java:100) ~[junit-platform-engine-1.11.4.jar:1.11.4]
	at java.base/java.util.ArrayList.forEach(ArrayList.java:1597) ~[na:na]
	at org.junit.platform.engine.support.hierarchical.SameThreadHierarchicalTestExecutorService.invokeAll(SameThreadHierarchicalTestExecutorService.java:41) ~[junit-platform-engine-1.11.4.jar:1.11.4]
	at org.junit.platform.engine.support.hierarchical.NodeTestTask.lambda$executeRecursively$6(NodeTestTask.java:160) ~[junit-platform-engine-1.11.4.jar:1.11.4]
	at org.junit.platform.engine.support.hierarchical.ThrowableCollector.execute(ThrowableCollector.java:73) ~[junit-platform-engine-1.11.4.jar:1.11.4]
	at org.junit.platform.engine.support.hierarchical.NodeTestTask.lambda$executeRecursively$8(NodeTestTask.java:146) ~[junit-platform-engine-1.11.4.jar:1.11.4]
	at org.junit.platform.engine.support.hierarchical.Node.around(Node.java:137) ~[junit-platform-engine-1.11.4.jar:1.11.4]
	at org.junit.platform.engine.support.hierarchical.NodeTestTask.lambda$executeRecursively$9(NodeTestTask.java:144) ~[junit-platform-engine-1.11.4.jar:1.11.4]
	at org.junit.platform.engine.support.hierarchical.ThrowableCollector.execute(ThrowableCollector.java:73) ~[junit-platform-engine-1.11.4.jar:1.11.4]
	at org.junit.platform.engine.support.hierarchical.NodeTestTask.executeRecursively(NodeTestTask.java:143) ~[junit-platform-engine-1.11.4.jar:1.11.4]
	at org.junit.platform.engine.support.hierarchical.NodeTestTask.execute(NodeTestTask.java:100) ~[junit-platform-engine-1.11.4.jar:1.11.4]
	at org.junit.platform.engine.support.hierarchical.SameThreadHierarchicalTestExecutorService.submit(SameThreadHierarchicalTestExecutorService.java:35) ~[junit-platform-engine-1.11.4.jar:1.11.4]
	at org.junit.platform.engine.support.hierarchical.HierarchicalTestExecutor.execute(HierarchicalTestExecutor.java:57) ~[junit-platform-engine-1.11.4.jar:1.11.4]
	at org.junit.platform.engine.support.hierarchical.HierarchicalTestEngine.execute(HierarchicalTestEngine.java:54) ~[junit-platform-engine-1.11.4.jar:1.11.4]
	at org.junit.platform.launcher.core.EngineExecutionOrchestrator.execute(EngineExecutionOrchestrator.java:198) ~[junit-platform-launcher-1.11.4.jar:1.11.4]
	at org.junit.platform.launcher.core.EngineExecutionOrchestrator.execute(EngineExecutionOrchestrator.java:169) ~[junit-platform-launcher-1.11.4.jar:1.11.4]
	at org.junit.platform.launcher.core.EngineExecutionOrchestrator.execute(EngineExecutionOrchestrator.java:93) ~[junit-platform-launcher-1.11.4.jar:1.11.4]
	at org.junit.platform.launcher.core.EngineExecutionOrchestrator.lambda$execute$0(EngineExecutionOrchestrator.java:58) ~[junit-platform-launcher-1.11.4.jar:1.11.4]
	at org.junit.platform.launcher.core.EngineExecutionOrchestrator.withInterceptedStreams(EngineExecutionOrchestrator.java:141) ~[junit-platform-launcher-1.11.4.jar:1.11.4]
	at org.junit.platform.launcher.core.EngineExecutionOrchestrator.execute(EngineExecutionOrchestrator.java:57) ~[junit-platform-launcher-1.11.4.jar:1.11.4]
	at org.junit.platform.launcher.core.DefaultLauncher.execute(DefaultLauncher.java:103) ~[junit-platform-launcher-1.11.4.jar:1.11.4]
	at org.junit.platform.launcher.core.DefaultLauncher.execute(DefaultLauncher.java:85) ~[junit-platform-launcher-1.11.4.jar:1.11.4]
	at org.junit.platform.launcher.core.DelegatingLauncher.execute(DelegatingLauncher.java:47) ~[junit-platform-launcher-1.11.4.jar:1.11.4]
	at org.apache.maven.surefire.junitplatform.LazyLauncher.execute(LazyLauncher.java:56) ~[surefire-junit-platform-3.5.2.jar:3.5.2]
	at org.apache.maven.surefire.junitplatform.JUnitPlatformProvider.execute(JUnitPlatformProvider.java:184) ~[surefire-junit-platform-3.5.2.jar:3.5.2]
	at org.apache.maven.surefire.junitplatform.JUnitPlatformProvider.invokeAllTests(JUnitPlatformProvider.java:148) ~[surefire-junit-platform-3.5.2.jar:3.5.2]
	at org.apache.maven.surefire.junitplatform.JUnitPlatformProvider.invoke(JUnitPlatformProvider.java:122) ~[surefire-junit-platform-3.5.2.jar:3.5.2]
	at org.apache.maven.surefire.booter.ForkedBooter.runSuitesInProcess(ForkedBooter.java:385) ~[surefire-booter-3.5.2.jar:3.5.2]
	at org.apache.maven.surefire.booter.ForkedBooter.execute(ForkedBooter.java:162) ~[surefire-booter-3.5.2.jar:3.5.2]
	at org.apache.maven.surefire.booter.ForkedBooter.run(ForkedBooter.java:507) ~[surefire-booter-3.5.2.jar:3.5.2]
	at org.apache.maven.surefire.booter.ForkedBooter.main(ForkedBooter.java:495) ~[surefire-booter-3.5.2.jar:3.5.2]
Caused by: java.sql.SQLSyntaxErrorException: ORA-02289: sequence does not exist

https://docs.oracle.com/error-help/db/ora-02289/
	at oracle.jdbc.driver.T4CTTIoer11.processError(T4CTTIoer11.java:709) ~[ojdbc11-23.5.0.24.07.jar:23.5.0.24.07]
	at oracle.jdbc.driver.T4CTTIoer11.processError(T4CTTIoer11.java:609) ~[ojdbc11-23.5.0.24.07.jar:23.5.0.24.07]
	at oracle.jdbc.driver.T4C8Oall.processError(T4C8Oall.java:1347) ~[ojdbc11-23.5.0.24.07.jar:23.5.0.24.07]
	at oracle.jdbc.driver.T4CTTIfun.receive(T4CTTIfun.java:1100) ~[ojdbc11-23.5.0.24.07.jar:23.5.0.24.07]
	at oracle.jdbc.driver.T4CTTIfun.doRPC(T4CTTIfun.java:408) ~[ojdbc11-23.5.0.24.07.jar:23.5.0.24.07]
	at oracle.jdbc.driver.T4C8Oall.doOALL(T4C8Oall.java:499) ~[ojdbc11-23.5.0.24.07.jar:23.5.0.24.07]
	at oracle.jdbc.driver.T4CStatement.doOall8(T4CStatement.java:190) ~[ojdbc11-23.5.0.24.07.jar:23.5.0.24.07]
	at oracle.jdbc.driver.T4CStatement.executeForRows(T4CStatement.java:1399) ~[ojdbc11-23.5.0.24.07.jar:23.5.0.24.07]
	at oracle.jdbc.driver.OracleStatement.executeSQLStatement(OracleStatement.java:2008) ~[ojdbc11-23.5.0.24.07.jar:23.5.0.24.07]
	at oracle.jdbc.driver.OracleStatement.doExecuteWithTimeout(OracleStatement.java:1621) ~[ojdbc11-23.5.0.24.07.jar:23.5.0.24.07]
	at oracle.jdbc.driver.OracleStatement.executeInternal(OracleStatement.java:2686) ~[ojdbc11-23.5.0.24.07.jar:23.5.0.24.07]
	at oracle.jdbc.driver.OracleStatement.execute(OracleStatement.java:2635) ~[ojdbc11-23.5.0.24.07.jar:23.5.0.24.07]
	at oracle.jdbc.driver.OracleStatementWrapper.execute(OracleStatementWrapper.java:336) ~[ojdbc11-23.5.0.24.07.jar:23.5.0.24.07]
	at com.zaxxer.hikari.pool.ProxyStatement.execute(ProxyStatement.java:94) ~[HikariCP-5.1.0.jar:na]
	at com.zaxxer.hikari.pool.HikariProxyStatement.execute(HikariProxyStatement.java) ~[HikariCP-5.1.0.jar:na]
	at org.hibernate.tool.schema.internal.exec.GenerationTargetToDatabase.accept(GenerationTargetToDatabase.java:80) ~[hibernate-core-6.6.11.Final.jar:6.6.11.Final]
	... 119 common frames omitted
Caused by: oracle.jdbc.OracleDatabaseException: ORA-02289: sequence does not exist

	at oracle.jdbc.driver.T4CTTIoer11.processError(T4CTTIoer11.java:717) ~[ojdbc11-23.5.0.24.07.jar:23.5.0.24.07]
	... 134 common frames omitted

2025-05-05T18:23:33.452-04:00 DEBUG 62669 --- [week3] [           main] org.hibernate.SQL                        : drop sequence sq_role_id
Hibernate: drop sequence sq_role_id
2025-05-05T18:23:33.474-04:00  WARN 62669 --- [week3] [           main] o.h.t.s.i.ExceptionHandlerLoggedImpl     : GenerationTarget encountered exception accepting command : Error executing DDL "drop sequence sq_role_id" via JDBC [ORA-02289: sequence does not exist

https://docs.oracle.com/error-help/db/ora-02289/]

org.hibernate.tool.schema.spi.CommandAcceptanceException: Error executing DDL "drop sequence sq_role_id" via JDBC [ORA-02289: sequence does not exist

https://docs.oracle.com/error-help/db/ora-02289/]
	at org.hibernate.tool.schema.internal.exec.GenerationTargetToDatabase.accept(GenerationTargetToDatabase.java:94) ~[hibernate-core-6.6.11.Final.jar:6.6.11.Final]
	at org.hibernate.tool.schema.internal.Helper.applySqlString(Helper.java:233) ~[hibernate-core-6.6.11.Final.jar:6.6.11.Final]
	at org.hibernate.tool.schema.internal.Helper.applySqlStrings(Helper.java:217) ~[hibernate-core-6.6.11.Final.jar:6.6.11.Final]
	at org.hibernate.tool.schema.internal.SchemaDropperImpl.dropSequences(SchemaDropperImpl.java:343) ~[hibernate-core-6.6.11.Final.jar:6.6.11.Final]
	at org.hibernate.tool.schema.internal.SchemaDropperImpl.dropConstraintsTablesSequences(SchemaDropperImpl.java:269) ~[hibernate-core-6.6.11.Final.jar:6.6.11.Final]
	at org.hibernate.tool.schema.internal.SchemaDropperImpl.dropFromMetadata(SchemaDropperImpl.java:218) ~[hibernate-core-6.6.11.Final.jar:6.6.11.Final]
	at org.hibernate.tool.schema.internal.SchemaDropperImpl.performDrop(SchemaDropperImpl.java:186) ~[hibernate-core-6.6.11.Final.jar:6.6.11.Final]
	at org.hibernate.tool.schema.internal.SchemaDropperImpl.doDrop(SchemaDropperImpl.java:156) ~[hibernate-core-6.6.11.Final.jar:6.6.11.Final]
	at org.hibernate.tool.schema.internal.SchemaDropperImpl.doDrop(SchemaDropperImpl.java:116) ~[hibernate-core-6.6.11.Final.jar:6.6.11.Final]
	at org.hibernate.tool.schema.spi.SchemaManagementToolCoordinator.performDatabaseAction(SchemaManagementToolCoordinator.java:238) ~[hibernate-core-6.6.11.Final.jar:6.6.11.Final]
	at org.hibernate.tool.schema.spi.SchemaManagementToolCoordinator.lambda$process$5(SchemaManagementToolCoordinator.java:144) ~[hibernate-core-6.6.11.Final.jar:6.6.11.Final]
	at java.base/java.util.HashMap.forEach(HashMap.java:1430) ~[na:na]
	at org.hibernate.tool.schema.spi.SchemaManagementToolCoordinator.process(SchemaManagementToolCoordinator.java:141) ~[hibernate-core-6.6.11.Final.jar:6.6.11.Final]
	at org.hibernate.boot.internal.SessionFactoryObserverForSchemaExport.sessionFactoryCreated(SessionFactoryObserverForSchemaExport.java:37) ~[hibernate-core-6.6.11.Final.jar:6.6.11.Final]
	at org.hibernate.internal.SessionFactoryObserverChain.sessionFactoryCreated(SessionFactoryObserverChain.java:35) ~[hibernate-core-6.6.11.Final.jar:6.6.11.Final]
	at org.hibernate.internal.SessionFactoryImpl.<init>(SessionFactoryImpl.java:324) ~[hibernate-core-6.6.11.Final.jar:6.6.11.Final]
	at org.hibernate.boot.internal.SessionFactoryBuilderImpl.build(SessionFactoryBuilderImpl.java:463) ~[hibernate-core-6.6.11.Final.jar:6.6.11.Final]
	at org.hibernate.jpa.boot.internal.EntityManagerFactoryBuilderImpl.build(EntityManagerFactoryBuilderImpl.java:1517) ~[hibernate-core-6.6.11.Final.jar:6.6.11.Final]
	at org.springframework.orm.jpa.vendor.SpringHibernateJpaPersistenceProvider.createContainerEntityManagerFactory(SpringHibernateJpaPersistenceProvider.java:66) ~[spring-orm-6.2.5.jar:6.2.5]
	at org.springframework.orm.jpa.LocalContainerEntityManagerFactoryBean.createNativeEntityManagerFactory(LocalContainerEntityManagerFactoryBean.java:390) ~[spring-orm-6.2.5.jar:6.2.5]
	at org.springframework.orm.jpa.AbstractEntityManagerFactoryBean.buildNativeEntityManagerFactory(AbstractEntityManagerFactoryBean.java:419) ~[spring-orm-6.2.5.jar:6.2.5]
	at org.springframework.orm.jpa.AbstractEntityManagerFactoryBean.afterPropertiesSet(AbstractEntityManagerFactoryBean.java:400) ~[spring-orm-6.2.5.jar:6.2.5]
	at org.springframework.orm.jpa.LocalContainerEntityManagerFactoryBean.afterPropertiesSet(LocalContainerEntityManagerFactoryBean.java:366) ~[spring-orm-6.2.5.jar:6.2.5]
	at org.springframework.beans.factory.support.AbstractAutowireCapableBeanFactory.invokeInitMethods(AbstractAutowireCapableBeanFactory.java:1859) ~[spring-beans-6.2.5.jar:6.2.5]
	at org.springframework.beans.factory.support.AbstractAutowireCapableBeanFactory.initializeBean(AbstractAutowireCapableBeanFactory.java:1808) ~[spring-beans-6.2.5.jar:6.2.5]
	at org.springframework.beans.factory.support.AbstractAutowireCapableBeanFactory.doCreateBean(AbstractAutowireCapableBeanFactory.java:601) ~[spring-beans-6.2.5.jar:6.2.5]
	at org.springframework.beans.factory.support.AbstractAutowireCapableBeanFactory.createBean(AbstractAutowireCapableBeanFactory.java:523) ~[spring-beans-6.2.5.jar:6.2.5]
	at org.springframework.beans.factory.support.AbstractBeanFactory.lambda$doGetBean$0(AbstractBeanFactory.java:339) ~[spring-beans-6.2.5.jar:6.2.5]
	at org.springframework.beans.factory.support.DefaultSingletonBeanRegistry.getSingleton(DefaultSingletonBeanRegistry.java:347) ~[spring-beans-6.2.5.jar:6.2.5]
	at org.springframework.beans.factory.support.AbstractBeanFactory.doGetBean(AbstractBeanFactory.java:337) ~[spring-beans-6.2.5.jar:6.2.5]
	at org.springframework.beans.factory.support.AbstractBeanFactory.getBean(AbstractBeanFactory.java:207) ~[spring-beans-6.2.5.jar:6.2.5]
	at org.springframework.context.support.AbstractApplicationContext.finishBeanFactoryInitialization(AbstractApplicationContext.java:970) ~[spring-context-6.2.5.jar:6.2.5]
	at org.springframework.context.support.AbstractApplicationContext.refresh(AbstractApplicationContext.java:627) ~[spring-context-6.2.5.jar:6.2.5]
	at org.springframework.boot.SpringApplication.refresh(SpringApplication.java:752) ~[spring-boot-3.4.4.jar:3.4.4]
	at org.springframework.boot.SpringApplication.refreshContext(SpringApplication.java:439) ~[spring-boot-3.4.4.jar:3.4.4]
	at org.springframework.boot.SpringApplication.run(SpringApplication.java:318) ~[spring-boot-3.4.4.jar:3.4.4]
	at org.springframework.boot.test.context.SpringBootContextLoader.lambda$loadContext$3(SpringBootContextLoader.java:144) ~[spring-boot-test-3.4.4.jar:3.4.4]
	at org.springframework.util.function.ThrowingSupplier.get(ThrowingSupplier.java:58) ~[spring-core-6.2.5.jar:6.2.5]
	at org.springframework.util.function.ThrowingSupplier.get(ThrowingSupplier.java:46) ~[spring-core-6.2.5.jar:6.2.5]
	at org.springframework.boot.SpringApplication.withHook(SpringApplication.java:1461) ~[spring-boot-3.4.4.jar:3.4.4]
	at org.springframework.boot.test.context.SpringBootContextLoader$ContextLoaderHook.run(SpringBootContextLoader.java:563) ~[spring-boot-test-3.4.4.jar:3.4.4]
	at org.springframework.boot.test.context.SpringBootContextLoader.loadContext(SpringBootContextLoader.java:144) ~[spring-boot-test-3.4.4.jar:3.4.4]
	at org.springframework.boot.test.context.SpringBootContextLoader.loadContext(SpringBootContextLoader.java:110) ~[spring-boot-test-3.4.4.jar:3.4.4]
	at org.springframework.test.context.cache.DefaultCacheAwareContextLoaderDelegate.loadContextInternal(DefaultCacheAwareContextLoaderDelegate.java:225) ~[spring-test-6.2.5.jar:6.2.5]
	at org.springframework.test.context.cache.DefaultCacheAwareContextLoaderDelegate.loadContext(DefaultCacheAwareContextLoaderDelegate.java:152) ~[spring-test-6.2.5.jar:6.2.5]
	at org.springframework.test.context.support.DefaultTestContext.getApplicationContext(DefaultTestContext.java:130) ~[spring-test-6.2.5.jar:6.2.5]
	at org.springframework.test.context.support.DependencyInjectionTestExecutionListener.injectDependencies(DependencyInjectionTestExecutionListener.java:155) ~[spring-test-6.2.5.jar:6.2.5]
	at org.springframework.test.context.support.DependencyInjectionTestExecutionListener.prepareTestInstance(DependencyInjectionTestExecutionListener.java:111) ~[spring-test-6.2.5.jar:6.2.5]
	at org.springframework.test.context.TestContextManager.prepareTestInstance(TestContextManager.java:260) ~[spring-test-6.2.5.jar:6.2.5]
	at org.springframework.test.context.junit.jupiter.SpringExtension.postProcessTestInstance(SpringExtension.java:160) ~[spring-test-6.2.5.jar:6.2.5]
	at org.junit.jupiter.engine.descriptor.ClassBasedTestDescriptor.lambda$invokeTestInstancePostProcessors$11(ClassBasedTestDescriptor.java:378) ~[junit-jupiter-engine-5.11.4.jar:5.11.4]
	at org.junit.jupiter.engine.descriptor.ClassBasedTestDescriptor.executeAndMaskThrowable(ClassBasedTestDescriptor.java:383) ~[junit-jupiter-engine-5.11.4.jar:5.11.4]
	at org.junit.jupiter.engine.descriptor.ClassBasedTestDescriptor.lambda$invokeTestInstancePostProcessors$12(ClassBasedTestDescriptor.java:378) ~[junit-jupiter-engine-5.11.4.jar:5.11.4]
	at java.base/java.util.stream.ForEachOps$ForEachOp$OfRef.accept(ForEachOps.java:184) ~[na:na]
	at java.base/java.util.stream.ReferencePipeline$3$1.accept(ReferencePipeline.java:215) ~[na:na]
	at java.base/java.util.stream.ReferencePipeline$2$1.accept(ReferencePipeline.java:197) ~[na:na]
	at java.base/java.util.stream.ReferencePipeline$3$1.accept(ReferencePipeline.java:215) ~[na:na]
	at java.base/java.util.ArrayList$ArrayListSpliterator.forEachRemaining(ArrayList.java:1709) ~[na:na]
	at java.base/java.util.stream.AbstractPipeline.copyInto(AbstractPipeline.java:570) ~[na:na]
	at java.base/java.util.stream.AbstractPipeline.wrapAndCopyInto(AbstractPipeline.java:560) ~[na:na]
	at java.base/java.util.stream.ForEachOps$ForEachOp.evaluateSequential(ForEachOps.java:151) ~[na:na]
	at java.base/java.util.stream.ForEachOps$ForEachOp$OfRef.evaluateSequential(ForEachOps.java:174) ~[na:na]
	at java.base/java.util.stream.AbstractPipeline.evaluate(AbstractPipeline.java:265) ~[na:na]
	at java.base/java.util.stream.ReferencePipeline.forEach(ReferencePipeline.java:636) ~[na:na]
	at org.junit.jupiter.engine.descriptor.ClassBasedTestDescriptor.invokeTestInstancePostProcessors(ClassBasedTestDescriptor.java:377) ~[junit-jupiter-engine-5.11.4.jar:5.11.4]
	at org.junit.jupiter.engine.descriptor.ClassBasedTestDescriptor.lambda$instantiateAndPostProcessTestInstance$7(ClassBasedTestDescriptor.java:290) ~[junit-jupiter-engine-5.11.4.jar:5.11.4]
	at org.junit.platform.engine.support.hierarchical.ThrowableCollector.execute(ThrowableCollector.java:73) ~[junit-platform-engine-1.11.4.jar:1.11.4]
	at org.junit.jupiter.engine.descriptor.ClassBasedTestDescriptor.instantiateAndPostProcessTestInstance(ClassBasedTestDescriptor.java:289) ~[junit-jupiter-engine-5.11.4.jar:5.11.4]
	at org.junit.jupiter.engine.descriptor.ClassBasedTestDescriptor.lambda$testInstancesProvider$5(ClassBasedTestDescriptor.java:279) ~[junit-jupiter-engine-5.11.4.jar:5.11.4]
	at java.base/java.util.Optional.orElseGet(Optional.java:364) ~[na:na]
	at org.junit.jupiter.engine.descriptor.ClassBasedTestDescriptor.lambda$testInstancesProvider$6(ClassBasedTestDescriptor.java:278) ~[junit-jupiter-engine-5.11.4.jar:5.11.4]
	at org.junit.jupiter.engine.execution.TestInstancesProvider.getTestInstances(TestInstancesProvider.java:31) ~[junit-jupiter-engine-5.11.4.jar:5.11.4]
	at org.junit.jupiter.engine.descriptor.TestMethodTestDescriptor.lambda$prepare$1(TestMethodTestDescriptor.java:105) ~[junit-jupiter-engine-5.11.4.jar:5.11.4]
	at org.junit.platform.engine.support.hierarchical.ThrowableCollector.execute(ThrowableCollector.java:73) ~[junit-platform-engine-1.11.4.jar:1.11.4]
	at org.junit.jupiter.engine.descriptor.TestMethodTestDescriptor.prepare(TestMethodTestDescriptor.java:104) ~[junit-jupiter-engine-5.11.4.jar:5.11.4]
	at org.junit.jupiter.engine.descriptor.TestMethodTestDescriptor.prepare(TestMethodTestDescriptor.java:68) ~[junit-jupiter-engine-5.11.4.jar:5.11.4]
	at org.junit.platform.engine.support.hierarchical.NodeTestTask.lambda$prepare$2(NodeTestTask.java:128) ~[junit-platform-engine-1.11.4.jar:1.11.4]
	at org.junit.platform.engine.support.hierarchical.ThrowableCollector.execute(ThrowableCollector.java:73) ~[junit-platform-engine-1.11.4.jar:1.11.4]
	at org.junit.platform.engine.support.hierarchical.NodeTestTask.prepare(NodeTestTask.java:128) ~[junit-platform-engine-1.11.4.jar:1.11.4]
	at org.junit.platform.engine.support.hierarchical.NodeTestTask.execute(NodeTestTask.java:95) ~[junit-platform-engine-1.11.4.jar:1.11.4]
	at java.base/java.util.ArrayList.forEach(ArrayList.java:1597) ~[na:na]
	at org.junit.platform.engine.support.hierarchical.SameThreadHierarchicalTestExecutorService.invokeAll(SameThreadHierarchicalTestExecutorService.java:41) ~[junit-platform-engine-1.11.4.jar:1.11.4]
	at org.junit.platform.engine.support.hierarchical.NodeTestTask.lambda$executeRecursively$6(NodeTestTask.java:160) ~[junit-platform-engine-1.11.4.jar:1.11.4]
	at org.junit.platform.engine.support.hierarchical.ThrowableCollector.execute(ThrowableCollector.java:73) ~[junit-platform-engine-1.11.4.jar:1.11.4]
	at org.junit.platform.engine.support.hierarchical.NodeTestTask.lambda$executeRecursively$8(NodeTestTask.java:146) ~[junit-platform-engine-1.11.4.jar:1.11.4]
	at org.junit.platform.engine.support.hierarchical.Node.around(Node.java:137) ~[junit-platform-engine-1.11.4.jar:1.11.4]
	at org.junit.platform.engine.support.hierarchical.NodeTestTask.lambda$executeRecursively$9(NodeTestTask.java:144) ~[junit-platform-engine-1.11.4.jar:1.11.4]
	at org.junit.platform.engine.support.hierarchical.ThrowableCollector.execute(ThrowableCollector.java:73) ~[junit-platform-engine-1.11.4.jar:1.11.4]
	at org.junit.platform.engine.support.hierarchical.NodeTestTask.executeRecursively(NodeTestTask.java:143) ~[junit-platform-engine-1.11.4.jar:1.11.4]
	at org.junit.platform.engine.support.hierarchical.NodeTestTask.execute(NodeTestTask.java:100) ~[junit-platform-engine-1.11.4.jar:1.11.4]
	at java.base/java.util.ArrayList.forEach(ArrayList.java:1597) ~[na:na]
	at org.junit.platform.engine.support.hierarchical.SameThreadHierarchicalTestExecutorService.invokeAll(SameThreadHierarchicalTestExecutorService.java:41) ~[junit-platform-engine-1.11.4.jar:1.11.4]
	at org.junit.platform.engine.support.hierarchical.NodeTestTask.lambda$executeRecursively$6(NodeTestTask.java:160) ~[junit-platform-engine-1.11.4.jar:1.11.4]
	at org.junit.platform.engine.support.hierarchical.ThrowableCollector.execute(ThrowableCollector.java:73) ~[junit-platform-engine-1.11.4.jar:1.11.4]
	at org.junit.platform.engine.support.hierarchical.NodeTestTask.lambda$executeRecursively$8(NodeTestTask.java:146) ~[junit-platform-engine-1.11.4.jar:1.11.4]
	at org.junit.platform.engine.support.hierarchical.Node.around(Node.java:137) ~[junit-platform-engine-1.11.4.jar:1.11.4]
	at org.junit.platform.engine.support.hierarchical.NodeTestTask.lambda$executeRecursively$9(NodeTestTask.java:144) ~[junit-platform-engine-1.11.4.jar:1.11.4]
	at org.junit.platform.engine.support.hierarchical.ThrowableCollector.execute(ThrowableCollector.java:73) ~[junit-platform-engine-1.11.4.jar:1.11.4]
	at org.junit.platform.engine.support.hierarchical.NodeTestTask.executeRecursively(NodeTestTask.java:143) ~[junit-platform-engine-1.11.4.jar:1.11.4]
	at org.junit.platform.engine.support.hierarchical.NodeTestTask.execute(NodeTestTask.java:100) ~[junit-platform-engine-1.11.4.jar:1.11.4]
	at org.junit.platform.engine.support.hierarchical.SameThreadHierarchicalTestExecutorService.submit(SameThreadHierarchicalTestExecutorService.java:35) ~[junit-platform-engine-1.11.4.jar:1.11.4]
	at org.junit.platform.engine.support.hierarchical.HierarchicalTestExecutor.execute(HierarchicalTestExecutor.java:57) ~[junit-platform-engine-1.11.4.jar:1.11.4]
	at org.junit.platform.engine.support.hierarchical.HierarchicalTestEngine.execute(HierarchicalTestEngine.java:54) ~[junit-platform-engine-1.11.4.jar:1.11.4]
	at org.junit.platform.launcher.core.EngineExecutionOrchestrator.execute(EngineExecutionOrchestrator.java:198) ~[junit-platform-launcher-1.11.4.jar:1.11.4]
	at org.junit.platform.launcher.core.EngineExecutionOrchestrator.execute(EngineExecutionOrchestrator.java:169) ~[junit-platform-launcher-1.11.4.jar:1.11.4]
	at org.junit.platform.launcher.core.EngineExecutionOrchestrator.execute(EngineExecutionOrchestrator.java:93) ~[junit-platform-launcher-1.11.4.jar:1.11.4]
	at org.junit.platform.launcher.core.EngineExecutionOrchestrator.lambda$execute$0(EngineExecutionOrchestrator.java:58) ~[junit-platform-launcher-1.11.4.jar:1.11.4]
	at org.junit.platform.launcher.core.EngineExecutionOrchestrator.withInterceptedStreams(EngineExecutionOrchestrator.java:141) ~[junit-platform-launcher-1.11.4.jar:1.11.4]
	at org.junit.platform.launcher.core.EngineExecutionOrchestrator.execute(EngineExecutionOrchestrator.java:57) ~[junit-platform-launcher-1.11.4.jar:1.11.4]
	at org.junit.platform.launcher.core.DefaultLauncher.execute(DefaultLauncher.java:103) ~[junit-platform-launcher-1.11.4.jar:1.11.4]
	at org.junit.platform.launcher.core.DefaultLauncher.execute(DefaultLauncher.java:85) ~[junit-platform-launcher-1.11.4.jar:1.11.4]
	at org.junit.platform.launcher.core.DelegatingLauncher.execute(DelegatingLauncher.java:47) ~[junit-platform-launcher-1.11.4.jar:1.11.4]
	at org.apache.maven.surefire.junitplatform.LazyLauncher.execute(LazyLauncher.java:56) ~[surefire-junit-platform-3.5.2.jar:3.5.2]
	at org.apache.maven.surefire.junitplatform.JUnitPlatformProvider.execute(JUnitPlatformProvider.java:184) ~[surefire-junit-platform-3.5.2.jar:3.5.2]
	at org.apache.maven.surefire.junitplatform.JUnitPlatformProvider.invokeAllTests(JUnitPlatformProvider.java:148) ~[surefire-junit-platform-3.5.2.jar:3.5.2]
	at org.apache.maven.surefire.junitplatform.JUnitPlatformProvider.invoke(JUnitPlatformProvider.java:122) ~[surefire-junit-platform-3.5.2.jar:3.5.2]
	at org.apache.maven.surefire.booter.ForkedBooter.runSuitesInProcess(ForkedBooter.java:385) ~[surefire-booter-3.5.2.jar:3.5.2]
	at org.apache.maven.surefire.booter.ForkedBooter.execute(ForkedBooter.java:162) ~[surefire-booter-3.5.2.jar:3.5.2]
	at org.apache.maven.surefire.booter.ForkedBooter.run(ForkedBooter.java:507) ~[surefire-booter-3.5.2.jar:3.5.2]
	at org.apache.maven.surefire.booter.ForkedBooter.main(ForkedBooter.java:495) ~[surefire-booter-3.5.2.jar:3.5.2]
Caused by: java.sql.SQLSyntaxErrorException: ORA-02289: sequence does not exist

https://docs.oracle.com/error-help/db/ora-02289/
	at oracle.jdbc.driver.T4CTTIoer11.processError(T4CTTIoer11.java:709) ~[ojdbc11-23.5.0.24.07.jar:23.5.0.24.07]
	at oracle.jdbc.driver.T4CTTIoer11.processError(T4CTTIoer11.java:609) ~[ojdbc11-23.5.0.24.07.jar:23.5.0.24.07]
	at oracle.jdbc.driver.T4C8Oall.processError(T4C8Oall.java:1347) ~[ojdbc11-23.5.0.24.07.jar:23.5.0.24.07]
	at oracle.jdbc.driver.T4CTTIfun.receive(T4CTTIfun.java:1100) ~[ojdbc11-23.5.0.24.07.jar:23.5.0.24.07]
	at oracle.jdbc.driver.T4CTTIfun.doRPC(T4CTTIfun.java:408) ~[ojdbc11-23.5.0.24.07.jar:23.5.0.24.07]
	at oracle.jdbc.driver.T4C8Oall.doOALL(T4C8Oall.java:499) ~[ojdbc11-23.5.0.24.07.jar:23.5.0.24.07]
	at oracle.jdbc.driver.T4CStatement.doOall8(T4CStatement.java:190) ~[ojdbc11-23.5.0.24.07.jar:23.5.0.24.07]
	at oracle.jdbc.driver.T4CStatement.executeForRows(T4CStatement.java:1399) ~[ojdbc11-23.5.0.24.07.jar:23.5.0.24.07]
	at oracle.jdbc.driver.OracleStatement.executeSQLStatement(OracleStatement.java:2008) ~[ojdbc11-23.5.0.24.07.jar:23.5.0.24.07]
	at oracle.jdbc.driver.OracleStatement.doExecuteWithTimeout(OracleStatement.java:1621) ~[ojdbc11-23.5.0.24.07.jar:23.5.0.24.07]
	at oracle.jdbc.driver.OracleStatement.executeInternal(OracleStatement.java:2686) ~[ojdbc11-23.5.0.24.07.jar:23.5.0.24.07]
	at oracle.jdbc.driver.OracleStatement.execute(OracleStatement.java:2635) ~[ojdbc11-23.5.0.24.07.jar:23.5.0.24.07]
	at oracle.jdbc.driver.OracleStatementWrapper.execute(OracleStatementWrapper.java:336) ~[ojdbc11-23.5.0.24.07.jar:23.5.0.24.07]
	at com.zaxxer.hikari.pool.ProxyStatement.execute(ProxyStatement.java:94) ~[HikariCP-5.1.0.jar:na]
	at com.zaxxer.hikari.pool.HikariProxyStatement.execute(HikariProxyStatement.java) ~[HikariCP-5.1.0.jar:na]
	at org.hibernate.tool.schema.internal.exec.GenerationTargetToDatabase.accept(GenerationTargetToDatabase.java:80) ~[hibernate-core-6.6.11.Final.jar:6.6.11.Final]
	... 119 common frames omitted
Caused by: oracle.jdbc.OracleDatabaseException: ORA-02289: sequence does not exist

	at oracle.jdbc.driver.T4CTTIoer11.processError(T4CTTIoer11.java:717) ~[ojdbc11-23.5.0.24.07.jar:23.5.0.24.07]
	... 134 common frames omitted

2025-05-05T18:23:33.475-04:00 DEBUG 62669 --- [week3] [           main] org.hibernate.SQL                        : drop sequence sq_user_id
Hibernate: drop sequence sq_user_id
2025-05-05T18:23:33.494-04:00  WARN 62669 --- [week3] [           main] o.h.t.s.i.ExceptionHandlerLoggedImpl     : GenerationTarget encountered exception accepting command : Error executing DDL "drop sequence sq_user_id" via JDBC [ORA-02289: sequence does not exist

https://docs.oracle.com/error-help/db/ora-02289/]

org.hibernate.tool.schema.spi.CommandAcceptanceException: Error executing DDL "drop sequence sq_user_id" via JDBC [ORA-02289: sequence does not exist

https://docs.oracle.com/error-help/db/ora-02289/]
	at org.hibernate.tool.schema.internal.exec.GenerationTargetToDatabase.accept(GenerationTargetToDatabase.java:94) ~[hibernate-core-6.6.11.Final.jar:6.6.11.Final]
	at org.hibernate.tool.schema.internal.Helper.applySqlString(Helper.java:233) ~[hibernate-core-6.6.11.Final.jar:6.6.11.Final]
	at org.hibernate.tool.schema.internal.Helper.applySqlStrings(Helper.java:217) ~[hibernate-core-6.6.11.Final.jar:6.6.11.Final]
	at org.hibernate.tool.schema.internal.SchemaDropperImpl.dropSequences(SchemaDropperImpl.java:343) ~[hibernate-core-6.6.11.Final.jar:6.6.11.Final]
	at org.hibernate.tool.schema.internal.SchemaDropperImpl.dropConstraintsTablesSequences(SchemaDropperImpl.java:269) ~[hibernate-core-6.6.11.Final.jar:6.6.11.Final]
	at org.hibernate.tool.schema.internal.SchemaDropperImpl.dropFromMetadata(SchemaDropperImpl.java:218) ~[hibernate-core-6.6.11.Final.jar:6.6.11.Final]
	at org.hibernate.tool.schema.internal.SchemaDropperImpl.performDrop(SchemaDropperImpl.java:186) ~[hibernate-core-6.6.11.Final.jar:6.6.11.Final]
	at org.hibernate.tool.schema.internal.SchemaDropperImpl.doDrop(SchemaDropperImpl.java:156) ~[hibernate-core-6.6.11.Final.jar:6.6.11.Final]
	at org.hibernate.tool.schema.internal.SchemaDropperImpl.doDrop(SchemaDropperImpl.java:116) ~[hibernate-core-6.6.11.Final.jar:6.6.11.Final]
	at org.hibernate.tool.schema.spi.SchemaManagementToolCoordinator.performDatabaseAction(SchemaManagementToolCoordinator.java:238) ~[hibernate-core-6.6.11.Final.jar:6.6.11.Final]
	at org.hibernate.tool.schema.spi.SchemaManagementToolCoordinator.lambda$process$5(SchemaManagementToolCoordinator.java:144) ~[hibernate-core-6.6.11.Final.jar:6.6.11.Final]
	at java.base/java.util.HashMap.forEach(HashMap.java:1430) ~[na:na]
	at org.hibernate.tool.schema.spi.SchemaManagementToolCoordinator.process(SchemaManagementToolCoordinator.java:141) ~[hibernate-core-6.6.11.Final.jar:6.6.11.Final]
	at org.hibernate.boot.internal.SessionFactoryObserverForSchemaExport.sessionFactoryCreated(SessionFactoryObserverForSchemaExport.java:37) ~[hibernate-core-6.6.11.Final.jar:6.6.11.Final]
	at org.hibernate.internal.SessionFactoryObserverChain.sessionFactoryCreated(SessionFactoryObserverChain.java:35) ~[hibernate-core-6.6.11.Final.jar:6.6.11.Final]
	at org.hibernate.internal.SessionFactoryImpl.<init>(SessionFactoryImpl.java:324) ~[hibernate-core-6.6.11.Final.jar:6.6.11.Final]
	at org.hibernate.boot.internal.SessionFactoryBuilderImpl.build(SessionFactoryBuilderImpl.java:463) ~[hibernate-core-6.6.11.Final.jar:6.6.11.Final]
	at org.hibernate.jpa.boot.internal.EntityManagerFactoryBuilderImpl.build(EntityManagerFactoryBuilderImpl.java:1517) ~[hibernate-core-6.6.11.Final.jar:6.6.11.Final]
	at org.springframework.orm.jpa.vendor.SpringHibernateJpaPersistenceProvider.createContainerEntityManagerFactory(SpringHibernateJpaPersistenceProvider.java:66) ~[spring-orm-6.2.5.jar:6.2.5]
	at org.springframework.orm.jpa.LocalContainerEntityManagerFactoryBean.createNativeEntityManagerFactory(LocalContainerEntityManagerFactoryBean.java:390) ~[spring-orm-6.2.5.jar:6.2.5]
	at org.springframework.orm.jpa.AbstractEntityManagerFactoryBean.buildNativeEntityManagerFactory(AbstractEntityManagerFactoryBean.java:419) ~[spring-orm-6.2.5.jar:6.2.5]
	at org.springframework.orm.jpa.AbstractEntityManagerFactoryBean.afterPropertiesSet(AbstractEntityManagerFactoryBean.java:400) ~[spring-orm-6.2.5.jar:6.2.5]
	at org.springframework.orm.jpa.LocalContainerEntityManagerFactoryBean.afterPropertiesSet(LocalContainerEntityManagerFactoryBean.java:366) ~[spring-orm-6.2.5.jar:6.2.5]
	at org.springframework.beans.factory.support.AbstractAutowireCapableBeanFactory.invokeInitMethods(AbstractAutowireCapableBeanFactory.java:1859) ~[spring-beans-6.2.5.jar:6.2.5]
	at org.springframework.beans.factory.support.AbstractAutowireCapableBeanFactory.initializeBean(AbstractAutowireCapableBeanFactory.java:1808) ~[spring-beans-6.2.5.jar:6.2.5]
	at org.springframework.beans.factory.support.AbstractAutowireCapableBeanFactory.doCreateBean(AbstractAutowireCapableBeanFactory.java:601) ~[spring-beans-6.2.5.jar:6.2.5]
	at org.springframework.beans.factory.support.AbstractAutowireCapableBeanFactory.createBean(AbstractAutowireCapableBeanFactory.java:523) ~[spring-beans-6.2.5.jar:6.2.5]
	at org.springframework.beans.factory.support.AbstractBeanFactory.lambda$doGetBean$0(AbstractBeanFactory.java:339) ~[spring-beans-6.2.5.jar:6.2.5]
	at org.springframework.beans.factory.support.DefaultSingletonBeanRegistry.getSingleton(DefaultSingletonBeanRegistry.java:347) ~[spring-beans-6.2.5.jar:6.2.5]
	at org.springframework.beans.factory.support.AbstractBeanFactory.doGetBean(AbstractBeanFactory.java:337) ~[spring-beans-6.2.5.jar:6.2.5]
	at org.springframework.beans.factory.support.AbstractBeanFactory.getBean(AbstractBeanFactory.java:207) ~[spring-beans-6.2.5.jar:6.2.5]
	at org.springframework.context.support.AbstractApplicationContext.finishBeanFactoryInitialization(AbstractApplicationContext.java:970) ~[spring-context-6.2.5.jar:6.2.5]
	at org.springframework.context.support.AbstractApplicationContext.refresh(AbstractApplicationContext.java:627) ~[spring-context-6.2.5.jar:6.2.5]
	at org.springframework.boot.SpringApplication.refresh(SpringApplication.java:752) ~[spring-boot-3.4.4.jar:3.4.4]
	at org.springframework.boot.SpringApplication.refreshContext(SpringApplication.java:439) ~[spring-boot-3.4.4.jar:3.4.4]
	at org.springframework.boot.SpringApplication.run(SpringApplication.java:318) ~[spring-boot-3.4.4.jar:3.4.4]
	at org.springframework.boot.test.context.SpringBootContextLoader.lambda$loadContext$3(SpringBootContextLoader.java:144) ~[spring-boot-test-3.4.4.jar:3.4.4]
	at org.springframework.util.function.ThrowingSupplier.get(ThrowingSupplier.java:58) ~[spring-core-6.2.5.jar:6.2.5]
	at org.springframework.util.function.ThrowingSupplier.get(ThrowingSupplier.java:46) ~[spring-core-6.2.5.jar:6.2.5]
	at org.springframework.boot.SpringApplication.withHook(SpringApplication.java:1461) ~[spring-boot-3.4.4.jar:3.4.4]
	at org.springframework.boot.test.context.SpringBootContextLoader$ContextLoaderHook.run(SpringBootContextLoader.java:563) ~[spring-boot-test-3.4.4.jar:3.4.4]
	at org.springframework.boot.test.context.SpringBootContextLoader.loadContext(SpringBootContextLoader.java:144) ~[spring-boot-test-3.4.4.jar:3.4.4]
	at org.springframework.boot.test.context.SpringBootContextLoader.loadContext(SpringBootContextLoader.java:110) ~[spring-boot-test-3.4.4.jar:3.4.4]
	at org.springframework.test.context.cache.DefaultCacheAwareContextLoaderDelegate.loadContextInternal(DefaultCacheAwareContextLoaderDelegate.java:225) ~[spring-test-6.2.5.jar:6.2.5]
	at org.springframework.test.context.cache.DefaultCacheAwareContextLoaderDelegate.loadContext(DefaultCacheAwareContextLoaderDelegate.java:152) ~[spring-test-6.2.5.jar:6.2.5]
	at org.springframework.test.context.support.DefaultTestContext.getApplicationContext(DefaultTestContext.java:130) ~[spring-test-6.2.5.jar:6.2.5]
	at org.springframework.test.context.support.DependencyInjectionTestExecutionListener.injectDependencies(DependencyInjectionTestExecutionListener.java:155) ~[spring-test-6.2.5.jar:6.2.5]
	at org.springframework.test.context.support.DependencyInjectionTestExecutionListener.prepareTestInstance(DependencyInjectionTestExecutionListener.java:111) ~[spring-test-6.2.5.jar:6.2.5]
	at org.springframework.test.context.TestContextManager.prepareTestInstance(TestContextManager.java:260) ~[spring-test-6.2.5.jar:6.2.5]
	at org.springframework.test.context.junit.jupiter.SpringExtension.postProcessTestInstance(SpringExtension.java:160) ~[spring-test-6.2.5.jar:6.2.5]
	at org.junit.jupiter.engine.descriptor.ClassBasedTestDescriptor.lambda$invokeTestInstancePostProcessors$11(ClassBasedTestDescriptor.java:378) ~[junit-jupiter-engine-5.11.4.jar:5.11.4]
	at org.junit.jupiter.engine.descriptor.ClassBasedTestDescriptor.executeAndMaskThrowable(ClassBasedTestDescriptor.java:383) ~[junit-jupiter-engine-5.11.4.jar:5.11.4]
	at org.junit.jupiter.engine.descriptor.ClassBasedTestDescriptor.lambda$invokeTestInstancePostProcessors$12(ClassBasedTestDescriptor.java:378) ~[junit-jupiter-engine-5.11.4.jar:5.11.4]
	at java.base/java.util.stream.ForEachOps$ForEachOp$OfRef.accept(ForEachOps.java:184) ~[na:na]
	at java.base/java.util.stream.ReferencePipeline$3$1.accept(ReferencePipeline.java:215) ~[na:na]
	at java.base/java.util.stream.ReferencePipeline$2$1.accept(ReferencePipeline.java:197) ~[na:na]
	at java.base/java.util.stream.ReferencePipeline$3$1.accept(ReferencePipeline.java:215) ~[na:na]
	at java.base/java.util.ArrayList$ArrayListSpliterator.forEachRemaining(ArrayList.java:1709) ~[na:na]
	at java.base/java.util.stream.AbstractPipeline.copyInto(AbstractPipeline.java:570) ~[na:na]
	at java.base/java.util.stream.AbstractPipeline.wrapAndCopyInto(AbstractPipeline.java:560) ~[na:na]
	at java.base/java.util.stream.ForEachOps$ForEachOp.evaluateSequential(ForEachOps.java:151) ~[na:na]
	at java.base/java.util.stream.ForEachOps$ForEachOp$OfRef.evaluateSequential(ForEachOps.java:174) ~[na:na]
	at java.base/java.util.stream.AbstractPipeline.evaluate(AbstractPipeline.java:265) ~[na:na]
	at java.base/java.util.stream.ReferencePipeline.forEach(ReferencePipeline.java:636) ~[na:na]
	at org.junit.jupiter.engine.descriptor.ClassBasedTestDescriptor.invokeTestInstancePostProcessors(ClassBasedTestDescriptor.java:377) ~[junit-jupiter-engine-5.11.4.jar:5.11.4]
	at org.junit.jupiter.engine.descriptor.ClassBasedTestDescriptor.lambda$instantiateAndPostProcessTestInstance$7(ClassBasedTestDescriptor.java:290) ~[junit-jupiter-engine-5.11.4.jar:5.11.4]
	at org.junit.platform.engine.support.hierarchical.ThrowableCollector.execute(ThrowableCollector.java:73) ~[junit-platform-engine-1.11.4.jar:1.11.4]
	at org.junit.jupiter.engine.descriptor.ClassBasedTestDescriptor.instantiateAndPostProcessTestInstance(ClassBasedTestDescriptor.java:289) ~[junit-jupiter-engine-5.11.4.jar:5.11.4]
	at org.junit.jupiter.engine.descriptor.ClassBasedTestDescriptor.lambda$testInstancesProvider$5(ClassBasedTestDescriptor.java:279) ~[junit-jupiter-engine-5.11.4.jar:5.11.4]
	at java.base/java.util.Optional.orElseGet(Optional.java:364) ~[na:na]
	at org.junit.jupiter.engine.descriptor.ClassBasedTestDescriptor.lambda$testInstancesProvider$6(ClassBasedTestDescriptor.java:278) ~[junit-jupiter-engine-5.11.4.jar:5.11.4]
	at org.junit.jupiter.engine.execution.TestInstancesProvider.getTestInstances(TestInstancesProvider.java:31) ~[junit-jupiter-engine-5.11.4.jar:5.11.4]
	at org.junit.jupiter.engine.descriptor.TestMethodTestDescriptor.lambda$prepare$1(TestMethodTestDescriptor.java:105) ~[junit-jupiter-engine-5.11.4.jar:5.11.4]
	at org.junit.platform.engine.support.hierarchical.ThrowableCollector.execute(ThrowableCollector.java:73) ~[junit-platform-engine-1.11.4.jar:1.11.4]
	at org.junit.jupiter.engine.descriptor.TestMethodTestDescriptor.prepare(TestMethodTestDescriptor.java:104) ~[junit-jupiter-engine-5.11.4.jar:5.11.4]
	at org.junit.jupiter.engine.descriptor.TestMethodTestDescriptor.prepare(TestMethodTestDescriptor.java:68) ~[junit-jupiter-engine-5.11.4.jar:5.11.4]
	at org.junit.platform.engine.support.hierarchical.NodeTestTask.lambda$prepare$2(NodeTestTask.java:128) ~[junit-platform-engine-1.11.4.jar:1.11.4]
	at org.junit.platform.engine.support.hierarchical.ThrowableCollector.execute(ThrowableCollector.java:73) ~[junit-platform-engine-1.11.4.jar:1.11.4]
	at org.junit.platform.engine.support.hierarchical.NodeTestTask.prepare(NodeTestTask.java:128) ~[junit-platform-engine-1.11.4.jar:1.11.4]
	at org.junit.platform.engine.support.hierarchical.NodeTestTask.execute(NodeTestTask.java:95) ~[junit-platform-engine-1.11.4.jar:1.11.4]
	at java.base/java.util.ArrayList.forEach(ArrayList.java:1597) ~[na:na]
	at org.junit.platform.engine.support.hierarchical.SameThreadHierarchicalTestExecutorService.invokeAll(SameThreadHierarchicalTestExecutorService.java:41) ~[junit-platform-engine-1.11.4.jar:1.11.4]
	at org.junit.platform.engine.support.hierarchical.NodeTestTask.lambda$executeRecursively$6(NodeTestTask.java:160) ~[junit-platform-engine-1.11.4.jar:1.11.4]
	at org.junit.platform.engine.support.hierarchical.ThrowableCollector.execute(ThrowableCollector.java:73) ~[junit-platform-engine-1.11.4.jar:1.11.4]
	at org.junit.platform.engine.support.hierarchical.NodeTestTask.lambda$executeRecursively$8(NodeTestTask.java:146) ~[junit-platform-engine-1.11.4.jar:1.11.4]
	at org.junit.platform.engine.support.hierarchical.Node.around(Node.java:137) ~[junit-platform-engine-1.11.4.jar:1.11.4]
	at org.junit.platform.engine.support.hierarchical.NodeTestTask.lambda$executeRecursively$9(NodeTestTask.java:144) ~[junit-platform-engine-1.11.4.jar:1.11.4]
	at org.junit.platform.engine.support.hierarchical.ThrowableCollector.execute(ThrowableCollector.java:73) ~[junit-platform-engine-1.11.4.jar:1.11.4]
	at org.junit.platform.engine.support.hierarchical.NodeTestTask.executeRecursively(NodeTestTask.java:143) ~[junit-platform-engine-1.11.4.jar:1.11.4]
	at org.junit.platform.engine.support.hierarchical.NodeTestTask.execute(NodeTestTask.java:100) ~[junit-platform-engine-1.11.4.jar:1.11.4]
	at java.base/java.util.ArrayList.forEach(ArrayList.java:1597) ~[na:na]
	at org.junit.platform.engine.support.hierarchical.SameThreadHierarchicalTestExecutorService.invokeAll(SameThreadHierarchicalTestExecutorService.java:41) ~[junit-platform-engine-1.11.4.jar:1.11.4]
	at org.junit.platform.engine.support.hierarchical.NodeTestTask.lambda$executeRecursively$6(NodeTestTask.java:160) ~[junit-platform-engine-1.11.4.jar:1.11.4]
	at org.junit.platform.engine.support.hierarchical.ThrowableCollector.execute(ThrowableCollector.java:73) ~[junit-platform-engine-1.11.4.jar:1.11.4]
	at org.junit.platform.engine.support.hierarchical.NodeTestTask.lambda$executeRecursively$8(NodeTestTask.java:146) ~[junit-platform-engine-1.11.4.jar:1.11.4]
	at org.junit.platform.engine.support.hierarchical.Node.around(Node.java:137) ~[junit-platform-engine-1.11.4.jar:1.11.4]
	at org.junit.platform.engine.support.hierarchical.NodeTestTask.lambda$executeRecursively$9(NodeTestTask.java:144) ~[junit-platform-engine-1.11.4.jar:1.11.4]
	at org.junit.platform.engine.support.hierarchical.ThrowableCollector.execute(ThrowableCollector.java:73) ~[junit-platform-engine-1.11.4.jar:1.11.4]
	at org.junit.platform.engine.support.hierarchical.NodeTestTask.executeRecursively(NodeTestTask.java:143) ~[junit-platform-engine-1.11.4.jar:1.11.4]
	at org.junit.platform.engine.support.hierarchical.NodeTestTask.execute(NodeTestTask.java:100) ~[junit-platform-engine-1.11.4.jar:1.11.4]
	at org.junit.platform.engine.support.hierarchical.SameThreadHierarchicalTestExecutorService.submit(SameThreadHierarchicalTestExecutorService.java:35) ~[junit-platform-engine-1.11.4.jar:1.11.4]
	at org.junit.platform.engine.support.hierarchical.HierarchicalTestExecutor.execute(HierarchicalTestExecutor.java:57) ~[junit-platform-engine-1.11.4.jar:1.11.4]
	at org.junit.platform.engine.support.hierarchical.HierarchicalTestEngine.execute(HierarchicalTestEngine.java:54) ~[junit-platform-engine-1.11.4.jar:1.11.4]
	at org.junit.platform.launcher.core.EngineExecutionOrchestrator.execute(EngineExecutionOrchestrator.java:198) ~[junit-platform-launcher-1.11.4.jar:1.11.4]
	at org.junit.platform.launcher.core.EngineExecutionOrchestrator.execute(EngineExecutionOrchestrator.java:169) ~[junit-platform-launcher-1.11.4.jar:1.11.4]
	at org.junit.platform.launcher.core.EngineExecutionOrchestrator.execute(EngineExecutionOrchestrator.java:93) ~[junit-platform-launcher-1.11.4.jar:1.11.4]
	at org.junit.platform.launcher.core.EngineExecutionOrchestrator.lambda$execute$0(EngineExecutionOrchestrator.java:58) ~[junit-platform-launcher-1.11.4.jar:1.11.4]
	at org.junit.platform.launcher.core.EngineExecutionOrchestrator.withInterceptedStreams(EngineExecutionOrchestrator.java:141) ~[junit-platform-launcher-1.11.4.jar:1.11.4]
	at org.junit.platform.launcher.core.EngineExecutionOrchestrator.execute(EngineExecutionOrchestrator.java:57) ~[junit-platform-launcher-1.11.4.jar:1.11.4]
	at org.junit.platform.launcher.core.DefaultLauncher.execute(DefaultLauncher.java:103) ~[junit-platform-launcher-1.11.4.jar:1.11.4]
	at org.junit.platform.launcher.core.DefaultLauncher.execute(DefaultLauncher.java:85) ~[junit-platform-launcher-1.11.4.jar:1.11.4]
	at org.junit.platform.launcher.core.DelegatingLauncher.execute(DelegatingLauncher.java:47) ~[junit-platform-launcher-1.11.4.jar:1.11.4]
	at org.apache.maven.surefire.junitplatform.LazyLauncher.execute(LazyLauncher.java:56) ~[surefire-junit-platform-3.5.2.jar:3.5.2]
	at org.apache.maven.surefire.junitplatform.JUnitPlatformProvider.execute(JUnitPlatformProvider.java:184) ~[surefire-junit-platform-3.5.2.jar:3.5.2]
	at org.apache.maven.surefire.junitplatform.JUnitPlatformProvider.invokeAllTests(JUnitPlatformProvider.java:148) ~[surefire-junit-platform-3.5.2.jar:3.5.2]
	at org.apache.maven.surefire.junitplatform.JUnitPlatformProvider.invoke(JUnitPlatformProvider.java:122) ~[surefire-junit-platform-3.5.2.jar:3.5.2]
	at org.apache.maven.surefire.booter.ForkedBooter.runSuitesInProcess(ForkedBooter.java:385) ~[surefire-booter-3.5.2.jar:3.5.2]
	at org.apache.maven.surefire.booter.ForkedBooter.execute(ForkedBooter.java:162) ~[surefire-booter-3.5.2.jar:3.5.2]
	at org.apache.maven.surefire.booter.ForkedBooter.run(ForkedBooter.java:507) ~[surefire-booter-3.5.2.jar:3.5.2]
	at org.apache.maven.surefire.booter.ForkedBooter.main(ForkedBooter.java:495) ~[surefire-booter-3.5.2.jar:3.5.2]
Caused by: java.sql.SQLSyntaxErrorException: ORA-02289: sequence does not exist

https://docs.oracle.com/error-help/db/ora-02289/
	at oracle.jdbc.driver.T4CTTIoer11.processError(T4CTTIoer11.java:709) ~[ojdbc11-23.5.0.24.07.jar:23.5.0.24.07]
	at oracle.jdbc.driver.T4CTTIoer11.processError(T4CTTIoer11.java:609) ~[ojdbc11-23.5.0.24.07.jar:23.5.0.24.07]
	at oracle.jdbc.driver.T4C8Oall.processError(T4C8Oall.java:1347) ~[ojdbc11-23.5.0.24.07.jar:23.5.0.24.07]
	at oracle.jdbc.driver.T4CTTIfun.receive(T4CTTIfun.java:1100) ~[ojdbc11-23.5.0.24.07.jar:23.5.0.24.07]
	at oracle.jdbc.driver.T4CTTIfun.doRPC(T4CTTIfun.java:408) ~[ojdbc11-23.5.0.24.07.jar:23.5.0.24.07]
	at oracle.jdbc.driver.T4C8Oall.doOALL(T4C8Oall.java:499) ~[ojdbc11-23.5.0.24.07.jar:23.5.0.24.07]
	at oracle.jdbc.driver.T4CStatement.doOall8(T4CStatement.java:190) ~[ojdbc11-23.5.0.24.07.jar:23.5.0.24.07]
	at oracle.jdbc.driver.T4CStatement.executeForRows(T4CStatement.java:1399) ~[ojdbc11-23.5.0.24.07.jar:23.5.0.24.07]
	at oracle.jdbc.driver.OracleStatement.executeSQLStatement(OracleStatement.java:2008) ~[ojdbc11-23.5.0.24.07.jar:23.5.0.24.07]
	at oracle.jdbc.driver.OracleStatement.doExecuteWithTimeout(OracleStatement.java:1621) ~[ojdbc11-23.5.0.24.07.jar:23.5.0.24.07]
	at oracle.jdbc.driver.OracleStatement.executeInternal(OracleStatement.java:2686) ~[ojdbc11-23.5.0.24.07.jar:23.5.0.24.07]
	at oracle.jdbc.driver.OracleStatement.execute(OracleStatement.java:2635) ~[ojdbc11-23.5.0.24.07.jar:23.5.0.24.07]
	at oracle.jdbc.driver.OracleStatementWrapper.execute(OracleStatementWrapper.java:336) ~[ojdbc11-23.5.0.24.07.jar:23.5.0.24.07]
	at com.zaxxer.hikari.pool.ProxyStatement.execute(ProxyStatement.java:94) ~[HikariCP-5.1.0.jar:na]
	at com.zaxxer.hikari.pool.HikariProxyStatement.execute(HikariProxyStatement.java) ~[HikariCP-5.1.0.jar:na]
	at org.hibernate.tool.schema.internal.exec.GenerationTargetToDatabase.accept(GenerationTargetToDatabase.java:80) ~[hibernate-core-6.6.11.Final.jar:6.6.11.Final]
	... 119 common frames omitted
Caused by: oracle.jdbc.OracleDatabaseException: ORA-02289: sequence does not exist

	at oracle.jdbc.driver.T4CTTIoer11.processError(T4CTTIoer11.java:717) ~[ojdbc11-23.5.0.24.07.jar:23.5.0.24.07]
	... 134 common frames omitted

2025-05-05T18:23:33.497-04:00 DEBUG 62669 --- [week3] [           main] org.hibernate.SQL                        : create sequence sq_pet_id start with 1 increment by 1
Hibernate: create sequence sq_pet_id start with 1 increment by 1
2025-05-05T18:23:33.500-04:00 DEBUG 62669 --- [week3] [onnection adder] com.zaxxer.hikari.pool.HikariPool        : HikariPool-1 - Added connection oracle.jdbc.driver.T4CConnection@14b70198
2025-05-05T18:23:33.511-04:00 DEBUG 62669 --- [week3] [           main] org.hibernate.SQL                        : create sequence sq_role_id start with 1 increment by 1
Hibernate: create sequence sq_role_id start with 1 increment by 1
2025-05-05T18:23:33.535-04:00 DEBUG 62669 --- [week3] [onnection adder] com.zaxxer.hikari.pool.HikariPool        : HikariPool-1 - After adding stats (total=4, active=1, idle=3, waiting=0)
2025-05-05T18:23:33.537-04:00 DEBUG 62669 --- [week3] [           main] org.hibernate.SQL                        : create sequence sq_user_id start with 1 increment by 1
Hibernate: create sequence sq_user_id start with 1 increment by 1
2025-05-05T18:23:33.566-04:00 DEBUG 62669 --- [week3] [           main] org.hibernate.SQL                        : create table pets (age number(10,0) not null, weight float(53) not null, id number(19,0) not null, owner number(19,0) not null, breed varchar2(30 char) not null, color varchar2(30 char) not null, name varchar2(30 char) not null, type varchar2(30 char) not null, description varchar2(255 char) not null, primary key (id))
Hibernate: create table pets (age number(10,0) not null, weight float(53) not null, id number(19,0) not null, owner number(19,0) not null, breed varchar2(30 char) not null, color varchar2(30 char) not null, name varchar2(30 char) not null, type varchar2(30 char) not null, description varchar2(255 char) not null, primary key (id))
2025-05-05T18:23:33.584-04:00 DEBUG 62669 --- [week3] [onnection adder] jdk.event.security                       : X509Certificate: Alg:SHA256withRSA, Serial:0e:53:5a:9b:ac:d4:b9:00:33:9c:4e:0d:7e:87:e7:12, Subject:CN=adb.sa-santiago-1.oraclecloud.com, O=Oracle Corporation, L=Redwood City, ST=California, C=US, Issuer:CN=DigiCert TLS RSA SHA256 2020 CA1, O=DigiCert Inc, C=US, Key type:RSA, Length:2048, Cert Id:3580545443, Valid from:10/28/24, 9:00 PM, Valid until:11/19/25, 8:59 PM
2025-05-05T18:23:33.584-04:00 DEBUG 62669 --- [week3] [onnection adder] jdk.event.security                       : X509Certificate: Alg:SHA256withRSA, Serial:0a:35:08:d5:5c:29:2b:01:7d:f8:ad:65:c0:0f:f7:e4, Subject:CN=DigiCert TLS RSA SHA256 2020 CA1, O=DigiCert Inc, C=US, Issuer:CN=DigiCert Global Root CA, OU=www.digicert.com, O=DigiCert Inc, C=US, Key type:RSA, Length:2048, Cert Id:128597027, Valid from:9/23/20, 9:00 PM, Valid until:9/23/30, 8:59 PM
2025-05-05T18:23:33.584-04:00 DEBUG 62669 --- [week3] [onnection adder] jdk.event.security                       : X509Certificate: Alg:SHA1withRSA, Serial:08:3b:e0:56:90:42:46:b1:a1:75:6a:c9:59:91:c7:4a, Subject:CN=DigiCert Global Root CA, OU=www.digicert.com, O=DigiCert Inc, C=US, Issuer:CN=DigiCert Global Root CA, OU=www.digicert.com, O=DigiCert Inc, C=US, Key type:RSA, Length:2048, Cert Id:1341898239, Valid from:11/9/06, 9:00 PM, Valid until:11/9/31, 9:00 PM
2025-05-05T18:23:33.585-04:00 DEBUG 62669 --- [week3] [onnection adder] jdk.event.security                       : X509Certificate: Alg:SHA1withRSA, Serial:08:3b:e0:56:90:42:46:b1:a1:75:6a:c9:59:91:c7:4a, Subject:CN=DigiCert Global Root CA, OU=www.digicert.com, O=DigiCert Inc, C=US, Issuer:CN=DigiCert Global Root CA, OU=www.digicert.com, O=DigiCert Inc, C=US, Key type:RSA, Length:2048, Cert Id:1341898239, Valid from:11/9/06, 9:00 PM, Valid until:11/9/31, 9:00 PM
2025-05-05T18:23:33.585-04:00 DEBUG 62669 --- [week3] [onnection adder] jdk.event.security                       : ValidationChain: 1341898239, 128597027, 3580545443
2025-05-05T18:23:33.585-04:00 DEBUG 62669 --- [week3] [onnection adder] jdk.event.security                       : X509Certificate: Alg:SHA1withRSA, Serial:08:3b:e0:56:90:42:46:b1:a1:75:6a:c9:59:91:c7:4a, Subject:CN=DigiCert Global Root CA, OU=www.digicert.com, O=DigiCert Inc, C=US, Issuer:CN=DigiCert Global Root CA, OU=www.digicert.com, O=DigiCert Inc, C=US, Key type:RSA, Length:2048, Cert Id:1341898239, Valid from:11/9/06, 9:00 PM, Valid until:11/9/31, 9:00 PM
2025-05-05T18:23:33.603-04:00 DEBUG 62669 --- [week3] [           main] org.hibernate.SQL                        : create table roles (id number(19,0) not null, name varchar2(255 char) not null unique, primary key (id))
Hibernate: create table roles (id number(19,0) not null, name varchar2(255 char) not null unique, primary key (id))
2025-05-05T18:23:33.604-04:00 DEBUG 62669 --- [week3] [onnection adder] jdk.event.security                       :  TLSHandshake: adb.sa-santiago-1.oraclecloud.com:1522, TLSv1.2, TLS_RSA_WITH_AES_256_GCM_SHA384, 3580545443
2025-05-05T18:23:33.628-04:00 DEBUG 62669 --- [week3] [           main] org.hibernate.SQL                        : create table users (birth_date date not null, created_at timestamp(6), id number(19,0) not null, role_id number(19,0) not null, updated_at timestamp(6), password varchar2(12 char) not null, phone varchar2(15 char) not null, name varchar2(30 char) not null, email varchar2(50 char) not null unique, primary key (id))
Hibernate: create table users (birth_date date not null, created_at timestamp(6), id number(19,0) not null, role_id number(19,0) not null, updated_at timestamp(6), password varchar2(12 char) not null, phone varchar2(15 char) not null, name varchar2(30 char) not null, email varchar2(50 char) not null unique, primary key (id))
2025-05-05T18:23:33.644-04:00 DEBUG 62669 --- [week3] [onnection adder] jdk.event.security                       : X509Certificate: Alg:SHA256withRSA, Serial:0e:53:5a:9b:ac:d4:b9:00:33:9c:4e:0d:7e:87:e7:12, Subject:CN=adb.sa-santiago-1.oraclecloud.com, O=Oracle Corporation, L=Redwood City, ST=California, C=US, Issuer:CN=DigiCert TLS RSA SHA256 2020 CA1, O=DigiCert Inc, C=US, Key type:RSA, Length:2048, Cert Id:3580545443, Valid from:10/28/24, 9:00 PM, Valid until:11/19/25, 8:59 PM
2025-05-05T18:23:33.644-04:00 DEBUG 62669 --- [week3] [onnection adder] jdk.event.security                       : X509Certificate: Alg:SHA256withRSA, Serial:0a:35:08:d5:5c:29:2b:01:7d:f8:ad:65:c0:0f:f7:e4, Subject:CN=DigiCert TLS RSA SHA256 2020 CA1, O=DigiCert Inc, C=US, Issuer:CN=DigiCert Global Root CA, OU=www.digicert.com, O=DigiCert Inc, C=US, Key type:RSA, Length:2048, Cert Id:128597027, Valid from:9/23/20, 9:00 PM, Valid until:9/23/30, 8:59 PM
2025-05-05T18:23:33.644-04:00 DEBUG 62669 --- [week3] [onnection adder] jdk.event.security                       : X509Certificate: Alg:SHA1withRSA, Serial:08:3b:e0:56:90:42:46:b1:a1:75:6a:c9:59:91:c7:4a, Subject:CN=DigiCert Global Root CA, OU=www.digicert.com, O=DigiCert Inc, C=US, Issuer:CN=DigiCert Global Root CA, OU=www.digicert.com, O=DigiCert Inc, C=US, Key type:RSA, Length:2048, Cert Id:1341898239, Valid from:11/9/06, 9:00 PM, Valid until:11/9/31, 9:00 PM
2025-05-05T18:23:33.644-04:00 DEBUG 62669 --- [week3] [onnection adder] jdk.event.security                       : X509Certificate: Alg:SHA1withRSA, Serial:08:3b:e0:56:90:42:46:b1:a1:75:6a:c9:59:91:c7:4a, Subject:CN=DigiCert Global Root CA, OU=www.digicert.com, O=DigiCert Inc, C=US, Issuer:CN=DigiCert Global Root CA, OU=www.digicert.com, O=DigiCert Inc, C=US, Key type:RSA, Length:2048, Cert Id:1341898239, Valid from:11/9/06, 9:00 PM, Valid until:11/9/31, 9:00 PM
2025-05-05T18:23:33.645-04:00 DEBUG 62669 --- [week3] [onnection adder] jdk.event.security                       : ValidationChain: 1341898239, 128597027, 3580545443
2025-05-05T18:23:33.645-04:00 DEBUG 62669 --- [week3] [onnection adder] jdk.event.security                       : X509Certificate: Alg:SHA1withRSA, Serial:08:3b:e0:56:90:42:46:b1:a1:75:6a:c9:59:91:c7:4a, Subject:CN=DigiCert Global Root CA, OU=www.digicert.com, O=DigiCert Inc, C=US, Issuer:CN=DigiCert Global Root CA, OU=www.digicert.com, O=DigiCert Inc, C=US, Key type:RSA, Length:2048, Cert Id:1341898239, Valid from:11/9/06, 9:00 PM, Valid until:11/9/31, 9:00 PM
2025-05-05T18:23:33.654-04:00 DEBUG 62669 --- [week3] [onnection adder] jdk.event.security                       :  TLSHandshake: adb.sa-santiago-1.oraclecloud.com:1522, TLSv1.2, TLS_RSA_WITH_AES_256_GCM_SHA384, 3580545443
2025-05-05T18:23:33.654-04:00 DEBUG 62669 --- [week3] [           main] org.hibernate.SQL                        : alter table pets add constraint FKnpppq4oy3lp88fhsynav8mxp3 foreign key (owner) references users
Hibernate: alter table pets add constraint FKnpppq4oy3lp88fhsynav8mxp3 foreign key (owner) references users
2025-05-05T18:23:33.678-04:00 DEBUG 62669 --- [week3] [           main] org.hibernate.SQL                        : alter table users add constraint FKp56c1712k691lhsyewcssf40f foreign key (role_id) references roles
Hibernate: alter table users add constraint FKp56c1712k691lhsyewcssf40f foreign key (role_id) references roles
2025-05-05T18:23:33.702-04:00 DEBUG 62669 --- [week3] [           main] o.h.internal.SessionFactoryRegistry      : Initializing SessionFactoryRegistry : org.hibernate.internal.SessionFactoryRegistry@508abc74
2025-05-05T18:23:33.702-04:00 DEBUG 62669 --- [week3] [           main] o.h.internal.SessionFactoryRegistry      : Registering SessionFactory: 6788f8ed-424c-4060-8771-a773c09d1a77 (<unnamed>)
2025-05-05T18:23:33.702-04:00 DEBUG 62669 --- [week3] [           main] o.h.internal.SessionFactoryRegistry      : Not binding SessionFactory to JNDI, no JNDI name configured
2025-05-05T18:23:33.703-04:00 DEBUG 62669 --- [week3] [           main] o.hibernate.internal.SessionFactoryImpl  : Instantiated SessionFactory
2025-05-05T18:23:33.703-04:00  INFO 62669 --- [week3] [           main] j.LocalContainerEntityManagerFactoryBean : Initialized JPA EntityManagerFactory for persistence unit 'default'
2025-05-05T18:23:33.705-04:00 DEBUG 62669 --- [week3] [           main] o.s.b.f.s.DefaultListableBeanFactory     : Creating shared instance of singleton bean 'week3Application'
2025-05-05T18:23:33.706-04:00 DEBUG 62669 --- [week3] [           main] o.s.b.f.s.DefaultListableBeanFactory     : Creating shared instance of singleton bean 'org.springframework.boot.test.autoconfigure.jdbc.TestDatabaseAutoConfiguration'
2025-05-05T18:23:33.707-04:00 DEBUG 62669 --- [week3] [           main] o.s.b.f.s.DefaultListableBeanFactory     : Creating shared instance of singleton bean 'org.springframework.boot.autoconfigure.jdbc.metadata.DataSourcePoolMetadataProvidersConfiguration'
2025-05-05T18:23:33.708-04:00 DEBUG 62669 --- [week3] [           main] o.s.b.f.s.DefaultListableBeanFactory     : Creating shared instance of singleton bean 'org.springframework.boot.autoconfigure.jdbc.DataSourceAutoConfiguration'
2025-05-05T18:23:33.708-04:00 DEBUG 62669 --- [week3] [           main] o.s.b.f.s.DefaultListableBeanFactory     : Creating shared instance of singleton bean 'org.springframework.boot.context.properties.EnableConfigurationPropertiesRegistrar.methodValidationExcludeFilter'
2025-05-05T18:23:33.712-04:00 DEBUG 62669 --- [week3] [           main] o.s.b.f.s.DefaultListableBeanFactory     : Creating shared instance of singleton bean 'org.springframework.boot.autoconfigure.orm.jpa.JpaBaseConfiguration$PersistenceManagedTypesConfiguration'
2025-05-05T18:23:33.713-04:00 DEBUG 62669 --- [week3] [           main] o.s.b.f.s.DefaultListableBeanFactory     : Creating shared instance of singleton bean 'transactionManager'
2025-05-05T18:23:33.719-04:00 DEBUG 62669 --- [week3] [           main] o.s.b.f.s.DefaultListableBeanFactory     : Creating shared instance of singleton bean 'org.springframework.boot.autoconfigure.orm.jpa.HibernateJpaAutoConfiguration'
2025-05-05T18:23:33.719-04:00 DEBUG 62669 --- [week3] [           main] o.s.b.f.s.DefaultListableBeanFactory     : Creating shared instance of singleton bean 'org.springframework.boot.autoconfigure.data.jpa.JpaRepositoriesAutoConfiguration'
2025-05-05T18:23:33.719-04:00 DEBUG 62669 --- [week3] [           main] o.s.b.f.s.DefaultListableBeanFactory     : Creating shared instance of singleton bean 'jpaSharedEM_entityManagerFactory'
2025-05-05T18:23:33.741-04:00 DEBUG 62669 --- [week3] [           main] o.s.b.f.s.DefaultListableBeanFactory     : Creating shared instance of singleton bean 'org.springframework.data.jpa.util.JpaMetamodelCacheCleanup'
2025-05-05T18:23:33.742-04:00 DEBUG 62669 --- [week3] [           main] o.s.b.f.s.DefaultListableBeanFactory     : Creating shared instance of singleton bean 'org.springframework.data.jpa.repository.support.JpaEvaluationContextExtension'
2025-05-05T18:23:33.743-04:00 DEBUG 62669 --- [week3] [           main] o.s.b.f.s.DefaultListableBeanFactory     : Creating shared instance of singleton bean 'jpa.named-queries#0'
2025-05-05T18:23:33.744-04:00 DEBUG 62669 --- [week3] [           main] o.s.b.f.s.DefaultListableBeanFactory     : Creating shared instance of singleton bean 'jpa.PetRepository.fragments#0'
2025-05-05T18:23:33.745-04:00 DEBUG 62669 --- [week3] [           main] o.s.b.f.s.DefaultListableBeanFactory     : Creating shared instance of singleton bean 'petRepository'
2025-05-05T18:23:33.750-04:00 DEBUG 62669 --- [week3] [           main] o.s.b.f.s.DefaultListableBeanFactory     : Creating shared instance of singleton bean 'jpaMappingContext'
2025-05-05T18:23:33.751-04:00 DEBUG 62669 --- [week3] [           main] .c.JpaMetamodelMappingContextFactoryBean : Initializing JpaMetamodelMappingContext…
2025-05-05T18:23:33.757-04:00 DEBUG 62669 --- [week3] [           main] .c.JpaMetamodelMappingContextFactoryBean : Finished initializing JpaMetamodelMappingContext
2025-05-05T18:23:33.771-04:00 DEBUG 62669 --- [week3] [           main] tor$SharedEntityManagerInvocationHandler : Creating new EntityManager for shared EntityManager invocation
2025-05-05T18:23:33.780-04:00 DEBUG 62669 --- [week3] [onnection adder] com.zaxxer.hikari.pool.HikariPool        : HikariPool-1 - Added connection oracle.jdbc.driver.T4CConnection@6696690b
2025-05-05T18:23:33.788-04:00 DEBUG 62669 --- [week3] [           main] o.h.stat.internal.StatisticsInitiator    : Statistics initialized [enabled=false]
2025-05-05T18:23:33.791-04:00 DEBUG 62669 --- [week3] [           main] tor$SharedEntityManagerInvocationHandler : Creating new EntityManager for shared EntityManager invocation
2025-05-05T18:23:33.815-04:00 DEBUG 62669 --- [week3] [onnection adder] com.zaxxer.hikari.pool.HikariPool        : HikariPool-1 - After adding stats (total=5, active=0, idle=5, waiting=0)
2025-05-05T18:23:33.817-04:00 DEBUG 62669 --- [week3] [           main] o.s.d.r.c.s.RepositoryFactorySupport     : Initializing repository instance for com.duoc.week3.repository.PetRepository…
2025-05-05T18:23:33.823-04:00 DEBUG 62669 --- [week3] [           main] tor$SharedEntityManagerInvocationHandler : Creating new EntityManager for shared EntityManager invocation
2025-05-05T18:23:33.849-04:00 DEBUG 62669 --- [week3] [           main] o.s.d.jpa.repository.query.NamedQuery    : Looking up named query 'Pet.findById'
2025-05-05T18:23:33.850-04:00 DEBUG 62669 --- [week3] [           main] cResourceLocalTransactionCoordinatorImpl : JDBC transaction marked for rollback-only (exception provided for stack trace)

java.lang.Exception: exception just for purpose of providing stack trace
	at org.hibernate.resource.transaction.backend.jdbc.internal.JdbcResourceLocalTransactionCoordinatorImpl$TransactionDriverControlImpl.markRollbackOnly(JdbcResourceLocalTransactionCoordinatorImpl.java:309) ~[hibernate-core-6.6.11.Final.jar:6.6.11.Final]
	at org.hibernate.internal.AbstractSharedSessionContract.buildNamedQuery(AbstractSharedSessionContract.java:1141) ~[hibernate-core-6.6.11.Final.jar:6.6.11.Final]
	at org.hibernate.internal.AbstractSharedSessionContract.createNamedQuery(AbstractSharedSessionContract.java:1019) ~[hibernate-core-6.6.11.Final.jar:6.6.11.Final]
	at org.hibernate.internal.AbstractSharedSessionContract.createNamedQuery(AbstractSharedSessionContract.java:143) ~[hibernate-core-6.6.11.Final.jar:6.6.11.Final]
	at java.base/jdk.internal.reflect.DirectMethodHandleAccessor.invoke(DirectMethodHandleAccessor.java:103) ~[na:na]
	at java.base/java.lang.reflect.Method.invoke(Method.java:580) ~[na:na]
	at org.springframework.orm.jpa.ExtendedEntityManagerCreator$ExtendedEntityManagerInvocationHandler.invoke(ExtendedEntityManagerCreator.java:364) ~[spring-orm-6.2.5.jar:6.2.5]
	at jdk.proxy2/jdk.proxy2.$Proxy125.createNamedQuery(Unknown Source) ~[na:na]
	at org.springframework.data.jpa.repository.query.NamedQuery.hasNamedQuery(NamedQuery.java:114) ~[spring-data-jpa-3.4.4.jar:3.4.4]
	at org.springframework.data.jpa.repository.query.NamedQuery.lookupFrom(NamedQuery.java:140) ~[spring-data-jpa-3.4.4.jar:3.4.4]
	at org.springframework.data.jpa.repository.query.JpaQueryLookupStrategy$DeclaredQueryLookupStrategy.resolveQuery(JpaQueryLookupStrategy.java:184) ~[spring-data-jpa-3.4.4.jar:3.4.4]
	at org.springframework.data.jpa.repository.query.JpaQueryLookupStrategy$CreateIfNotFoundQueryLookupStrategy.resolveQuery(JpaQueryLookupStrategy.java:256) ~[spring-data-jpa-3.4.4.jar:3.4.4]
	at org.springframework.data.jpa.repository.query.JpaQueryLookupStrategy$AbstractQueryLookupStrategy.resolveQuery(JpaQueryLookupStrategy.java:99) ~[spring-data-jpa-3.4.4.jar:3.4.4]
	at org.springframework.data.repository.core.support.QueryExecutorMethodInterceptor.lookupQuery(QueryExecutorMethodInterceptor.java:116) ~[spring-data-commons-3.4.4.jar:3.4.4]
	at org.springframework.data.repository.core.support.QueryExecutorMethodInterceptor.mapMethodsToQuery(QueryExecutorMethodInterceptor.java:104) ~[spring-data-commons-3.4.4.jar:3.4.4]
	at org.springframework.data.repository.core.support.QueryExecutorMethodInterceptor.lambda$new$0(QueryExecutorMethodInterceptor.java:92) ~[spring-data-commons-3.4.4.jar:3.4.4]
	at java.base/java.util.Optional.map(Optional.java:260) ~[na:na]
	at org.springframework.data.repository.core.support.QueryExecutorMethodInterceptor.<init>(QueryExecutorMethodInterceptor.java:92) ~[spring-data-commons-3.4.4.jar:3.4.4]
	at org.springframework.data.repository.core.support.RepositoryFactorySupport.getRepository(RepositoryFactorySupport.java:431) ~[spring-data-commons-3.4.4.jar:3.4.4]
	at org.springframework.data.repository.core.support.RepositoryFactoryBeanSupport.lambda$afterPropertiesSet$4(RepositoryFactoryBeanSupport.java:350) ~[spring-data-commons-3.4.4.jar:3.4.4]
	at org.springframework.data.util.Lazy.getNullable(Lazy.java:135) ~[spring-data-commons-3.4.4.jar:3.4.4]
	at org.springframework.data.util.Lazy.get(Lazy.java:113) ~[spring-data-commons-3.4.4.jar:3.4.4]
	at org.springframework.data.repository.core.support.RepositoryFactoryBeanSupport.afterPropertiesSet(RepositoryFactoryBeanSupport.java:356) ~[spring-data-commons-3.4.4.jar:3.4.4]
	at org.springframework.data.jpa.repository.support.JpaRepositoryFactoryBean.afterPropertiesSet(JpaRepositoryFactoryBean.java:132) ~[spring-data-jpa-3.4.4.jar:3.4.4]
	at org.springframework.beans.factory.support.AbstractAutowireCapableBeanFactory.invokeInitMethods(AbstractAutowireCapableBeanFactory.java:1859) ~[spring-beans-6.2.5.jar:6.2.5]
	at org.springframework.beans.factory.support.AbstractAutowireCapableBeanFactory.initializeBean(AbstractAutowireCapableBeanFactory.java:1808) ~[spring-beans-6.2.5.jar:6.2.5]
	at org.springframework.beans.factory.support.AbstractAutowireCapableBeanFactory.doCreateBean(AbstractAutowireCapableBeanFactory.java:601) ~[spring-beans-6.2.5.jar:6.2.5]
	at org.springframework.beans.factory.support.AbstractAutowireCapableBeanFactory.createBean(AbstractAutowireCapableBeanFactory.java:523) ~[spring-beans-6.2.5.jar:6.2.5]
	at org.springframework.beans.factory.support.AbstractBeanFactory.lambda$doGetBean$0(AbstractBeanFactory.java:339) ~[spring-beans-6.2.5.jar:6.2.5]
	at org.springframework.beans.factory.support.DefaultSingletonBeanRegistry.getSingleton(DefaultSingletonBeanRegistry.java:347) ~[spring-beans-6.2.5.jar:6.2.5]
	at org.springframework.beans.factory.support.AbstractBeanFactory.doGetBean(AbstractBeanFactory.java:337) ~[spring-beans-6.2.5.jar:6.2.5]
	at org.springframework.beans.factory.support.AbstractBeanFactory.getBean(AbstractBeanFactory.java:202) ~[spring-beans-6.2.5.jar:6.2.5]
	at org.springframework.beans.factory.support.DefaultListableBeanFactory.instantiateSingleton(DefaultListableBeanFactory.java:1149) ~[spring-beans-6.2.5.jar:6.2.5]
	at org.springframework.beans.factory.support.DefaultListableBeanFactory.preInstantiateSingleton(DefaultListableBeanFactory.java:1121) ~[spring-beans-6.2.5.jar:6.2.5]
	at org.springframework.beans.factory.support.DefaultListableBeanFactory.preInstantiateSingletons(DefaultListableBeanFactory.java:1056) ~[spring-beans-6.2.5.jar:6.2.5]
	at org.springframework.context.support.AbstractApplicationContext.finishBeanFactoryInitialization(AbstractApplicationContext.java:987) ~[spring-context-6.2.5.jar:6.2.5]
	at org.springframework.context.support.AbstractApplicationContext.refresh(AbstractApplicationContext.java:627) ~[spring-context-6.2.5.jar:6.2.5]
	at org.springframework.boot.SpringApplication.refresh(SpringApplication.java:752) ~[spring-boot-3.4.4.jar:3.4.4]
	at org.springframework.boot.SpringApplication.refreshContext(SpringApplication.java:439) ~[spring-boot-3.4.4.jar:3.4.4]
	at org.springframework.boot.SpringApplication.run(SpringApplication.java:318) ~[spring-boot-3.4.4.jar:3.4.4]
	at org.springframework.boot.test.context.SpringBootContextLoader.lambda$loadContext$3(SpringBootContextLoader.java:144) ~[spring-boot-test-3.4.4.jar:3.4.4]
	at org.springframework.util.function.ThrowingSupplier.get(ThrowingSupplier.java:58) ~[spring-core-6.2.5.jar:6.2.5]
	at org.springframework.util.function.ThrowingSupplier.get(ThrowingSupplier.java:46) ~[spring-core-6.2.5.jar:6.2.5]
	at org.springframework.boot.SpringApplication.withHook(SpringApplication.java:1461) ~[spring-boot-3.4.4.jar:3.4.4]
	at org.springframework.boot.test.context.SpringBootContextLoader$ContextLoaderHook.run(SpringBootContextLoader.java:563) ~[spring-boot-test-3.4.4.jar:3.4.4]
	at org.springframework.boot.test.context.SpringBootContextLoader.loadContext(SpringBootContextLoader.java:144) ~[spring-boot-test-3.4.4.jar:3.4.4]
	at org.springframework.boot.test.context.SpringBootContextLoader.loadContext(SpringBootContextLoader.java:110) ~[spring-boot-test-3.4.4.jar:3.4.4]
	at org.springframework.test.context.cache.DefaultCacheAwareContextLoaderDelegate.loadContextInternal(DefaultCacheAwareContextLoaderDelegate.java:225) ~[spring-test-6.2.5.jar:6.2.5]
	at org.springframework.test.context.cache.DefaultCacheAwareContextLoaderDelegate.loadContext(DefaultCacheAwareContextLoaderDelegate.java:152) ~[spring-test-6.2.5.jar:6.2.5]
	at org.springframework.test.context.support.DefaultTestContext.getApplicationContext(DefaultTestContext.java:130) ~[spring-test-6.2.5.jar:6.2.5]
	at org.springframework.test.context.support.DependencyInjectionTestExecutionListener.injectDependencies(DependencyInjectionTestExecutionListener.java:155) ~[spring-test-6.2.5.jar:6.2.5]
	at org.springframework.test.context.support.DependencyInjectionTestExecutionListener.prepareTestInstance(DependencyInjectionTestExecutionListener.java:111) ~[spring-test-6.2.5.jar:6.2.5]
	at org.springframework.test.context.TestContextManager.prepareTestInstance(TestContextManager.java:260) ~[spring-test-6.2.5.jar:6.2.5]
	at org.springframework.test.context.junit.jupiter.SpringExtension.postProcessTestInstance(SpringExtension.java:160) ~[spring-test-6.2.5.jar:6.2.5]
	at org.junit.jupiter.engine.descriptor.ClassBasedTestDescriptor.lambda$invokeTestInstancePostProcessors$11(ClassBasedTestDescriptor.java:378) ~[junit-jupiter-engine-5.11.4.jar:5.11.4]
	at org.junit.jupiter.engine.descriptor.ClassBasedTestDescriptor.executeAndMaskThrowable(ClassBasedTestDescriptor.java:383) ~[junit-jupiter-engine-5.11.4.jar:5.11.4]
	at org.junit.jupiter.engine.descriptor.ClassBasedTestDescriptor.lambda$invokeTestInstancePostProcessors$12(ClassBasedTestDescriptor.java:378) ~[junit-jupiter-engine-5.11.4.jar:5.11.4]
	at java.base/java.util.stream.ForEachOps$ForEachOp$OfRef.accept(ForEachOps.java:184) ~[na:na]
	at java.base/java.util.stream.ReferencePipeline$3$1.accept(ReferencePipeline.java:215) ~[na:na]
	at java.base/java.util.stream.ReferencePipeline$2$1.accept(ReferencePipeline.java:197) ~[na:na]
	at java.base/java.util.stream.ReferencePipeline$3$1.accept(ReferencePipeline.java:215) ~[na:na]
	at java.base/java.util.ArrayList$ArrayListSpliterator.forEachRemaining(ArrayList.java:1709) ~[na:na]
	at java.base/java.util.stream.AbstractPipeline.copyInto(AbstractPipeline.java:570) ~[na:na]
	at java.base/java.util.stream.AbstractPipeline.wrapAndCopyInto(AbstractPipeline.java:560) ~[na:na]
	at java.base/java.util.stream.ForEachOps$ForEachOp.evaluateSequential(ForEachOps.java:151) ~[na:na]
	at java.base/java.util.stream.ForEachOps$ForEachOp$OfRef.evaluateSequential(ForEachOps.java:174) ~[na:na]
	at java.base/java.util.stream.AbstractPipeline.evaluate(AbstractPipeline.java:265) ~[na:na]
	at java.base/java.util.stream.ReferencePipeline.forEach(ReferencePipeline.java:636) ~[na:na]
	at org.junit.jupiter.engine.descriptor.ClassBasedTestDescriptor.invokeTestInstancePostProcessors(ClassBasedTestDescriptor.java:377) ~[junit-jupiter-engine-5.11.4.jar:5.11.4]
	at org.junit.jupiter.engine.descriptor.ClassBasedTestDescriptor.lambda$instantiateAndPostProcessTestInstance$7(ClassBasedTestDescriptor.java:290) ~[junit-jupiter-engine-5.11.4.jar:5.11.4]
	at org.junit.platform.engine.support.hierarchical.ThrowableCollector.execute(ThrowableCollector.java:73) ~[junit-platform-engine-1.11.4.jar:1.11.4]
	at org.junit.jupiter.engine.descriptor.ClassBasedTestDescriptor.instantiateAndPostProcessTestInstance(ClassBasedTestDescriptor.java:289) ~[junit-jupiter-engine-5.11.4.jar:5.11.4]
	at org.junit.jupiter.engine.descriptor.ClassBasedTestDescriptor.lambda$testInstancesProvider$5(ClassBasedTestDescriptor.java:279) ~[junit-jupiter-engine-5.11.4.jar:5.11.4]
	at java.base/java.util.Optional.orElseGet(Optional.java:364) ~[na:na]
	at org.junit.jupiter.engine.descriptor.ClassBasedTestDescriptor.lambda$testInstancesProvider$6(ClassBasedTestDescriptor.java:278) ~[junit-jupiter-engine-5.11.4.jar:5.11.4]
	at org.junit.jupiter.engine.execution.TestInstancesProvider.getTestInstances(TestInstancesProvider.java:31) ~[junit-jupiter-engine-5.11.4.jar:5.11.4]
	at org.junit.jupiter.engine.descriptor.TestMethodTestDescriptor.lambda$prepare$1(TestMethodTestDescriptor.java:105) ~[junit-jupiter-engine-5.11.4.jar:5.11.4]
	at org.junit.platform.engine.support.hierarchical.ThrowableCollector.execute(ThrowableCollector.java:73) ~[junit-platform-engine-1.11.4.jar:1.11.4]
	at org.junit.jupiter.engine.descriptor.TestMethodTestDescriptor.prepare(TestMethodTestDescriptor.java:104) ~[junit-jupiter-engine-5.11.4.jar:5.11.4]
	at org.junit.jupiter.engine.descriptor.TestMethodTestDescriptor.prepare(TestMethodTestDescriptor.java:68) ~[junit-jupiter-engine-5.11.4.jar:5.11.4]
	at org.junit.platform.engine.support.hierarchical.NodeTestTask.lambda$prepare$2(NodeTestTask.java:128) ~[junit-platform-engine-1.11.4.jar:1.11.4]
	at org.junit.platform.engine.support.hierarchical.ThrowableCollector.execute(ThrowableCollector.java:73) ~[junit-platform-engine-1.11.4.jar:1.11.4]
	at org.junit.platform.engine.support.hierarchical.NodeTestTask.prepare(NodeTestTask.java:128) ~[junit-platform-engine-1.11.4.jar:1.11.4]
	at org.junit.platform.engine.support.hierarchical.NodeTestTask.execute(NodeTestTask.java:95) ~[junit-platform-engine-1.11.4.jar:1.11.4]
	at java.base/java.util.ArrayList.forEach(ArrayList.java:1597) ~[na:na]
	at org.junit.platform.engine.support.hierarchical.SameThreadHierarchicalTestExecutorService.invokeAll(SameThreadHierarchicalTestExecutorService.java:41) ~[junit-platform-engine-1.11.4.jar:1.11.4]
	at org.junit.platform.engine.support.hierarchical.NodeTestTask.lambda$executeRecursively$6(NodeTestTask.java:160) ~[junit-platform-engine-1.11.4.jar:1.11.4]
	at org.junit.platform.engine.support.hierarchical.ThrowableCollector.execute(ThrowableCollector.java:73) ~[junit-platform-engine-1.11.4.jar:1.11.4]
	at org.junit.platform.engine.support.hierarchical.NodeTestTask.lambda$executeRecursively$8(NodeTestTask.java:146) ~[junit-platform-engine-1.11.4.jar:1.11.4]
	at org.junit.platform.engine.support.hierarchical.Node.around(Node.java:137) ~[junit-platform-engine-1.11.4.jar:1.11.4]
	at org.junit.platform.engine.support.hierarchical.NodeTestTask.lambda$executeRecursively$9(NodeTestTask.java:144) ~[junit-platform-engine-1.11.4.jar:1.11.4]
	at org.junit.platform.engine.support.hierarchical.ThrowableCollector.execute(ThrowableCollector.java:73) ~[junit-platform-engine-1.11.4.jar:1.11.4]
	at org.junit.platform.engine.support.hierarchical.NodeTestTask.executeRecursively(NodeTestTask.java:143) ~[junit-platform-engine-1.11.4.jar:1.11.4]
	at org.junit.platform.engine.support.hierarchical.NodeTestTask.execute(NodeTestTask.java:100) ~[junit-platform-engine-1.11.4.jar:1.11.4]
	at java.base/java.util.ArrayList.forEach(ArrayList.java:1597) ~[na:na]
	at org.junit.platform.engine.support.hierarchical.SameThreadHierarchicalTestExecutorService.invokeAll(SameThreadHierarchicalTestExecutorService.java:41) ~[junit-platform-engine-1.11.4.jar:1.11.4]
	at org.junit.platform.engine.support.hierarchical.NodeTestTask.lambda$executeRecursively$6(NodeTestTask.java:160) ~[junit-platform-engine-1.11.4.jar:1.11.4]
	at org.junit.platform.engine.support.hierarchical.ThrowableCollector.execute(ThrowableCollector.java:73) ~[junit-platform-engine-1.11.4.jar:1.11.4]
	at org.junit.platform.engine.support.hierarchical.NodeTestTask.lambda$executeRecursively$8(NodeTestTask.java:146) ~[junit-platform-engine-1.11.4.jar:1.11.4]
	at org.junit.platform.engine.support.hierarchical.Node.around(Node.java:137) ~[junit-platform-engine-1.11.4.jar:1.11.4]
	at org.junit.platform.engine.support.hierarchical.NodeTestTask.lambda$executeRecursively$9(NodeTestTask.java:144) ~[junit-platform-engine-1.11.4.jar:1.11.4]
	at org.junit.platform.engine.support.hierarchical.ThrowableCollector.execute(ThrowableCollector.java:73) ~[junit-platform-engine-1.11.4.jar:1.11.4]
	at org.junit.platform.engine.support.hierarchical.NodeTestTask.executeRecursively(NodeTestTask.java:143) ~[junit-platform-engine-1.11.4.jar:1.11.4]
	at org.junit.platform.engine.support.hierarchical.NodeTestTask.execute(NodeTestTask.java:100) ~[junit-platform-engine-1.11.4.jar:1.11.4]
	at org.junit.platform.engine.support.hierarchical.SameThreadHierarchicalTestExecutorService.submit(SameThreadHierarchicalTestExecutorService.java:35) ~[junit-platform-engine-1.11.4.jar:1.11.4]
	at org.junit.platform.engine.support.hierarchical.HierarchicalTestExecutor.execute(HierarchicalTestExecutor.java:57) ~[junit-platform-engine-1.11.4.jar:1.11.4]
	at org.junit.platform.engine.support.hierarchical.HierarchicalTestEngine.execute(HierarchicalTestEngine.java:54) ~[junit-platform-engine-1.11.4.jar:1.11.4]
	at org.junit.platform.launcher.core.EngineExecutionOrchestrator.execute(EngineExecutionOrchestrator.java:198) ~[junit-platform-launcher-1.11.4.jar:1.11.4]
	at org.junit.platform.launcher.core.EngineExecutionOrchestrator.execute(EngineExecutionOrchestrator.java:169) ~[junit-platform-launcher-1.11.4.jar:1.11.4]
	at org.junit.platform.launcher.core.EngineExecutionOrchestrator.execute(EngineExecutionOrchestrator.java:93) ~[junit-platform-launcher-1.11.4.jar:1.11.4]
	at org.junit.platform.launcher.core.EngineExecutionOrchestrator.lambda$execute$0(EngineExecutionOrchestrator.java:58) ~[junit-platform-launcher-1.11.4.jar:1.11.4]
	at org.junit.platform.launcher.core.EngineExecutionOrchestrator.withInterceptedStreams(EngineExecutionOrchestrator.java:141) ~[junit-platform-launcher-1.11.4.jar:1.11.4]
	at org.junit.platform.launcher.core.EngineExecutionOrchestrator.execute(EngineExecutionOrchestrator.java:57) ~[junit-platform-launcher-1.11.4.jar:1.11.4]
	at org.junit.platform.launcher.core.DefaultLauncher.execute(DefaultLauncher.java:103) ~[junit-platform-launcher-1.11.4.jar:1.11.4]
	at org.junit.platform.launcher.core.DefaultLauncher.execute(DefaultLauncher.java:85) ~[junit-platform-launcher-1.11.4.jar:1.11.4]
	at org.junit.platform.launcher.core.DelegatingLauncher.execute(DelegatingLauncher.java:47) ~[junit-platform-launcher-1.11.4.jar:1.11.4]
	at org.apache.maven.surefire.junitplatform.LazyLauncher.execute(LazyLauncher.java:56) ~[surefire-junit-platform-3.5.2.jar:3.5.2]
	at org.apache.maven.surefire.junitplatform.JUnitPlatformProvider.execute(JUnitPlatformProvider.java:184) ~[surefire-junit-platform-3.5.2.jar:3.5.2]
	at org.apache.maven.surefire.junitplatform.JUnitPlatformProvider.invokeAllTests(JUnitPlatformProvider.java:148) ~[surefire-junit-platform-3.5.2.jar:3.5.2]
	at org.apache.maven.surefire.junitplatform.JUnitPlatformProvider.invoke(JUnitPlatformProvider.java:122) ~[surefire-junit-platform-3.5.2.jar:3.5.2]
	at org.apache.maven.surefire.booter.ForkedBooter.runSuitesInProcess(ForkedBooter.java:385) ~[surefire-booter-3.5.2.jar:3.5.2]
	at org.apache.maven.surefire.booter.ForkedBooter.execute(ForkedBooter.java:162) ~[surefire-booter-3.5.2.jar:3.5.2]
	at org.apache.maven.surefire.booter.ForkedBooter.run(ForkedBooter.java:507) ~[surefire-booter-3.5.2.jar:3.5.2]
	at org.apache.maven.surefire.booter.ForkedBooter.main(ForkedBooter.java:495) ~[surefire-booter-3.5.2.jar:3.5.2]

2025-05-05T18:23:33.851-04:00 DEBUG 62669 --- [week3] [           main] o.s.d.jpa.repository.query.NamedQuery    : Did not find named query Pet.findById
2025-05-05T18:23:33.852-04:00 DEBUG 62669 --- [week3] [           main] tor$SharedEntityManagerInvocationHandler : Creating new EntityManager for shared EntityManager invocation
2025-05-05T18:23:33.868-04:00 DEBUG 62669 --- [week3] [onnection adder] jdk.event.security                       : X509Certificate: Alg:SHA256withRSA, Serial:0e:53:5a:9b:ac:d4:b9:00:33:9c:4e:0d:7e:87:e7:12, Subject:CN=adb.sa-santiago-1.oraclecloud.com, O=Oracle Corporation, L=Redwood City, ST=California, C=US, Issuer:CN=DigiCert TLS RSA SHA256 2020 CA1, O=DigiCert Inc, C=US, Key type:RSA, Length:2048, Cert Id:3580545443, Valid from:10/28/24, 9:00 PM, Valid until:11/19/25, 8:59 PM
2025-05-05T18:23:33.868-04:00 DEBUG 62669 --- [week3] [onnection adder] jdk.event.security                       : X509Certificate: Alg:SHA256withRSA, Serial:0a:35:08:d5:5c:29:2b:01:7d:f8:ad:65:c0:0f:f7:e4, Subject:CN=DigiCert TLS RSA SHA256 2020 CA1, O=DigiCert Inc, C=US, Issuer:CN=DigiCert Global Root CA, OU=www.digicert.com, O=DigiCert Inc, C=US, Key type:RSA, Length:2048, Cert Id:128597027, Valid from:9/23/20, 9:00 PM, Valid until:9/23/30, 8:59 PM
2025-05-05T18:23:33.869-04:00 DEBUG 62669 --- [week3] [onnection adder] jdk.event.security                       : X509Certificate: Alg:SHA1withRSA, Serial:08:3b:e0:56:90:42:46:b1:a1:75:6a:c9:59:91:c7:4a, Subject:CN=DigiCert Global Root CA, OU=www.digicert.com, O=DigiCert Inc, C=US, Issuer:CN=DigiCert Global Root CA, OU=www.digicert.com, O=DigiCert Inc, C=US, Key type:RSA, Length:2048, Cert Id:1341898239, Valid from:11/9/06, 9:00 PM, Valid until:11/9/31, 9:00 PM
2025-05-05T18:23:33.869-04:00 DEBUG 62669 --- [week3] [onnection adder] jdk.event.security                       : X509Certificate: Alg:SHA1withRSA, Serial:08:3b:e0:56:90:42:46:b1:a1:75:6a:c9:59:91:c7:4a, Subject:CN=DigiCert Global Root CA, OU=www.digicert.com, O=DigiCert Inc, C=US, Issuer:CN=DigiCert Global Root CA, OU=www.digicert.com, O=DigiCert Inc, C=US, Key type:RSA, Length:2048, Cert Id:1341898239, Valid from:11/9/06, 9:00 PM, Valid until:11/9/31, 9:00 PM
2025-05-05T18:23:33.869-04:00 DEBUG 62669 --- [week3] [onnection adder] jdk.event.security                       : ValidationChain: 1341898239, 128597027, 3580545443
2025-05-05T18:23:33.869-04:00 DEBUG 62669 --- [week3] [onnection adder] jdk.event.security                       : X509Certificate: Alg:SHA1withRSA, Serial:08:3b:e0:56:90:42:46:b1:a1:75:6a:c9:59:91:c7:4a, Subject:CN=DigiCert Global Root CA, OU=www.digicert.com, O=DigiCert Inc, C=US, Issuer:CN=DigiCert Global Root CA, OU=www.digicert.com, O=DigiCert Inc, C=US, Key type:RSA, Length:2048, Cert Id:1341898239, Valid from:11/9/06, 9:00 PM, Valid until:11/9/31, 9:00 PM
2025-05-05T18:23:33.880-04:00 DEBUG 62669 --- [week3] [           main] o.s.d.r.c.s.RepositoryFactorySupport     : Finished creation of repository instance for com.duoc.week3.repository.PetRepository.
2025-05-05T18:23:33.880-04:00 DEBUG 62669 --- [week3] [           main] o.s.b.f.s.DefaultListableBeanFactory     : Creating shared instance of singleton bean 'jpa.named-queries#1'
2025-05-05T18:23:33.881-04:00 DEBUG 62669 --- [week3] [           main] o.s.b.f.s.DefaultListableBeanFactory     : Creating shared instance of singleton bean 'jpa.UserRepository.fragments#0'
2025-05-05T18:23:33.881-04:00 DEBUG 62669 --- [week3] [           main] o.s.b.f.s.DefaultListableBeanFactory     : Creating shared instance of singleton bean 'userRepository'
2025-05-05T18:23:33.882-04:00 DEBUG 62669 --- [week3] [           main] tor$SharedEntityManagerInvocationHandler : Creating new EntityManager for shared EntityManager invocation
2025-05-05T18:23:33.882-04:00 DEBUG 62669 --- [week3] [           main] o.s.d.r.c.s.RepositoryFactorySupport     : Initializing repository instance for com.duoc.week3.repository.UserRepository…
2025-05-05T18:23:33.882-04:00 DEBUG 62669 --- [week3] [           main] tor$SharedEntityManagerInvocationHandler : Creating new EntityManager for shared EntityManager invocation
2025-05-05T18:23:33.884-04:00 DEBUG 62669 --- [week3] [           main] o.s.d.jpa.repository.query.NamedQuery    : Looking up named query 'User.findByEmailAndPassword'
2025-05-05T18:23:33.884-04:00 DEBUG 62669 --- [week3] [           main] cResourceLocalTransactionCoordinatorImpl : JDBC transaction marked for rollback-only (exception provided for stack trace)

java.lang.Exception: exception just for purpose of providing stack trace
	at org.hibernate.resource.transaction.backend.jdbc.internal.JdbcResourceLocalTransactionCoordinatorImpl$TransactionDriverControlImpl.markRollbackOnly(JdbcResourceLocalTransactionCoordinatorImpl.java:309) ~[hibernate-core-6.6.11.Final.jar:6.6.11.Final]
	at org.hibernate.internal.AbstractSharedSessionContract.buildNamedQuery(AbstractSharedSessionContract.java:1141) ~[hibernate-core-6.6.11.Final.jar:6.6.11.Final]
	at org.hibernate.internal.AbstractSharedSessionContract.createNamedQuery(AbstractSharedSessionContract.java:1019) ~[hibernate-core-6.6.11.Final.jar:6.6.11.Final]
	at org.hibernate.internal.AbstractSharedSessionContract.createNamedQuery(AbstractSharedSessionContract.java:143) ~[hibernate-core-6.6.11.Final.jar:6.6.11.Final]
	at java.base/jdk.internal.reflect.DirectMethodHandleAccessor.invoke(DirectMethodHandleAccessor.java:103) ~[na:na]
	at java.base/java.lang.reflect.Method.invoke(Method.java:580) ~[na:na]
	at org.springframework.orm.jpa.ExtendedEntityManagerCreator$ExtendedEntityManagerInvocationHandler.invoke(ExtendedEntityManagerCreator.java:364) ~[spring-orm-6.2.5.jar:6.2.5]
	at jdk.proxy2/jdk.proxy2.$Proxy125.createNamedQuery(Unknown Source) ~[na:na]
	at org.springframework.data.jpa.repository.query.NamedQuery.hasNamedQuery(NamedQuery.java:114) ~[spring-data-jpa-3.4.4.jar:3.4.4]
	at org.springframework.data.jpa.repository.query.NamedQuery.lookupFrom(NamedQuery.java:140) ~[spring-data-jpa-3.4.4.jar:3.4.4]
	at org.springframework.data.jpa.repository.query.JpaQueryLookupStrategy$DeclaredQueryLookupStrategy.resolveQuery(JpaQueryLookupStrategy.java:184) ~[spring-data-jpa-3.4.4.jar:3.4.4]
	at org.springframework.data.jpa.repository.query.JpaQueryLookupStrategy$CreateIfNotFoundQueryLookupStrategy.resolveQuery(JpaQueryLookupStrategy.java:256) ~[spring-data-jpa-3.4.4.jar:3.4.4]
	at org.springframework.data.jpa.repository.query.JpaQueryLookupStrategy$AbstractQueryLookupStrategy.resolveQuery(JpaQueryLookupStrategy.java:99) ~[spring-data-jpa-3.4.4.jar:3.4.4]
	at org.springframework.data.repository.core.support.QueryExecutorMethodInterceptor.lookupQuery(QueryExecutorMethodInterceptor.java:116) ~[spring-data-commons-3.4.4.jar:3.4.4]
	at org.springframework.data.repository.core.support.QueryExecutorMethodInterceptor.mapMethodsToQuery(QueryExecutorMethodInterceptor.java:104) ~[spring-data-commons-3.4.4.jar:3.4.4]
	at org.springframework.data.repository.core.support.QueryExecutorMethodInterceptor.lambda$new$0(QueryExecutorMethodInterceptor.java:92) ~[spring-data-commons-3.4.4.jar:3.4.4]
	at java.base/java.util.Optional.map(Optional.java:260) ~[na:na]
	at org.springframework.data.repository.core.support.QueryExecutorMethodInterceptor.<init>(QueryExecutorMethodInterceptor.java:92) ~[spring-data-commons-3.4.4.jar:3.4.4]
	at org.springframework.data.repository.core.support.RepositoryFactorySupport.getRepository(RepositoryFactorySupport.java:431) ~[spring-data-commons-3.4.4.jar:3.4.4]
	at org.springframework.data.repository.core.support.RepositoryFactoryBeanSupport.lambda$afterPropertiesSet$4(RepositoryFactoryBeanSupport.java:350) ~[spring-data-commons-3.4.4.jar:3.4.4]
	at org.springframework.data.util.Lazy.getNullable(Lazy.java:135) ~[spring-data-commons-3.4.4.jar:3.4.4]
	at org.springframework.data.util.Lazy.get(Lazy.java:113) ~[spring-data-commons-3.4.4.jar:3.4.4]
	at org.springframework.data.repository.core.support.RepositoryFactoryBeanSupport.afterPropertiesSet(RepositoryFactoryBeanSupport.java:356) ~[spring-data-commons-3.4.4.jar:3.4.4]
	at org.springframework.data.jpa.repository.support.JpaRepositoryFactoryBean.afterPropertiesSet(JpaRepositoryFactoryBean.java:132) ~[spring-data-jpa-3.4.4.jar:3.4.4]
	at org.springframework.beans.factory.support.AbstractAutowireCapableBeanFactory.invokeInitMethods(AbstractAutowireCapableBeanFactory.java:1859) ~[spring-beans-6.2.5.jar:6.2.5]
	at org.springframework.beans.factory.support.AbstractAutowireCapableBeanFactory.initializeBean(AbstractAutowireCapableBeanFactory.java:1808) ~[spring-beans-6.2.5.jar:6.2.5]
	at org.springframework.beans.factory.support.AbstractAutowireCapableBeanFactory.doCreateBean(AbstractAutowireCapableBeanFactory.java:601) ~[spring-beans-6.2.5.jar:6.2.5]
	at org.springframework.beans.factory.support.AbstractAutowireCapableBeanFactory.createBean(AbstractAutowireCapableBeanFactory.java:523) ~[spring-beans-6.2.5.jar:6.2.5]
	at org.springframework.beans.factory.support.AbstractBeanFactory.lambda$doGetBean$0(AbstractBeanFactory.java:339) ~[spring-beans-6.2.5.jar:6.2.5]
	at org.springframework.beans.factory.support.DefaultSingletonBeanRegistry.getSingleton(DefaultSingletonBeanRegistry.java:347) ~[spring-beans-6.2.5.jar:6.2.5]
	at org.springframework.beans.factory.support.AbstractBeanFactory.doGetBean(AbstractBeanFactory.java:337) ~[spring-beans-6.2.5.jar:6.2.5]
	at org.springframework.beans.factory.support.AbstractBeanFactory.getBean(AbstractBeanFactory.java:202) ~[spring-beans-6.2.5.jar:6.2.5]
	at org.springframework.beans.factory.support.DefaultListableBeanFactory.instantiateSingleton(DefaultListableBeanFactory.java:1149) ~[spring-beans-6.2.5.jar:6.2.5]
	at org.springframework.beans.factory.support.DefaultListableBeanFactory.preInstantiateSingleton(DefaultListableBeanFactory.java:1121) ~[spring-beans-6.2.5.jar:6.2.5]
	at org.springframework.beans.factory.support.DefaultListableBeanFactory.preInstantiateSingletons(DefaultListableBeanFactory.java:1056) ~[spring-beans-6.2.5.jar:6.2.5]
	at org.springframework.context.support.AbstractApplicationContext.finishBeanFactoryInitialization(AbstractApplicationContext.java:987) ~[spring-context-6.2.5.jar:6.2.5]
	at org.springframework.context.support.AbstractApplicationContext.refresh(AbstractApplicationContext.java:627) ~[spring-context-6.2.5.jar:6.2.5]
	at org.springframework.boot.SpringApplication.refresh(SpringApplication.java:752) ~[spring-boot-3.4.4.jar:3.4.4]
	at org.springframework.boot.SpringApplication.refreshContext(SpringApplication.java:439) ~[spring-boot-3.4.4.jar:3.4.4]
	at org.springframework.boot.SpringApplication.run(SpringApplication.java:318) ~[spring-boot-3.4.4.jar:3.4.4]
	at org.springframework.boot.test.context.SpringBootContextLoader.lambda$loadContext$3(SpringBootContextLoader.java:144) ~[spring-boot-test-3.4.4.jar:3.4.4]
	at org.springframework.util.function.ThrowingSupplier.get(ThrowingSupplier.java:58) ~[spring-core-6.2.5.jar:6.2.5]
	at org.springframework.util.function.ThrowingSupplier.get(ThrowingSupplier.java:46) ~[spring-core-6.2.5.jar:6.2.5]
	at org.springframework.boot.SpringApplication.withHook(SpringApplication.java:1461) ~[spring-boot-3.4.4.jar:3.4.4]
	at org.springframework.boot.test.context.SpringBootContextLoader$ContextLoaderHook.run(SpringBootContextLoader.java:563) ~[spring-boot-test-3.4.4.jar:3.4.4]
	at org.springframework.boot.test.context.SpringBootContextLoader.loadContext(SpringBootContextLoader.java:144) ~[spring-boot-test-3.4.4.jar:3.4.4]
	at org.springframework.boot.test.context.SpringBootContextLoader.loadContext(SpringBootContextLoader.java:110) ~[spring-boot-test-3.4.4.jar:3.4.4]
	at org.springframework.test.context.cache.DefaultCacheAwareContextLoaderDelegate.loadContextInternal(DefaultCacheAwareContextLoaderDelegate.java:225) ~[spring-test-6.2.5.jar:6.2.5]
	at org.springframework.test.context.cache.DefaultCacheAwareContextLoaderDelegate.loadContext(DefaultCacheAwareContextLoaderDelegate.java:152) ~[spring-test-6.2.5.jar:6.2.5]
	at org.springframework.test.context.support.DefaultTestContext.getApplicationContext(DefaultTestContext.java:130) ~[spring-test-6.2.5.jar:6.2.5]
	at org.springframework.test.context.support.DependencyInjectionTestExecutionListener.injectDependencies(DependencyInjectionTestExecutionListener.java:155) ~[spring-test-6.2.5.jar:6.2.5]
	at org.springframework.test.context.support.DependencyInjectionTestExecutionListener.prepareTestInstance(DependencyInjectionTestExecutionListener.java:111) ~[spring-test-6.2.5.jar:6.2.5]
	at org.springframework.test.context.TestContextManager.prepareTestInstance(TestContextManager.java:260) ~[spring-test-6.2.5.jar:6.2.5]
	at org.springframework.test.context.junit.jupiter.SpringExtension.postProcessTestInstance(SpringExtension.java:160) ~[spring-test-6.2.5.jar:6.2.5]
	at org.junit.jupiter.engine.descriptor.ClassBasedTestDescriptor.lambda$invokeTestInstancePostProcessors$11(ClassBasedTestDescriptor.java:378) ~[junit-jupiter-engine-5.11.4.jar:5.11.4]
	at org.junit.jupiter.engine.descriptor.ClassBasedTestDescriptor.executeAndMaskThrowable(ClassBasedTestDescriptor.java:383) ~[junit-jupiter-engine-5.11.4.jar:5.11.4]
	at org.junit.jupiter.engine.descriptor.ClassBasedTestDescriptor.lambda$invokeTestInstancePostProcessors$12(ClassBasedTestDescriptor.java:378) ~[junit-jupiter-engine-5.11.4.jar:5.11.4]
	at java.base/java.util.stream.ForEachOps$ForEachOp$OfRef.accept(ForEachOps.java:184) ~[na:na]
	at java.base/java.util.stream.ReferencePipeline$3$1.accept(ReferencePipeline.java:215) ~[na:na]
	at java.base/java.util.stream.ReferencePipeline$2$1.accept(ReferencePipeline.java:197) ~[na:na]
	at java.base/java.util.stream.ReferencePipeline$3$1.accept(ReferencePipeline.java:215) ~[na:na]
	at java.base/java.util.ArrayList$ArrayListSpliterator.forEachRemaining(ArrayList.java:1709) ~[na:na]
	at java.base/java.util.stream.AbstractPipeline.copyInto(AbstractPipeline.java:570) ~[na:na]
	at java.base/java.util.stream.AbstractPipeline.wrapAndCopyInto(AbstractPipeline.java:560) ~[na:na]
	at java.base/java.util.stream.ForEachOps$ForEachOp.evaluateSequential(ForEachOps.java:151) ~[na:na]
	at java.base/java.util.stream.ForEachOps$ForEachOp$OfRef.evaluateSequential(ForEachOps.java:174) ~[na:na]
	at java.base/java.util.stream.AbstractPipeline.evaluate(AbstractPipeline.java:265) ~[na:na]
	at java.base/java.util.stream.ReferencePipeline.forEach(ReferencePipeline.java:636) ~[na:na]
	at org.junit.jupiter.engine.descriptor.ClassBasedTestDescriptor.invokeTestInstancePostProcessors(ClassBasedTestDescriptor.java:377) ~[junit-jupiter-engine-5.11.4.jar:5.11.4]
	at org.junit.jupiter.engine.descriptor.ClassBasedTestDescriptor.lambda$instantiateAndPostProcessTestInstance$7(ClassBasedTestDescriptor.java:290) ~[junit-jupiter-engine-5.11.4.jar:5.11.4]
	at org.junit.platform.engine.support.hierarchical.ThrowableCollector.execute(ThrowableCollector.java:73) ~[junit-platform-engine-1.11.4.jar:1.11.4]
	at org.junit.jupiter.engine.descriptor.ClassBasedTestDescriptor.instantiateAndPostProcessTestInstance(ClassBasedTestDescriptor.java:289) ~[junit-jupiter-engine-5.11.4.jar:5.11.4]
	at org.junit.jupiter.engine.descriptor.ClassBasedTestDescriptor.lambda$testInstancesProvider$5(ClassBasedTestDescriptor.java:279) ~[junit-jupiter-engine-5.11.4.jar:5.11.4]
	at java.base/java.util.Optional.orElseGet(Optional.java:364) ~[na:na]
	at org.junit.jupiter.engine.descriptor.ClassBasedTestDescriptor.lambda$testInstancesProvider$6(ClassBasedTestDescriptor.java:278) ~[junit-jupiter-engine-5.11.4.jar:5.11.4]
	at org.junit.jupiter.engine.execution.TestInstancesProvider.getTestInstances(TestInstancesProvider.java:31) ~[junit-jupiter-engine-5.11.4.jar:5.11.4]
	at org.junit.jupiter.engine.descriptor.TestMethodTestDescriptor.lambda$prepare$1(TestMethodTestDescriptor.java:105) ~[junit-jupiter-engine-5.11.4.jar:5.11.4]
	at org.junit.platform.engine.support.hierarchical.ThrowableCollector.execute(ThrowableCollector.java:73) ~[junit-platform-engine-1.11.4.jar:1.11.4]
	at org.junit.jupiter.engine.descriptor.TestMethodTestDescriptor.prepare(TestMethodTestDescriptor.java:104) ~[junit-jupiter-engine-5.11.4.jar:5.11.4]
	at org.junit.jupiter.engine.descriptor.TestMethodTestDescriptor.prepare(TestMethodTestDescriptor.java:68) ~[junit-jupiter-engine-5.11.4.jar:5.11.4]
	at org.junit.platform.engine.support.hierarchical.NodeTestTask.lambda$prepare$2(NodeTestTask.java:128) ~[junit-platform-engine-1.11.4.jar:1.11.4]
	at org.junit.platform.engine.support.hierarchical.ThrowableCollector.execute(ThrowableCollector.java:73) ~[junit-platform-engine-1.11.4.jar:1.11.4]
	at org.junit.platform.engine.support.hierarchical.NodeTestTask.prepare(NodeTestTask.java:128) ~[junit-platform-engine-1.11.4.jar:1.11.4]
	at org.junit.platform.engine.support.hierarchical.NodeTestTask.execute(NodeTestTask.java:95) ~[junit-platform-engine-1.11.4.jar:1.11.4]
	at java.base/java.util.ArrayList.forEach(ArrayList.java:1597) ~[na:na]
	at org.junit.platform.engine.support.hierarchical.SameThreadHierarchicalTestExecutorService.invokeAll(SameThreadHierarchicalTestExecutorService.java:41) ~[junit-platform-engine-1.11.4.jar:1.11.4]
	at org.junit.platform.engine.support.hierarchical.NodeTestTask.lambda$executeRecursively$6(NodeTestTask.java:160) ~[junit-platform-engine-1.11.4.jar:1.11.4]
	at org.junit.platform.engine.support.hierarchical.ThrowableCollector.execute(ThrowableCollector.java:73) ~[junit-platform-engine-1.11.4.jar:1.11.4]
	at org.junit.platform.engine.support.hierarchical.NodeTestTask.lambda$executeRecursively$8(NodeTestTask.java:146) ~[junit-platform-engine-1.11.4.jar:1.11.4]
	at org.junit.platform.engine.support.hierarchical.Node.around(Node.java:137) ~[junit-platform-engine-1.11.4.jar:1.11.4]
	at org.junit.platform.engine.support.hierarchical.NodeTestTask.lambda$executeRecursively$9(NodeTestTask.java:144) ~[junit-platform-engine-1.11.4.jar:1.11.4]
	at org.junit.platform.engine.support.hierarchical.ThrowableCollector.execute(ThrowableCollector.java:73) ~[junit-platform-engine-1.11.4.jar:1.11.4]
	at org.junit.platform.engine.support.hierarchical.NodeTestTask.executeRecursively(NodeTestTask.java:143) ~[junit-platform-engine-1.11.4.jar:1.11.4]
	at org.junit.platform.engine.support.hierarchical.NodeTestTask.execute(NodeTestTask.java:100) ~[junit-platform-engine-1.11.4.jar:1.11.4]
	at java.base/java.util.ArrayList.forEach(ArrayList.java:1597) ~[na:na]
	at org.junit.platform.engine.support.hierarchical.SameThreadHierarchicalTestExecutorService.invokeAll(SameThreadHierarchicalTestExecutorService.java:41) ~[junit-platform-engine-1.11.4.jar:1.11.4]
	at org.junit.platform.engine.support.hierarchical.NodeTestTask.lambda$executeRecursively$6(NodeTestTask.java:160) ~[junit-platform-engine-1.11.4.jar:1.11.4]
	at org.junit.platform.engine.support.hierarchical.ThrowableCollector.execute(ThrowableCollector.java:73) ~[junit-platform-engine-1.11.4.jar:1.11.4]
	at org.junit.platform.engine.support.hierarchical.NodeTestTask.lambda$executeRecursively$8(NodeTestTask.java:146) ~[junit-platform-engine-1.11.4.jar:1.11.4]
	at org.junit.platform.engine.support.hierarchical.Node.around(Node.java:137) ~[junit-platform-engine-1.11.4.jar:1.11.4]
	at org.junit.platform.engine.support.hierarchical.NodeTestTask.lambda$executeRecursively$9(NodeTestTask.java:144) ~[junit-platform-engine-1.11.4.jar:1.11.4]
	at org.junit.platform.engine.support.hierarchical.ThrowableCollector.execute(ThrowableCollector.java:73) ~[junit-platform-engine-1.11.4.jar:1.11.4]
	at org.junit.platform.engine.support.hierarchical.NodeTestTask.executeRecursively(NodeTestTask.java:143) ~[junit-platform-engine-1.11.4.jar:1.11.4]
	at org.junit.platform.engine.support.hierarchical.NodeTestTask.execute(NodeTestTask.java:100) ~[junit-platform-engine-1.11.4.jar:1.11.4]
	at org.junit.platform.engine.support.hierarchical.SameThreadHierarchicalTestExecutorService.submit(SameThreadHierarchicalTestExecutorService.java:35) ~[junit-platform-engine-1.11.4.jar:1.11.4]
	at org.junit.platform.engine.support.hierarchical.HierarchicalTestExecutor.execute(HierarchicalTestExecutor.java:57) ~[junit-platform-engine-1.11.4.jar:1.11.4]
	at org.junit.platform.engine.support.hierarchical.HierarchicalTestEngine.execute(HierarchicalTestEngine.java:54) ~[junit-platform-engine-1.11.4.jar:1.11.4]
	at org.junit.platform.launcher.core.EngineExecutionOrchestrator.execute(EngineExecutionOrchestrator.java:198) ~[junit-platform-launcher-1.11.4.jar:1.11.4]
	at org.junit.platform.launcher.core.EngineExecutionOrchestrator.execute(EngineExecutionOrchestrator.java:169) ~[junit-platform-launcher-1.11.4.jar:1.11.4]
	at org.junit.platform.launcher.core.EngineExecutionOrchestrator.execute(EngineExecutionOrchestrator.java:93) ~[junit-platform-launcher-1.11.4.jar:1.11.4]
	at org.junit.platform.launcher.core.EngineExecutionOrchestrator.lambda$execute$0(EngineExecutionOrchestrator.java:58) ~[junit-platform-launcher-1.11.4.jar:1.11.4]
	at org.junit.platform.launcher.core.EngineExecutionOrchestrator.withInterceptedStreams(EngineExecutionOrchestrator.java:141) ~[junit-platform-launcher-1.11.4.jar:1.11.4]
	at org.junit.platform.launcher.core.EngineExecutionOrchestrator.execute(EngineExecutionOrchestrator.java:57) ~[junit-platform-launcher-1.11.4.jar:1.11.4]
	at org.junit.platform.launcher.core.DefaultLauncher.execute(DefaultLauncher.java:103) ~[junit-platform-launcher-1.11.4.jar:1.11.4]
	at org.junit.platform.launcher.core.DefaultLauncher.execute(DefaultLauncher.java:85) ~[junit-platform-launcher-1.11.4.jar:1.11.4]
	at org.junit.platform.launcher.core.DelegatingLauncher.execute(DelegatingLauncher.java:47) ~[junit-platform-launcher-1.11.4.jar:1.11.4]
	at org.apache.maven.surefire.junitplatform.LazyLauncher.execute(LazyLauncher.java:56) ~[surefire-junit-platform-3.5.2.jar:3.5.2]
	at org.apache.maven.surefire.junitplatform.JUnitPlatformProvider.execute(JUnitPlatformProvider.java:184) ~[surefire-junit-platform-3.5.2.jar:3.5.2]
	at org.apache.maven.surefire.junitplatform.JUnitPlatformProvider.invokeAllTests(JUnitPlatformProvider.java:148) ~[surefire-junit-platform-3.5.2.jar:3.5.2]
	at org.apache.maven.surefire.junitplatform.JUnitPlatformProvider.invoke(JUnitPlatformProvider.java:122) ~[surefire-junit-platform-3.5.2.jar:3.5.2]
	at org.apache.maven.surefire.booter.ForkedBooter.runSuitesInProcess(ForkedBooter.java:385) ~[surefire-booter-3.5.2.jar:3.5.2]
	at org.apache.maven.surefire.booter.ForkedBooter.execute(ForkedBooter.java:162) ~[surefire-booter-3.5.2.jar:3.5.2]
	at org.apache.maven.surefire.booter.ForkedBooter.run(ForkedBooter.java:507) ~[surefire-booter-3.5.2.jar:3.5.2]
	at org.apache.maven.surefire.booter.ForkedBooter.main(ForkedBooter.java:495) ~[surefire-booter-3.5.2.jar:3.5.2]

2025-05-05T18:23:33.884-04:00 DEBUG 62669 --- [week3] [           main] o.s.d.jpa.repository.query.NamedQuery    : Did not find named query User.findByEmailAndPassword
2025-05-05T18:23:33.884-04:00 DEBUG 62669 --- [week3] [           main] tor$SharedEntityManagerInvocationHandler : Creating new EntityManager for shared EntityManager invocation
2025-05-05T18:23:33.888-04:00 DEBUG 62669 --- [week3] [           main] o.s.d.r.c.s.RepositoryFactorySupport     : Finished creation of repository instance for com.duoc.week3.repository.UserRepository.
2025-05-05T18:23:33.888-04:00 DEBUG 62669 --- [week3] [           main] o.s.b.f.s.DefaultListableBeanFactory     : Creating shared instance of singleton bean 'jpa.named-queries#2'
2025-05-05T18:23:33.889-04:00 DEBUG 62669 --- [week3] [           main] o.s.b.f.s.DefaultListableBeanFactory     : Creating shared instance of singleton bean 'jpa.RoleRepository.fragments#0'
2025-05-05T18:23:33.889-04:00 DEBUG 62669 --- [week3] [           main] o.s.b.f.s.DefaultListableBeanFactory     : Creating shared instance of singleton bean 'roleRepository'
2025-05-05T18:23:33.890-04:00 DEBUG 62669 --- [week3] [           main] tor$SharedEntityManagerInvocationHandler : Creating new EntityManager for shared EntityManager invocation
2025-05-05T18:23:33.890-04:00 DEBUG 62669 --- [week3] [           main] o.s.d.r.c.s.RepositoryFactorySupport     : Initializing repository instance for com.duoc.week3.repository.RoleRepository…
2025-05-05T18:23:33.890-04:00 DEBUG 62669 --- [week3] [           main] tor$SharedEntityManagerInvocationHandler : Creating new EntityManager for shared EntityManager invocation
2025-05-05T18:23:33.892-04:00 DEBUG 62669 --- [week3] [onnection adder] jdk.event.security                       :  TLSHandshake: adb.sa-santiago-1.oraclecloud.com:1522, TLSv1.2, TLS_RSA_WITH_AES_256_GCM_SHA384, 3580545443
2025-05-05T18:23:33.893-04:00 DEBUG 62669 --- [week3] [           main] o.s.d.r.c.s.RepositoryFactorySupport     : Finished creation of repository instance for com.duoc.week3.repository.RoleRepository.
2025-05-05T18:23:33.893-04:00 DEBUG 62669 --- [week3] [           main] o.s.b.f.s.DefaultListableBeanFactory     : Creating shared instance of singleton bean 'data-jpa.repository-aot-processor#0'
2025-05-05T18:23:33.896-04:00 DEBUG 62669 --- [week3] [           main] o.s.b.f.s.DefaultListableBeanFactory     : Creating shared instance of singleton bean 'org.springframework.boot.autoconfigure.jdbc.JdbcTemplateConfiguration'
2025-05-05T18:23:33.896-04:00 DEBUG 62669 --- [week3] [           main] o.s.b.f.s.DefaultListableBeanFactory     : Creating shared instance of singleton bean 'dataSourceScriptDatabaseInitializer'
2025-05-05T18:23:33.896-04:00 DEBUG 62669 --- [week3] [           main] o.s.b.f.s.DefaultListableBeanFactory     : Creating shared instance of singleton bean 'org.springframework.boot.autoconfigure.sql.init.DataSourceInitializationConfiguration'
2025-05-05T18:23:33.896-04:00 DEBUG 62669 --- [week3] [           main] o.s.b.f.s.DefaultListableBeanFactory     : Creating shared instance of singleton bean 'spring.sql.init-org.springframework.boot.autoconfigure.sql.init.SqlInitializationProperties'
2025-05-05T18:23:33.900-04:00 DEBUG 62669 --- [week3] [           main] o.s.b.f.s.DefaultListableBeanFactory     : Autowiring by type from bean name 'dataSourceScriptDatabaseInitializer' via factory method to bean named 'dataSource'
2025-05-05T18:23:33.900-04:00 DEBUG 62669 --- [week3] [           main] o.s.b.f.s.DefaultListableBeanFactory     : Autowiring by type from bean name 'dataSourceScriptDatabaseInitializer' via factory method to bean named 'spring.sql.init-org.springframework.boot.autoconfigure.sql.init.SqlInitializationProperties'
2025-05-05T18:23:33.903-04:00 DEBUG 62669 --- [week3] [           main] o.s.jdbc.datasource.DataSourceUtils      : Fetching JDBC Connection from DataSource
2025-05-05T18:23:33.903-04:00 DEBUG 62669 --- [week3] [           main] o.s.jdbc.datasource.init.ScriptUtils     : Executing SQL script from file [/Users/x0dsanta/Developer/Duoc/Fullstack_1/Week_3/week3/target/classes/data.sql]
2025-05-05T18:23:33.926-04:00 DEBUG 62669 --- [week3] [onnection adder] jdk.event.security                       : X509Certificate: Alg:SHA256withRSA, Serial:0e:53:5a:9b:ac:d4:b9:00:33:9c:4e:0d:7e:87:e7:12, Subject:CN=adb.sa-santiago-1.oraclecloud.com, O=Oracle Corporation, L=Redwood City, ST=California, C=US, Issuer:CN=DigiCert TLS RSA SHA256 2020 CA1, O=DigiCert Inc, C=US, Key type:RSA, Length:2048, Cert Id:3580545443, Valid from:10/28/24, 9:00 PM, Valid until:11/19/25, 8:59 PM
2025-05-05T18:23:33.927-04:00 DEBUG 62669 --- [week3] [onnection adder] jdk.event.security                       : X509Certificate: Alg:SHA256withRSA, Serial:0a:35:08:d5:5c:29:2b:01:7d:f8:ad:65:c0:0f:f7:e4, Subject:CN=DigiCert TLS RSA SHA256 2020 CA1, O=DigiCert Inc, C=US, Issuer:CN=DigiCert Global Root CA, OU=www.digicert.com, O=DigiCert Inc, C=US, Key type:RSA, Length:2048, Cert Id:128597027, Valid from:9/23/20, 9:00 PM, Valid until:9/23/30, 8:59 PM
2025-05-05T18:23:33.927-04:00 DEBUG 62669 --- [week3] [onnection adder] jdk.event.security                       : X509Certificate: Alg:SHA1withRSA, Serial:08:3b:e0:56:90:42:46:b1:a1:75:6a:c9:59:91:c7:4a, Subject:CN=DigiCert Global Root CA, OU=www.digicert.com, O=DigiCert Inc, C=US, Issuer:CN=DigiCert Global Root CA, OU=www.digicert.com, O=DigiCert Inc, C=US, Key type:RSA, Length:2048, Cert Id:1341898239, Valid from:11/9/06, 9:00 PM, Valid until:11/9/31, 9:00 PM
2025-05-05T18:23:33.927-04:00 DEBUG 62669 --- [week3] [onnection adder] jdk.event.security                       : X509Certificate: Alg:SHA1withRSA, Serial:08:3b:e0:56:90:42:46:b1:a1:75:6a:c9:59:91:c7:4a, Subject:CN=DigiCert Global Root CA, OU=www.digicert.com, O=DigiCert Inc, C=US, Issuer:CN=DigiCert Global Root CA, OU=www.digicert.com, O=DigiCert Inc, C=US, Key type:RSA, Length:2048, Cert Id:1341898239, Valid from:11/9/06, 9:00 PM, Valid until:11/9/31, 9:00 PM
2025-05-05T18:23:33.927-04:00 DEBUG 62669 --- [week3] [onnection adder] jdk.event.security                       : ValidationChain: 1341898239, 128597027, 3580545443
2025-05-05T18:23:33.927-04:00 DEBUG 62669 --- [week3] [onnection adder] jdk.event.security                       : X509Certificate: Alg:SHA1withRSA, Serial:08:3b:e0:56:90:42:46:b1:a1:75:6a:c9:59:91:c7:4a, Subject:CN=DigiCert Global Root CA, OU=www.digicert.com, O=DigiCert Inc, C=US, Issuer:CN=DigiCert Global Root CA, OU=www.digicert.com, O=DigiCert Inc, C=US, Key type:RSA, Length:2048, Cert Id:1341898239, Valid from:11/9/06, 9:00 PM, Valid until:11/9/31, 9:00 PM
2025-05-05T18:23:33.943-04:00 DEBUG 62669 --- [week3] [onnection adder] jdk.event.security                       :  TLSHandshake: adb.sa-santiago-1.oraclecloud.com:1522, TLSv1.2, TLS_RSA_WITH_AES_256_GCM_SHA384, 3580545443
2025-05-05T18:23:33.949-04:00 DEBUG 62669 --- [week3] [           main] o.s.jdbc.datasource.init.ScriptUtils     : 1 returned as update count for SQL: INSERT INTO ROLES (ID, NAME) VALUES (1, 'ADMIN')
2025-05-05T18:23:33.954-04:00 DEBUG 62669 --- [week3] [           main] o.s.jdbc.datasource.init.ScriptUtils     : 1 returned as update count for SQL: INSERT INTO ROLES (ID, NAME) VALUES (2, 'PET_FRIENDLY_DRIVER')
2025-05-05T18:23:33.969-04:00 DEBUG 62669 --- [week3] [           main] o.s.jdbc.datasource.init.ScriptUtils     : 1 returned as update count for SQL: INSERT INTO ROLES (ID, NAME) VALUES (3, 'PET_OWNER')
2025-05-05T18:23:33.970-04:00 DEBUG 62669 --- [week3] [           main] o.s.jdbc.datasource.init.ScriptUtils     : Executed SQL script from file [/Users/x0dsanta/Developer/Duoc/Fullstack_1/Week_3/week3/target/classes/data.sql] in 66 ms.
2025-05-05T18:23:33.970-04:00 DEBUG 62669 --- [week3] [           main] o.s.b.f.s.DefaultListableBeanFactory     : Creating shared instance of singleton bean 'jdbcTemplate'
2025-05-05T18:23:33.971-04:00 DEBUG 62669 --- [week3] [           main] o.s.b.f.s.DefaultListableBeanFactory     : Creating shared instance of singleton bean 'spring.jdbc-org.springframework.boot.autoconfigure.jdbc.JdbcProperties'
2025-05-05T18:23:33.971-04:00 DEBUG 62669 --- [week3] [           main] o.s.b.f.s.DefaultListableBeanFactory     : Autowiring by type from bean name 'jdbcTemplate' via factory method to bean named 'dataSource'
2025-05-05T18:23:33.971-04:00 DEBUG 62669 --- [week3] [           main] o.s.b.f.s.DefaultListableBeanFactory     : Autowiring by type from bean name 'jdbcTemplate' via factory method to bean named 'spring.jdbc-org.springframework.boot.autoconfigure.jdbc.JdbcProperties'
2025-05-05T18:23:33.979-04:00 DEBUG 62669 --- [week3] [           main] o.s.b.f.s.DefaultListableBeanFactory     : Creating shared instance of singleton bean 'org.springframework.boot.autoconfigure.jdbc.NamedParameterJdbcTemplateConfiguration'
2025-05-05T18:23:33.980-04:00 DEBUG 62669 --- [week3] [           main] o.s.b.f.s.DefaultListableBeanFactory     : Creating shared instance of singleton bean 'namedParameterJdbcTemplate'
2025-05-05T18:23:33.980-04:00 DEBUG 62669 --- [week3] [           main] o.s.b.f.s.DefaultListableBeanFactory     : Autowiring by type from bean name 'namedParameterJdbcTemplate' via factory method to bean named 'jdbcTemplate'
2025-05-05T18:23:33.981-04:00 DEBUG 62669 --- [week3] [           main] o.s.b.f.s.DefaultListableBeanFactory     : Creating shared instance of singleton bean 'org.springframework.boot.autoconfigure.jdbc.JdbcTemplateAutoConfiguration'
2025-05-05T18:23:33.982-04:00 DEBUG 62669 --- [week3] [           main] o.s.b.f.s.DefaultListableBeanFactory     : Creating shared instance of singleton bean 'org.springframework.boot.autoconfigure.jdbc.JdbcClientAutoConfiguration'
2025-05-05T18:23:33.982-04:00 DEBUG 62669 --- [week3] [           main] o.s.b.f.s.DefaultListableBeanFactory     : Creating shared instance of singleton bean 'jdbcClient'
2025-05-05T18:23:33.982-04:00 DEBUG 62669 --- [week3] [           main] o.s.b.f.s.DefaultListableBeanFactory     : Autowiring by type from bean name 'jdbcClient' via factory method to bean named 'namedParameterJdbcTemplate'
2025-05-05T18:23:33.982-04:00 DEBUG 62669 --- [week3] [           main] o.s.b.f.s.DefaultListableBeanFactory     : Creating shared instance of singleton bean 'org.springframework.boot.autoconfigure.sql.init.SqlInitializationAutoConfiguration'
2025-05-05T18:23:33.983-04:00 DEBUG 62669 --- [week3] [           main] o.s.b.f.s.DefaultListableBeanFactory     : Creating shared instance of singleton bean 'org.springframework.boot.autoconfigure.jdbc.DataSourceTransactionManagerAutoConfiguration$JdbcTransactionManagerConfiguration'
2025-05-05T18:23:33.983-04:00 DEBUG 62669 --- [week3] [           main] o.s.b.f.s.DefaultListableBeanFactory     : Creating shared instance of singleton bean 'org.springframework.boot.autoconfigure.jdbc.DataSourceTransactionManagerAutoConfiguration'
2025-05-05T18:23:33.983-04:00 DEBUG 62669 --- [week3] [           main] o.s.b.f.s.DefaultListableBeanFactory     : Creating shared instance of singleton bean 'org.springframework.boot.autoconfigure.transaction.TransactionAutoConfiguration$EnableTransactionManagementConfiguration$CglibAutoProxyConfiguration'
2025-05-05T18:23:33.983-04:00 DEBUG 62669 --- [week3] [           main] o.s.b.f.s.DefaultListableBeanFactory     : Creating shared instance of singleton bean 'org.springframework.boot.autoconfigure.transaction.TransactionAutoConfiguration$EnableTransactionManagementConfiguration'
2025-05-05T18:23:33.983-04:00 DEBUG 62669 --- [week3] [           main] o.s.b.f.s.DefaultListableBeanFactory     : Creating shared instance of singleton bean 'org.springframework.boot.autoconfigure.transaction.TransactionAutoConfiguration$TransactionTemplateConfiguration'
2025-05-05T18:23:33.983-04:00 DEBUG 62669 --- [week3] [           main] o.s.b.f.s.DefaultListableBeanFactory     : Creating shared instance of singleton bean 'transactionTemplate'
2025-05-05T18:23:33.983-04:00 DEBUG 62669 --- [week3] [           main] o.s.b.f.s.DefaultListableBeanFactory     : Autowiring by type from bean name 'transactionTemplate' via factory method to bean named 'transactionManager'
2025-05-05T18:23:33.984-04:00 DEBUG 62669 --- [week3] [           main] o.s.b.f.s.DefaultListableBeanFactory     : Creating shared instance of singleton bean 'org.springframework.boot.autoconfigure.transaction.TransactionAutoConfiguration'
2025-05-05T18:23:33.984-04:00 DEBUG 62669 --- [week3] [           main] o.s.b.f.s.DefaultListableBeanFactory     : Creating shared instance of singleton bean 'org.springframework.boot.test.autoconfigure.orm.jpa.TestEntityManagerAutoConfiguration'
2025-05-05T18:23:33.984-04:00 DEBUG 62669 --- [week3] [           main] o.s.b.f.s.DefaultListableBeanFactory     : Creating shared instance of singleton bean 'testEntityManager'
2025-05-05T18:23:33.984-04:00 DEBUG 62669 --- [week3] [           main] o.s.b.f.s.DefaultListableBeanFactory     : Autowiring by type from bean name 'testEntityManager' via factory method to bean named 'entityManagerFactory'
2025-05-05T18:23:33.989-04:00 DEBUG 62669 --- [week3] [           main] o.s.c.support.DefaultLifecycleProcessor  : Starting beans in phase -2147483647
2025-05-05T18:23:33.989-04:00 DEBUG 62669 --- [week3] [           main] o.s.c.support.DefaultLifecycleProcessor  : Successfully started bean 'springBootLoggingLifecycle'
2025-05-05T18:23:33.991-04:00 DEBUG 62669 --- [week3] [           main] .s.b.a.l.ConditionEvaluationReportLogger : 


============================
CONDITIONS EVALUATION REPORT
============================


Positive matches:
-----------------

   DataSourceAutoConfiguration matched:
      - @ConditionalOnClass found required classes 'javax.sql.DataSource', 'org.springframework.jdbc.datasource.embedded.EmbeddedDatabaseType' (OnClassCondition)
      - @ConditionalOnMissingBean (types: io.r2dbc.spi.ConnectionFactory; SearchStrategy: all) did not find any beans (OnBeanCondition)

   DataSourceAutoConfiguration.PooledDataSourceConfiguration matched:
      - AnyNestedCondition 1 matched 1 did not; NestedCondition on DataSourceAutoConfiguration.PooledDataSourceCondition.PooledDataSourceAvailable PooledDataSource found supported DataSource; NestedCondition on DataSourceAutoConfiguration.PooledDataSourceCondition.ExplicitType @ConditionalOnProperty (spring.datasource.type) did not find property 'type' (DataSourceAutoConfiguration.PooledDataSourceCondition)
      - @ConditionalOnMissingBean (types: javax.sql.DataSource,javax.sql.XADataSource; SearchStrategy: all) did not find any beans (OnBeanCondition)

   DataSourceAutoConfiguration.PooledDataSourceConfiguration#jdbcConnectionDetails matched:
      - @ConditionalOnMissingBean (types: org.springframework.boot.autoconfigure.jdbc.JdbcConnectionDetails; SearchStrategy: all) did not find any beans (OnBeanCondition)

   DataSourceConfiguration.Hikari matched:
      - @ConditionalOnClass found required class 'com.zaxxer.hikari.HikariDataSource' (OnClassCondition)
      - @ConditionalOnProperty (spring.datasource.type=com.zaxxer.hikari.HikariDataSource) matched (OnPropertyCondition)
      - @ConditionalOnMissingBean (types: javax.sql.DataSource; SearchStrategy: all) did not find any beans (OnBeanCondition)

   DataSourceInitializationConfiguration matched:
      - @ConditionalOnClass found required class 'org.springframework.jdbc.datasource.init.DatabasePopulator' (OnClassCondition)
      - @ConditionalOnSingleCandidate (types: javax.sql.DataSource; SearchStrategy: all) found a single bean 'dataSource'; @ConditionalOnMissingBean (types: org.springframework.boot.autoconfigure.sql.init.SqlDataSourceScriptDatabaseInitializer,org.springframework.boot.autoconfigure.sql.init.SqlR2dbcScriptDatabaseInitializer; SearchStrategy: all) did not find any beans (OnBeanCondition)

   DataSourcePoolMetadataProvidersConfiguration.HikariPoolDataSourceMetadataProviderConfiguration matched:
      - @ConditionalOnClass found required class 'com.zaxxer.hikari.HikariDataSource' (OnClassCondition)

   DataSourceTransactionManagerAutoConfiguration matched:
      - @ConditionalOnClass found required classes 'javax.sql.DataSource', 'org.springframework.jdbc.core.JdbcTemplate', 'org.springframework.transaction.TransactionManager' (OnClassCondition)

   DataSourceTransactionManagerAutoConfiguration.JdbcTransactionManagerConfiguration matched:
      - @ConditionalOnSingleCandidate (types: javax.sql.DataSource; SearchStrategy: all) found a single bean 'dataSource' (OnBeanCondition)

   HibernateJpaAutoConfiguration matched:
      - @ConditionalOnClass found required classes 'org.springframework.orm.jpa.LocalContainerEntityManagerFactoryBean', 'jakarta.persistence.EntityManager', 'org.hibernate.engine.spi.SessionImplementor' (OnClassCondition)

   HibernateJpaConfiguration matched:
      - @ConditionalOnSingleCandidate (types: javax.sql.DataSource; SearchStrategy: all) found a single bean 'dataSource' (OnBeanCondition)

   JdbcClientAutoConfiguration matched:
      - @ConditionalOnSingleCandidate (types: org.springframework.jdbc.core.namedparam.NamedParameterJdbcTemplate; SearchStrategy: all) found a single bean 'namedParameterJdbcTemplate'; @ConditionalOnMissingBean (types: org.springframework.jdbc.core.simple.JdbcClient; SearchStrategy: all) did not find any beans (OnBeanCondition)

   JdbcTemplateAutoConfiguration matched:
      - @ConditionalOnClass found required classes 'javax.sql.DataSource', 'org.springframework.jdbc.core.JdbcTemplate' (OnClassCondition)
      - @ConditionalOnSingleCandidate (types: javax.sql.DataSource; SearchStrategy: all) found a single bean 'dataSource' (OnBeanCondition)

   JdbcTemplateConfiguration matched:
      - @ConditionalOnMissingBean (types: org.springframework.jdbc.core.JdbcOperations; SearchStrategy: all) did not find any beans (OnBeanCondition)

   JpaBaseConfiguration#entityManagerFactory matched:
      - @ConditionalOnMissingBean (types: org.springframework.orm.jpa.LocalContainerEntityManagerFactoryBean,jakarta.persistence.EntityManagerFactory; SearchStrategy: all) did not find any beans (OnBeanCondition)

   JpaBaseConfiguration#entityManagerFactoryBuilder matched:
      - @ConditionalOnMissingBean (types: org.springframework.boot.orm.jpa.EntityManagerFactoryBuilder; SearchStrategy: all) did not find any beans (OnBeanCondition)

   JpaBaseConfiguration#jpaVendorAdapter matched:
      - @ConditionalOnMissingBean (types: org.springframework.orm.jpa.JpaVendorAdapter; SearchStrategy: all) did not find any beans (OnBeanCondition)

   JpaBaseConfiguration#transactionManager matched:
      - @ConditionalOnMissingBean (types: org.springframework.transaction.TransactionManager; SearchStrategy: all) did not find any beans (OnBeanCondition)

   JpaBaseConfiguration.PersistenceManagedTypesConfiguration matched:
      - @ConditionalOnMissingBean (types: org.springframework.orm.jpa.LocalContainerEntityManagerFactoryBean,jakarta.persistence.EntityManagerFactory; SearchStrategy: all) did not find any beans (OnBeanCondition)

   JpaBaseConfiguration.PersistenceManagedTypesConfiguration#persistenceManagedTypes matched:
      - @ConditionalOnMissingBean (types: org.springframework.orm.jpa.persistenceunit.PersistenceManagedTypes; SearchStrategy: all) did not find any beans (OnBeanCondition)

   JpaRepositoriesAutoConfiguration matched:
      - @ConditionalOnClass found required class 'org.springframework.data.jpa.repository.JpaRepository' (OnClassCondition)
      - @ConditionalOnProperty (spring.data.jpa.repositories.enabled=true) matched (OnPropertyCondition)
      - @ConditionalOnBean (types: javax.sql.DataSource; SearchStrategy: all) found bean 'dataSource'; @ConditionalOnMissingBean (types: org.springframework.data.jpa.repository.support.JpaRepositoryFactoryBean,org.springframework.data.jpa.repository.config.JpaRepositoryConfigExtension; SearchStrategy: all) did not find any beans (OnBeanCondition)

   NamedParameterJdbcTemplateConfiguration matched:
      - @ConditionalOnSingleCandidate (types: org.springframework.jdbc.core.JdbcTemplate; SearchStrategy: all) found a single bean 'jdbcTemplate'; @ConditionalOnMissingBean (types: org.springframework.jdbc.core.namedparam.NamedParameterJdbcOperations; SearchStrategy: all) did not find any beans (OnBeanCondition)

   NoOpCacheConfiguration matched:
      - Cache org.springframework.boot.autoconfigure.cache.NoOpCacheConfiguration NONE cache type (CacheCondition)

   SqlInitializationAutoConfiguration matched:
      - @ConditionalOnProperty (spring.sql.init.enabled) matched (OnPropertyCondition)
      - NoneNestedConditions 0 matched 1 did not; NestedCondition on SqlInitializationAutoConfiguration.SqlInitializationModeCondition.ModeIsNever @ConditionalOnProperty (spring.sql.init.mode=never) found different value in property 'mode' (SqlInitializationAutoConfiguration.SqlInitializationModeCondition)

   TestEntityManagerAutoConfiguration matched:
      - @ConditionalOnClass found required class 'jakarta.persistence.EntityManagerFactory' (OnClassCondition)

   TestEntityManagerAutoConfiguration#testEntityManager matched:
      - @ConditionalOnMissingBean (types: org.springframework.boot.test.autoconfigure.orm.jpa.TestEntityManager; SearchStrategy: all) did not find any beans (OnBeanCondition)

   TransactionAutoConfiguration matched:
      - @ConditionalOnClass found required class 'org.springframework.transaction.PlatformTransactionManager' (OnClassCondition)

   TransactionAutoConfiguration.EnableTransactionManagementConfiguration matched:
      - @ConditionalOnBean (types: org.springframework.transaction.TransactionManager; SearchStrategy: all) found bean 'transactionManager'; @ConditionalOnMissingBean (types: org.springframework.transaction.annotation.AbstractTransactionManagementConfiguration; SearchStrategy: all) did not find any beans (OnBeanCondition)

   TransactionAutoConfiguration.EnableTransactionManagementConfiguration.CglibAutoProxyConfiguration matched:
      - @ConditionalOnProperty (spring.aop.proxy-target-class=true) matched (OnPropertyCondition)

   TransactionAutoConfiguration.TransactionTemplateConfiguration matched:
      - @ConditionalOnSingleCandidate (types: org.springframework.transaction.PlatformTransactionManager; SearchStrategy: all) found a single bean 'transactionManager' (OnBeanCondition)

   TransactionAutoConfiguration.TransactionTemplateConfiguration#transactionTemplate matched:
      - @ConditionalOnMissingBean (types: org.springframework.transaction.support.TransactionOperations; SearchStrategy: all) did not find any beans (OnBeanCondition)


Negative matches:
-----------------

   Cache2kCacheConfiguration:
      Did not match:
         - @ConditionalOnClass did not find required class 'org.cache2k.Cache2kBuilder' (OnClassCondition)

   CacheAutoConfiguration:
      Did not match:
         - @ConditionalOnBean (types: org.springframework.cache.interceptor.CacheAspectSupport; SearchStrategy: all) did not find any beans of type org.springframework.cache.interceptor.CacheAspectSupport (OnBeanCondition)
      Matched:
         - @ConditionalOnClass found required class 'org.springframework.cache.CacheManager' (OnClassCondition)

   CacheAutoConfiguration.CacheManagerEntityManagerFactoryDependsOnPostProcessor:
      Did not match:
         - Ancestor org.springframework.boot.autoconfigure.cache.CacheAutoConfiguration did not match (ConditionEvaluationReport.AncestorsMatchedCondition)
      Matched:
         - @ConditionalOnClass found required class 'org.springframework.orm.jpa.LocalContainerEntityManagerFactoryBean' (OnClassCondition)

   CaffeineCacheConfiguration:
      Did not match:
         - @ConditionalOnClass did not find required class 'com.github.benmanes.caffeine.cache.Caffeine' (OnClassCondition)

   CouchbaseCacheConfiguration:
      Did not match:
         - @ConditionalOnClass did not find required class 'com.couchbase.client.java.Cluster' (OnClassCondition)

   DataSourceAutoConfiguration.EmbeddedDatabaseConfiguration:
      Did not match:
         - EmbeddedDataSource spring.datasource.url is set (DataSourceAutoConfiguration.EmbeddedDatabaseCondition)

   DataSourceCheckpointRestoreConfiguration:
      Did not match:
         - @ConditionalOnClass did not find required class 'org.crac.Resource' (OnClassCondition)

   DataSourceConfiguration.Dbcp2:
      Did not match:
         - @ConditionalOnClass did not find required class 'org.apache.commons.dbcp2.BasicDataSource' (OnClassCondition)

   DataSourceConfiguration.Generic:
      Did not match:
         - @ConditionalOnProperty (spring.datasource.type) did not find property 'spring.datasource.type' (OnPropertyCondition)

   DataSourceConfiguration.OracleUcp:
      Did not match:
         - @ConditionalOnClass did not find required class 'oracle.ucp.jdbc.PoolDataSourceImpl' (OnClassCondition)

   DataSourceConfiguration.Tomcat:
      Did not match:
         - @ConditionalOnClass did not find required class 'org.apache.tomcat.jdbc.pool.DataSource' (OnClassCondition)

   DataSourceJmxConfiguration:
      Did not match:
         - @ConditionalOnProperty (spring.jmx.enabled=true) found different value in property 'enabled' (OnPropertyCondition)

   DataSourcePoolMetadataProvidersConfiguration.CommonsDbcp2PoolDataSourceMetadataProviderConfiguration:
      Did not match:
         - @ConditionalOnClass did not find required class 'org.apache.commons.dbcp2.BasicDataSource' (OnClassCondition)

   DataSourcePoolMetadataProvidersConfiguration.OracleUcpPoolDataSourceMetadataProviderConfiguration:
      Did not match:
         - @ConditionalOnClass did not find required class 'oracle.ucp.jdbc.PoolDataSource' (OnClassCondition)

   DataSourcePoolMetadataProvidersConfiguration.TomcatDataSourcePoolMetadataProviderConfiguration:
      Did not match:
         - @ConditionalOnClass did not find required class 'org.apache.tomcat.jdbc.pool.DataSource' (OnClassCondition)

   DataSourceTransactionManagerAutoConfiguration.JdbcTransactionManagerConfiguration#transactionManager:
      Did not match:
         - @ConditionalOnMissingBean (types: org.springframework.transaction.TransactionManager; SearchStrategy: all) found beans of type 'org.springframework.transaction.TransactionManager' transactionManager (OnBeanCondition)

   FlywayAutoConfiguration:
      Did not match:
         - @ConditionalOnClass did not find required class 'org.flywaydb.core.Flyway' (OnClassCondition)

   GenericCacheConfiguration:
      Did not match:
         - Cache org.springframework.boot.autoconfigure.cache.GenericCacheConfiguration unknown cache type (CacheCondition)

   HazelcastCacheConfiguration:
      Did not match:
         - @ConditionalOnClass did not find required class 'com.hazelcast.core.HazelcastInstance' (OnClassCondition)

   InfinispanCacheConfiguration:
      Did not match:
         - @ConditionalOnClass did not find required class 'org.infinispan.spring.embedded.provider.SpringEmbeddedCacheManager' (OnClassCondition)

   JCacheCacheConfiguration:
      Did not match:
         - @ConditionalOnClass did not find required class 'javax.cache.Caching' (OnClassCondition)

   JpaBaseConfiguration.JpaWebConfiguration:
      Did not match:
         - not a servlet web application (OnWebApplicationCondition)
      Matched:
         - @ConditionalOnClass found required class 'org.springframework.web.servlet.config.annotation.WebMvcConfigurer' (OnClassCondition)

   JpaRepositoriesAutoConfiguration#entityManagerFactoryBootstrapExecutorCustomizer:
      Did not match:
         - AnyNestedCondition 0 matched 2 did not; NestedCondition on JpaRepositoriesAutoConfiguration.BootstrapExecutorCondition.LazyBootstrapMode @ConditionalOnProperty (spring.data.jpa.repositories.bootstrap-mode=lazy) found different value in property 'bootstrap-mode'; NestedCondition on JpaRepositoriesAutoConfiguration.BootstrapExecutorCondition.DeferredBootstrapMode @ConditionalOnProperty (spring.data.jpa.repositories.bootstrap-mode=deferred) found different value in property 'bootstrap-mode' (JpaRepositoriesAutoConfiguration.BootstrapExecutorCondition)

   LiquibaseAutoConfiguration:
      Did not match:
         - @ConditionalOnClass did not find required class 'liquibase.change.DatabaseChange' (OnClassCondition)

   R2dbcInitializationConfiguration:
      Did not match:
         - @ConditionalOnClass did not find required classes 'io.r2dbc.spi.ConnectionFactory', 'org.springframework.r2dbc.connection.init.DatabasePopulator' (OnClassCondition)

   RedisCacheConfiguration:
      Did not match:
         - @ConditionalOnClass did not find required class 'org.springframework.data.redis.connection.RedisConnectionFactory' (OnClassCondition)

   SimpleCacheConfiguration:
      Did not match:
         - Cache org.springframework.boot.autoconfigure.cache.SimpleCacheConfiguration unknown cache type (CacheCondition)

   TestDatabaseAutoConfiguration#dataSource:
      Did not match:
         - @ConditionalOnProperty (spring.test.database.replace=AUTO_CONFIGURED) found different value in property 'replace' (OnPropertyCondition)

   TestDatabaseAutoConfiguration#embeddedDataSourceBeanFactoryPostProcessor:
      Did not match:
         - @ConditionalOnProperty (spring.test.database.replace=ANY) found different value in property 'replace' (OnPropertyCondition)

   TestDatabaseAutoConfiguration#nonTestEmbeddedDataSourceBeanFactoryPostProcessor:
      Did not match:
         - @ConditionalOnProperty (spring.test.database.replace=NON_TEST) found different value in property 'replace' (OnPropertyCondition)

   TransactionAutoConfiguration#transactionalOperator:
      Did not match:
         - @ConditionalOnSingleCandidate (types: org.springframework.transaction.ReactiveTransactionManager; SearchStrategy: all) did not find any beans (OnBeanCondition)

   TransactionAutoConfiguration.AspectJTransactionManagementConfiguration:
      Did not match:
         - @ConditionalOnBean (types: org.springframework.transaction.aspectj.AbstractTransactionAspect; SearchStrategy: all) did not find any beans of type org.springframework.transaction.aspectj.AbstractTransactionAspect (OnBeanCondition)

   TransactionAutoConfiguration.EnableTransactionManagementConfiguration.JdkDynamicAutoProxyConfiguration:
      Did not match:
         - @ConditionalOnProperty (spring.aop.proxy-target-class=false) did not find property 'proxy-target-class' (OnPropertyCondition)


Exclusions:
-----------

    None


Unconditional classes:
----------------------

    org.springframework.boot.test.autoconfigure.jdbc.TestDatabaseAutoConfiguration



2025-05-05T18:23:33.992-04:00  INFO 62669 --- [week3] [           main] c.d.week3.repository.UserRepositoryTest  : Started UserRepositoryTest in 3.218 seconds (process running for 3.755)
2025-05-05T18:23:33.993-04:00 DEBUG 62669 --- [week3] [           main] o.s.boot.devtools.restart.Restarter      : Creating new Restarter for thread Thread[#1,main,5,main]
2025-05-05T18:23:33.994-04:00 DEBUG 62669 --- [week3] [           main] org.springframework.test.context.cache   : Spring test ApplicationContext cache statistics: [DefaultContextCache@5e783f78 size = 1, maxSize = 32, parentContextCount = 0, hitCount = 0, missCount = 1, failureCount = 0]
2025-05-05T18:23:33.996-04:00 DEBUG 62669 --- [week3] [           main] org.springframework.test.context.cache   : Spring test ApplicationContext cache statistics: [DefaultContextCache@5e783f78 size = 1, maxSize = 32, parentContextCount = 0, hitCount = 1, missCount = 1, failureCount = 0]
2025-05-05T18:23:33.999-04:00 DEBUG 62669 --- [week3] [           main] sContextBeforeModesTestExecutionListener : Before test method: class [UserRepositoryTest], method [tetsFindByEmailAndPassword], class annotated with @DirtiesContext [false] with mode [null], method annotated with @DirtiesContext [false] with mode [null]
2025-05-05T18:23:34.000-04:00 DEBUG 62669 --- [week3] [           main] t.c.t.TransactionalTestExecutionListener : Explicit transaction definition [PROPAGATION_REQUIRED,ISOLATION_DEFAULT] found for test class [com.duoc.week3.repository.UserRepositoryTest] and test method [tetsFindByEmailAndPassword]
2025-05-05T18:23:34.001-04:00 DEBUG 62669 --- [week3] [           main] org.springframework.test.context.cache   : Spring test ApplicationContext cache statistics: [DefaultContextCache@5e783f78 size = 1, maxSize = 32, parentContextCount = 0, hitCount = 2, missCount = 1, failureCount = 0]
2025-05-05T18:23:34.001-04:00 DEBUG 62669 --- [week3] [           main] t.c.t.TransactionalTestExecutionListener : No method-level @Rollback override: using default rollback [true] for test method [public void com.duoc.week3.repository.UserRepositoryTest.tetsFindByEmailAndPassword()]
2025-05-05T18:23:34.002-04:00 DEBUG 62669 --- [week3] [           main] o.s.orm.jpa.JpaTransactionManager        : Creating new transaction with name [com.duoc.week3.repository.UserRepositoryTest.tetsFindByEmailAndPassword]: PROPAGATION_REQUIRED,ISOLATION_DEFAULT
2025-05-05T18:23:34.002-04:00 DEBUG 62669 --- [week3] [           main] o.s.orm.jpa.JpaTransactionManager        : Opened new EntityManager [SessionImpl(1175829504<open>)] for JPA transaction
2025-05-05T18:23:34.003-04:00 DEBUG 62669 --- [week3] [           main] o.h.e.t.internal.TransactionImpl         : On TransactionImpl creation, JpaCompliance#isJpaTransactionComplianceEnabled == false
2025-05-05T18:23:34.003-04:00 DEBUG 62669 --- [week3] [           main] o.h.e.t.internal.TransactionImpl         : begin
2025-05-05T18:23:34.004-04:00 DEBUG 62669 --- [week3] [           main] o.s.orm.jpa.JpaTransactionManager        : Exposing JPA transaction as JDBC [org.springframework.orm.jpa.vendor.HibernateJpaDialect$HibernateConnectionHandle@3c070ade]
2025-05-05T18:23:34.004-04:00 DEBUG 62669 --- [week3] [           main] o.s.t.c.transaction.TransactionContext   : Began transaction (1) for test class [com.duoc.week3.repository.UserRepositoryTest]; test method [tetsFindByEmailAndPassword]; transaction manager [org.springframework.orm.jpa.JpaTransactionManager@4411a0fe]; rollback [true]
2025-05-05T18:23:34.004-04:00 DEBUG 62669 --- [week3] [           main] org.springframework.test.context.cache   : Spring test ApplicationContext cache statistics: [DefaultContextCache@5e783f78 size = 1, maxSize = 32, parentContextCount = 0, hitCount = 3, missCount = 1, failureCount = 0]
2025-05-05T18:23:34.004-04:00 DEBUG 62669 --- [week3] [           main] org.springframework.test.context.cache   : Spring test ApplicationContext cache statistics: [DefaultContextCache@5e783f78 size = 1, maxSize = 32, parentContextCount = 0, hitCount = 4, missCount = 1, failureCount = 0]
2025-05-05T18:23:34.031-04:00 DEBUG 62669 --- [week3] [           main] java.lang.ProcessBuilder                 : ProcessBuilder.start(): pid: 62693, dir: null, cmd: "/opt/homebrew/Cellar/openjdk/23.0.2/libexec/openjdk.jdk/Contents/Home/bin/java"

java.lang.RuntimeException: ProcessBuilder.start() debug
	at java.base/java.lang.ProcessBuilder.start(ProcessBuilder.java:1147) ~[na:na]
	at java.base/java.lang.ProcessBuilder.start(ProcessBuilder.java:1089) ~[na:na]
	at net.bytebuddy.agent.ByteBuddyAgent.installExternal(ByteBuddyAgent.java:673) ~[byte-buddy-agent-1.15.11.jar:na]
	at net.bytebuddy.agent.ByteBuddyAgent.install(ByteBuddyAgent.java:604) ~[byte-buddy-agent-1.15.11.jar:na]
	at net.bytebuddy.agent.ByteBuddyAgent.install(ByteBuddyAgent.java:584) ~[byte-buddy-agent-1.15.11.jar:na]
	at net.bytebuddy.agent.ByteBuddyAgent.install(ByteBuddyAgent.java:536) ~[byte-buddy-agent-1.15.11.jar:na]
	at net.bytebuddy.agent.ByteBuddyAgent.install(ByteBuddyAgent.java:513) ~[byte-buddy-agent-1.15.11.jar:na]
	at org.mockito.internal.PremainAttachAccess.getInstrumentation(PremainAttachAccess.java:49) ~[mockito-core-5.14.2.jar:na]
	at org.mockito.internal.creation.bytebuddy.InlineDelegateByteBuddyMockMaker.<clinit>(InlineDelegateByteBuddyMockMaker.java:138) ~[mockito-core-5.14.2.jar:na]
	at org.mockito.internal.creation.bytebuddy.InlineByteBuddyMockMaker.<init>(InlineByteBuddyMockMaker.java:23) ~[mockito-core-5.14.2.jar:na]
	at java.base/jdk.internal.reflect.DirectConstructorHandleAccessor.newInstance(DirectConstructorHandleAccessor.java:62) ~[na:na]
	at java.base/java.lang.reflect.Constructor.newInstanceWithCaller(Constructor.java:501) ~[na:na]
	at java.base/java.lang.reflect.Constructor.newInstance(Constructor.java:485) ~[na:na]
	at org.mockito.internal.configuration.plugins.DefaultMockitoPlugins.create(DefaultMockitoPlugins.java:103) ~[mockito-core-5.14.2.jar:na]
	at org.mockito.internal.configuration.plugins.DefaultMockitoPlugins.getDefaultPlugin(DefaultMockitoPlugins.java:79) ~[mockito-core-5.14.2.jar:na]
	at org.mockito.internal.configuration.plugins.PluginLoader.loadPlugin(PluginLoader.java:75) ~[mockito-core-5.14.2.jar:na]
	at org.mockito.internal.configuration.plugins.PluginLoader.loadPlugin(PluginLoader.java:49) ~[mockito-core-5.14.2.jar:na]
	at org.mockito.internal.configuration.plugins.PluginRegistry.<init>(PluginRegistry.java:29) ~[mockito-core-5.14.2.jar:na]
	at org.mockito.internal.configuration.plugins.Plugins.<clinit>(Plugins.java:26) ~[mockito-core-5.14.2.jar:na]
	at org.mockito.internal.MockitoCore.<clinit>(MockitoCore.java:71) ~[mockito-core-5.14.2.jar:na]
	at org.mockito.Mockito.<clinit>(Mockito.java:1741) ~[mockito-core-5.14.2.jar:na]
	at org.springframework.boot.test.mock.mockito.MockReset.get(MockReset.java:109) ~[spring-boot-test-3.4.4.jar:3.4.4]
	at org.springframework.boot.test.mock.mockito.ResetMocksTestExecutionListener.resetMocks(ResetMocksTestExecutionListener.java:89) ~[spring-boot-test-3.4.4.jar:3.4.4]
	at org.springframework.boot.test.mock.mockito.ResetMocksTestExecutionListener.resetMocks(ResetMocksTestExecutionListener.java:77) ~[spring-boot-test-3.4.4.jar:3.4.4]
	at org.springframework.boot.test.mock.mockito.ResetMocksTestExecutionListener.beforeTestMethod(ResetMocksTestExecutionListener.java:64) ~[spring-boot-test-3.4.4.jar:3.4.4]
	at org.springframework.test.context.TestContextManager.beforeTestMethod(TestContextManager.java:320) ~[spring-test-6.2.5.jar:6.2.5]
	at org.springframework.test.context.junit.jupiter.SpringExtension.beforeEach(SpringExtension.java:237) ~[spring-test-6.2.5.jar:6.2.5]
	at org.junit.jupiter.engine.descriptor.TestMethodTestDescriptor.lambda$invokeBeforeEachCallbacks$3(TestMethodTestDescriptor.java:166) ~[junit-jupiter-engine-5.11.4.jar:5.11.4]
	at org.junit.jupiter.engine.descriptor.TestMethodTestDescriptor.lambda$invokeBeforeMethodsOrCallbacksUntilExceptionOccurs$7(TestMethodTestDescriptor.java:202) ~[junit-jupiter-engine-5.11.4.jar:5.11.4]
	at org.junit.platform.engine.support.hierarchical.ThrowableCollector.execute(ThrowableCollector.java:73) ~[junit-platform-engine-1.11.4.jar:1.11.4]
	at org.junit.jupiter.engine.descriptor.TestMethodTestDescriptor.invokeBeforeMethodsOrCallbacksUntilExceptionOccurs(TestMethodTestDescriptor.java:202) ~[junit-jupiter-engine-5.11.4.jar:5.11.4]
	at org.junit.jupiter.engine.descriptor.TestMethodTestDescriptor.invokeBeforeEachCallbacks(TestMethodTestDescriptor.java:165) ~[junit-jupiter-engine-5.11.4.jar:5.11.4]
	at org.junit.jupiter.engine.descriptor.TestMethodTestDescriptor.execute(TestMethodTestDescriptor.java:132) ~[junit-jupiter-engine-5.11.4.jar:5.11.4]
	at org.junit.jupiter.engine.descriptor.TestMethodTestDescriptor.execute(TestMethodTestDescriptor.java:68) ~[junit-jupiter-engine-5.11.4.jar:5.11.4]
	at org.junit.platform.engine.support.hierarchical.NodeTestTask.lambda$executeRecursively$6(NodeTestTask.java:156) ~[junit-platform-engine-1.11.4.jar:1.11.4]
	at org.junit.platform.engine.support.hierarchical.ThrowableCollector.execute(ThrowableCollector.java:73) ~[junit-platform-engine-1.11.4.jar:1.11.4]
	at org.junit.platform.engine.support.hierarchical.NodeTestTask.lambda$executeRecursively$8(NodeTestTask.java:146) ~[junit-platform-engine-1.11.4.jar:1.11.4]
	at org.junit.platform.engine.support.hierarchical.Node.around(Node.java:137) ~[junit-platform-engine-1.11.4.jar:1.11.4]
	at org.junit.platform.engine.support.hierarchical.NodeTestTask.lambda$executeRecursively$9(NodeTestTask.java:144) ~[junit-platform-engine-1.11.4.jar:1.11.4]
	at org.junit.platform.engine.support.hierarchical.ThrowableCollector.execute(ThrowableCollector.java:73) ~[junit-platform-engine-1.11.4.jar:1.11.4]
	at org.junit.platform.engine.support.hierarchical.NodeTestTask.executeRecursively(NodeTestTask.java:143) ~[junit-platform-engine-1.11.4.jar:1.11.4]
	at org.junit.platform.engine.support.hierarchical.NodeTestTask.execute(NodeTestTask.java:100) ~[junit-platform-engine-1.11.4.jar:1.11.4]
	at java.base/java.util.ArrayList.forEach(ArrayList.java:1597) ~[na:na]
	at org.junit.platform.engine.support.hierarchical.SameThreadHierarchicalTestExecutorService.invokeAll(SameThreadHierarchicalTestExecutorService.java:41) ~[junit-platform-engine-1.11.4.jar:1.11.4]
	at org.junit.platform.engine.support.hierarchical.NodeTestTask.lambda$executeRecursively$6(NodeTestTask.java:160) ~[junit-platform-engine-1.11.4.jar:1.11.4]
	at org.junit.platform.engine.support.hierarchical.ThrowableCollector.execute(ThrowableCollector.java:73) ~[junit-platform-engine-1.11.4.jar:1.11.4]
	at org.junit.platform.engine.support.hierarchical.NodeTestTask.lambda$executeRecursively$8(NodeTestTask.java:146) ~[junit-platform-engine-1.11.4.jar:1.11.4]
	at org.junit.platform.engine.support.hierarchical.Node.around(Node.java:137) ~[junit-platform-engine-1.11.4.jar:1.11.4]
	at org.junit.platform.engine.support.hierarchical.NodeTestTask.lambda$executeRecursively$9(NodeTestTask.java:144) ~[junit-platform-engine-1.11.4.jar:1.11.4]
	at org.junit.platform.engine.support.hierarchical.ThrowableCollector.execute(ThrowableCollector.java:73) ~[junit-platform-engine-1.11.4.jar:1.11.4]
	at org.junit.platform.engine.support.hierarchical.NodeTestTask.executeRecursively(NodeTestTask.java:143) ~[junit-platform-engine-1.11.4.jar:1.11.4]
	at org.junit.platform.engine.support.hierarchical.NodeTestTask.execute(NodeTestTask.java:100) ~[junit-platform-engine-1.11.4.jar:1.11.4]
	at java.base/java.util.ArrayList.forEach(ArrayList.java:1597) ~[na:na]
	at org.junit.platform.engine.support.hierarchical.SameThreadHierarchicalTestExecutorService.invokeAll(SameThreadHierarchicalTestExecutorService.java:41) ~[junit-platform-engine-1.11.4.jar:1.11.4]
	at org.junit.platform.engine.support.hierarchical.NodeTestTask.lambda$executeRecursively$6(NodeTestTask.java:160) ~[junit-platform-engine-1.11.4.jar:1.11.4]
	at org.junit.platform.engine.support.hierarchical.ThrowableCollector.execute(ThrowableCollector.java:73) ~[junit-platform-engine-1.11.4.jar:1.11.4]
	at org.junit.platform.engine.support.hierarchical.NodeTestTask.lambda$executeRecursively$8(NodeTestTask.java:146) ~[junit-platform-engine-1.11.4.jar:1.11.4]
	at org.junit.platform.engine.support.hierarchical.Node.around(Node.java:137) ~[junit-platform-engine-1.11.4.jar:1.11.4]
	at org.junit.platform.engine.support.hierarchical.NodeTestTask.lambda$executeRecursively$9(NodeTestTask.java:144) ~[junit-platform-engine-1.11.4.jar:1.11.4]
	at org.junit.platform.engine.support.hierarchical.ThrowableCollector.execute(ThrowableCollector.java:73) ~[junit-platform-engine-1.11.4.jar:1.11.4]
	at org.junit.platform.engine.support.hierarchical.NodeTestTask.executeRecursively(NodeTestTask.java:143) ~[junit-platform-engine-1.11.4.jar:1.11.4]
	at org.junit.platform.engine.support.hierarchical.NodeTestTask.execute(NodeTestTask.java:100) ~[junit-platform-engine-1.11.4.jar:1.11.4]
	at org.junit.platform.engine.support.hierarchical.SameThreadHierarchicalTestExecutorService.submit(SameThreadHierarchicalTestExecutorService.java:35) ~[junit-platform-engine-1.11.4.jar:1.11.4]
	at org.junit.platform.engine.support.hierarchical.HierarchicalTestExecutor.execute(HierarchicalTestExecutor.java:57) ~[junit-platform-engine-1.11.4.jar:1.11.4]
	at org.junit.platform.engine.support.hierarchical.HierarchicalTestEngine.execute(HierarchicalTestEngine.java:54) ~[junit-platform-engine-1.11.4.jar:1.11.4]
	at org.junit.platform.launcher.core.EngineExecutionOrchestrator.execute(EngineExecutionOrchestrator.java:198) ~[junit-platform-launcher-1.11.4.jar:1.11.4]
	at org.junit.platform.launcher.core.EngineExecutionOrchestrator.execute(EngineExecutionOrchestrator.java:169) ~[junit-platform-launcher-1.11.4.jar:1.11.4]
	at org.junit.platform.launcher.core.EngineExecutionOrchestrator.execute(EngineExecutionOrchestrator.java:93) ~[junit-platform-launcher-1.11.4.jar:1.11.4]
	at org.junit.platform.launcher.core.EngineExecutionOrchestrator.lambda$execute$0(EngineExecutionOrchestrator.java:58) ~[junit-platform-launcher-1.11.4.jar:1.11.4]
	at org.junit.platform.launcher.core.EngineExecutionOrchestrator.withInterceptedStreams(EngineExecutionOrchestrator.java:141) ~[junit-platform-launcher-1.11.4.jar:1.11.4]
	at org.junit.platform.launcher.core.EngineExecutionOrchestrator.execute(EngineExecutionOrchestrator.java:57) ~[junit-platform-launcher-1.11.4.jar:1.11.4]
	at org.junit.platform.launcher.core.DefaultLauncher.execute(DefaultLauncher.java:103) ~[junit-platform-launcher-1.11.4.jar:1.11.4]
	at org.junit.platform.launcher.core.DefaultLauncher.execute(DefaultLauncher.java:85) ~[junit-platform-launcher-1.11.4.jar:1.11.4]
	at org.junit.platform.launcher.core.DelegatingLauncher.execute(DelegatingLauncher.java:47) ~[junit-platform-launcher-1.11.4.jar:1.11.4]
	at org.apache.maven.surefire.junitplatform.LazyLauncher.execute(LazyLauncher.java:56) ~[surefire-junit-platform-3.5.2.jar:3.5.2]
	at org.apache.maven.surefire.junitplatform.JUnitPlatformProvider.execute(JUnitPlatformProvider.java:184) ~[surefire-junit-platform-3.5.2.jar:3.5.2]
	at org.apache.maven.surefire.junitplatform.JUnitPlatformProvider.invokeAllTests(JUnitPlatformProvider.java:148) ~[surefire-junit-platform-3.5.2.jar:3.5.2]
	at org.apache.maven.surefire.junitplatform.JUnitPlatformProvider.invoke(JUnitPlatformProvider.java:122) ~[surefire-junit-platform-3.5.2.jar:3.5.2]
	at org.apache.maven.surefire.booter.ForkedBooter.runSuitesInProcess(ForkedBooter.java:385) ~[surefire-booter-3.5.2.jar:3.5.2]
	at org.apache.maven.surefire.booter.ForkedBooter.execute(ForkedBooter.java:162) ~[surefire-booter-3.5.2.jar:3.5.2]
	at org.apache.maven.surefire.booter.ForkedBooter.run(ForkedBooter.java:507) ~[surefire-booter-3.5.2.jar:3.5.2]
	at org.apache.maven.surefire.booter.ForkedBooter.main(ForkedBooter.java:495) ~[surefire-booter-3.5.2.jar:3.5.2]

2025-05-05T18:23:34.037-04:00 DEBUG 62669 --- [week3] [onnection adder] com.zaxxer.hikari.pool.HikariPool        : HikariPool-1 - Added connection oracle.jdbc.driver.T4CConnection@2cf7ee54
2025-05-05T18:23:34.068-04:00 DEBUG 62669 --- [week3] [onnection adder] com.zaxxer.hikari.pool.HikariPool        : HikariPool-1 - After adding stats (total=6, active=1, idle=5, waiting=0)
2025-05-05T18:23:34.100-04:00 DEBUG 62669 --- [week3] [onnection adder] jdk.event.security                       : X509Certificate: Alg:SHA256withRSA, Serial:0e:53:5a:9b:ac:d4:b9:00:33:9c:4e:0d:7e:87:e7:12, Subject:CN=adb.sa-santiago-1.oraclecloud.com, O=Oracle Corporation, L=Redwood City, ST=California, C=US, Issuer:CN=DigiCert TLS RSA SHA256 2020 CA1, O=DigiCert Inc, C=US, Key type:RSA, Length:2048, Cert Id:3580545443, Valid from:10/28/24, 9:00 PM, Valid until:11/19/25, 8:59 PM
2025-05-05T18:23:34.100-04:00 DEBUG 62669 --- [week3] [onnection adder] jdk.event.security                       : X509Certificate: Alg:SHA256withRSA, Serial:0a:35:08:d5:5c:29:2b:01:7d:f8:ad:65:c0:0f:f7:e4, Subject:CN=DigiCert TLS RSA SHA256 2020 CA1, O=DigiCert Inc, C=US, Issuer:CN=DigiCert Global Root CA, OU=www.digicert.com, O=DigiCert Inc, C=US, Key type:RSA, Length:2048, Cert Id:128597027, Valid from:9/23/20, 9:00 PM, Valid until:9/23/30, 8:59 PM
2025-05-05T18:23:34.100-04:00 DEBUG 62669 --- [week3] [onnection adder] jdk.event.security                       : X509Certificate: Alg:SHA1withRSA, Serial:08:3b:e0:56:90:42:46:b1:a1:75:6a:c9:59:91:c7:4a, Subject:CN=DigiCert Global Root CA, OU=www.digicert.com, O=DigiCert Inc, C=US, Issuer:CN=DigiCert Global Root CA, OU=www.digicert.com, O=DigiCert Inc, C=US, Key type:RSA, Length:2048, Cert Id:1341898239, Valid from:11/9/06, 9:00 PM, Valid until:11/9/31, 9:00 PM
2025-05-05T18:23:34.101-04:00 DEBUG 62669 --- [week3] [onnection adder] jdk.event.security                       : X509Certificate: Alg:SHA256withRSA, Serial:00, Subject:CN=CE1EBE1A8995441E8C557925BE78B937, DNQ=V1, Issuer:C=US, ST=California, L=Redwood Shores, O=Oracle Corporation Autonomous Database Global Self-signed CA, CN=Autonomous Database CA, Key type:RSA, Length:2048, Cert Id:2900283042, Valid from:3/16/25, 6:29 PM, Valid until:3/15/30, 6:29 PM
2025-05-05T18:23:34.101-04:00 DEBUG 62669 --- [week3] [onnection adder] jdk.event.security                       : X509Certificate: Alg:SHA1withRSA, Serial:08:3b:e0:56:90:42:46:b1:a1:75:6a:c9:59:91:c7:4a, Subject:CN=DigiCert Global Root CA, OU=www.digicert.com, O=DigiCert Inc, C=US, Issuer:CN=DigiCert Global Root CA, OU=www.digicert.com, O=DigiCert Inc, C=US, Key type:RSA, Length:2048, Cert Id:1341898239, Valid from:11/9/06, 9:00 PM, Valid until:11/9/31, 9:00 PM
2025-05-05T18:23:34.101-04:00 DEBUG 62669 --- [week3] [onnection adder] jdk.event.security                       : ValidationChain: 1341898239, 128597027, 3580545443
2025-05-05T18:23:34.101-04:00 DEBUG 62669 --- [week3] [onnection adder] jdk.event.security                       : X509Certificate: Alg:SHA1withRSA, Serial:08:3b:e0:56:90:42:46:b1:a1:75:6a:c9:59:91:c7:4a, Subject:CN=DigiCert Global Root CA, OU=www.digicert.com, O=DigiCert Inc, C=US, Issuer:CN=DigiCert Global Root CA, OU=www.digicert.com, O=DigiCert Inc, C=US, Key type:RSA, Length:2048, Cert Id:1341898239, Valid from:11/9/06, 9:00 PM, Valid until:11/9/31, 9:00 PM
2025-05-05T18:23:34.113-04:00 DEBUG 62669 --- [week3] [onnection adder] jdk.event.security                       :  TLSHandshake: adb.sa-santiago-1.oraclecloud.com:1522, TLSv1.2, TLS_RSA_WITH_AES_256_GCM_SHA384, 3580545443
2025-05-05T18:23:34.135-04:00 DEBUG 62669 --- [week3] [onnection adder] jdk.event.security                       : X509Certificate: Alg:SHA256withRSA, Serial:0e:53:5a:9b:ac:d4:b9:00:33:9c:4e:0d:7e:87:e7:12, Subject:CN=adb.sa-santiago-1.oraclecloud.com, O=Oracle Corporation, L=Redwood City, ST=California, C=US, Issuer:CN=DigiCert TLS RSA SHA256 2020 CA1, O=DigiCert Inc, C=US, Key type:RSA, Length:2048, Cert Id:3580545443, Valid from:10/28/24, 9:00 PM, Valid until:11/19/25, 8:59 PM
2025-05-05T18:23:34.136-04:00 DEBUG 62669 --- [week3] [onnection adder] jdk.event.security                       : X509Certificate: Alg:SHA256withRSA, Serial:0a:35:08:d5:5c:29:2b:01:7d:f8:ad:65:c0:0f:f7:e4, Subject:CN=DigiCert TLS RSA SHA256 2020 CA1, O=DigiCert Inc, C=US, Issuer:CN=DigiCert Global Root CA, OU=www.digicert.com, O=DigiCert Inc, C=US, Key type:RSA, Length:2048, Cert Id:128597027, Valid from:9/23/20, 9:00 PM, Valid until:9/23/30, 8:59 PM
2025-05-05T18:23:34.136-04:00 DEBUG 62669 --- [week3] [onnection adder] jdk.event.security                       : X509Certificate: Alg:SHA1withRSA, Serial:08:3b:e0:56:90:42:46:b1:a1:75:6a:c9:59:91:c7:4a, Subject:CN=DigiCert Global Root CA, OU=www.digicert.com, O=DigiCert Inc, C=US, Issuer:CN=DigiCert Global Root CA, OU=www.digicert.com, O=DigiCert Inc, C=US, Key type:RSA, Length:2048, Cert Id:1341898239, Valid from:11/9/06, 9:00 PM, Valid until:11/9/31, 9:00 PM
2025-05-05T18:23:34.136-04:00 DEBUG 62669 --- [week3] [onnection adder] jdk.event.security                       : X509Certificate: Alg:SHA256withRSA, Serial:00, Subject:CN=CE1EBE1A8995441E8C557925BE78B937, DNQ=V1, Issuer:C=US, ST=California, L=Redwood Shores, O=Oracle Corporation Autonomous Database Global Self-signed CA, CN=Autonomous Database CA, Key type:RSA, Length:2048, Cert Id:2900283042, Valid from:3/16/25, 6:29 PM, Valid until:3/15/30, 6:29 PM
2025-05-05T18:23:34.136-04:00 DEBUG 62669 --- [week3] [onnection adder] jdk.event.security                       : X509Certificate: Alg:SHA1withRSA, Serial:08:3b:e0:56:90:42:46:b1:a1:75:6a:c9:59:91:c7:4a, Subject:CN=DigiCert Global Root CA, OU=www.digicert.com, O=DigiCert Inc, C=US, Issuer:CN=DigiCert Global Root CA, OU=www.digicert.com, O=DigiCert Inc, C=US, Key type:RSA, Length:2048, Cert Id:1341898239, Valid from:11/9/06, 9:00 PM, Valid until:11/9/31, 9:00 PM
2025-05-05T18:23:34.136-04:00 DEBUG 62669 --- [week3] [onnection adder] jdk.event.security                       : ValidationChain: 1341898239, 128597027, 3580545443
2025-05-05T18:23:34.137-04:00 DEBUG 62669 --- [week3] [onnection adder] jdk.event.security                       : X509Certificate: Alg:SHA1withRSA, Serial:08:3b:e0:56:90:42:46:b1:a1:75:6a:c9:59:91:c7:4a, Subject:CN=DigiCert Global Root CA, OU=www.digicert.com, O=DigiCert Inc, C=US, Issuer:CN=DigiCert Global Root CA, OU=www.digicert.com, O=DigiCert Inc, C=US, Key type:RSA, Length:2048, Cert Id:1341898239, Valid from:11/9/06, 9:00 PM, Valid until:11/9/31, 9:00 PM
2025-05-05T18:23:34.152-04:00 DEBUG 62669 --- [week3] [onnection adder] jdk.event.security                       :  TLSHandshake: adb.sa-santiago-1.oraclecloud.com:1522, TLSv1.2, TLS_RSA_WITH_AES_256_GCM_SHA384, 3580545443
2025-05-05T18:23:34.283-04:00 DEBUG 62669 --- [week3] [onnection adder] com.zaxxer.hikari.pool.HikariPool        : HikariPool-1 - Added connection oracle.jdbc.driver.T4CConnection@226f23da
2025-05-05T18:23:34.317-04:00 DEBUG 62669 --- [week3] [onnection adder] com.zaxxer.hikari.pool.HikariPool        : HikariPool-1 - After adding stats (total=7, active=1, idle=6, waiting=0)
2025-05-05T18:23:34.342-04:00 DEBUG 62669 --- [week3] [           main] org.springframework.test.context.cache   : Spring test ApplicationContext cache statistics: [DefaultContextCache@5e783f78 size = 1, maxSize = 32, parentContextCount = 0, hitCount = 5, missCount = 1, failureCount = 0]
2025-05-05T18:23:34.343-04:00 DEBUG 62669 --- [week3] [           main] org.springframework.test.context.cache   : Spring test ApplicationContext cache statistics: [DefaultContextCache@5e783f78 size = 1, maxSize = 32, parentContextCount = 0, hitCount = 6, missCount = 1, failureCount = 0]
2025-05-05T18:23:34.347-04:00 DEBUG 62669 --- [week3] [           main] o.s.orm.jpa.JpaTransactionManager        : Found thread-bound EntityManager [SessionImpl(1175829504<open>)] for JPA transaction
2025-05-05T18:23:34.347-04:00 DEBUG 62669 --- [week3] [           main] o.s.orm.jpa.JpaTransactionManager        : Participating in existing transaction
2025-05-05T18:23:34.349-04:00 DEBUG 62669 --- [week3] [           main] o.h.j.internal.PersistenceUnitUtilImpl   : jakarta.persistence.PersistenceUnitUtil.getIdentifier is only intended to work with enhanced entities (although Hibernate also adapts this support to its proxies); however the passed entity was not enhanced (nor a proxy).. may not be able to read identifier
2025-05-05T18:23:34.352-04:00 DEBUG 62669 --- [week3] [           main] org.hibernate.SQL                        : select sq_user_id.nextval from dual
Hibernate: select sq_user_id.nextval from dual
2025-05-05T18:23:34.370-04:00 DEBUG 62669 --- [week3] [onnection adder] jdk.event.security                       : X509Certificate: Alg:SHA256withRSA, Serial:0e:53:5a:9b:ac:d4:b9:00:33:9c:4e:0d:7e:87:e7:12, Subject:CN=adb.sa-santiago-1.oraclecloud.com, O=Oracle Corporation, L=Redwood City, ST=California, C=US, Issuer:CN=DigiCert TLS RSA SHA256 2020 CA1, O=DigiCert Inc, C=US, Key type:RSA, Length:2048, Cert Id:3580545443, Valid from:10/28/24, 9:00 PM, Valid until:11/19/25, 8:59 PM
2025-05-05T18:23:34.371-04:00 DEBUG 62669 --- [week3] [onnection adder] jdk.event.security                       : X509Certificate: Alg:SHA256withRSA, Serial:0a:35:08:d5:5c:29:2b:01:7d:f8:ad:65:c0:0f:f7:e4, Subject:CN=DigiCert TLS RSA SHA256 2020 CA1, O=DigiCert Inc, C=US, Issuer:CN=DigiCert Global Root CA, OU=www.digicert.com, O=DigiCert Inc, C=US, Key type:RSA, Length:2048, Cert Id:128597027, Valid from:9/23/20, 9:00 PM, Valid until:9/23/30, 8:59 PM
2025-05-05T18:23:34.371-04:00 DEBUG 62669 --- [week3] [onnection adder] jdk.event.security                       : X509Certificate: Alg:SHA1withRSA, Serial:08:3b:e0:56:90:42:46:b1:a1:75:6a:c9:59:91:c7:4a, Subject:CN=DigiCert Global Root CA, OU=www.digicert.com, O=DigiCert Inc, C=US, Issuer:CN=DigiCert Global Root CA, OU=www.digicert.com, O=DigiCert Inc, C=US, Key type:RSA, Length:2048, Cert Id:1341898239, Valid from:11/9/06, 9:00 PM, Valid until:11/9/31, 9:00 PM
2025-05-05T18:23:34.371-04:00 DEBUG 62669 --- [week3] [onnection adder] jdk.event.security                       : X509Certificate: Alg:SHA256withRSA, Serial:00:e0:e2:96:9e:3a:1b:fc:99:09:cb:6c:14:45:25:6a:f1, Subject:C=US, ST=California, L=Redwood Shores, O=Oracle Corporation Autonomous Database Global Self-signed CA, CN=Autonomous Database CA, Issuer:C=US, ST=California, L=Redwood Shores, O=Oracle Corporation Autonomous Database Global Self-signed CA, CN=Autonomous Database CA, Key type:RSA, Length:2048, Cert Id:2439676835, Valid from:7/1/21, 11:14 PM, Valid until:6/26/41, 11:14 PM
2025-05-05T18:23:34.371-04:00 DEBUG 62669 --- [week3] [onnection adder] jdk.event.security                       : X509Certificate: Alg:SHA1withRSA, Serial:08:3b:e0:56:90:42:46:b1:a1:75:6a:c9:59:91:c7:4a, Subject:CN=DigiCert Global Root CA, OU=www.digicert.com, O=DigiCert Inc, C=US, Issuer:CN=DigiCert Global Root CA, OU=www.digicert.com, O=DigiCert Inc, C=US, Key type:RSA, Length:2048, Cert Id:1341898239, Valid from:11/9/06, 9:00 PM, Valid until:11/9/31, 9:00 PM
2025-05-05T18:23:34.372-04:00 DEBUG 62669 --- [week3] [onnection adder] jdk.event.security                       : ValidationChain: 1341898239, 128597027, 3580545443
2025-05-05T18:23:34.372-04:00 DEBUG 62669 --- [week3] [onnection adder] jdk.event.security                       : X509Certificate: Alg:SHA1withRSA, Serial:08:3b:e0:56:90:42:46:b1:a1:75:6a:c9:59:91:c7:4a, Subject:CN=DigiCert Global Root CA, OU=www.digicert.com, O=DigiCert Inc, C=US, Issuer:CN=DigiCert Global Root CA, OU=www.digicert.com, O=DigiCert Inc, C=US, Key type:RSA, Length:2048, Cert Id:1341898239, Valid from:11/9/06, 9:00 PM, Valid until:11/9/31, 9:00 PM
2025-05-05T18:23:34.386-04:00 DEBUG 62669 --- [week3] [onnection adder] jdk.event.security                       :  TLSHandshake: adb.sa-santiago-1.oraclecloud.com:1522, TLSv1.2, TLS_RSA_WITH_AES_256_GCM_SHA384, 3580545443
2025-05-05T18:23:34.390-04:00 DEBUG 62669 --- [week3] [           main] o.h.id.enhanced.SequenceStructure        : Sequence value obtained: 1
2025-05-05T18:23:34.391-04:00 DEBUG 62669 --- [week3] [           main] o.h.e.i.AbstractSaveEventListener        : Generated identifier: 1, using strategy: org.hibernate.id.enhanced.SequenceStyleGenerator
2025-05-05T18:23:34.412-04:00 DEBUG 62669 --- [week3] [onnection adder] jdk.event.security                       : X509Certificate: Alg:SHA256withRSA, Serial:0e:53:5a:9b:ac:d4:b9:00:33:9c:4e:0d:7e:87:e7:12, Subject:CN=adb.sa-santiago-1.oraclecloud.com, O=Oracle Corporation, L=Redwood City, ST=California, C=US, Issuer:CN=DigiCert TLS RSA SHA256 2020 CA1, O=DigiCert Inc, C=US, Key type:RSA, Length:2048, Cert Id:3580545443, Valid from:10/28/24, 9:00 PM, Valid until:11/19/25, 8:59 PM
2025-05-05T18:23:34.412-04:00 DEBUG 62669 --- [week3] [onnection adder] jdk.event.security                       : X509Certificate: Alg:SHA256withRSA, Serial:0a:35:08:d5:5c:29:2b:01:7d:f8:ad:65:c0:0f:f7:e4, Subject:CN=DigiCert TLS RSA SHA256 2020 CA1, O=DigiCert Inc, C=US, Issuer:CN=DigiCert Global Root CA, OU=www.digicert.com, O=DigiCert Inc, C=US, Key type:RSA, Length:2048, Cert Id:128597027, Valid from:9/23/20, 9:00 PM, Valid until:9/23/30, 8:59 PM
2025-05-05T18:23:34.412-04:00 DEBUG 62669 --- [week3] [onnection adder] jdk.event.security                       : X509Certificate: Alg:SHA1withRSA, Serial:08:3b:e0:56:90:42:46:b1:a1:75:6a:c9:59:91:c7:4a, Subject:CN=DigiCert Global Root CA, OU=www.digicert.com, O=DigiCert Inc, C=US, Issuer:CN=DigiCert Global Root CA, OU=www.digicert.com, O=DigiCert Inc, C=US, Key type:RSA, Length:2048, Cert Id:1341898239, Valid from:11/9/06, 9:00 PM, Valid until:11/9/31, 9:00 PM
2025-05-05T18:23:34.412-04:00 DEBUG 62669 --- [week3] [onnection adder] jdk.event.security                       : X509Certificate: Alg:SHA256withRSA, Serial:00:e0:e2:96:9e:3a:1b:fc:99:09:cb:6c:14:45:25:6a:f1, Subject:C=US, ST=California, L=Redwood Shores, O=Oracle Corporation Autonomous Database Global Self-signed CA, CN=Autonomous Database CA, Issuer:C=US, ST=California, L=Redwood Shores, O=Oracle Corporation Autonomous Database Global Self-signed CA, CN=Autonomous Database CA, Key type:RSA, Length:2048, Cert Id:2439676835, Valid from:7/1/21, 11:14 PM, Valid until:6/26/41, 11:14 PM
2025-05-05T18:23:34.413-04:00 DEBUG 62669 --- [week3] [onnection adder] jdk.event.security                       : X509Certificate: Alg:SHA1withRSA, Serial:08:3b:e0:56:90:42:46:b1:a1:75:6a:c9:59:91:c7:4a, Subject:CN=DigiCert Global Root CA, OU=www.digicert.com, O=DigiCert Inc, C=US, Issuer:CN=DigiCert Global Root CA, OU=www.digicert.com, O=DigiCert Inc, C=US, Key type:RSA, Length:2048, Cert Id:1341898239, Valid from:11/9/06, 9:00 PM, Valid until:11/9/31, 9:00 PM
2025-05-05T18:23:34.413-04:00 DEBUG 62669 --- [week3] [onnection adder] jdk.event.security                       : ValidationChain: 1341898239, 128597027, 3580545443
2025-05-05T18:23:34.413-04:00 DEBUG 62669 --- [week3] [onnection adder] jdk.event.security                       : X509Certificate: Alg:SHA1withRSA, Serial:08:3b:e0:56:90:42:46:b1:a1:75:6a:c9:59:91:c7:4a, Subject:CN=DigiCert Global Root CA, OU=www.digicert.com, O=DigiCert Inc, C=US, Issuer:CN=DigiCert Global Root CA, OU=www.digicert.com, O=DigiCert Inc, C=US, Key type:RSA, Length:2048, Cert Id:1341898239, Valid from:11/9/06, 9:00 PM, Valid until:11/9/31, 9:00 PM
2025-05-05T18:23:34.423-04:00 DEBUG 62669 --- [week3] [onnection adder] jdk.event.security                       :  TLSHandshake: adb.sa-santiago-1.oraclecloud.com:1522, TLSv1.2, TLS_RSA_WITH_AES_256_GCM_SHA384, 3580545443
2025-05-05T18:23:34.427-04:00 DEBUG 62669 --- [week3] [           main] o.h.e.i.AbstractFlushingEventListener    : Processing flush-time cascades
2025-05-05T18:23:34.428-04:00 DEBUG 62669 --- [week3] [           main] o.h.e.i.AbstractFlushingEventListener    : Dirty checking collections
2025-05-05T18:23:34.438-04:00 DEBUG 62669 --- [week3] [           main] org.hibernate.orm.sql.ast.create         : Created new SQL alias : u1_0
2025-05-05T18:23:34.438-04:00 DEBUG 62669 --- [week3] [           main] org.hibernate.orm.sql.ast.create         : Registration of TableGroup [StandardTableGroup(com.duoc.week3.model.User(4))] with identifierForTableGroup [com.duoc.week3.model.User] for NavigablePath [com.duoc.week3.model.User] 
2025-05-05T18:23:34.441-04:00 DEBUG 62669 --- [week3] [           main] org.hibernate.orm.sql.ast.create         : Registration of TableGroup [org.hibernate.sql.ast.tree.from.LazyTableGroup@189c6683] with identifierForTableGroup [com.duoc.week3.model.User(4).role] for NavigablePath [com.duoc.week3.model.User(4).role] 
2025-05-05T18:23:34.443-04:00 DEBUG 62669 --- [week3] [           main] o.h.q.sqm.sql.BaseSqmToSqlAstConverter   : Determining mapping-model type for SqmParameter : org.hibernate.query.sqm.tree.expression.SqmJpaCriteriaParameterWrapper@4c25687b
2025-05-05T18:23:34.443-04:00 DEBUG 62669 --- [week3] [           main] o.h.q.sqm.sql.BaseSqmToSqlAstConverter   : Determining mapping-model type for SqmPath : SqmBasicValuedSimplePath(com.duoc.week3.model.User(4).email) 
2025-05-05T18:23:34.444-04:00 DEBUG 62669 --- [week3] [           main] o.h.q.sqm.sql.BaseSqmToSqlAstConverter   : Determining mapping-model type for SqmParameter : org.hibernate.query.sqm.tree.expression.SqmJpaCriteriaParameterWrapper@184e5c44
2025-05-05T18:23:34.444-04:00 DEBUG 62669 --- [week3] [           main] o.h.q.sqm.sql.BaseSqmToSqlAstConverter   : Determining mapping-model type for SqmPath : SqmBasicValuedSimplePath(com.duoc.week3.model.User(4).password) 
2025-05-05T18:23:34.446-04:00 DEBUG 62669 --- [week3] [           main] org.hibernate.orm.results.graph.AST      : DomainResult Graph:
 \-EntityResultImpl [com.duoc.week3.model.User(4)]
 |  +-BasicFetch [com.duoc.week3.model.User(4).birthDate]
 |  +-BasicFetch [com.duoc.week3.model.User(4).created_at]
 |  +-BasicFetch [com.duoc.week3.model.User(4).email]
 |  +-BasicFetch [com.duoc.week3.model.User(4).name]
 |  +-BasicFetch [com.duoc.week3.model.User(4).password]
 |  +-DelayedCollectionFetch [com.duoc.week3.model.User(4).pets]
 |  +-BasicFetch [com.duoc.week3.model.User(4).phone]
 |  +-EntityDelayedFetchImpl [com.duoc.week3.model.User(4).role]
 |  \-BasicFetch [com.duoc.week3.model.User(4).updated_at]

2025-05-05T18:23:34.446-04:00 DEBUG 62669 --- [week3] [           main] org.hibernate.orm.sql.ast.tree           : SQL AST Tree:
    SelectStatement {
      FromClause {
        StandardTableGroup (u1 : com.duoc.week3.model.User(4)) {
          primaryTableReference : users as u1_0
          TableGroupJoins {
            left  join LazyTableGroup (r1 : com.duoc.week3.model.User(4).role) {
            }
          }
        }
      }
    }

2025-05-05T18:23:34.449-04:00 DEBUG 62669 --- [week3] [           main] o.h.e.i.AbstractFlushingEventListener    : Flushed: 1 insertions, 0 updates, 0 deletions to 1 objects
2025-05-05T18:23:34.449-04:00 DEBUG 62669 --- [week3] [           main] o.h.e.i.AbstractFlushingEventListener    : Flushed: 0 (re)creations, 0 updates, 0 removals to 0 collections
2025-05-05T18:23:34.450-04:00 DEBUG 62669 --- [week3] [           main] o.hibernate.internal.util.EntityPrinter  : Listing entities:
2025-05-05T18:23:34.450-04:00 DEBUG 62669 --- [week3] [           main] o.hibernate.internal.util.EntityPrinter  : com.duoc.week3.model.User{pets=null, password=password, role=com.duoc.week3.model.Role#2, updated_at=2025-05-05T18:23:34.344901, phone=+56912345678, name=name, created_at=2025-05-05T18:23:34.344896, id=1, birthDate=2000-01-01, email=email@mail.com}
2025-05-05T18:23:34.450-04:00 DEBUG 62669 --- [week3] [           main] org.hibernate.engine.spi.ActionQueue     : Changes must be flushed to space: users
2025-05-05T18:23:34.459-04:00 DEBUG 62669 --- [week3] [           main] org.hibernate.SQL                        : insert into users (birth_date,created_at,email,name,password,phone,role_id,updated_at,id) values (?,?,?,?,?,?,?,?,?)
Hibernate: insert into users (birth_date,created_at,email,name,password,phone,role_id,updated_at,id) values (?,?,?,?,?,?,?,?,?)
2025-05-05T18:23:34.500-04:00 DEBUG 62669 --- [week3] [           main] org.hibernate.orm.sql.exec               : Skipping reading Query result cache data: cache-enabled = false, cache-mode = NORMAL
2025-05-05T18:23:34.501-04:00 DEBUG 62669 --- [week3] [           main] org.hibernate.SQL                        : select u1_0.id,u1_0.birth_date,u1_0.created_at,u1_0.email,u1_0.name,u1_0.password,u1_0.phone,u1_0.role_id,u1_0.updated_at from users u1_0 where u1_0.email=? and u1_0.password=?
Hibernate: select u1_0.id,u1_0.birth_date,u1_0.created_at,u1_0.email,u1_0.name,u1_0.password,u1_0.phone,u1_0.role_id,u1_0.updated_at from users u1_0 where u1_0.email=? and u1_0.password=?
2025-05-05T18:23:34.545-04:00 DEBUG 62669 --- [week3] [           main] org.hibernate.orm.results                : Initializer list:
	  com.duoc.week3.model.User(4).role -> EntityDelayedFetchInitializer(com.duoc.week3.model.User(4).role)@1258442674 (ToOneAttributeMapping(NavigableRole[com.duoc.week3.model.User.role])@1396297158)
	  com.duoc.week3.model.User(4) -> EntityJoinedFetchInitializer(com.duoc.week3.model.User(4))@1537136507 (SingleTableEntityPersister(com.duoc.week3.model.User))
	  com.duoc.week3.model.User(4).pets -> DelayedCollectionInitializer(com.duoc.week3.model.User(4).pets)@176257014 (PluralAttribute(com.duoc.week3.model.User.pets))

2025-05-05T18:23:34.549-04:00 DEBUG 62669 --- [week3] [onnection adder] com.zaxxer.hikari.pool.HikariPool        : HikariPool-1 - Added connection oracle.jdbc.driver.T4CConnection@2cdd2ae9
2025-05-05T18:23:34.550-04:00 DEBUG 62669 --- [week3] [           main] org.springframework.test.context.cache   : Spring test ApplicationContext cache statistics: [DefaultContextCache@5e783f78 size = 1, maxSize = 32, parentContextCount = 0, hitCount = 7, missCount = 1, failureCount = 0]
2025-05-05T18:23:34.550-04:00 DEBUG 62669 --- [week3] [           main] org.springframework.test.context.cache   : Spring test ApplicationContext cache statistics: [DefaultContextCache@5e783f78 size = 1, maxSize = 32, parentContextCount = 0, hitCount = 8, missCount = 1, failureCount = 0]
2025-05-05T18:23:34.551-04:00 DEBUG 62669 --- [week3] [           main] org.springframework.test.context.cache   : Spring test ApplicationContext cache statistics: [DefaultContextCache@5e783f78 size = 1, maxSize = 32, parentContextCount = 0, hitCount = 9, missCount = 1, failureCount = 0]
2025-05-05T18:23:34.551-04:00 DEBUG 62669 --- [week3] [           main] org.springframework.test.context.cache   : Spring test ApplicationContext cache statistics: [DefaultContextCache@5e783f78 size = 1, maxSize = 32, parentContextCount = 0, hitCount = 10, missCount = 1, failureCount = 0]
2025-05-05T18:23:34.551-04:00 DEBUG 62669 --- [week3] [           main] org.springframework.test.context.cache   : Spring test ApplicationContext cache statistics: [DefaultContextCache@5e783f78 size = 1, maxSize = 32, parentContextCount = 0, hitCount = 11, missCount = 1, failureCount = 0]
2025-05-05T18:23:34.552-04:00 DEBUG 62669 --- [week3] [           main] org.springframework.test.context.cache   : Spring test ApplicationContext cache statistics: [DefaultContextCache@5e783f78 size = 1, maxSize = 32, parentContextCount = 0, hitCount = 12, missCount = 1, failureCount = 0]
2025-05-05T18:23:34.553-04:00 DEBUG 62669 --- [week3] [           main] org.springframework.test.context.cache   : Spring test ApplicationContext cache statistics: [DefaultContextCache@5e783f78 size = 1, maxSize = 32, parentContextCount = 0, hitCount = 13, missCount = 1, failureCount = 0]
2025-05-05T18:23:34.553-04:00 DEBUG 62669 --- [week3] [           main] o.s.orm.jpa.JpaTransactionManager        : Initiating transaction rollback
2025-05-05T18:23:34.553-04:00 DEBUG 62669 --- [week3] [           main] o.s.orm.jpa.JpaTransactionManager        : Rolling back JPA transaction on EntityManager [SessionImpl(1175829504<open>)]
2025-05-05T18:23:34.553-04:00 DEBUG 62669 --- [week3] [           main] o.h.e.t.internal.TransactionImpl         : rolling back
2025-05-05T18:23:34.565-04:00 DEBUG 62669 --- [week3] [           main] o.s.orm.jpa.JpaTransactionManager        : Closing JPA EntityManager [SessionImpl(1175829504<open>)] after transaction
2025-05-05T18:23:34.566-04:00 DEBUG 62669 --- [week3] [           main] o.s.t.c.transaction.TransactionContext   : Rolled back transaction (1) for test class [com.duoc.week3.repository.UserRepositoryTest]; test method [tetsFindByEmailAndPassword]
2025-05-05T18:23:34.566-04:00 DEBUG 62669 --- [week3] [           main] .c.s.DirtiesContextTestExecutionListener : After test method: class [UserRepositoryTest], method [tetsFindByEmailAndPassword], class annotated with @DirtiesContext [false] with mode [null], method annotated with @DirtiesContext [false] with mode [null]
]]></system-out>
    <system-err><![CDATA[Mockito is currently self-attaching to enable the inline-mock-maker. This will no longer work in future releases of the JDK. Please add Mockito as an agent to your build what is described in Mockito's documentation: https://javadoc.io/doc/org.mockito/mockito-core/latest/org/mockito/Mockito.html#0.3
WARNING: A Java agent has been loaded dynamically (/Users/x0dsanta/.m2/repository/net/bytebuddy/byte-buddy-agent/1.15.11/byte-buddy-agent-1.15.11.jar)
WARNING: If a serviceability tool is in use, please run with -XX:+EnableDynamicAgentLoading to hide this warning
WARNING: If a serviceability tool is not in use, please run with -Djdk.instrument.traceUsage for more information
WARNING: Dynamic loading of agents will be disallowed by default in a future release
]]></system-err>
  </testcase>
</testsuite>