<?xml version="1.0" encoding="UTF-8"?>
<testsuite xmlns:xsi="http://www.w3.org/2001/XMLSchema-instance" xsi:noNamespaceSchemaLocation="https://maven.apache.org/surefire/maven-surefire-plugin/xsd/surefire-test-report.xsd" version="3.0.2" name="com.duoc.week3.controller.UserControllerTest" time="0.174" tests="5" errors="0" skipped="0" failures="0">
  <properties>
    <property name="java.specification.version" value="23"/>
    <property name="sun.jnu.encoding" value="UTF-8"/>
    <property name="java.class.path" value="/Users/x0dsanta/Developer/Duoc/Fullstack_1/Week_3/week3/target/test-classes:/Users/x0dsanta/Developer/Duoc/Fullstack_1/Week_3/week3/target/classes:/Users/x0dsanta/.m2/repository/org/springframework/boot/spring-boot-starter-validation/3.4.4/spring-boot-starter-validation-3.4.4.jar:/Users/x0dsanta/.m2/repository/org/springframework/boot/spring-boot-starter/3.4.4/spring-boot-starter-3.4.4.jar:/Users/x0dsanta/.m2/repository/org/springframework/boot/spring-boot-starter-logging/3.4.4/spring-boot-starter-logging-3.4.4.jar:/Users/x0dsanta/.m2/repository/ch/qos/logback/logback-classic/1.5.18/logback-classic-1.5.18.jar:/Users/x0dsanta/.m2/repository/ch/qos/logback/logback-core/1.5.18/logback-core-1.5.18.jar:/Users/x0dsanta/.m2/repository/org/apache/logging/log4j/log4j-to-slf4j/2.24.3/log4j-to-slf4j-2.24.3.jar:/Users/x0dsanta/.m2/repository/org/apache/logging/log4j/log4j-api/2.24.3/log4j-api-2.24.3.jar:/Users/x0dsanta/.m2/repository/org/slf4j/jul-to-slf4j/2.0.17/jul-to-slf4j-2.0.17.jar:/Users/x0dsanta/.m2/repository/jakarta/annotation/jakarta.annotation-api/2.1.1/jakarta.annotation-api-2.1.1.jar:/Users/x0dsanta/.m2/repository/org/yaml/snakeyaml/2.3/snakeyaml-2.3.jar:/Users/x0dsanta/.m2/repository/org/apache/tomcat/embed/tomcat-embed-el/10.1.39/tomcat-embed-el-10.1.39.jar:/Users/x0dsanta/.m2/repository/org/hibernate/validator/hibernate-validator/8.0.2.Final/hibernate-validator-8.0.2.Final.jar:/Users/x0dsanta/.m2/repository/jakarta/validation/jakarta.validation-api/3.0.2/jakarta.validation-api-3.0.2.jar:/Users/x0dsanta/.m2/repository/org/jboss/logging/jboss-logging/3.6.1.Final/jboss-logging-3.6.1.Final.jar:/Users/x0dsanta/.m2/repository/com/fasterxml/classmate/1.7.0/classmate-1.7.0.jar:/Users/x0dsanta/.m2/repository/org/springframework/boot/spring-boot-starter-web/3.4.4/spring-boot-starter-web-3.4.4.jar:/Users/x0dsanta/.m2/repository/org/springframework/boot/spring-boot-starter-json/3.4.4/spring-boot-starter-json-3.4.4.jar:/Users/x0dsanta/.m2/repository/com/fasterxml/jackson/core/jackson-databind/2.18.3/jackson-databind-2.18.3.jar:/Users/x0dsanta/.m2/repository/com/fasterxml/jackson/core/jackson-annotations/2.18.3/jackson-annotations-2.18.3.jar:/Users/x0dsanta/.m2/repository/com/fasterxml/jackson/core/jackson-core/2.18.3/jackson-core-2.18.3.jar:/Users/x0dsanta/.m2/repository/com/fasterxml/jackson/datatype/jackson-datatype-jdk8/2.18.3/jackson-datatype-jdk8-2.18.3.jar:/Users/x0dsanta/.m2/repository/com/fasterxml/jackson/datatype/jackson-datatype-jsr310/2.18.3/jackson-datatype-jsr310-2.18.3.jar:/Users/x0dsanta/.m2/repository/com/fasterxml/jackson/module/jackson-module-parameter-names/2.18.3/jackson-module-parameter-names-2.18.3.jar:/Users/x0dsanta/.m2/repository/org/springframework/boot/spring-boot-starter-tomcat/3.4.4/spring-boot-starter-tomcat-3.4.4.jar:/Users/x0dsanta/.m2/repository/org/apache/tomcat/embed/tomcat-embed-core/10.1.39/tomcat-embed-core-10.1.39.jar:/Users/x0dsanta/.m2/repository/org/apache/tomcat/embed/tomcat-embed-websocket/10.1.39/tomcat-embed-websocket-10.1.39.jar:/Users/x0dsanta/.m2/repository/org/springframework/spring-web/6.2.5/spring-web-6.2.5.jar:/Users/x0dsanta/.m2/repository/org/springframework/spring-beans/6.2.5/spring-beans-6.2.5.jar:/Users/x0dsanta/.m2/repository/io/micrometer/micrometer-observation/1.14.5/micrometer-observation-1.14.5.jar:/Users/x0dsanta/.m2/repository/io/micrometer/micrometer-commons/1.14.5/micrometer-commons-1.14.5.jar:/Users/x0dsanta/.m2/repository/org/springframework/spring-webmvc/6.2.5/spring-webmvc-6.2.5.jar:/Users/x0dsanta/.m2/repository/org/springframework/spring-aop/6.2.5/spring-aop-6.2.5.jar:/Users/x0dsanta/.m2/repository/org/springframework/spring-context/6.2.5/spring-context-6.2.5.jar:/Users/x0dsanta/.m2/repository/org/springframework/spring-expression/6.2.5/spring-expression-6.2.5.jar:/Users/x0dsanta/.m2/repository/org/springframework/boot/spring-boot-devtools/3.4.4/spring-boot-devtools-3.4.4.jar:/Users/x0dsanta/.m2/repository/org/springframework/boot/spring-boot/3.4.4/spring-boot-3.4.4.jar:/Users/x0dsanta/.m2/repository/org/springframework/boot/spring-boot-autoconfigure/3.4.4/spring-boot-autoconfigure-3.4.4.jar:/Users/x0dsanta/.m2/repository/org/projectlombok/lombok/1.18.36/lombok-1.18.36.jar:/Users/x0dsanta/.m2/repository/org/springframework/boot/spring-boot-starter-test/3.4.4/spring-boot-starter-test-3.4.4.jar:/Users/x0dsanta/.m2/repository/org/springframework/boot/spring-boot-test/3.4.4/spring-boot-test-3.4.4.jar:/Users/x0dsanta/.m2/repository/org/springframework/boot/spring-boot-test-autoconfigure/3.4.4/spring-boot-test-autoconfigure-3.4.4.jar:/Users/x0dsanta/.m2/repository/com/jayway/jsonpath/json-path/2.9.0/json-path-2.9.0.jar:/Users/x0dsanta/.m2/repository/org/slf4j/slf4j-api/2.0.17/slf4j-api-2.0.17.jar:/Users/x0dsanta/.m2/repository/jakarta/xml/bind/jakarta.xml.bind-api/4.0.2/jakarta.xml.bind-api-4.0.2.jar:/Users/x0dsanta/.m2/repository/jakarta/activation/jakarta.activation-api/2.1.3/jakarta.activation-api-2.1.3.jar:/Users/x0dsanta/.m2/repository/net/minidev/json-smart/2.5.2/json-smart-2.5.2.jar:/Users/x0dsanta/.m2/repository/net/minidev/accessors-smart/2.5.2/accessors-smart-2.5.2.jar:/Users/x0dsanta/.m2/repository/org/ow2/asm/asm/9.7.1/asm-9.7.1.jar:/Users/x0dsanta/.m2/repository/org/assertj/assertj-core/3.26.3/assertj-core-3.26.3.jar:/Users/x0dsanta/.m2/repository/net/bytebuddy/byte-buddy/1.15.11/byte-buddy-1.15.11.jar:/Users/x0dsanta/.m2/repository/org/awaitility/awaitility/4.2.2/awaitility-4.2.2.jar:/Users/x0dsanta/.m2/repository/org/hamcrest/hamcrest/2.2/hamcrest-2.2.jar:/Users/x0dsanta/.m2/repository/org/junit/jupiter/junit-jupiter/5.11.4/junit-jupiter-5.11.4.jar:/Users/x0dsanta/.m2/repository/org/junit/jupiter/junit-jupiter-api/5.11.4/junit-jupiter-api-5.11.4.jar:/Users/x0dsanta/.m2/repository/org/opentest4j/opentest4j/1.3.0/opentest4j-1.3.0.jar:/Users/x0dsanta/.m2/repository/org/junit/platform/junit-platform-commons/1.11.4/junit-platform-commons-1.11.4.jar:/Users/x0dsanta/.m2/repository/org/apiguardian/apiguardian-api/1.1.2/apiguardian-api-1.1.2.jar:/Users/x0dsanta/.m2/repository/org/junit/jupiter/junit-jupiter-params/5.11.4/junit-jupiter-params-5.11.4.jar:/Users/x0dsanta/.m2/repository/org/junit/jupiter/junit-jupiter-engine/5.11.4/junit-jupiter-engine-5.11.4.jar:/Users/x0dsanta/.m2/repository/org/junit/platform/junit-platform-engine/1.11.4/junit-platform-engine-1.11.4.jar:/Users/x0dsanta/.m2/repository/org/mockito/mockito-core/5.14.2/mockito-core-5.14.2.jar:/Users/x0dsanta/.m2/repository/net/bytebuddy/byte-buddy-agent/1.15.11/byte-buddy-agent-1.15.11.jar:/Users/x0dsanta/.m2/repository/org/objenesis/objenesis/3.3/objenesis-3.3.jar:/Users/x0dsanta/.m2/repository/org/mockito/mockito-junit-jupiter/5.14.2/mockito-junit-jupiter-5.14.2.jar:/Users/x0dsanta/.m2/repository/org/skyscreamer/jsonassert/1.5.3/jsonassert-1.5.3.jar:/Users/x0dsanta/.m2/repository/com/vaadin/external/google/android-json/0.0.20131108.vaadin1/android-json-0.0.20131108.vaadin1.jar:/Users/x0dsanta/.m2/repository/org/springframework/spring-core/6.2.5/spring-core-6.2.5.jar:/Users/x0dsanta/.m2/repository/org/springframework/spring-jcl/6.2.5/spring-jcl-6.2.5.jar:/Users/x0dsanta/.m2/repository/org/springframework/spring-test/6.2.5/spring-test-6.2.5.jar:/Users/x0dsanta/.m2/repository/org/xmlunit/xmlunit-core/2.10.0/xmlunit-core-2.10.0.jar:/Users/x0dsanta/.m2/repository/org/springframework/boot/spring-boot-starter-data-jpa/3.4.4/spring-boot-starter-data-jpa-3.4.4.jar:/Users/x0dsanta/.m2/repository/org/springframework/boot/spring-boot-starter-jdbc/3.4.4/spring-boot-starter-jdbc-3.4.4.jar:/Users/x0dsanta/.m2/repository/com/zaxxer/HikariCP/5.1.0/HikariCP-5.1.0.jar:/Users/x0dsanta/.m2/repository/org/springframework/spring-jdbc/6.2.5/spring-jdbc-6.2.5.jar:/Users/x0dsanta/.m2/repository/org/hibernate/orm/hibernate-core/6.6.11.Final/hibernate-core-6.6.11.Final.jar:/Users/x0dsanta/.m2/repository/jakarta/persistence/jakarta.persistence-api/3.1.0/jakarta.persistence-api-3.1.0.jar:/Users/x0dsanta/.m2/repository/jakarta/transaction/jakarta.transaction-api/2.0.1/jakarta.transaction-api-2.0.1.jar:/Users/x0dsanta/.m2/repository/org/hibernate/common/hibernate-commons-annotations/7.0.3.Final/hibernate-commons-annotations-7.0.3.Final.jar:/Users/x0dsanta/.m2/repository/io/smallrye/jandex/3.2.0/jandex-3.2.0.jar:/Users/x0dsanta/.m2/repository/org/glassfish/jaxb/jaxb-runtime/4.0.5/jaxb-runtime-4.0.5.jar:/Users/x0dsanta/.m2/repository/org/glassfish/jaxb/jaxb-core/4.0.5/jaxb-core-4.0.5.jar:/Users/x0dsanta/.m2/repository/org/eclipse/angus/angus-activation/2.0.2/angus-activation-2.0.2.jar:/Users/x0dsanta/.m2/repository/org/glassfish/jaxb/txw2/4.0.5/txw2-4.0.5.jar:/Users/x0dsanta/.m2/repository/com/sun/istack/istack-commons-runtime/4.1.2/istack-commons-runtime-4.1.2.jar:/Users/x0dsanta/.m2/repository/jakarta/inject/jakarta.inject-api/2.0.1/jakarta.inject-api-2.0.1.jar:/Users/x0dsanta/.m2/repository/org/antlr/antlr4-runtime/4.13.0/antlr4-runtime-4.13.0.jar:/Users/x0dsanta/.m2/repository/org/springframework/data/spring-data-jpa/3.4.4/spring-data-jpa-3.4.4.jar:/Users/x0dsanta/.m2/repository/org/springframework/data/spring-data-commons/3.4.4/spring-data-commons-3.4.4.jar:/Users/x0dsanta/.m2/repository/org/springframework/spring-orm/6.2.5/spring-orm-6.2.5.jar:/Users/x0dsanta/.m2/repository/org/springframework/spring-tx/6.2.5/spring-tx-6.2.5.jar:/Users/x0dsanta/.m2/repository/org/springframework/spring-aspects/6.2.5/spring-aspects-6.2.5.jar:/Users/x0dsanta/.m2/repository/org/aspectj/aspectjweaver/1.9.23/aspectjweaver-1.9.23.jar:/Users/x0dsanta/.m2/repository/com/oracle/database/jdbc/ojdbc11/23.5.0.24.07/ojdbc11-23.5.0.24.07.jar:/Users/x0dsanta/.m2/repository/com/oracle/database/security/oraclepki/21.5.0.0/oraclepki-21.5.0.0.jar:/Users/x0dsanta/.m2/repository/com/oracle/database/security/osdt_cert/21.5.0.0/osdt_cert-21.5.0.0.jar:/Users/x0dsanta/.m2/repository/com/oracle/database/security/osdt_core/21.5.0.0/osdt_core-21.5.0.0.jar:/Users/x0dsanta/.m2/repository/org/springframework/boot/spring-boot-starter-hateoas/3.4.4/spring-boot-starter-hateoas-3.4.4.jar:/Users/x0dsanta/.m2/repository/org/springframework/hateoas/spring-hateoas/2.4.1/spring-hateoas-2.4.1.jar:/Users/x0dsanta/.m2/repository/org/springframework/plugin/spring-plugin-core/3.0.0/spring-plugin-core-3.0.0.jar:"/>
    <property name="java.vm.vendor" value="Homebrew"/>
    <property name="sun.arch.data.model" value="64"/>
    <property name="java.vendor.url" value="https://github.com/Homebrew/homebrew-core/issues"/>
    <property name="user.timezone" value="America/Santiago"/>
    <property name="org.jboss.logging.provider" value="slf4j"/>
    <property name="os.name" value="Mac OS X"/>
    <property name="java.vm.specification.version" value="23"/>
    <property name="APPLICATION_NAME" value="week3"/>
    <property name="sun.java.launcher" value="SUN_STANDARD"/>
    <property name="user.country" value="CL"/>
    <property name="sun.boot.library.path" value="/opt/homebrew/Cellar/openjdk/23.0.2/libexec/openjdk.jdk/Contents/Home/lib"/>
    <property name="sun.java.command" value="/Users/x0dsanta/Developer/Duoc/Fullstack_1/Week_3/week3/target/surefire/surefirebooter-20250505182330162_3.jar /Users/x0dsanta/Developer/Duoc/Fullstack_1/Week_3/week3/target/surefire 2025-05-05T18-23-30_094-jvmRun1 surefire-20250505182330162_1tmp surefire_0-20250505182330162_2tmp"/>
    <property name="http.nonProxyHosts" value="local|*.local|169.254/16|*.169.254/16"/>
    <property name="jdk.debug" value="release"/>
    <property name="surefire.test.class.path" value="/Users/x0dsanta/Developer/Duoc/Fullstack_1/Week_3/week3/target/test-classes:/Users/x0dsanta/Developer/Duoc/Fullstack_1/Week_3/week3/target/classes:/Users/x0dsanta/.m2/repository/org/springframework/boot/spring-boot-starter-validation/3.4.4/spring-boot-starter-validation-3.4.4.jar:/Users/x0dsanta/.m2/repository/org/springframework/boot/spring-boot-starter/3.4.4/spring-boot-starter-3.4.4.jar:/Users/x0dsanta/.m2/repository/org/springframework/boot/spring-boot-starter-logging/3.4.4/spring-boot-starter-logging-3.4.4.jar:/Users/x0dsanta/.m2/repository/ch/qos/logback/logback-classic/1.5.18/logback-classic-1.5.18.jar:/Users/x0dsanta/.m2/repository/ch/qos/logback/logback-core/1.5.18/logback-core-1.5.18.jar:/Users/x0dsanta/.m2/repository/org/apache/logging/log4j/log4j-to-slf4j/2.24.3/log4j-to-slf4j-2.24.3.jar:/Users/x0dsanta/.m2/repository/org/apache/logging/log4j/log4j-api/2.24.3/log4j-api-2.24.3.jar:/Users/x0dsanta/.m2/repository/org/slf4j/jul-to-slf4j/2.0.17/jul-to-slf4j-2.0.17.jar:/Users/x0dsanta/.m2/repository/jakarta/annotation/jakarta.annotation-api/2.1.1/jakarta.annotation-api-2.1.1.jar:/Users/x0dsanta/.m2/repository/org/yaml/snakeyaml/2.3/snakeyaml-2.3.jar:/Users/x0dsanta/.m2/repository/org/apache/tomcat/embed/tomcat-embed-el/10.1.39/tomcat-embed-el-10.1.39.jar:/Users/x0dsanta/.m2/repository/org/hibernate/validator/hibernate-validator/8.0.2.Final/hibernate-validator-8.0.2.Final.jar:/Users/x0dsanta/.m2/repository/jakarta/validation/jakarta.validation-api/3.0.2/jakarta.validation-api-3.0.2.jar:/Users/x0dsanta/.m2/repository/org/jboss/logging/jboss-logging/3.6.1.Final/jboss-logging-3.6.1.Final.jar:/Users/x0dsanta/.m2/repository/com/fasterxml/classmate/1.7.0/classmate-1.7.0.jar:/Users/x0dsanta/.m2/repository/org/springframework/boot/spring-boot-starter-web/3.4.4/spring-boot-starter-web-3.4.4.jar:/Users/x0dsanta/.m2/repository/org/springframework/boot/spring-boot-starter-json/3.4.4/spring-boot-starter-json-3.4.4.jar:/Users/x0dsanta/.m2/repository/com/fasterxml/jackson/core/jackson-databind/2.18.3/jackson-databind-2.18.3.jar:/Users/x0dsanta/.m2/repository/com/fasterxml/jackson/core/jackson-annotations/2.18.3/jackson-annotations-2.18.3.jar:/Users/x0dsanta/.m2/repository/com/fasterxml/jackson/core/jackson-core/2.18.3/jackson-core-2.18.3.jar:/Users/x0dsanta/.m2/repository/com/fasterxml/jackson/datatype/jackson-datatype-jdk8/2.18.3/jackson-datatype-jdk8-2.18.3.jar:/Users/x0dsanta/.m2/repository/com/fasterxml/jackson/datatype/jackson-datatype-jsr310/2.18.3/jackson-datatype-jsr310-2.18.3.jar:/Users/x0dsanta/.m2/repository/com/fasterxml/jackson/module/jackson-module-parameter-names/2.18.3/jackson-module-parameter-names-2.18.3.jar:/Users/x0dsanta/.m2/repository/org/springframework/boot/spring-boot-starter-tomcat/3.4.4/spring-boot-starter-tomcat-3.4.4.jar:/Users/x0dsanta/.m2/repository/org/apache/tomcat/embed/tomcat-embed-core/10.1.39/tomcat-embed-core-10.1.39.jar:/Users/x0dsanta/.m2/repository/org/apache/tomcat/embed/tomcat-embed-websocket/10.1.39/tomcat-embed-websocket-10.1.39.jar:/Users/x0dsanta/.m2/repository/org/springframework/spring-web/6.2.5/spring-web-6.2.5.jar:/Users/x0dsanta/.m2/repository/org/springframework/spring-beans/6.2.5/spring-beans-6.2.5.jar:/Users/x0dsanta/.m2/repository/io/micrometer/micrometer-observation/1.14.5/micrometer-observation-1.14.5.jar:/Users/x0dsanta/.m2/repository/io/micrometer/micrometer-commons/1.14.5/micrometer-commons-1.14.5.jar:/Users/x0dsanta/.m2/repository/org/springframework/spring-webmvc/6.2.5/spring-webmvc-6.2.5.jar:/Users/x0dsanta/.m2/repository/org/springframework/spring-aop/6.2.5/spring-aop-6.2.5.jar:/Users/x0dsanta/.m2/repository/org/springframework/spring-context/6.2.5/spring-context-6.2.5.jar:/Users/x0dsanta/.m2/repository/org/springframework/spring-expression/6.2.5/spring-expression-6.2.5.jar:/Users/x0dsanta/.m2/repository/org/springframework/boot/spring-boot-devtools/3.4.4/spring-boot-devtools-3.4.4.jar:/Users/x0dsanta/.m2/repository/org/springframework/boot/spring-boot/3.4.4/spring-boot-3.4.4.jar:/Users/x0dsanta/.m2/repository/org/springframework/boot/spring-boot-autoconfigure/3.4.4/spring-boot-autoconfigure-3.4.4.jar:/Users/x0dsanta/.m2/repository/org/projectlombok/lombok/1.18.36/lombok-1.18.36.jar:/Users/x0dsanta/.m2/repository/org/springframework/boot/spring-boot-starter-test/3.4.4/spring-boot-starter-test-3.4.4.jar:/Users/x0dsanta/.m2/repository/org/springframework/boot/spring-boot-test/3.4.4/spring-boot-test-3.4.4.jar:/Users/x0dsanta/.m2/repository/org/springframework/boot/spring-boot-test-autoconfigure/3.4.4/spring-boot-test-autoconfigure-3.4.4.jar:/Users/x0dsanta/.m2/repository/com/jayway/jsonpath/json-path/2.9.0/json-path-2.9.0.jar:/Users/x0dsanta/.m2/repository/org/slf4j/slf4j-api/2.0.17/slf4j-api-2.0.17.jar:/Users/x0dsanta/.m2/repository/jakarta/xml/bind/jakarta.xml.bind-api/4.0.2/jakarta.xml.bind-api-4.0.2.jar:/Users/x0dsanta/.m2/repository/jakarta/activation/jakarta.activation-api/2.1.3/jakarta.activation-api-2.1.3.jar:/Users/x0dsanta/.m2/repository/net/minidev/json-smart/2.5.2/json-smart-2.5.2.jar:/Users/x0dsanta/.m2/repository/net/minidev/accessors-smart/2.5.2/accessors-smart-2.5.2.jar:/Users/x0dsanta/.m2/repository/org/ow2/asm/asm/9.7.1/asm-9.7.1.jar:/Users/x0dsanta/.m2/repository/org/assertj/assertj-core/3.26.3/assertj-core-3.26.3.jar:/Users/x0dsanta/.m2/repository/net/bytebuddy/byte-buddy/1.15.11/byte-buddy-1.15.11.jar:/Users/x0dsanta/.m2/repository/org/awaitility/awaitility/4.2.2/awaitility-4.2.2.jar:/Users/x0dsanta/.m2/repository/org/hamcrest/hamcrest/2.2/hamcrest-2.2.jar:/Users/x0dsanta/.m2/repository/org/junit/jupiter/junit-jupiter/5.11.4/junit-jupiter-5.11.4.jar:/Users/x0dsanta/.m2/repository/org/junit/jupiter/junit-jupiter-api/5.11.4/junit-jupiter-api-5.11.4.jar:/Users/x0dsanta/.m2/repository/org/opentest4j/opentest4j/1.3.0/opentest4j-1.3.0.jar:/Users/x0dsanta/.m2/repository/org/junit/platform/junit-platform-commons/1.11.4/junit-platform-commons-1.11.4.jar:/Users/x0dsanta/.m2/repository/org/apiguardian/apiguardian-api/1.1.2/apiguardian-api-1.1.2.jar:/Users/x0dsanta/.m2/repository/org/junit/jupiter/junit-jupiter-params/5.11.4/junit-jupiter-params-5.11.4.jar:/Users/x0dsanta/.m2/repository/org/junit/jupiter/junit-jupiter-engine/5.11.4/junit-jupiter-engine-5.11.4.jar:/Users/x0dsanta/.m2/repository/org/junit/platform/junit-platform-engine/1.11.4/junit-platform-engine-1.11.4.jar:/Users/x0dsanta/.m2/repository/org/mockito/mockito-core/5.14.2/mockito-core-5.14.2.jar:/Users/x0dsanta/.m2/repository/net/bytebuddy/byte-buddy-agent/1.15.11/byte-buddy-agent-1.15.11.jar:/Users/x0dsanta/.m2/repository/org/objenesis/objenesis/3.3/objenesis-3.3.jar:/Users/x0dsanta/.m2/repository/org/mockito/mockito-junit-jupiter/5.14.2/mockito-junit-jupiter-5.14.2.jar:/Users/x0dsanta/.m2/repository/org/skyscreamer/jsonassert/1.5.3/jsonassert-1.5.3.jar:/Users/x0dsanta/.m2/repository/com/vaadin/external/google/android-json/0.0.20131108.vaadin1/android-json-0.0.20131108.vaadin1.jar:/Users/x0dsanta/.m2/repository/org/springframework/spring-core/6.2.5/spring-core-6.2.5.jar:/Users/x0dsanta/.m2/repository/org/springframework/spring-jcl/6.2.5/spring-jcl-6.2.5.jar:/Users/x0dsanta/.m2/repository/org/springframework/spring-test/6.2.5/spring-test-6.2.5.jar:/Users/x0dsanta/.m2/repository/org/xmlunit/xmlunit-core/2.10.0/xmlunit-core-2.10.0.jar:/Users/x0dsanta/.m2/repository/org/springframework/boot/spring-boot-starter-data-jpa/3.4.4/spring-boot-starter-data-jpa-3.4.4.jar:/Users/x0dsanta/.m2/repository/org/springframework/boot/spring-boot-starter-jdbc/3.4.4/spring-boot-starter-jdbc-3.4.4.jar:/Users/x0dsanta/.m2/repository/com/zaxxer/HikariCP/5.1.0/HikariCP-5.1.0.jar:/Users/x0dsanta/.m2/repository/org/springframework/spring-jdbc/6.2.5/spring-jdbc-6.2.5.jar:/Users/x0dsanta/.m2/repository/org/hibernate/orm/hibernate-core/6.6.11.Final/hibernate-core-6.6.11.Final.jar:/Users/x0dsanta/.m2/repository/jakarta/persistence/jakarta.persistence-api/3.1.0/jakarta.persistence-api-3.1.0.jar:/Users/x0dsanta/.m2/repository/jakarta/transaction/jakarta.transaction-api/2.0.1/jakarta.transaction-api-2.0.1.jar:/Users/x0dsanta/.m2/repository/org/hibernate/common/hibernate-commons-annotations/7.0.3.Final/hibernate-commons-annotations-7.0.3.Final.jar:/Users/x0dsanta/.m2/repository/io/smallrye/jandex/3.2.0/jandex-3.2.0.jar:/Users/x0dsanta/.m2/repository/org/glassfish/jaxb/jaxb-runtime/4.0.5/jaxb-runtime-4.0.5.jar:/Users/x0dsanta/.m2/repository/org/glassfish/jaxb/jaxb-core/4.0.5/jaxb-core-4.0.5.jar:/Users/x0dsanta/.m2/repository/org/eclipse/angus/angus-activation/2.0.2/angus-activation-2.0.2.jar:/Users/x0dsanta/.m2/repository/org/glassfish/jaxb/txw2/4.0.5/txw2-4.0.5.jar:/Users/x0dsanta/.m2/repository/com/sun/istack/istack-commons-runtime/4.1.2/istack-commons-runtime-4.1.2.jar:/Users/x0dsanta/.m2/repository/jakarta/inject/jakarta.inject-api/2.0.1/jakarta.inject-api-2.0.1.jar:/Users/x0dsanta/.m2/repository/org/antlr/antlr4-runtime/4.13.0/antlr4-runtime-4.13.0.jar:/Users/x0dsanta/.m2/repository/org/springframework/data/spring-data-jpa/3.4.4/spring-data-jpa-3.4.4.jar:/Users/x0dsanta/.m2/repository/org/springframework/data/spring-data-commons/3.4.4/spring-data-commons-3.4.4.jar:/Users/x0dsanta/.m2/repository/org/springframework/spring-orm/6.2.5/spring-orm-6.2.5.jar:/Users/x0dsanta/.m2/repository/org/springframework/spring-tx/6.2.5/spring-tx-6.2.5.jar:/Users/x0dsanta/.m2/repository/org/springframework/spring-aspects/6.2.5/spring-aspects-6.2.5.jar:/Users/x0dsanta/.m2/repository/org/aspectj/aspectjweaver/1.9.23/aspectjweaver-1.9.23.jar:/Users/x0dsanta/.m2/repository/com/oracle/database/jdbc/ojdbc11/23.5.0.24.07/ojdbc11-23.5.0.24.07.jar:/Users/x0dsanta/.m2/repository/com/oracle/database/security/oraclepki/21.5.0.0/oraclepki-21.5.0.0.jar:/Users/x0dsanta/.m2/repository/com/oracle/database/security/osdt_cert/21.5.0.0/osdt_cert-21.5.0.0.jar:/Users/x0dsanta/.m2/repository/com/oracle/database/security/osdt_core/21.5.0.0/osdt_core-21.5.0.0.jar:/Users/x0dsanta/.m2/repository/org/springframework/boot/spring-boot-starter-hateoas/3.4.4/spring-boot-starter-hateoas-3.4.4.jar:/Users/x0dsanta/.m2/repository/org/springframework/hateoas/spring-hateoas/2.4.1/spring-hateoas-2.4.1.jar:/Users/x0dsanta/.m2/repository/org/springframework/plugin/spring-plugin-core/3.0.0/spring-plugin-core-3.0.0.jar:"/>
    <property name="sun.cpu.endian" value="little"/>
    <property name="user.home" value="/Users/x0dsanta"/>
    <property name="user.language" value="en"/>
    <property name="java.specification.vendor" value="Oracle Corporation"/>
    <property name="java.version.date" value="2025-01-21"/>
    <property name="java.home" value="/opt/homebrew/Cellar/openjdk/23.0.2/libexec/openjdk.jdk/Contents/Home"/>
    <property name="file.separator" value="/"/>
    <property name="basedir" value="/Users/x0dsanta/Developer/Duoc/Fullstack_1/Week_3/week3"/>
    <property name="java.vm.compressedOopsMode" value="Zero based"/>
    <property name="line.separator" value="&#10;"/>
    <property name="java.vm.specification.vendor" value="Oracle Corporation"/>
    <property name="java.specification.name" value="Java Platform API Specification"/>
    <property name="FILE_LOG_CHARSET" value="UTF-8"/>
    <property name="java.awt.headless" value="true"/>
    <property name="apple.awt.application.name" value="ForkedBooter"/>
    <property name="surefire.real.class.path" value="/Users/x0dsanta/Developer/Duoc/Fullstack_1/Week_3/week3/target/surefire/surefirebooter-20250505182330162_3.jar"/>
    <property name="sun.management.compiler" value="HotSpot 64-Bit Tiered Compilers"/>
    <property name="ftp.nonProxyHosts" value="local|*.local|169.254/16|*.169.254/16"/>
    <property name="java.runtime.version" value="23.0.2"/>
    <property name="user.name" value="x0dsanta"/>
    <property name="stdout.encoding" value="UTF-8"/>
    <property name="path.separator" value=":"/>
    <property name="os.version" value="15.0.1"/>
    <property name="java.runtime.name" value="OpenJDK Runtime Environment"/>
    <property name="file.encoding" value="UTF-8"/>
    <property name="java.vm.name" value="OpenJDK 64-Bit Server VM"/>
    <property name="java.vendor.version" value="Homebrew"/>
    <property name="localRepository" value="/Users/x0dsanta/.m2/repository"/>
    <property name="java.vendor.url.bug" value="https://github.com/Homebrew/homebrew-core/issues"/>
    <property name="java.io.tmpdir" value="/var/folders/q0/pqfc46qs35zg073d6ww7zwrcw2txsh/T/"/>
    <property name="com.zaxxer.hikari.pool_number" value="1"/>
    <property name="java.version" value="23.0.2"/>
    <property name="user.dir" value="/Users/x0dsanta/Developer/Duoc/Fullstack_1/Week_3/week3"/>
    <property name="os.arch" value="aarch64"/>
    <property name="java.vm.specification.name" value="Java Virtual Machine Specification"/>
    <property name="PID" value="62669"/>
    <property name="CONSOLE_LOG_CHARSET" value="UTF-8"/>
    <property name="native.encoding" value="UTF-8"/>
    <property name="java.library.path" value="/Users/x0dsanta/Library/Java/Extensions:/Library/Java/Extensions:/Network/Library/Java/Extensions:/System/Library/Java/Extensions:/usr/lib/java:."/>
    <property name="java.vm.info" value="mixed mode, sharing"/>
    <property name="stderr.encoding" value="UTF-8"/>
    <property name="java.vendor" value="Homebrew"/>
    <property name="java.vm.version" value="23.0.2"/>
    <property name="sun.io.unicode.encoding" value="UnicodeBig"/>
    <property name="socksNonProxyHosts" value="local|*.local|169.254/16|*.169.254/16"/>
    <property name="java.class.version" value="67.0"/>
    <property name="LOGGED_APPLICATION_NAME" value="[week3] "/>
  </properties>
  <testcase name="testGetAllUsers" classname="com.duoc.week3.controller.UserControllerTest" time="0.163">
    <system-out><![CDATA[2025-05-05T18:23:34.582-04:00 DEBUG 62669 --- [week3] [onnection adder] com.zaxxer.hikari.pool.HikariPool        : HikariPool-1 - After adding stats (total=8, active=0, idle=8, waiting=0)
2025-05-05T18:23:34.637-04:00 DEBUG 62669 --- [week3] [onnection adder] jdk.event.security                       : X509Certificate: Alg:SHA256withRSA, Serial:0e:53:5a:9b:ac:d4:b9:00:33:9c:4e:0d:7e:87:e7:12, Subject:CN=adb.sa-santiago-1.oraclecloud.com, O=Oracle Corporation, L=Redwood City, ST=California, C=US, Issuer:CN=DigiCert TLS RSA SHA256 2020 CA1, O=DigiCert Inc, C=US, Key type:RSA, Length:2048, Cert Id:3580545443, Valid from:10/28/24, 9:00 PM, Valid until:11/19/25, 8:59 PM
2025-05-05T18:23:34.637-04:00 DEBUG 62669 --- [week3] [onnection adder] jdk.event.security                       : X509Certificate: Alg:SHA256withRSA, Serial:0a:35:08:d5:5c:29:2b:01:7d:f8:ad:65:c0:0f:f7:e4, Subject:CN=DigiCert TLS RSA SHA256 2020 CA1, O=DigiCert Inc, C=US, Issuer:CN=DigiCert Global Root CA, OU=www.digicert.com, O=DigiCert Inc, C=US, Key type:RSA, Length:2048, Cert Id:128597027, Valid from:9/23/20, 9:00 PM, Valid until:9/23/30, 8:59 PM
2025-05-05T18:23:34.637-04:00 DEBUG 62669 --- [week3] [onnection adder] jdk.event.security                       : X509Certificate: Alg:SHA1withRSA, Serial:08:3b:e0:56:90:42:46:b1:a1:75:6a:c9:59:91:c7:4a, Subject:CN=DigiCert Global Root CA, OU=www.digicert.com, O=DigiCert Inc, C=US, Issuer:CN=DigiCert Global Root CA, OU=www.digicert.com, O=DigiCert Inc, C=US, Key type:RSA, Length:2048, Cert Id:1341898239, Valid from:11/9/06, 9:00 PM, Valid until:11/9/31, 9:00 PM
2025-05-05T18:23:34.637-04:00 DEBUG 62669 --- [week3] [onnection adder] jdk.event.security                       : X509Certificate: Alg:SHA256withRSA, Serial:00:e0:e2:96:9e:3a:1b:fc:99:09:cb:6c:14:45:25:6a:f1, Subject:C=US, ST=California, L=Redwood Shores, O=Oracle Corporation Autonomous Database Global Self-signed CA, CN=Autonomous Database CA, Issuer:C=US, ST=California, L=Redwood Shores, O=Oracle Corporation Autonomous Database Global Self-signed CA, CN=Autonomous Database CA, Key type:RSA, Length:2048, Cert Id:2439676835, Valid from:7/1/21, 11:14 PM, Valid until:6/26/41, 11:14 PM
2025-05-05T18:23:34.637-04:00 DEBUG 62669 --- [week3] [onnection adder] jdk.event.security                       : X509Certificate: Alg:SHA1withRSA, Serial:08:3b:e0:56:90:42:46:b1:a1:75:6a:c9:59:91:c7:4a, Subject:CN=DigiCert Global Root CA, OU=www.digicert.com, O=DigiCert Inc, C=US, Issuer:CN=DigiCert Global Root CA, OU=www.digicert.com, O=DigiCert Inc, C=US, Key type:RSA, Length:2048, Cert Id:1341898239, Valid from:11/9/06, 9:00 PM, Valid until:11/9/31, 9:00 PM
2025-05-05T18:23:34.638-04:00 DEBUG 62669 --- [week3] [onnection adder] jdk.event.security                       : ValidationChain: 1341898239, 128597027, 3580545443
2025-05-05T18:23:34.638-04:00 DEBUG 62669 --- [week3] [onnection adder] jdk.event.security                       : X509Certificate: Alg:SHA1withRSA, Serial:08:3b:e0:56:90:42:46:b1:a1:75:6a:c9:59:91:c7:4a, Subject:CN=DigiCert Global Root CA, OU=www.digicert.com, O=DigiCert Inc, C=US, Issuer:CN=DigiCert Global Root CA, OU=www.digicert.com, O=DigiCert Inc, C=US, Key type:RSA, Length:2048, Cert Id:1341898239, Valid from:11/9/06, 9:00 PM, Valid until:11/9/31, 9:00 PM
2025-05-05T18:23:34.667-04:00 DEBUG 62669 --- [week3] [onnection adder] jdk.event.security                       :  TLSHandshake: adb.sa-santiago-1.oraclecloud.com:1522, TLSv1.2, TLS_RSA_WITH_AES_256_GCM_SHA384, 3580545443
2025-05-05T18:23:34.696-04:00 DEBUG 62669 --- [week3] [onnection adder] jdk.event.security                       : X509Certificate: Alg:SHA256withRSA, Serial:0e:53:5a:9b:ac:d4:b9:00:33:9c:4e:0d:7e:87:e7:12, Subject:CN=adb.sa-santiago-1.oraclecloud.com, O=Oracle Corporation, L=Redwood City, ST=California, C=US, Issuer:CN=DigiCert TLS RSA SHA256 2020 CA1, O=DigiCert Inc, C=US, Key type:RSA, Length:2048, Cert Id:3580545443, Valid from:10/28/24, 9:00 PM, Valid until:11/19/25, 8:59 PM
2025-05-05T18:23:34.696-04:00 DEBUG 62669 --- [week3] [onnection adder] jdk.event.security                       : X509Certificate: Alg:SHA256withRSA, Serial:0a:35:08:d5:5c:29:2b:01:7d:f8:ad:65:c0:0f:f7:e4, Subject:CN=DigiCert TLS RSA SHA256 2020 CA1, O=DigiCert Inc, C=US, Issuer:CN=DigiCert Global Root CA, OU=www.digicert.com, O=DigiCert Inc, C=US, Key type:RSA, Length:2048, Cert Id:128597027, Valid from:9/23/20, 9:00 PM, Valid until:9/23/30, 8:59 PM
2025-05-05T18:23:34.696-04:00 DEBUG 62669 --- [week3] [onnection adder] jdk.event.security                       : X509Certificate: Alg:SHA1withRSA, Serial:08:3b:e0:56:90:42:46:b1:a1:75:6a:c9:59:91:c7:4a, Subject:CN=DigiCert Global Root CA, OU=www.digicert.com, O=DigiCert Inc, C=US, Issuer:CN=DigiCert Global Root CA, OU=www.digicert.com, O=DigiCert Inc, C=US, Key type:RSA, Length:2048, Cert Id:1341898239, Valid from:11/9/06, 9:00 PM, Valid until:11/9/31, 9:00 PM
2025-05-05T18:23:34.696-04:00 DEBUG 62669 --- [week3] [onnection adder] jdk.event.security                       : X509Certificate: Alg:SHA256withRSA, Serial:00:e0:e2:96:9e:3a:1b:fc:99:09:cb:6c:14:45:25:6a:f1, Subject:C=US, ST=California, L=Redwood Shores, O=Oracle Corporation Autonomous Database Global Self-signed CA, CN=Autonomous Database CA, Issuer:C=US, ST=California, L=Redwood Shores, O=Oracle Corporation Autonomous Database Global Self-signed CA, CN=Autonomous Database CA, Key type:RSA, Length:2048, Cert Id:2439676835, Valid from:7/1/21, 11:14 PM, Valid until:6/26/41, 11:14 PM
2025-05-05T18:23:34.696-04:00 DEBUG 62669 --- [week3] [onnection adder] jdk.event.security                       : X509Certificate: Alg:SHA1withRSA, Serial:08:3b:e0:56:90:42:46:b1:a1:75:6a:c9:59:91:c7:4a, Subject:CN=DigiCert Global Root CA, OU=www.digicert.com, O=DigiCert Inc, C=US, Issuer:CN=DigiCert Global Root CA, OU=www.digicert.com, O=DigiCert Inc, C=US, Key type:RSA, Length:2048, Cert Id:1341898239, Valid from:11/9/06, 9:00 PM, Valid until:11/9/31, 9:00 PM
2025-05-05T18:23:34.697-04:00 DEBUG 62669 --- [week3] [onnection adder] jdk.event.security                       : ValidationChain: 1341898239, 128597027, 3580545443
2025-05-05T18:23:34.697-04:00 DEBUG 62669 --- [week3] [onnection adder] jdk.event.security                       : X509Certificate: Alg:SHA1withRSA, Serial:08:3b:e0:56:90:42:46:b1:a1:75:6a:c9:59:91:c7:4a, Subject:CN=DigiCert Global Root CA, OU=www.digicert.com, O=DigiCert Inc, C=US, Issuer:CN=DigiCert Global Root CA, OU=www.digicert.com, O=DigiCert Inc, C=US, Key type:RSA, Length:2048, Cert Id:1341898239, Valid from:11/9/06, 9:00 PM, Valid until:11/9/31, 9:00 PM
2025-05-05T18:23:34.705-04:00 DEBUG 62669 --- [week3] [onnection adder] jdk.event.security                       :  TLSHandshake: adb.sa-santiago-1.oraclecloud.com:1522, TLSv1.2, TLS_RSA_WITH_AES_256_GCM_SHA384, 3580545443
2025-05-05T18:23:34.734-04:00  INFO 62669 --- [week3] [           main] c.duoc.week3.controller.UserController   : Retrieved 1 users
]]></system-out>
  </testcase>
  <testcase name="testUpdateUser" classname="com.duoc.week3.controller.UserControllerTest" time="0.004">
    <system-out><![CDATA[2025-05-05T18:23:34.743-04:00  INFO 62669 --- [week3] [           main] c.duoc.week3.controller.UserController   : Updating user with ID: 1 and request: User(id=1, name=name, email=email, password=password, phone=+56912345678, birthDate=2000-01-01, created_at=2025-05-05T18:23:34.742760, updated_at=2025-05-05T18:23:34.742765, role=Role(id=1, name=ROLE_USER), pets=null)
2025-05-05T18:23:34.746-04:00  INFO 62669 --- [week3] [           main] c.duoc.week3.controller.UserController   : User updated successfully. User ID: 1
]]></system-out>
  </testcase>
  <testcase name="testCreateUser" classname="com.duoc.week3.controller.UserControllerTest" time="0.002">
    <system-out><![CDATA[2025-05-05T18:23:34.748-04:00  INFO 62669 --- [week3] [           main] c.duoc.week3.controller.UserController   : Creating a new user with request: User(id=1, name=name, email=email, password=password, phone=+56912345678, birthDate=2000-01-01, created_at=2025-05-05T18:23:34.747925, updated_at=2025-05-05T18:23:34.747929, role=Role(id=1, name=ROLE_USER), pets=null)
2025-05-05T18:23:34.748-04:00  INFO 62669 --- [week3] [           main] c.duoc.week3.controller.UserController   : User created successfully. User ID: 1
]]></system-out>
  </testcase>
  <testcase name="testDeleteUser" classname="com.duoc.week3.controller.UserControllerTest" time="0.002">
    <system-out><![CDATA[2025-05-05T18:23:34.751-04:00  INFO 62669 --- [week3] [           main] c.duoc.week3.controller.UserController   : Deleting user with ID: 1
2025-05-05T18:23:34.751-04:00  INFO 62669 --- [week3] [           main] c.duoc.week3.controller.UserController   : User deleted successfully. User ID: 1
]]></system-out>
  </testcase>
  <testcase name="testGetUserById" classname="com.duoc.week3.controller.UserControllerTest" time="0.001"/>
</testsuite>